<?xml version="1.0" encoding="UTF-8"?>
<XQuery>
    <Module>
        <VersionDecl>
            <TOKEN>xquery</TOKEN>
            <TOKEN>version</TOKEN>
            <StringLiteral>"1.0-ml"</StringLiteral>
            <Separator>
                <TOKEN>;</TOKEN>
            </Separator>
        </VersionDecl>
        <LibraryModule>
            <ModuleDecl> (:~ : Default Application Controller : @author gary.vidal@marklogic.com ~:) <TOKEN>module</TOKEN>
                <TOKEN>namespace</TOKEN><NCName>
                    <NCName>controller</NCName></NCName>
                <TOKEN>=</TOKEN><URILiteral>
                    <StringLiteral>"http://www.xquerrail-framework.com/controller/default"</StringLiteral></URILiteral><Separator><TOKEN>;</TOKEN></Separator></ModuleDecl>
            <Prolog>
                <Import>
                    <ModuleImport>

                        <TOKEN>import</TOKEN>
                        <TOKEN>module</TOKEN>
                        <TOKEN>namespace</TOKEN>
                        <NCName>
                            <NCName>request</NCName>
                        </NCName>
                        <TOKEN>=</TOKEN>
                        <URILiteral>
                            <StringLiteral>"http://www.xquerrail-framework.com/request"</StringLiteral>
                        </URILiteral>
                        <TOKEN>at</TOKEN>
                        <URILiteral>
                            <StringLiteral>"/_framework/request.xqy"</StringLiteral>
                        </URILiteral>
                    </ModuleImport>
                </Import>
                <Separator>
                    <TOKEN>;</TOKEN>
                </Separator>
                <Import>
                    <ModuleImport>

                        <TOKEN>import</TOKEN>
                        <TOKEN>module</TOKEN>
                        <TOKEN>namespace</TOKEN>
                        <NCName>
                            <NCName>response</NCName>
                        </NCName>
                        <TOKEN>=</TOKEN>
                        <URILiteral>
                            <StringLiteral>"http://www.xquerrail-framework.com/response"</StringLiteral>
                        </URILiteral>
                        <TOKEN>at</TOKEN>
                        <URILiteral>
                            <StringLiteral>"/_framework/response.xqy"</StringLiteral>
                        </URILiteral>
                    </ModuleImport>
                </Import>
                <Separator>
                    <TOKEN>;</TOKEN>
                </Separator>
                <FunctionDecl>

                    <TOKEN>declare</TOKEN>
                    <TOKEN>function</TOKEN>
                    <FunctionName>
                        <QName>controller:initialize</QName>
                    </FunctionName>
                    <TOKEN>(</TOKEN>
                    <ParamList>
                        <Param>
                            <TOKEN>$</TOKEN>
                            <QName>
                                <FunctionName>
                                    <QName>request</QName>
                                </FunctionName>
                            </QName>
                            <TypeDeclaration>
                                <TOKEN>as</TOKEN>
                                <SequenceType>
                                    <ItemType>
                                        <AtomicType>
                                            <QName>
                                                <FunctionName>
                                                    <QName>map:map</QName>
                                                </FunctionName>
                                            </QName>
                                        </AtomicType>
                                    </ItemType>
                                </SequenceType>
                            </TypeDeclaration>
                        </Param>
                    </ParamList>
                    <TOKEN>)</TOKEN>
                    <EnclosedExpr>
                        <TOKEN>{</TOKEN>
                        <Expr>
                            <ExprSingle>
                                <OrExpr>
                                    <AndExpr>
                                        <ComparisonExpr>
                                            <RangeExpr>
                                                <AdditiveExpr>
                                                    <MultiplicativeExpr>
                                                        <UnionExpr>
                                                            <IntersectExceptExpr>
                                                                <InstanceofExpr>
                                                                    <TreatExpr>
                                                                        <CastableExpr>
                                                                            <CastExpr>
                                                                                <UnaryExpr>
                                                                                    <ValueExpr>
                                                                                        <PathExpr>
                                                                                          <RelativePathExpr>
                                                                                          <StepExpr>
                                                                                          <FilterExpr>
                                                                                          <PrimaryExpr>
                                                                                          <FunctionCall>
                                                                                          <FunctionName>
                                                                                          <QName>request:initialize</QName>
                                                                                          </FunctionName>
                                                                                          <TOKEN>(</TOKEN>
                                                                                          <ExprSingle>
                                                                                          <OrExpr>
                                                                                          <AndExpr>
                                                                                          <ComparisonExpr>
                                                                                          <RangeExpr>
                                                                                          <AdditiveExpr>
                                                                                          <MultiplicativeExpr>
                                                                                          <UnionExpr>
                                                                                          <IntersectExceptExpr>
                                                                                          <InstanceofExpr>
                                                                                          <TreatExpr>
                                                                                          <CastableExpr>
                                                                                          <CastExpr>
                                                                                          <UnaryExpr>
                                                                                          <ValueExpr>
                                                                                          <PathExpr>
                                                                                          <RelativePathExpr>
                                                                                          <StepExpr>
                                                                                          <FilterExpr>
                                                                                          <PrimaryExpr>
                                                                                          <VarRef>
                                                                                          <TOKEN>$</TOKEN>
                                                                                          <VarName>
                                                                                          <QName>
                                                                                          <FunctionName>
                                                                                          <QName>request</QName>
                                                                                          </FunctionName>
                                                                                          </QName>
                                                                                          </VarName>
                                                                                          </VarRef>
                                                                                          </PrimaryExpr>
                                                                                          <PredicateList/>
                                                                                          </FilterExpr>
                                                                                          </StepExpr>
                                                                                          </RelativePathExpr>
                                                                                          </PathExpr>
                                                                                          </ValueExpr>
                                                                                          </UnaryExpr>
                                                                                          </CastExpr>
                                                                                          </CastableExpr>
                                                                                          </TreatExpr>
                                                                                          </InstanceofExpr>
                                                                                          </IntersectExceptExpr>
                                                                                          </UnionExpr>
                                                                                          </MultiplicativeExpr>
                                                                                          </AdditiveExpr>
                                                                                          </RangeExpr>
                                                                                          </ComparisonExpr>
                                                                                          </AndExpr>
                                                                                          </OrExpr>
                                                                                          </ExprSingle>
                                                                                          <TOKEN>)</TOKEN>
                                                                                          </FunctionCall>
                                                                                          </PrimaryExpr>
                                                                                          <PredicateList/>
                                                                                          </FilterExpr>
                                                                                          </StepExpr>
                                                                                          </RelativePathExpr>
                                                                                        </PathExpr>
                                                                                    </ValueExpr>
                                                                                </UnaryExpr>
                                                                            </CastExpr>
                                                                        </CastableExpr>
                                                                    </TreatExpr>
                                                                </InstanceofExpr>
                                                            </IntersectExceptExpr>
                                                        </UnionExpr>
                                                    </MultiplicativeExpr>
                                                </AdditiveExpr>
                                            </RangeExpr>
                                        </ComparisonExpr>
                                    </AndExpr>
                                </OrExpr>
                            </ExprSingle>
                        </Expr>
                        <TOKEN>}</TOKEN>
                    </EnclosedExpr>
                </FunctionDecl>
                <Separator>
                    <TOKEN>;</TOKEN>
                </Separator>
                <FunctionDecl>

                    <TOKEN>declare</TOKEN>
                    <TOKEN>function</TOKEN>
                    <FunctionName>
                        <QName>controller:main</QName>
                    </FunctionName>
                    <TOKEN>(</TOKEN>
                    <ParamList>
                        <Param>
                            <TOKEN>$</TOKEN>
                            <QName>
                                <FunctionName>
                                    <QName>request</QName>
                                </FunctionName>
                            </QName>
                            <TypeDeclaration>
                                <TOKEN>as</TOKEN>
                                <SequenceType>
                                    <ItemType>
                                        <AtomicType>
                                            <QName>
                                                <FunctionName>
                                                    <QName>map:map</QName>
                                                </FunctionName>
                                            </QName>
                                        </AtomicType>
                                    </ItemType>
                                </SequenceType>
                            </TypeDeclaration>
                        </Param>
                    </ParamList>
                    <TOKEN>)</TOKEN>
                    <EnclosedExpr>
                        <TOKEN>{</TOKEN>
                        <Expr>
                            <ExprSingle>
                                <OrExpr>
                                    <AndExpr>
                                        <ComparisonExpr>
                                            <RangeExpr>
                                                <AdditiveExpr>
                                                    <MultiplicativeExpr>
                                                        <UnionExpr>
                                                            <IntersectExceptExpr>
                                                                <InstanceofExpr>
                                                                    <TreatExpr>
                                                                        <CastableExpr>
                                                                            <CastExpr>
                                                                                <UnaryExpr>
                                                                                    <ValueExpr>
                                                                                        <PathExpr>
                                                                                          <RelativePathExpr>
                                                                                          <StepExpr>
                                                                                          <FilterExpr>
                                                                                          <PrimaryExpr>
                                                                                          <FunctionCall>
                                                                                          <FunctionName>
                                                                                          <QName>controller:index</QName>
                                                                                          </FunctionName>
                                                                                          <TOKEN>(</TOKEN>
                                                                                          <ExprSingle>
                                                                                          <OrExpr>
                                                                                          <AndExpr>
                                                                                          <ComparisonExpr>
                                                                                          <RangeExpr>
                                                                                          <AdditiveExpr>
                                                                                          <MultiplicativeExpr>
                                                                                          <UnionExpr>
                                                                                          <IntersectExceptExpr>
                                                                                          <InstanceofExpr>
                                                                                          <TreatExpr>
                                                                                          <CastableExpr>
                                                                                          <CastExpr>
                                                                                          <UnaryExpr>
                                                                                          <ValueExpr>
                                                                                          <PathExpr>
                                                                                          <RelativePathExpr>
                                                                                          <StepExpr>
                                                                                          <FilterExpr>
                                                                                          <PrimaryExpr>
                                                                                          <VarRef>
                                                                                          <TOKEN>$</TOKEN>
                                                                                          <VarName>
                                                                                          <QName>
                                                                                          <FunctionName>
                                                                                          <QName>request</QName>
                                                                                          </FunctionName>
                                                                                          </QName>
                                                                                          </VarName>
                                                                                          </VarRef>
                                                                                          </PrimaryExpr>
                                                                                          <PredicateList/>
                                                                                          </FilterExpr>
                                                                                          </StepExpr>
                                                                                          </RelativePathExpr>
                                                                                          </PathExpr>
                                                                                          </ValueExpr>
                                                                                          </UnaryExpr>
                                                                                          </CastExpr>
                                                                                          </CastableExpr>
                                                                                          </TreatExpr>
                                                                                          </InstanceofExpr>
                                                                                          </IntersectExceptExpr>
                                                                                          </UnionExpr>
                                                                                          </MultiplicativeExpr>
                                                                                          </AdditiveExpr>
                                                                                          </RangeExpr>
                                                                                          </ComparisonExpr>
                                                                                          </AndExpr>
                                                                                          </OrExpr>
                                                                                          </ExprSingle>
                                                                                          <TOKEN>)</TOKEN>
                                                                                          </FunctionCall>
                                                                                          </PrimaryExpr>
                                                                                          <PredicateList/>
                                                                                          </FilterExpr>
                                                                                          </StepExpr>
                                                                                          </RelativePathExpr>
                                                                                        </PathExpr>
                                                                                    </ValueExpr>
                                                                                </UnaryExpr>
                                                                            </CastExpr>
                                                                        </CastableExpr>
                                                                    </TreatExpr>
                                                                </InstanceofExpr>
                                                            </IntersectExceptExpr>
                                                        </UnionExpr>
                                                    </MultiplicativeExpr>
                                                </AdditiveExpr>
                                            </RangeExpr>
                                        </ComparisonExpr>
                                    </AndExpr>
                                </OrExpr>
                            </ExprSingle>
                        </Expr>
                        <TOKEN>}</TOKEN>
                    </EnclosedExpr>
                </FunctionDecl>
                <Separator>
                    <TOKEN>;</TOKEN>
                </Separator>
                <FunctionDecl>

                    <TOKEN>declare</TOKEN>
                    <TOKEN>function</TOKEN>
                    <FunctionName>
                        <QName>controller:index</QName>
                    </FunctionName>
                    <TOKEN>(</TOKEN>
                    <ParamList>
                        <Param>
                            <TOKEN>$</TOKEN>
                            <QName>
                                <FunctionName>
                                    <QName>request</QName>
                                </FunctionName>
                            </QName>
                            <TypeDeclaration>
                                <TOKEN>as</TOKEN>
                                <SequenceType>
                                    <ItemType>
                                        <AtomicType>
                                            <QName>
                                                <FunctionName>
                                                    <QName>map:map</QName>
                                                </FunctionName>
                                            </QName>
                                        </AtomicType>
                                    </ItemType>
                                </SequenceType>
                            </TypeDeclaration>
                        </Param>
                    </ParamList>
                    <TOKEN>)</TOKEN>
                    <EnclosedExpr>
                        <TOKEN>{</TOKEN>
                        <Expr>
                            <ExprSingle>
                                <IfExpr>
                                    <TOKEN>if</TOKEN>
                                    <TOKEN>(</TOKEN>
                                    <Expr>
                                        <ExprSingle>
                                            <OrExpr>
                                                <AndExpr>
                                                    <ComparisonExpr>
                                                        <RangeExpr>
                                                            <AdditiveExpr>
                                                                <MultiplicativeExpr>
                                                                    <UnionExpr>
                                                                        <IntersectExceptExpr>
                                                                            <InstanceofExpr>
                                                                                <TreatExpr>
                                                                                    <CastableExpr>
                                                                                        <CastExpr>
                                                                                          <UnaryExpr>
                                                                                          <ValueExpr>
                                                                                          <PathExpr>
                                                                                          <RelativePathExpr>
                                                                                          <StepExpr>
                                                                                          <FilterExpr>
                                                                                          <PrimaryExpr>
                                                                                          <FunctionCall>
                                                                                          <FunctionName>
                                                                                          <QName>xdmp:get-current-user</QName>
                                                                                          </FunctionName>
                                                                                          <TOKEN>(</TOKEN>
                                                                                          <TOKEN>)</TOKEN>
                                                                                          </FunctionCall>
                                                                                          </PrimaryExpr>
                                                                                          <PredicateList/>
                                                                                          </FilterExpr>
                                                                                          </StepExpr>
                                                                                          </RelativePathExpr>
                                                                                          </PathExpr>
                                                                                          </ValueExpr>
                                                                                          </UnaryExpr>
                                                                                        </CastExpr>
                                                                                    </CastableExpr>
                                                                                </TreatExpr>
                                                                            </InstanceofExpr>
                                                                        </IntersectExceptExpr>
                                                                    </UnionExpr>
                                                                </MultiplicativeExpr>
                                                            </AdditiveExpr>
                                                        </RangeExpr>
                                                        <GeneralComp>
                                                            <TOKEN>=</TOKEN>
                                                        </GeneralComp>
                                                        <RangeExpr>
                                                            <AdditiveExpr>
                                                                <MultiplicativeExpr>
                                                                    <UnionExpr>
                                                                        <IntersectExceptExpr>
                                                                            <InstanceofExpr>
                                                                                <TreatExpr>
                                                                                    <CastableExpr>
                                                                                        <CastExpr>
                                                                                          <UnaryExpr>
                                                                                          <ValueExpr>
                                                                                          <PathExpr>
                                                                                          <RelativePathExpr>
                                                                                          <StepExpr>
                                                                                          <FilterExpr>
                                                                                          <PrimaryExpr>
                                                                                          <ParenthesizedExpr>
                                                                                          <TOKEN>(</TOKEN>
                                                                                          <Expr>
                                                                                          <ExprSingle>
                                                                                          <OrExpr>
                                                                                          <AndExpr>
                                                                                          <ComparisonExpr>
                                                                                          <RangeExpr>
                                                                                          <AdditiveExpr>
                                                                                          <MultiplicativeExpr>
                                                                                          <UnionExpr>
                                                                                          <IntersectExceptExpr>
                                                                                          <InstanceofExpr>
                                                                                          <TreatExpr>
                                                                                          <CastableExpr>
                                                                                          <CastExpr>
                                                                                          <UnaryExpr>
                                                                                          <ValueExpr>
                                                                                          <PathExpr>
                                                                                          <RelativePathExpr>
                                                                                          <StepExpr>
                                                                                          <FilterExpr>
                                                                                          <PrimaryExpr>
                                                                                          <Literal>
                                                                                          <StringLiteral>"nobody"</StringLiteral>
                                                                                          </Literal>
                                                                                          </PrimaryExpr>
                                                                                          <PredicateList/>
                                                                                          </FilterExpr>
                                                                                          </StepExpr>
                                                                                          </RelativePathExpr>
                                                                                          </PathExpr>
                                                                                          </ValueExpr>
                                                                                          </UnaryExpr>
                                                                                          </CastExpr>
                                                                                          </CastableExpr>
                                                                                          </TreatExpr>
                                                                                          </InstanceofExpr>
                                                                                          </IntersectExceptExpr>
                                                                                          </UnionExpr>
                                                                                          </MultiplicativeExpr>
                                                                                          </AdditiveExpr>
                                                                                          </RangeExpr>
                                                                                          </ComparisonExpr>
                                                                                          </AndExpr>
                                                                                          </OrExpr>
                                                                                          </ExprSingle>
                                                                                          <TOKEN>,</TOKEN>
                                                                                          <ExprSingle>
                                                                                          <OrExpr>
                                                                                          <AndExpr>
                                                                                          <ComparisonExpr>
                                                                                          <RangeExpr>
                                                                                          <AdditiveExpr>
                                                                                          <MultiplicativeExpr>
                                                                                          <UnionExpr>
                                                                                          <IntersectExceptExpr>
                                                                                          <InstanceofExpr>
                                                                                          <TreatExpr>
                                                                                          <CastableExpr>
                                                                                          <CastExpr>
                                                                                          <UnaryExpr>
                                                                                          <ValueExpr>
                                                                                          <PathExpr>
                                                                                          <RelativePathExpr>
                                                                                          <StepExpr>
                                                                                          <FilterExpr>
                                                                                          <PrimaryExpr>
                                                                                          <Literal>
                                                                                          <StringLiteral>"validator-nobody"</StringLiteral>
                                                                                          </Literal>
                                                                                          </PrimaryExpr>
                                                                                          <PredicateList/>
                                                                                          </FilterExpr>
                                                                                          </StepExpr>
                                                                                          </RelativePathExpr>
                                                                                          </PathExpr>
                                                                                          </ValueExpr>
                                                                                          </UnaryExpr>
                                                                                          </CastExpr>
                                                                                          </CastableExpr>
                                                                                          </TreatExpr>
                                                                                          </InstanceofExpr>
                                                                                          </IntersectExceptExpr>
                                                                                          </UnionExpr>
                                                                                          </MultiplicativeExpr>
                                                                                          </AdditiveExpr>
                                                                                          </RangeExpr>
                                                                                          </ComparisonExpr>
                                                                                          </AndExpr>
                                                                                          </OrExpr>
                                                                                          </ExprSingle>
                                                                                          </Expr>
                                                                                          <TOKEN>)</TOKEN>
                                                                                          </ParenthesizedExpr>
                                                                                          </PrimaryExpr>
                                                                                          <PredicateList/>
                                                                                          </FilterExpr>
                                                                                          </StepExpr>
                                                                                          </RelativePathExpr>
                                                                                          </PathExpr>
                                                                                          </ValueExpr>
                                                                                          </UnaryExpr>
                                                                                        </CastExpr>
                                                                                    </CastableExpr>
                                                                                </TreatExpr>
                                                                            </InstanceofExpr>
                                                                        </IntersectExceptExpr>
                                                                    </UnionExpr>
                                                                </MultiplicativeExpr>
                                                            </AdditiveExpr>
                                                        </RangeExpr>
                                                    </ComparisonExpr>
                                                </AndExpr>
                                            </OrExpr>
                                        </ExprSingle>
                                    </Expr>
                                    <TOKEN>)</TOKEN>
                                    <TOKEN>then</TOKEN>
                                    <ExprSingle>
                                        <OrExpr>
                                            <AndExpr>
                                                <ComparisonExpr>
                                                    <RangeExpr>
                                                        <AdditiveExpr>
                                                            <MultiplicativeExpr>
                                                                <UnionExpr>
                                                                    <IntersectExceptExpr>
                                                                        <InstanceofExpr>
                                                                            <TreatExpr>
                                                                                <CastableExpr>
                                                                                    <CastExpr>
                                                                                        <UnaryExpr>
                                                                                          <ValueExpr>
                                                                                          <PathExpr>
                                                                                          <RelativePathExpr>
                                                                                          <StepExpr>
                                                                                          <FilterExpr>
                                                                                          <PrimaryExpr>
                                                                                          <ParenthesizedExpr>
                                                                                          <TOKEN>(</TOKEN>
                                                                                          <Expr>
                                                                                          <ExprSingle>
                                                                                          <OrExpr>
                                                                                          <AndExpr>
                                                                                          <ComparisonExpr>
                                                                                          <RangeExpr>
                                                                                          <AdditiveExpr>
                                                                                          <MultiplicativeExpr>
                                                                                          <UnionExpr>
                                                                                          <IntersectExceptExpr>
                                                                                          <InstanceofExpr>
                                                                                          <TreatExpr>
                                                                                          <CastableExpr>
                                                                                          <CastExpr>
                                                                                          <UnaryExpr>
                                                                                          <ValueExpr>
                                                                                          <PathExpr>
                                                                                          <RelativePathExpr>
                                                                                          <StepExpr>
                                                                                          <FilterExpr>
                                                                                          <PrimaryExpr>
                                                                                          <FunctionCall>
                                                                                          <FunctionName>
                                                                                          <QName>response:set-controller</QName>
                                                                                          </FunctionName>
                                                                                          <TOKEN>(</TOKEN>
                                                                                          <ExprSingle>
                                                                                          <OrExpr>
                                                                                          <AndExpr>
                                                                                          <ComparisonExpr>
                                                                                          <RangeExpr>
                                                                                          <AdditiveExpr>
                                                                                          <MultiplicativeExpr>
                                                                                          <UnionExpr>
                                                                                          <IntersectExceptExpr>
                                                                                          <InstanceofExpr>
                                                                                          <TreatExpr>
                                                                                          <CastableExpr>
                                                                                          <CastExpr>
                                                                                          <UnaryExpr>
                                                                                          <ValueExpr>
                                                                                          <PathExpr>
                                                                                          <RelativePathExpr>
                                                                                          <StepExpr>
                                                                                          <FilterExpr>
                                                                                          <PrimaryExpr>
                                                                                          <Literal>
                                                                                          <StringLiteral>"default"</StringLiteral>
                                                                                          </Literal>
                                                                                          </PrimaryExpr>
                                                                                          <PredicateList/>
                                                                                          </FilterExpr>
                                                                                          </StepExpr>
                                                                                          </RelativePathExpr>
                                                                                          </PathExpr>
                                                                                          </ValueExpr>
                                                                                          </UnaryExpr>
                                                                                          </CastExpr>
                                                                                          </CastableExpr>
                                                                                          </TreatExpr>
                                                                                          </InstanceofExpr>
                                                                                          </IntersectExceptExpr>
                                                                                          </UnionExpr>
                                                                                          </MultiplicativeExpr>
                                                                                          </AdditiveExpr>
                                                                                          </RangeExpr>
                                                                                          </ComparisonExpr>
                                                                                          </AndExpr>
                                                                                          </OrExpr>
                                                                                          </ExprSingle>
                                                                                          <TOKEN>)</TOKEN>
                                                                                          </FunctionCall>
                                                                                          </PrimaryExpr>
                                                                                          <PredicateList/>
                                                                                          </FilterExpr>
                                                                                          </StepExpr>
                                                                                          </RelativePathExpr>
                                                                                          </PathExpr>
                                                                                          </ValueExpr>
                                                                                          </UnaryExpr>
                                                                                          </CastExpr>
                                                                                          </CastableExpr>
                                                                                          </TreatExpr>
                                                                                          </InstanceofExpr>
                                                                                          </IntersectExceptExpr>
                                                                                          </UnionExpr>
                                                                                          </MultiplicativeExpr>
                                                                                          </AdditiveExpr>
                                                                                          </RangeExpr>
                                                                                          </ComparisonExpr>
                                                                                          </AndExpr>
                                                                                          </OrExpr>
                                                                                          </ExprSingle>
                                                                                          <TOKEN>,</TOKEN>
                                                                                          <ExprSingle>
                                                                                          <OrExpr>
                                                                                          <AndExpr>
                                                                                          <ComparisonExpr>
                                                                                          <RangeExpr>
                                                                                          <AdditiveExpr>
                                                                                          <MultiplicativeExpr>
                                                                                          <UnionExpr>
                                                                                          <IntersectExceptExpr>
                                                                                          <InstanceofExpr>
                                                                                          <TreatExpr>
                                                                                          <CastableExpr>
                                                                                          <CastExpr>
                                                                                          <UnaryExpr>
                                                                                          <ValueExpr>
                                                                                          <PathExpr>
                                                                                          <RelativePathExpr>
                                                                                          <StepExpr>
                                                                                          <FilterExpr>
                                                                                          <PrimaryExpr>
                                                                                          <FunctionCall>
                                                                                          <FunctionName>
                                                                                          <QName>response:set-action</QName>
                                                                                          </FunctionName>
                                                                                          <TOKEN>(</TOKEN>
                                                                                          <ExprSingle>
                                                                                          <OrExpr>
                                                                                          <AndExpr>
                                                                                          <ComparisonExpr>
                                                                                          <RangeExpr>
                                                                                          <AdditiveExpr>
                                                                                          <MultiplicativeExpr>
                                                                                          <UnionExpr>
                                                                                          <IntersectExceptExpr>
                                                                                          <InstanceofExpr>
                                                                                          <TreatExpr>
                                                                                          <CastableExpr>
                                                                                          <CastExpr>
                                                                                          <UnaryExpr>
                                                                                          <ValueExpr>
                                                                                          <PathExpr>
                                                                                          <RelativePathExpr>
                                                                                          <StepExpr>
                                                                                          <FilterExpr>
                                                                                          <PrimaryExpr>
                                                                                          <Literal>
                                                                                          <StringLiteral>"home"</StringLiteral>
                                                                                          </Literal>
                                                                                          </PrimaryExpr>
                                                                                          <PredicateList/>
                                                                                          </FilterExpr>
                                                                                          </StepExpr>
                                                                                          </RelativePathExpr>
                                                                                          </PathExpr>
                                                                                          </ValueExpr>
                                                                                          </UnaryExpr>
                                                                                          </CastExpr>
                                                                                          </CastableExpr>
                                                                                          </TreatExpr>
                                                                                          </InstanceofExpr>
                                                                                          </IntersectExceptExpr>
                                                                                          </UnionExpr>
                                                                                          </MultiplicativeExpr>
                                                                                          </AdditiveExpr>
                                                                                          </RangeExpr>
                                                                                          </ComparisonExpr>
                                                                                          </AndExpr>
                                                                                          </OrExpr>
                                                                                          </ExprSingle>
                                                                                          <TOKEN>)</TOKEN>
                                                                                          </FunctionCall>
                                                                                          </PrimaryExpr>
                                                                                          <PredicateList/>
                                                                                          </FilterExpr>
                                                                                          </StepExpr>
                                                                                          </RelativePathExpr>
                                                                                          </PathExpr>
                                                                                          </ValueExpr>
                                                                                          </UnaryExpr>
                                                                                          </CastExpr>
                                                                                          </CastableExpr>
                                                                                          </TreatExpr>
                                                                                          </InstanceofExpr>
                                                                                          </IntersectExceptExpr>
                                                                                          </UnionExpr>
                                                                                          </MultiplicativeExpr>
                                                                                          </AdditiveExpr>
                                                                                          </RangeExpr>
                                                                                          </ComparisonExpr>
                                                                                          </AndExpr>
                                                                                          </OrExpr>
                                                                                          </ExprSingle>
                                                                                          <TOKEN>,</TOKEN>
                                                                                          <ExprSingle>
                                                                                          <OrExpr>
                                                                                          <AndExpr>
                                                                                          <ComparisonExpr>
                                                                                          <RangeExpr>
                                                                                          <AdditiveExpr>
                                                                                          <MultiplicativeExpr>
                                                                                          <UnionExpr>
                                                                                          <IntersectExceptExpr>
                                                                                          <InstanceofExpr>
                                                                                          <TreatExpr>
                                                                                          <CastableExpr>
                                                                                          <CastExpr>
                                                                                          <UnaryExpr>
                                                                                          <ValueExpr>
                                                                                          <PathExpr>
                                                                                          <RelativePathExpr>
                                                                                          <StepExpr>
                                                                                          <FilterExpr>
                                                                                          <PrimaryExpr>
                                                                                          <FunctionCall>
                                                                                          <FunctionName>
                                                                                          <QName>response:set-template</QName>
                                                                                          </FunctionName>
                                                                                          <TOKEN>(</TOKEN>
                                                                                          <ExprSingle>
                                                                                          <OrExpr>
                                                                                          <AndExpr>
                                                                                          <ComparisonExpr>
                                                                                          <RangeExpr>
                                                                                          <AdditiveExpr>
                                                                                          <MultiplicativeExpr>
                                                                                          <UnionExpr>
                                                                                          <IntersectExceptExpr>
                                                                                          <InstanceofExpr>
                                                                                          <TreatExpr>
                                                                                          <CastableExpr>
                                                                                          <CastExpr>
                                                                                          <UnaryExpr>
                                                                                          <ValueExpr>
                                                                                          <PathExpr>
                                                                                          <RelativePathExpr>
                                                                                          <StepExpr>
                                                                                          <FilterExpr>
                                                                                          <PrimaryExpr>
                                                                                          <Literal>
                                                                                          <StringLiteral>"login"</StringLiteral>
                                                                                          </Literal>
                                                                                          </PrimaryExpr>
                                                                                          <PredicateList/>
                                                                                          </FilterExpr>
                                                                                          </StepExpr>
                                                                                          </RelativePathExpr>
                                                                                          </PathExpr>
                                                                                          </ValueExpr>
                                                                                          </UnaryExpr>
                                                                                          </CastExpr>
                                                                                          </CastableExpr>
                                                                                          </TreatExpr>
                                                                                          </InstanceofExpr>
                                                                                          </IntersectExceptExpr>
                                                                                          </UnionExpr>
                                                                                          </MultiplicativeExpr>
                                                                                          </AdditiveExpr>
                                                                                          </RangeExpr>
                                                                                          </ComparisonExpr>
                                                                                          </AndExpr>
                                                                                          </OrExpr>
                                                                                          </ExprSingle>
                                                                                          <TOKEN>)</TOKEN>
                                                                                          </FunctionCall>
                                                                                          </PrimaryExpr>
                                                                                          <PredicateList/>
                                                                                          </FilterExpr>
                                                                                          </StepExpr>
                                                                                          </RelativePathExpr>
                                                                                          </PathExpr>
                                                                                          </ValueExpr>
                                                                                          </UnaryExpr>
                                                                                          </CastExpr>
                                                                                          </CastableExpr>
                                                                                          </TreatExpr>
                                                                                          </InstanceofExpr>
                                                                                          </IntersectExceptExpr>
                                                                                          </UnionExpr>
                                                                                          </MultiplicativeExpr>
                                                                                          </AdditiveExpr>
                                                                                          </RangeExpr>
                                                                                          </ComparisonExpr>
                                                                                          </AndExpr>
                                                                                          </OrExpr>
                                                                                          </ExprSingle>
                                                                                          <TOKEN>,</TOKEN>
                                                                                          <ExprSingle>
                                                                                          <OrExpr>
                                                                                          <AndExpr>
                                                                                          <ComparisonExpr>
                                                                                          <RangeExpr>
                                                                                          <AdditiveExpr>
                                                                                          <MultiplicativeExpr>
                                                                                          <UnionExpr>
                                                                                          <IntersectExceptExpr>
                                                                                          <InstanceofExpr>
                                                                                          <TreatExpr>
                                                                                          <CastableExpr>
                                                                                          <CastExpr>
                                                                                          <UnaryExpr>
                                                                                          <ValueExpr>
                                                                                          <PathExpr>
                                                                                          <RelativePathExpr>
                                                                                          <StepExpr>
                                                                                          <FilterExpr>
                                                                                          <PrimaryExpr>
                                                                                          <FunctionCall>
                                                                                          <FunctionName>
                                                                                          <QName>response:set-view</QName>
                                                                                          </FunctionName>
                                                                                          <TOKEN>(</TOKEN>
                                                                                          <ExprSingle>
                                                                                          <OrExpr>
                                                                                          <AndExpr>
                                                                                          <ComparisonExpr>
                                                                                          <RangeExpr>
                                                                                          <AdditiveExpr>
                                                                                          <MultiplicativeExpr>
                                                                                          <UnionExpr>
                                                                                          <IntersectExceptExpr>
                                                                                          <InstanceofExpr>
                                                                                          <TreatExpr>
                                                                                          <CastableExpr>
                                                                                          <CastExpr>
                                                                                          <UnaryExpr>
                                                                                          <ValueExpr>
                                                                                          <PathExpr>
                                                                                          <RelativePathExpr>
                                                                                          <StepExpr>
                                                                                          <FilterExpr>
                                                                                          <PrimaryExpr>
                                                                                          <Literal>
                                                                                          <StringLiteral>"login"</StringLiteral>
                                                                                          </Literal>
                                                                                          </PrimaryExpr>
                                                                                          <PredicateList/>
                                                                                          </FilterExpr>
                                                                                          </StepExpr>
                                                                                          </RelativePathExpr>
                                                                                          </PathExpr>
                                                                                          </ValueExpr>
                                                                                          </UnaryExpr>
                                                                                          </CastExpr>
                                                                                          </CastableExpr>
                                                                                          </TreatExpr>
                                                                                          </InstanceofExpr>
                                                                                          </IntersectExceptExpr>
                                                                                          </UnionExpr>
                                                                                          </MultiplicativeExpr>
                                                                                          </AdditiveExpr>
                                                                                          </RangeExpr>
                                                                                          </ComparisonExpr>
                                                                                          </AndExpr>
                                                                                          </OrExpr>
                                                                                          </ExprSingle>
                                                                                          <TOKEN>)</TOKEN>
                                                                                          </FunctionCall>
                                                                                          </PrimaryExpr>
                                                                                          <PredicateList/>
                                                                                          </FilterExpr>
                                                                                          </StepExpr>
                                                                                          </RelativePathExpr>
                                                                                          </PathExpr>
                                                                                          </ValueExpr>
                                                                                          </UnaryExpr>
                                                                                          </CastExpr>
                                                                                          </CastableExpr>
                                                                                          </TreatExpr>
                                                                                          </InstanceofExpr>
                                                                                          </IntersectExceptExpr>
                                                                                          </UnionExpr>
                                                                                          </MultiplicativeExpr>
                                                                                          </AdditiveExpr>
                                                                                          </RangeExpr>
                                                                                          </ComparisonExpr>
                                                                                          </AndExpr>
                                                                                          </OrExpr>
                                                                                          </ExprSingle>
                                                                                          <TOKEN>,</TOKEN>
                                                                                          <ExprSingle>
                                                                                          <OrExpr>
                                                                                          <AndExpr>
                                                                                          <ComparisonExpr>
                                                                                          <RangeExpr>
                                                                                          <AdditiveExpr>
                                                                                          <MultiplicativeExpr>
                                                                                          <UnionExpr>
                                                                                          <IntersectExceptExpr>
                                                                                          <InstanceofExpr>
                                                                                          <TreatExpr>
                                                                                          <CastableExpr>
                                                                                          <CastExpr>
                                                                                          <UnaryExpr>
                                                                                          <ValueExpr>
                                                                                          <PathExpr>
                                                                                          <RelativePathExpr>
                                                                                          <StepExpr>
                                                                                          <FilterExpr>
                                                                                          <PrimaryExpr>
                                                                                          <FunctionCall>
                                                                                          <FunctionName>
                                                                                          <QName>response:set-title</QName>
                                                                                          </FunctionName>
                                                                                          <TOKEN>(</TOKEN>
                                                                                          <ExprSingle>
                                                                                          <OrExpr>
                                                                                          <AndExpr>
                                                                                          <ComparisonExpr>
                                                                                          <RangeExpr>
                                                                                          <AdditiveExpr>
                                                                                          <MultiplicativeExpr>
                                                                                          <UnionExpr>
                                                                                          <IntersectExceptExpr>
                                                                                          <InstanceofExpr>
                                                                                          <TreatExpr>
                                                                                          <CastableExpr>
                                                                                          <CastExpr>
                                                                                          <UnaryExpr>
                                                                                          <ValueExpr>
                                                                                          <PathExpr>
                                                                                          <RelativePathExpr>
                                                                                          <StepExpr>
                                                                                          <FilterExpr>
                                                                                          <PrimaryExpr>
                                                                                          <Literal>
                                                                                          <StringLiteral>"Login"</StringLiteral>
                                                                                          </Literal>
                                                                                          </PrimaryExpr>
                                                                                          <PredicateList/>
                                                                                          </FilterExpr>
                                                                                          </StepExpr>
                                                                                          </RelativePathExpr>
                                                                                          </PathExpr>
                                                                                          </ValueExpr>
                                                                                          </UnaryExpr>
                                                                                          </CastExpr>
                                                                                          </CastableExpr>
                                                                                          </TreatExpr>
                                                                                          </InstanceofExpr>
                                                                                          </IntersectExceptExpr>
                                                                                          </UnionExpr>
                                                                                          </MultiplicativeExpr>
                                                                                          </AdditiveExpr>
                                                                                          </RangeExpr>
                                                                                          </ComparisonExpr>
                                                                                          </AndExpr>
                                                                                          </OrExpr>
                                                                                          </ExprSingle>
                                                                                          <TOKEN>)</TOKEN>
                                                                                          </FunctionCall>
                                                                                          </PrimaryExpr>
                                                                                          <PredicateList/>
                                                                                          </FilterExpr>
                                                                                          </StepExpr>
                                                                                          </RelativePathExpr>
                                                                                          </PathExpr>
                                                                                          </ValueExpr>
                                                                                          </UnaryExpr>
                                                                                          </CastExpr>
                                                                                          </CastableExpr>
                                                                                          </TreatExpr>
                                                                                          </InstanceofExpr>
                                                                                          </IntersectExceptExpr>
                                                                                          </UnionExpr>
                                                                                          </MultiplicativeExpr>
                                                                                          </AdditiveExpr>
                                                                                          </RangeExpr>
                                                                                          </ComparisonExpr>
                                                                                          </AndExpr>
                                                                                          </OrExpr>
                                                                                          </ExprSingle>
                                                                                          <TOKEN>,</TOKEN>
                                                                                          <ExprSingle>
                                                                                          <OrExpr>
                                                                                          <AndExpr>
                                                                                          <ComparisonExpr>
                                                                                          <RangeExpr>
                                                                                          <AdditiveExpr>
                                                                                          <MultiplicativeExpr>
                                                                                          <UnionExpr>
                                                                                          <IntersectExceptExpr>
                                                                                          <InstanceofExpr>
                                                                                          <TreatExpr>
                                                                                          <CastableExpr>
                                                                                          <CastExpr>
                                                                                          <UnaryExpr>
                                                                                          <ValueExpr>
                                                                                          <PathExpr>
                                                                                          <RelativePathExpr>
                                                                                          <StepExpr>
                                                                                          <FilterExpr>
                                                                                          <PrimaryExpr>
                                                                                          <FunctionCall>
                                                                                          <FunctionName>
                                                                                          <QName>response:response</QName>
                                                                                          </FunctionName>
                                                                                          <TOKEN>(</TOKEN>
                                                                                          <TOKEN>)</TOKEN>
                                                                                          </FunctionCall>
                                                                                          </PrimaryExpr>
                                                                                          <PredicateList/>
                                                                                          </FilterExpr>
                                                                                          </StepExpr>
                                                                                          </RelativePathExpr>
                                                                                          </PathExpr>
                                                                                          </ValueExpr>
                                                                                          </UnaryExpr>
                                                                                          </CastExpr>
                                                                                          </CastableExpr>
                                                                                          </TreatExpr>
                                                                                          </InstanceofExpr>
                                                                                          </IntersectExceptExpr>
                                                                                          </UnionExpr>
                                                                                          </MultiplicativeExpr>
                                                                                          </AdditiveExpr>
                                                                                          </RangeExpr>
                                                                                          </ComparisonExpr>
                                                                                          </AndExpr>
                                                                                          </OrExpr>
                                                                                          </ExprSingle>
                                                                                          </Expr>
                                                                                          <TOKEN>)</TOKEN>
                                                                                          </ParenthesizedExpr>
                                                                                          </PrimaryExpr>
                                                                                          <PredicateList/>
                                                                                          </FilterExpr>
                                                                                          </StepExpr>
                                                                                          </RelativePathExpr>
                                                                                          </PathExpr>
                                                                                          </ValueExpr>
                                                                                        </UnaryExpr>
                                                                                    </CastExpr>
                                                                                </CastableExpr>
                                                                            </TreatExpr>
                                                                        </InstanceofExpr>
                                                                    </IntersectExceptExpr>
                                                                </UnionExpr>
                                                            </MultiplicativeExpr>
                                                        </AdditiveExpr>
                                                    </RangeExpr>
                                                </ComparisonExpr>
                                            </AndExpr>
                                        </OrExpr>
                                    </ExprSingle>
                                    <TOKEN>else</TOKEN>
                                    <ExprSingle>
                                        <OrExpr>
                                            <AndExpr>
                                                <ComparisonExpr>
                                                    <RangeExpr>
                                                        <AdditiveExpr>
                                                            <MultiplicativeExpr>
                                                                <UnionExpr>
                                                                    <IntersectExceptExpr>
                                                                        <InstanceofExpr>
                                                                            <TreatExpr>
                                                                                <CastableExpr>
                                                                                    <CastExpr>
                                                                                        <UnaryExpr>
                                                                                          <ValueExpr>
                                                                                          <PathExpr>
                                                                                          <RelativePathExpr>
                                                                                          <StepExpr>
                                                                                          <FilterExpr>
                                                                                          <PrimaryExpr>
                                                                                          <ParenthesizedExpr>
                                                                                          <TOKEN>(</TOKEN>
                                                                                          <Expr>
                                                                                          <ExprSingle>
                                                                                          <OrExpr>
                                                                                          <AndExpr>
                                                                                          <ComparisonExpr>
                                                                                          <RangeExpr>
                                                                                          <AdditiveExpr>
                                                                                          <MultiplicativeExpr>
                                                                                          <UnionExpr>
                                                                                          <IntersectExceptExpr>
                                                                                          <InstanceofExpr>
                                                                                          <TreatExpr>
                                                                                          <CastableExpr>
                                                                                          <CastExpr>
                                                                                          <UnaryExpr>
                                                                                          <ValueExpr>
                                                                                          <PathExpr>
                                                                                          <RelativePathExpr>
                                                                                          <StepExpr>
                                                                                          <FilterExpr>
                                                                                          <PrimaryExpr>
                                                                                          <FunctionCall>
                                                                                          <FunctionName>
                                                                                          <QName>response:set-controller</QName>
                                                                                          </FunctionName>
                                                                                          <TOKEN>(</TOKEN>
                                                                                          <ExprSingle>
                                                                                          <OrExpr>
                                                                                          <AndExpr>
                                                                                          <ComparisonExpr>
                                                                                          <RangeExpr>
                                                                                          <AdditiveExpr>
                                                                                          <MultiplicativeExpr>
                                                                                          <UnionExpr>
                                                                                          <IntersectExceptExpr>
                                                                                          <InstanceofExpr>
                                                                                          <TreatExpr>
                                                                                          <CastableExpr>
                                                                                          <CastExpr>
                                                                                          <UnaryExpr>
                                                                                          <ValueExpr>
                                                                                          <PathExpr>
                                                                                          <RelativePathExpr>
                                                                                          <StepExpr>
                                                                                          <FilterExpr>
                                                                                          <PrimaryExpr>
                                                                                          <Literal>
                                                                                          <StringLiteral>"default"</StringLiteral>
                                                                                          </Literal>
                                                                                          </PrimaryExpr>
                                                                                          <PredicateList/>
                                                                                          </FilterExpr>
                                                                                          </StepExpr>
                                                                                          </RelativePathExpr>
                                                                                          </PathExpr>
                                                                                          </ValueExpr>
                                                                                          </UnaryExpr>
                                                                                          </CastExpr>
                                                                                          </CastableExpr>
                                                                                          </TreatExpr>
                                                                                          </InstanceofExpr>
                                                                                          </IntersectExceptExpr>
                                                                                          </UnionExpr>
                                                                                          </MultiplicativeExpr>
                                                                                          </AdditiveExpr>
                                                                                          </RangeExpr>
                                                                                          </ComparisonExpr>
                                                                                          </AndExpr>
                                                                                          </OrExpr>
                                                                                          </ExprSingle>
                                                                                          <TOKEN>)</TOKEN>
                                                                                          </FunctionCall>
                                                                                          </PrimaryExpr>
                                                                                          <PredicateList/>
                                                                                          </FilterExpr>
                                                                                          </StepExpr>
                                                                                          </RelativePathExpr>
                                                                                          </PathExpr>
                                                                                          </ValueExpr>
                                                                                          </UnaryExpr>
                                                                                          </CastExpr>
                                                                                          </CastableExpr>
                                                                                          </TreatExpr>
                                                                                          </InstanceofExpr>
                                                                                          </IntersectExceptExpr>
                                                                                          </UnionExpr>
                                                                                          </MultiplicativeExpr>
                                                                                          </AdditiveExpr>
                                                                                          </RangeExpr>
                                                                                          </ComparisonExpr>
                                                                                          </AndExpr>
                                                                                          </OrExpr>
                                                                                          </ExprSingle>
                                                                                          <TOKEN>,</TOKEN>
                                                                                          <ExprSingle>
                                                                                          <OrExpr>
                                                                                          <AndExpr>
                                                                                          <ComparisonExpr>
                                                                                          <RangeExpr>
                                                                                          <AdditiveExpr>
                                                                                          <MultiplicativeExpr>
                                                                                          <UnionExpr>
                                                                                          <IntersectExceptExpr>
                                                                                          <InstanceofExpr>
                                                                                          <TreatExpr>
                                                                                          <CastableExpr>
                                                                                          <CastExpr>
                                                                                          <UnaryExpr>
                                                                                          <ValueExpr>
                                                                                          <PathExpr>
                                                                                          <RelativePathExpr>
                                                                                          <StepExpr>
                                                                                          <FilterExpr>
                                                                                          <PrimaryExpr>
                                                                                          <FunctionCall>
                                                                                          <FunctionName>
                                                                                          <QName>response:set-template</QName>
                                                                                          </FunctionName>
                                                                                          <TOKEN>(</TOKEN>
                                                                                          <ExprSingle>
                                                                                          <OrExpr>
                                                                                          <AndExpr>
                                                                                          <ComparisonExpr>
                                                                                          <RangeExpr>
                                                                                          <AdditiveExpr>
                                                                                          <MultiplicativeExpr>
                                                                                          <UnionExpr>
                                                                                          <IntersectExceptExpr>
                                                                                          <InstanceofExpr>
                                                                                          <TreatExpr>
                                                                                          <CastableExpr>
                                                                                          <CastExpr>
                                                                                          <UnaryExpr>
                                                                                          <ValueExpr>
                                                                                          <PathExpr>
                                                                                          <RelativePathExpr>
                                                                                          <StepExpr>
                                                                                          <FilterExpr>
                                                                                          <PrimaryExpr>
                                                                                          <Literal>
                                                                                          <StringLiteral>"main"</StringLiteral>
                                                                                          </Literal>
                                                                                          </PrimaryExpr>
                                                                                          <PredicateList/>
                                                                                          </FilterExpr>
                                                                                          </StepExpr>
                                                                                          </RelativePathExpr>
                                                                                          </PathExpr>
                                                                                          </ValueExpr>
                                                                                          </UnaryExpr>
                                                                                          </CastExpr>
                                                                                          </CastableExpr>
                                                                                          </TreatExpr>
                                                                                          </InstanceofExpr>
                                                                                          </IntersectExceptExpr>
                                                                                          </UnionExpr>
                                                                                          </MultiplicativeExpr>
                                                                                          </AdditiveExpr>
                                                                                          </RangeExpr>
                                                                                          </ComparisonExpr>
                                                                                          </AndExpr>
                                                                                          </OrExpr>
                                                                                          </ExprSingle>
                                                                                          <TOKEN>)</TOKEN>
                                                                                          </FunctionCall>
                                                                                          </PrimaryExpr>
                                                                                          <PredicateList/>
                                                                                          </FilterExpr>
                                                                                          </StepExpr>
                                                                                          </RelativePathExpr>
                                                                                          </PathExpr>
                                                                                          </ValueExpr>
                                                                                          </UnaryExpr>
                                                                                          </CastExpr>
                                                                                          </CastableExpr>
                                                                                          </TreatExpr>
                                                                                          </InstanceofExpr>
                                                                                          </IntersectExceptExpr>
                                                                                          </UnionExpr>
                                                                                          </MultiplicativeExpr>
                                                                                          </AdditiveExpr>
                                                                                          </RangeExpr>
                                                                                          </ComparisonExpr>
                                                                                          </AndExpr>
                                                                                          </OrExpr>
                                                                                          </ExprSingle>
                                                                                          <TOKEN>,</TOKEN>
                                                                                          <ExprSingle>
                                                                                          <OrExpr>
                                                                                          <AndExpr>
                                                                                          <ComparisonExpr>
                                                                                          <RangeExpr>
                                                                                          <AdditiveExpr>
                                                                                          <MultiplicativeExpr>
                                                                                          <UnionExpr>
                                                                                          <IntersectExceptExpr>
                                                                                          <InstanceofExpr>
                                                                                          <TreatExpr>
                                                                                          <CastableExpr>
                                                                                          <CastExpr>
                                                                                          <UnaryExpr>
                                                                                          <ValueExpr>
                                                                                          <PathExpr>
                                                                                          <RelativePathExpr>
                                                                                          <StepExpr>
                                                                                          <FilterExpr>
                                                                                          <PrimaryExpr>
                                                                                          <FunctionCall>
                                                                                          <FunctionName>
                                                                                          <QName>response:set-view</QName>
                                                                                          </FunctionName>
                                                                                          <TOKEN>(</TOKEN>
                                                                                          <ExprSingle>
                                                                                          <OrExpr>
                                                                                          <AndExpr>
                                                                                          <ComparisonExpr>
                                                                                          <RangeExpr>
                                                                                          <AdditiveExpr>
                                                                                          <MultiplicativeExpr>
                                                                                          <UnionExpr>
                                                                                          <IntersectExceptExpr>
                                                                                          <InstanceofExpr>
                                                                                          <TreatExpr>
                                                                                          <CastableExpr>
                                                                                          <CastExpr>
                                                                                          <UnaryExpr>
                                                                                          <ValueExpr>
                                                                                          <PathExpr>
                                                                                          <RelativePathExpr>
                                                                                          <StepExpr>
                                                                                          <FilterExpr>
                                                                                          <PrimaryExpr>
                                                                                          <Literal>
                                                                                          <StringLiteral>"home"</StringLiteral>
                                                                                          </Literal>
                                                                                          </PrimaryExpr>
                                                                                          <PredicateList/>
                                                                                          </FilterExpr>
                                                                                          </StepExpr>
                                                                                          </RelativePathExpr>
                                                                                          </PathExpr>
                                                                                          </ValueExpr>
                                                                                          </UnaryExpr>
                                                                                          </CastExpr>
                                                                                          </CastableExpr>
                                                                                          </TreatExpr>
                                                                                          </InstanceofExpr>
                                                                                          </IntersectExceptExpr>
                                                                                          </UnionExpr>
                                                                                          </MultiplicativeExpr>
                                                                                          </AdditiveExpr>
                                                                                          </RangeExpr>
                                                                                          </ComparisonExpr>
                                                                                          </AndExpr>
                                                                                          </OrExpr>
                                                                                          </ExprSingle>
                                                                                          <TOKEN>)</TOKEN>
                                                                                          </FunctionCall>
                                                                                          </PrimaryExpr>
                                                                                          <PredicateList/>
                                                                                          </FilterExpr>
                                                                                          </StepExpr>
                                                                                          </RelativePathExpr>
                                                                                          </PathExpr>
                                                                                          </ValueExpr>
                                                                                          </UnaryExpr>
                                                                                          </CastExpr>
                                                                                          </CastableExpr>
                                                                                          </TreatExpr>
                                                                                          </InstanceofExpr>
                                                                                          </IntersectExceptExpr>
                                                                                          </UnionExpr>
                                                                                          </MultiplicativeExpr>
                                                                                          </AdditiveExpr>
                                                                                          </RangeExpr>
                                                                                          </ComparisonExpr>
                                                                                          </AndExpr>
                                                                                          </OrExpr>
                                                                                          </ExprSingle>
                                                                                          <TOKEN>,</TOKEN>
                                                                                          <ExprSingle>
                                                                                          <OrExpr>
                                                                                          <AndExpr>
                                                                                          <ComparisonExpr>
                                                                                          <RangeExpr>
                                                                                          <AdditiveExpr>
                                                                                          <MultiplicativeExpr>
                                                                                          <UnionExpr>
                                                                                          <IntersectExceptExpr>
                                                                                          <InstanceofExpr>
                                                                                          <TreatExpr>
                                                                                          <CastableExpr>
                                                                                          <CastExpr>
                                                                                          <UnaryExpr>
                                                                                          <ValueExpr>
                                                                                          <PathExpr>
                                                                                          <RelativePathExpr>
                                                                                          <StepExpr>
                                                                                          <FilterExpr>
                                                                                          <PrimaryExpr>
                                                                                          <FunctionCall>
                                                                                          <FunctionName>
                                                                                          <QName>response:set-slot</QName>
                                                                                          </FunctionName>
                                                                                          <TOKEN>(</TOKEN>
                                                                                          <ExprSingle>
                                                                                          <OrExpr>
                                                                                          <AndExpr>
                                                                                          <ComparisonExpr>
                                                                                          <RangeExpr>
                                                                                          <AdditiveExpr>
                                                                                          <MultiplicativeExpr>
                                                                                          <UnionExpr>
                                                                                          <IntersectExceptExpr>
                                                                                          <InstanceofExpr>
                                                                                          <TreatExpr>
                                                                                          <CastableExpr>
                                                                                          <CastExpr>
                                                                                          <UnaryExpr>
                                                                                          <ValueExpr>
                                                                                          <PathExpr>
                                                                                          <RelativePathExpr>
                                                                                          <StepExpr>
                                                                                          <FilterExpr>
                                                                                          <PrimaryExpr>
                                                                                          <Literal>
                                                                                          <StringLiteral>"headline"</StringLiteral>
                                                                                          </Literal>
                                                                                          </PrimaryExpr>
                                                                                          <PredicateList/>
                                                                                          </FilterExpr>
                                                                                          </StepExpr>
                                                                                          </RelativePathExpr>
                                                                                          </PathExpr>
                                                                                          </ValueExpr>
                                                                                          </UnaryExpr>
                                                                                          </CastExpr>
                                                                                          </CastableExpr>
                                                                                          </TreatExpr>
                                                                                          </InstanceofExpr>
                                                                                          </IntersectExceptExpr>
                                                                                          </UnionExpr>
                                                                                          </MultiplicativeExpr>
                                                                                          </AdditiveExpr>
                                                                                          </RangeExpr>
                                                                                          </ComparisonExpr>
                                                                                          </AndExpr>
                                                                                          </OrExpr>
                                                                                          </ExprSingle>
                                                                                          <TOKEN>,</TOKEN>
                                                                                          <ExprSingle>
                                                                                          <OrExpr>
                                                                                          <AndExpr>
                                                                                          <ComparisonExpr>
                                                                                          <RangeExpr>
                                                                                          <AdditiveExpr>
                                                                                          <MultiplicativeExpr>
                                                                                          <UnionExpr>
                                                                                          <IntersectExceptExpr>
                                                                                          <InstanceofExpr>
                                                                                          <TreatExpr>
                                                                                          <CastableExpr>
                                                                                          <CastExpr>
                                                                                          <UnaryExpr>
                                                                                          <ValueExpr>
                                                                                          <PathExpr>
                                                                                          <RelativePathExpr>
                                                                                          <StepExpr>
                                                                                          <FilterExpr>
                                                                                          <PrimaryExpr>
                                                                                          <Constructor>
                                                                                          <DirectConstructor>
                                                                                          <DirElemConstructor>
                                                                                          <TOKEN>&lt;</TOKEN>
                                                                                          <QName>
                                                                                          <FunctionName>
                                                                                          <TOKEN>div</TOKEN>
                                                                                          </FunctionName>
                                                                                          </QName>
                                                                                          <DirAttributeList/>
                                                                                          <TOKEN>&gt;</TOKEN>
                                                                                          <DirElemContent>
                                                                                          <ElementContentChar>I</ElementContentChar>
                                                                                          </DirElemContent>
                                                                                          <DirElemContent>
                                                                                          <ElementContentChar> </ElementContentChar>
                                                                                          </DirElemContent>
                                                                                          <DirElemContent>
                                                                                          <ElementContentChar>a</ElementContentChar>
                                                                                          </DirElemContent>
                                                                                          <DirElemContent>
                                                                                          <ElementContentChar>m</ElementContentChar>
                                                                                          </DirElemContent>
                                                                                          <DirElemContent>
                                                                                          <ElementContentChar> </ElementContentChar>
                                                                                          </DirElemContent>
                                                                                          <DirElemContent>
                                                                                          <ElementContentChar>a</ElementContentChar>
                                                                                          </DirElemContent>
                                                                                          <DirElemContent>
                                                                                          <ElementContentChar> </ElementContentChar>
                                                                                          </DirElemContent>
                                                                                          <DirElemContent>
                                                                                          <ElementContentChar>s</ElementContentChar>
                                                                                          </DirElemContent>
                                                                                          <DirElemContent>
                                                                                          <ElementContentChar>u</ElementContentChar>
                                                                                          </DirElemContent>
                                                                                          <DirElemContent>
                                                                                          <ElementContentChar>p</ElementContentChar>
                                                                                          </DirElemContent>
                                                                                          <DirElemContent>
                                                                                          <ElementContentChar>e</ElementContentChar>
                                                                                          </DirElemContent>
                                                                                          <DirElemContent>
                                                                                          <ElementContentChar>r</ElementContentChar>
                                                                                          </DirElemContent>
                                                                                          <DirElemContent>
                                                                                          <ElementContentChar> </ElementContentChar>
                                                                                          </DirElemContent>
                                                                                          <DirElemContent>
                                                                                          <ElementContentChar>s</ElementContentChar>
                                                                                          </DirElemContent>
                                                                                          <DirElemContent>
                                                                                          <ElementContentChar>l</ElementContentChar>
                                                                                          </DirElemContent>
                                                                                          <DirElemContent>
                                                                                          <ElementContentChar>o</ElementContentChar>
                                                                                          </DirElemContent>
                                                                                          <DirElemContent>
                                                                                          <ElementContentChar>t</ElementContentChar>
                                                                                          </DirElemContent>
                                                                                          <TOKEN>&lt;/</TOKEN>
                                                                                          <QName>
                                                                                          <FunctionName>
                                                                                          <TOKEN>div</TOKEN>
                                                                                          </FunctionName>
                                                                                          </QName>
                                                                                          <TOKEN>&gt;</TOKEN>
                                                                                          </DirElemConstructor>
                                                                                          </DirectConstructor>
                                                                                          </Constructor>
                                                                                          </PrimaryExpr>
                                                                                          <PredicateList/>
                                                                                          </FilterExpr>
                                                                                          </StepExpr>
                                                                                          </RelativePathExpr>
                                                                                          </PathExpr>
                                                                                          </ValueExpr>
                                                                                          </UnaryExpr>
                                                                                          </CastExpr>
                                                                                          </CastableExpr>
                                                                                          </TreatExpr>
                                                                                          </InstanceofExpr>
                                                                                          </IntersectExceptExpr>
                                                                                          </UnionExpr>
                                                                                          </MultiplicativeExpr>
                                                                                          </AdditiveExpr>
                                                                                          </RangeExpr>
                                                                                          </ComparisonExpr>
                                                                                          </AndExpr>
                                                                                          </OrExpr>
                                                                                          </ExprSingle>
                                                                                          <TOKEN>)</TOKEN>
                                                                                          </FunctionCall>
                                                                                          </PrimaryExpr>
                                                                                          <PredicateList/>
                                                                                          </FilterExpr>
                                                                                          </StepExpr>
                                                                                          </RelativePathExpr>
                                                                                          </PathExpr>
                                                                                          </ValueExpr>
                                                                                          </UnaryExpr>
                                                                                          </CastExpr>
                                                                                          </CastableExpr>
                                                                                          </TreatExpr>
                                                                                          </InstanceofExpr>
                                                                                          </IntersectExceptExpr>
                                                                                          </UnionExpr>
                                                                                          </MultiplicativeExpr>
                                                                                          </AdditiveExpr>
                                                                                          </RangeExpr>
                                                                                          </ComparisonExpr>
                                                                                          </AndExpr>
                                                                                          </OrExpr>
                                                                                          </ExprSingle>
                                                                                          <TOKEN>,</TOKEN>
                                                                                          <ExprSingle>
                                                                                          <OrExpr>
                                                                                          <AndExpr>
                                                                                          <ComparisonExpr>
                                                                                          <RangeExpr>
                                                                                          <AdditiveExpr>
                                                                                          <MultiplicativeExpr>
                                                                                          <UnionExpr>
                                                                                          <IntersectExceptExpr>
                                                                                          <InstanceofExpr>
                                                                                          <TreatExpr>
                                                                                          <CastableExpr>
                                                                                          <CastExpr>
                                                                                          <UnaryExpr>
                                                                                          <ValueExpr>
                                                                                          <PathExpr>
                                                                                          <RelativePathExpr>
                                                                                          <StepExpr>
                                                                                          <FilterExpr>
                                                                                          <PrimaryExpr>
                                                                                          <FunctionCall>
                                                                                          <FunctionName>
                                                                                          <QName>response:set-title</QName>
                                                                                          </FunctionName>
                                                                                          <TOKEN>(</TOKEN>
                                                                                          <ExprSingle>
                                                                                          <OrExpr>
                                                                                          <AndExpr>
                                                                                          <ComparisonExpr>
                                                                                          <RangeExpr>
                                                                                          <AdditiveExpr>
                                                                                          <MultiplicativeExpr>
                                                                                          <UnionExpr>
                                                                                          <IntersectExceptExpr>
                                                                                          <InstanceofExpr>
                                                                                          <TreatExpr>
                                                                                          <CastableExpr>
                                                                                          <CastExpr>
                                                                                          <UnaryExpr>
                                                                                          <ValueExpr>
                                                                                          <PathExpr>
                                                                                          <RelativePathExpr>
                                                                                          <StepExpr>
                                                                                          <FilterExpr>
                                                                                          <PrimaryExpr>
                                                                                          <FunctionCall>
                                                                                          <FunctionName>
                                                                                          <QName>fn:concat</QName>
                                                                                          </FunctionName>
                                                                                          <TOKEN>(</TOKEN>
                                                                                          <ExprSingle>
                                                                                          <OrExpr>
                                                                                          <AndExpr>
                                                                                          <ComparisonExpr>
                                                                                          <RangeExpr>
                                                                                          <AdditiveExpr>
                                                                                          <MultiplicativeExpr>
                                                                                          <UnionExpr>
                                                                                          <IntersectExceptExpr>
                                                                                          <InstanceofExpr>
                                                                                          <TreatExpr>
                                                                                          <CastableExpr>
                                                                                          <CastExpr>
                                                                                          <UnaryExpr>
                                                                                          <ValueExpr>
                                                                                          <PathExpr>
                                                                                          <RelativePathExpr>
                                                                                          <StepExpr>
                                                                                          <FilterExpr>
                                                                                          <PrimaryExpr>
                                                                                          <Literal>
                                                                                          <StringLiteral>"Welcome: "</StringLiteral>
                                                                                          </Literal>
                                                                                          </PrimaryExpr>
                                                                                          <PredicateList/>
                                                                                          </FilterExpr>
                                                                                          </StepExpr>
                                                                                          </RelativePathExpr>
                                                                                          </PathExpr>
                                                                                          </ValueExpr>
                                                                                          </UnaryExpr>
                                                                                          </CastExpr>
                                                                                          </CastableExpr>
                                                                                          </TreatExpr>
                                                                                          </InstanceofExpr>
                                                                                          </IntersectExceptExpr>
                                                                                          </UnionExpr>
                                                                                          </MultiplicativeExpr>
                                                                                          </AdditiveExpr>
                                                                                          </RangeExpr>
                                                                                          </ComparisonExpr>
                                                                                          </AndExpr>
                                                                                          </OrExpr>
                                                                                          </ExprSingle>
                                                                                          <TOKEN>,</TOKEN>
                                                                                          <ExprSingle>
                                                                                          <OrExpr>
                                                                                          <AndExpr>
                                                                                          <ComparisonExpr>
                                                                                          <RangeExpr>
                                                                                          <AdditiveExpr>
                                                                                          <MultiplicativeExpr>
                                                                                          <UnionExpr>
                                                                                          <IntersectExceptExpr>
                                                                                          <InstanceofExpr>
                                                                                          <TreatExpr>
                                                                                          <CastableExpr>
                                                                                          <CastExpr>
                                                                                          <UnaryExpr>
                                                                                          <ValueExpr>
                                                                                          <PathExpr>
                                                                                          <RelativePathExpr>
                                                                                          <StepExpr>
                                                                                          <FilterExpr>
                                                                                          <PrimaryExpr>
                                                                                          <FunctionCall>
                                                                                          <FunctionName>
                                                                                          <QName>xdmp:get-current-user</QName>
                                                                                          </FunctionName>
                                                                                          <TOKEN>(</TOKEN>
                                                                                          <TOKEN>)</TOKEN>
                                                                                          </FunctionCall>
                                                                                          </PrimaryExpr>
                                                                                          <PredicateList/>
                                                                                          </FilterExpr>
                                                                                          </StepExpr>
                                                                                          </RelativePathExpr>
                                                                                          </PathExpr>
                                                                                          </ValueExpr>
                                                                                          </UnaryExpr>
                                                                                          </CastExpr>
                                                                                          </CastableExpr>
                                                                                          </TreatExpr>
                                                                                          </InstanceofExpr>
                                                                                          </IntersectExceptExpr>
                                                                                          </UnionExpr>
                                                                                          </MultiplicativeExpr>
                                                                                          </AdditiveExpr>
                                                                                          </RangeExpr>
                                                                                          </ComparisonExpr>
                                                                                          </AndExpr>
                                                                                          </OrExpr>
                                                                                          </ExprSingle>
                                                                                          <TOKEN>)</TOKEN>
                                                                                          </FunctionCall>
                                                                                          </PrimaryExpr>
                                                                                          <PredicateList/>
                                                                                          </FilterExpr>
                                                                                          </StepExpr>
                                                                                          </RelativePathExpr>
                                                                                          </PathExpr>
                                                                                          </ValueExpr>
                                                                                          </UnaryExpr>
                                                                                          </CastExpr>
                                                                                          </CastableExpr>
                                                                                          </TreatExpr>
                                                                                          </InstanceofExpr>
                                                                                          </IntersectExceptExpr>
                                                                                          </UnionExpr>
                                                                                          </MultiplicativeExpr>
                                                                                          </AdditiveExpr>
                                                                                          </RangeExpr>
                                                                                          </ComparisonExpr>
                                                                                          </AndExpr>
                                                                                          </OrExpr>
                                                                                          </ExprSingle>
                                                                                          <TOKEN>)</TOKEN>
                                                                                          </FunctionCall>
                                                                                          </PrimaryExpr>
                                                                                          <PredicateList/>
                                                                                          </FilterExpr>
                                                                                          </StepExpr>
                                                                                          </RelativePathExpr>
                                                                                          </PathExpr>
                                                                                          </ValueExpr>
                                                                                          </UnaryExpr>
                                                                                          </CastExpr>
                                                                                          </CastableExpr>
                                                                                          </TreatExpr>
                                                                                          </InstanceofExpr>
                                                                                          </IntersectExceptExpr>
                                                                                          </UnionExpr>
                                                                                          </MultiplicativeExpr>
                                                                                          </AdditiveExpr>
                                                                                          </RangeExpr>
                                                                                          </ComparisonExpr>
                                                                                          </AndExpr>
                                                                                          </OrExpr>
                                                                                          </ExprSingle>
                                                                                          <TOKEN>,</TOKEN>
                                                                                          <ExprSingle>
                                                                                          <OrExpr>
                                                                                          <AndExpr>
                                                                                          <ComparisonExpr>
                                                                                          <RangeExpr>
                                                                                          <AdditiveExpr>
                                                                                          <MultiplicativeExpr>
                                                                                          <UnionExpr>
                                                                                          <IntersectExceptExpr>
                                                                                          <InstanceofExpr>
                                                                                          <TreatExpr>
                                                                                          <CastableExpr>
                                                                                          <CastExpr>
                                                                                          <UnaryExpr>
                                                                                          <ValueExpr>
                                                                                          <PathExpr>
                                                                                          <RelativePathExpr>
                                                                                          <StepExpr>
                                                                                          <FilterExpr>
                                                                                          <PrimaryExpr>
                                                                                          <FunctionCall>
                                                                                          <FunctionName>
                                                                                          <QName>response:add-httpmeta</QName>
                                                                                          </FunctionName>
                                                                                          <TOKEN>(</TOKEN>
                                                                                          <ExprSingle>
                                                                                          <OrExpr>
                                                                                          <AndExpr>
                                                                                          <ComparisonExpr>
                                                                                          <RangeExpr>
                                                                                          <AdditiveExpr>
                                                                                          <MultiplicativeExpr>
                                                                                          <UnionExpr>
                                                                                          <IntersectExceptExpr>
                                                                                          <InstanceofExpr>
                                                                                          <TreatExpr>
                                                                                          <CastableExpr>
                                                                                          <CastExpr>
                                                                                          <UnaryExpr>
                                                                                          <ValueExpr>
                                                                                          <PathExpr>
                                                                                          <RelativePathExpr>
                                                                                          <StepExpr>
                                                                                          <FilterExpr>
                                                                                          <PrimaryExpr>
                                                                                          <Literal>
                                                                                          <StringLiteral>"cache-control"</StringLiteral>
                                                                                          </Literal>
                                                                                          </PrimaryExpr>
                                                                                          <PredicateList/>
                                                                                          </FilterExpr>
                                                                                          </StepExpr>
                                                                                          </RelativePathExpr>
                                                                                          </PathExpr>
                                                                                          </ValueExpr>
                                                                                          </UnaryExpr>
                                                                                          </CastExpr>
                                                                                          </CastableExpr>
                                                                                          </TreatExpr>
                                                                                          </InstanceofExpr>
                                                                                          </IntersectExceptExpr>
                                                                                          </UnionExpr>
                                                                                          </MultiplicativeExpr>
                                                                                          </AdditiveExpr>
                                                                                          </RangeExpr>
                                                                                          </ComparisonExpr>
                                                                                          </AndExpr>
                                                                                          </OrExpr>
                                                                                          </ExprSingle>
                                                                                          <TOKEN>,</TOKEN>
                                                                                          <ExprSingle>
                                                                                          <OrExpr>
                                                                                          <AndExpr>
                                                                                          <ComparisonExpr>
                                                                                          <RangeExpr>
                                                                                          <AdditiveExpr>
                                                                                          <MultiplicativeExpr>
                                                                                          <UnionExpr>
                                                                                          <IntersectExceptExpr>
                                                                                          <InstanceofExpr>
                                                                                          <TreatExpr>
                                                                                          <CastableExpr>
                                                                                          <CastExpr>
                                                                                          <UnaryExpr>
                                                                                          <ValueExpr>
                                                                                          <PathExpr>
                                                                                          <RelativePathExpr>
                                                                                          <StepExpr>
                                                                                          <FilterExpr>
                                                                                          <PrimaryExpr>
                                                                                          <Literal>
                                                                                          <StringLiteral>"public"</StringLiteral>
                                                                                          </Literal>
                                                                                          </PrimaryExpr>
                                                                                          <PredicateList/>
                                                                                          </FilterExpr>
                                                                                          </StepExpr>
                                                                                          </RelativePathExpr>
                                                                                          </PathExpr>
                                                                                          </ValueExpr>
                                                                                          </UnaryExpr>
                                                                                          </CastExpr>
                                                                                          </CastableExpr>
                                                                                          </TreatExpr>
                                                                                          </InstanceofExpr>
                                                                                          </IntersectExceptExpr>
                                                                                          </UnionExpr>
                                                                                          </MultiplicativeExpr>
                                                                                          </AdditiveExpr>
                                                                                          </RangeExpr>
                                                                                          </ComparisonExpr>
                                                                                          </AndExpr>
                                                                                          </OrExpr>
                                                                                          </ExprSingle>
                                                                                          <TOKEN>)</TOKEN>
                                                                                          </FunctionCall>
                                                                                          </PrimaryExpr>
                                                                                          <PredicateList/>
                                                                                          </FilterExpr>
                                                                                          </StepExpr>
                                                                                          </RelativePathExpr>
                                                                                          </PathExpr>
                                                                                          </ValueExpr>
                                                                                          </UnaryExpr>
                                                                                          </CastExpr>
                                                                                          </CastableExpr>
                                                                                          </TreatExpr>
                                                                                          </InstanceofExpr>
                                                                                          </IntersectExceptExpr>
                                                                                          </UnionExpr>
                                                                                          </MultiplicativeExpr>
                                                                                          </AdditiveExpr>
                                                                                          </RangeExpr>
                                                                                          </ComparisonExpr>
                                                                                          </AndExpr>
                                                                                          </OrExpr>
                                                                                          </ExprSingle>
                                                                                          <TOKEN>,</TOKEN>
                                                                                          <ExprSingle>
                                                                                          <OrExpr>
                                                                                          <AndExpr>
                                                                                          <ComparisonExpr>
                                                                                          <RangeExpr>
                                                                                          <AdditiveExpr>
                                                                                          <MultiplicativeExpr>
                                                                                          <UnionExpr>
                                                                                          <IntersectExceptExpr>
                                                                                          <InstanceofExpr>
                                                                                          <TreatExpr>
                                                                                          <CastableExpr>
                                                                                          <CastExpr>
                                                                                          <UnaryExpr>
                                                                                          <ValueExpr>
                                                                                          <PathExpr>
                                                                                          <RelativePathExpr>
                                                                                          <StepExpr>
                                                                                          <FilterExpr>
                                                                                          <PrimaryExpr>
                                                                                          <FunctionCall>
                                                                                          <FunctionName>
                                                                                          <QName>response:response</QName>
                                                                                          </FunctionName>
                                                                                          <TOKEN>(</TOKEN>
                                                                                          <TOKEN>)</TOKEN>
                                                                                          </FunctionCall>
                                                                                          </PrimaryExpr>
                                                                                          <PredicateList/>
                                                                                          </FilterExpr>
                                                                                          </StepExpr>
                                                                                          </RelativePathExpr>
                                                                                          </PathExpr>
                                                                                          </ValueExpr>
                                                                                          </UnaryExpr>
                                                                                          </CastExpr>
                                                                                          </CastableExpr>
                                                                                          </TreatExpr>
                                                                                          </InstanceofExpr>
                                                                                          </IntersectExceptExpr>
                                                                                          </UnionExpr>
                                                                                          </MultiplicativeExpr>
                                                                                          </AdditiveExpr>
                                                                                          </RangeExpr>
                                                                                          </ComparisonExpr>
                                                                                          </AndExpr>
                                                                                          </OrExpr>
                                                                                          </ExprSingle>
                                                                                          </Expr>
                                                                                          <TOKEN>)</TOKEN>
                                                                                          </ParenthesizedExpr>
                                                                                          </PrimaryExpr>
                                                                                          <PredicateList/>
                                                                                          </FilterExpr>
                                                                                          </StepExpr>
                                                                                          </RelativePathExpr>
                                                                                          </PathExpr>
                                                                                          </ValueExpr>
                                                                                        </UnaryExpr>
                                                                                    </CastExpr>
                                                                                </CastableExpr>
                                                                            </TreatExpr>
                                                                        </InstanceofExpr>
                                                                    </IntersectExceptExpr>
                                                                </UnionExpr>
                                                            </MultiplicativeExpr>
                                                        </AdditiveExpr>
                                                    </RangeExpr>
                                                </ComparisonExpr>
                                            </AndExpr>
                                        </OrExpr>
                                    </ExprSingle>
                                </IfExpr>
                            </ExprSingle>
                        </Expr>
                        <TOKEN>}</TOKEN>
                    </EnclosedExpr>
                </FunctionDecl>
                <Separator>
                    <TOKEN>;</TOKEN>
                </Separator>
                <FunctionDecl>
                    <TOKEN>declare</TOKEN>
                    <TOKEN>function</TOKEN>
                    <FunctionName>
                        <QName>controller:portlets</QName>
                    </FunctionName>
                    <TOKEN>(</TOKEN>
                    <ParamList>
                        <Param>
                            <TOKEN>$</TOKEN>
                            <QName>
                                <FunctionName>
                                    <QName>request</QName>
                                </FunctionName>
                            </QName>
                            <TypeDeclaration>
                                <TOKEN>as</TOKEN>
                                <SequenceType>
                                    <ItemType>
                                        <AtomicType>
                                            <QName>
                                                <FunctionName>
                                                    <QName>map:map</QName>
                                                </FunctionName>
                                            </QName>
                                        </AtomicType>
                                    </ItemType>
                                </SequenceType>
                            </TypeDeclaration>
                        </Param>
                    </ParamList>
                    <TOKEN>)</TOKEN>
                    <EnclosedExpr>
                        <TOKEN>{</TOKEN>
                        <Expr>
                            <ExprSingle>
                                <OrExpr>
                                    <AndExpr>
                                        <ComparisonExpr>
                                            <RangeExpr>
                                                <AdditiveExpr>
                                                    <MultiplicativeExpr>
                                                        <UnionExpr>
                                                            <IntersectExceptExpr>
                                                                <InstanceofExpr>
                                                                    <TreatExpr>
                                                                        <CastableExpr>
                                                                            <CastExpr>
                                                                                <UnaryExpr>
                                                                                    <ValueExpr>
                                                                                        <PathExpr>
                                                                                          <RelativePathExpr>
                                                                                          <StepExpr>
                                                                                          <FilterExpr>
                                                                                          <PrimaryExpr>
                                                                                          <ParenthesizedExpr>
                                                                                          <TOKEN>(</TOKEN>
                                                                                          <Expr>
                                                                                          <ExprSingle>
                                                                                          <OrExpr>
                                                                                          <AndExpr>
                                                                                          <ComparisonExpr>
                                                                                          <RangeExpr>
                                                                                          <AdditiveExpr>
                                                                                          <MultiplicativeExpr>
                                                                                          <UnionExpr>
                                                                                          <IntersectExceptExpr>
                                                                                          <InstanceofExpr>
                                                                                          <TreatExpr>
                                                                                          <CastableExpr>
                                                                                          <CastExpr>
                                                                                          <UnaryExpr>
                                                                                          <ValueExpr>
                                                                                          <PathExpr>
                                                                                          <RelativePathExpr>
                                                                                          <StepExpr>
                                                                                          <FilterExpr>
                                                                                          <PrimaryExpr>
                                                                                          <FunctionCall>
                                                                                          <FunctionName>
                                                                                          <QName>response:set-controller</QName>
                                                                                          </FunctionName>
                                                                                          <TOKEN>(</TOKEN>
                                                                                          <ExprSingle>
                                                                                          <OrExpr>
                                                                                          <AndExpr>
                                                                                          <ComparisonExpr>
                                                                                          <RangeExpr>
                                                                                          <AdditiveExpr>
                                                                                          <MultiplicativeExpr>
                                                                                          <UnionExpr>
                                                                                          <IntersectExceptExpr>
                                                                                          <InstanceofExpr>
                                                                                          <TreatExpr>
                                                                                          <CastableExpr>
                                                                                          <CastExpr>
                                                                                          <UnaryExpr>
                                                                                          <ValueExpr>
                                                                                          <PathExpr>
                                                                                          <RelativePathExpr>
                                                                                          <StepExpr>
                                                                                          <FilterExpr>
                                                                                          <PrimaryExpr>
                                                                                          <Literal>
                                                                                          <StringLiteral>"default"</StringLiteral>
                                                                                          </Literal>
                                                                                          </PrimaryExpr>
                                                                                          <PredicateList/>
                                                                                          </FilterExpr>
                                                                                          </StepExpr>
                                                                                          </RelativePathExpr>
                                                                                          </PathExpr>
                                                                                          </ValueExpr>
                                                                                          </UnaryExpr>
                                                                                          </CastExpr>
                                                                                          </CastableExpr>
                                                                                          </TreatExpr>
                                                                                          </InstanceofExpr>
                                                                                          </IntersectExceptExpr>
                                                                                          </UnionExpr>
                                                                                          </MultiplicativeExpr>
                                                                                          </AdditiveExpr>
                                                                                          </RangeExpr>
                                                                                          </ComparisonExpr>
                                                                                          </AndExpr>
                                                                                          </OrExpr>
                                                                                          </ExprSingle>
                                                                                          <TOKEN>)</TOKEN>
                                                                                          </FunctionCall>
                                                                                          </PrimaryExpr>
                                                                                          <PredicateList/>
                                                                                          </FilterExpr>
                                                                                          </StepExpr>
                                                                                          </RelativePathExpr>
                                                                                          </PathExpr>
                                                                                          </ValueExpr>
                                                                                          </UnaryExpr>
                                                                                          </CastExpr>
                                                                                          </CastableExpr>
                                                                                          </TreatExpr>
                                                                                          </InstanceofExpr>
                                                                                          </IntersectExceptExpr>
                                                                                          </UnionExpr>
                                                                                          </MultiplicativeExpr>
                                                                                          </AdditiveExpr>
                                                                                          </RangeExpr>
                                                                                          </ComparisonExpr>
                                                                                          </AndExpr>
                                                                                          </OrExpr>
                                                                                          </ExprSingle>
                                                                                          <TOKEN>,</TOKEN>
                                                                                          <ExprSingle>
                                                                                          <OrExpr>
                                                                                          <AndExpr>
                                                                                          <ComparisonExpr>
                                                                                          <RangeExpr>
                                                                                          <AdditiveExpr>
                                                                                          <MultiplicativeExpr>
                                                                                          <UnionExpr>
                                                                                          <IntersectExceptExpr>
                                                                                          <InstanceofExpr>
                                                                                          <TreatExpr>
                                                                                          <CastableExpr>
                                                                                          <CastExpr>
                                                                                          <UnaryExpr>
                                                                                          <ValueExpr>
                                                                                          <PathExpr>
                                                                                          <RelativePathExpr>
                                                                                          <StepExpr>
                                                                                          <FilterExpr>
                                                                                          <PrimaryExpr>
                                                                                          <FunctionCall>
                                                                                          <FunctionName>
                                                                                          <QName>response:set-template</QName>
                                                                                          </FunctionName>
                                                                                          <TOKEN>(</TOKEN>
                                                                                          <ExprSingle>
                                                                                          <OrExpr>
                                                                                          <AndExpr>
                                                                                          <ComparisonExpr>
                                                                                          <RangeExpr>
                                                                                          <AdditiveExpr>
                                                                                          <MultiplicativeExpr>
                                                                                          <UnionExpr>
                                                                                          <IntersectExceptExpr>
                                                                                          <InstanceofExpr>
                                                                                          <TreatExpr>
                                                                                          <CastableExpr>
                                                                                          <CastExpr>
                                                                                          <UnaryExpr>
                                                                                          <ValueExpr>
                                                                                          <PathExpr>
                                                                                          <RelativePathExpr>
                                                                                          <StepExpr>
                                                                                          <FilterExpr>
                                                                                          <PrimaryExpr>
                                                                                          <Literal>
                                                                                          <StringLiteral>"main"</StringLiteral>
                                                                                          </Literal>
                                                                                          </PrimaryExpr>
                                                                                          <PredicateList/>
                                                                                          </FilterExpr>
                                                                                          </StepExpr>
                                                                                          </RelativePathExpr>
                                                                                          </PathExpr>
                                                                                          </ValueExpr>
                                                                                          </UnaryExpr>
                                                                                          </CastExpr>
                                                                                          </CastableExpr>
                                                                                          </TreatExpr>
                                                                                          </InstanceofExpr>
                                                                                          </IntersectExceptExpr>
                                                                                          </UnionExpr>
                                                                                          </MultiplicativeExpr>
                                                                                          </AdditiveExpr>
                                                                                          </RangeExpr>
                                                                                          </ComparisonExpr>
                                                                                          </AndExpr>
                                                                                          </OrExpr>
                                                                                          </ExprSingle>
                                                                                          <TOKEN>)</TOKEN>
                                                                                          </FunctionCall>
                                                                                          </PrimaryExpr>
                                                                                          <PredicateList/>
                                                                                          </FilterExpr>
                                                                                          </StepExpr>
                                                                                          </RelativePathExpr>
                                                                                          </PathExpr>
                                                                                          </ValueExpr>
                                                                                          </UnaryExpr>
                                                                                          </CastExpr>
                                                                                          </CastableExpr>
                                                                                          </TreatExpr>
                                                                                          </InstanceofExpr>
                                                                                          </IntersectExceptExpr>
                                                                                          </UnionExpr>
                                                                                          </MultiplicativeExpr>
                                                                                          </AdditiveExpr>
                                                                                          </RangeExpr>
                                                                                          </ComparisonExpr>
                                                                                          </AndExpr>
                                                                                          </OrExpr>
                                                                                          </ExprSingle>
                                                                                          <TOKEN>,</TOKEN>
                                                                                          <ExprSingle>
                                                                                          <OrExpr>
                                                                                          <AndExpr>
                                                                                          <ComparisonExpr>
                                                                                          <RangeExpr>
                                                                                          <AdditiveExpr>
                                                                                          <MultiplicativeExpr>
                                                                                          <UnionExpr>
                                                                                          <IntersectExceptExpr>
                                                                                          <InstanceofExpr>
                                                                                          <TreatExpr>
                                                                                          <CastableExpr>
                                                                                          <CastExpr>
                                                                                          <UnaryExpr>
                                                                                          <ValueExpr>
                                                                                          <PathExpr>
                                                                                          <RelativePathExpr>
                                                                                          <StepExpr>
                                                                                          <FilterExpr>
                                                                                          <PrimaryExpr>
                                                                                          <FunctionCall>
                                                                                          <FunctionName>
                                                                                          <QName>response:set-view</QName>
                                                                                          </FunctionName>
                                                                                          <TOKEN>(</TOKEN>
                                                                                          <ExprSingle>
                                                                                          <OrExpr>
                                                                                          <AndExpr>
                                                                                          <ComparisonExpr>
                                                                                          <RangeExpr>
                                                                                          <AdditiveExpr>
                                                                                          <MultiplicativeExpr>
                                                                                          <UnionExpr>
                                                                                          <IntersectExceptExpr>
                                                                                          <InstanceofExpr>
                                                                                          <TreatExpr>
                                                                                          <CastableExpr>
                                                                                          <CastExpr>
                                                                                          <UnaryExpr>
                                                                                          <ValueExpr>
                                                                                          <PathExpr>
                                                                                          <RelativePathExpr>
                                                                                          <StepExpr>
                                                                                          <FilterExpr>
                                                                                          <PrimaryExpr>
                                                                                          <Literal>
                                                                                          <StringLiteral>"portlet"</StringLiteral>
                                                                                          </Literal>
                                                                                          </PrimaryExpr>
                                                                                          <PredicateList/>
                                                                                          </FilterExpr>
                                                                                          </StepExpr>
                                                                                          </RelativePathExpr>
                                                                                          </PathExpr>
                                                                                          </ValueExpr>
                                                                                          </UnaryExpr>
                                                                                          </CastExpr>
                                                                                          </CastableExpr>
                                                                                          </TreatExpr>
                                                                                          </InstanceofExpr>
                                                                                          </IntersectExceptExpr>
                                                                                          </UnionExpr>
                                                                                          </MultiplicativeExpr>
                                                                                          </AdditiveExpr>
                                                                                          </RangeExpr>
                                                                                          </ComparisonExpr>
                                                                                          </AndExpr>
                                                                                          </OrExpr>
                                                                                          </ExprSingle>
                                                                                          <TOKEN>)</TOKEN>
                                                                                          </FunctionCall>
                                                                                          </PrimaryExpr>
                                                                                          <PredicateList/>
                                                                                          </FilterExpr>
                                                                                          </StepExpr>
                                                                                          </RelativePathExpr>
                                                                                          </PathExpr>
                                                                                          </ValueExpr>
                                                                                          </UnaryExpr>
                                                                                          </CastExpr>
                                                                                          </CastableExpr>
                                                                                          </TreatExpr>
                                                                                          </InstanceofExpr>
                                                                                          </IntersectExceptExpr>
                                                                                          </UnionExpr>
                                                                                          </MultiplicativeExpr>
                                                                                          </AdditiveExpr>
                                                                                          </RangeExpr>
                                                                                          </ComparisonExpr>
                                                                                          </AndExpr>
                                                                                          </OrExpr>
                                                                                          </ExprSingle>
                                                                                          <TOKEN>,</TOKEN>
                                                                                          <ExprSingle>
                                                                                          <OrExpr>
                                                                                          <AndExpr>
                                                                                          <ComparisonExpr>
                                                                                          <RangeExpr>
                                                                                          <AdditiveExpr>
                                                                                          <MultiplicativeExpr>
                                                                                          <UnionExpr>
                                                                                          <IntersectExceptExpr>
                                                                                          <InstanceofExpr>
                                                                                          <TreatExpr>
                                                                                          <CastableExpr>
                                                                                          <CastExpr>
                                                                                          <UnaryExpr>
                                                                                          <ValueExpr>
                                                                                          <PathExpr>
                                                                                          <RelativePathExpr>
                                                                                          <StepExpr>
                                                                                          <FilterExpr>
                                                                                          <PrimaryExpr>
                                                                                          <FunctionCall>
                                                                                          <FunctionName>
                                                                                          <QName>response:set-slot</QName>
                                                                                          </FunctionName>
                                                                                          <TOKEN>(</TOKEN>
                                                                                          <ExprSingle>
                                                                                          <OrExpr>
                                                                                          <AndExpr>
                                                                                          <ComparisonExpr>
                                                                                          <RangeExpr>
                                                                                          <AdditiveExpr>
                                                                                          <MultiplicativeExpr>
                                                                                          <UnionExpr>
                                                                                          <IntersectExceptExpr>
                                                                                          <InstanceofExpr>
                                                                                          <TreatExpr>
                                                                                          <CastableExpr>
                                                                                          <CastExpr>
                                                                                          <UnaryExpr>
                                                                                          <ValueExpr>
                                                                                          <PathExpr>
                                                                                          <RelativePathExpr>
                                                                                          <StepExpr>
                                                                                          <FilterExpr>
                                                                                          <PrimaryExpr>
                                                                                          <Literal>
                                                                                          <StringLiteral>"headline"</StringLiteral>
                                                                                          </Literal>
                                                                                          </PrimaryExpr>
                                                                                          <PredicateList/>
                                                                                          </FilterExpr>
                                                                                          </StepExpr>
                                                                                          </RelativePathExpr>
                                                                                          </PathExpr>
                                                                                          </ValueExpr>
                                                                                          </UnaryExpr>
                                                                                          </CastExpr>
                                                                                          </CastableExpr>
                                                                                          </TreatExpr>
                                                                                          </InstanceofExpr>
                                                                                          </IntersectExceptExpr>
                                                                                          </UnionExpr>
                                                                                          </MultiplicativeExpr>
                                                                                          </AdditiveExpr>
                                                                                          </RangeExpr>
                                                                                          </ComparisonExpr>
                                                                                          </AndExpr>
                                                                                          </OrExpr>
                                                                                          </ExprSingle>
                                                                                          <TOKEN>,</TOKEN>
                                                                                          <ExprSingle>
                                                                                          <OrExpr>
                                                                                          <AndExpr>
                                                                                          <ComparisonExpr>
                                                                                          <RangeExpr>
                                                                                          <AdditiveExpr>
                                                                                          <MultiplicativeExpr>
                                                                                          <UnionExpr>
                                                                                          <IntersectExceptExpr>
                                                                                          <InstanceofExpr>
                                                                                          <TreatExpr>
                                                                                          <CastableExpr>
                                                                                          <CastExpr>
                                                                                          <UnaryExpr>
                                                                                          <ValueExpr>
                                                                                          <PathExpr>
                                                                                          <RelativePathExpr>
                                                                                          <StepExpr>
                                                                                          <FilterExpr>
                                                                                          <PrimaryExpr>
                                                                                          <Constructor>
                                                                                          <DirectConstructor>
                                                                                          <DirElemConstructor>
                                                                                          <TOKEN>&lt;</TOKEN>
                                                                                          <QName>
                                                                                          <FunctionName>
                                                                                          <TOKEN>div</TOKEN>
                                                                                          </FunctionName>
                                                                                          </QName>
                                                                                          <DirAttributeList/>
                                                                                          <TOKEN>&gt;</TOKEN>
                                                                                          <DirElemContent>
                                                                                          <ElementContentChar>I</ElementContentChar>
                                                                                          </DirElemContent>
                                                                                          <DirElemContent>
                                                                                          <ElementContentChar> </ElementContentChar>
                                                                                          </DirElemContent>
                                                                                          <DirElemContent>
                                                                                          <ElementContentChar>a</ElementContentChar>
                                                                                          </DirElemContent>
                                                                                          <DirElemContent>
                                                                                          <ElementContentChar>m</ElementContentChar>
                                                                                          </DirElemContent>
                                                                                          <DirElemContent>
                                                                                          <ElementContentChar> </ElementContentChar>
                                                                                          </DirElemContent>
                                                                                          <DirElemContent>
                                                                                          <ElementContentChar>a</ElementContentChar>
                                                                                          </DirElemContent>
                                                                                          <DirElemContent>
                                                                                          <ElementContentChar> </ElementContentChar>
                                                                                          </DirElemContent>
                                                                                          <DirElemContent>
                                                                                          <ElementContentChar>s</ElementContentChar>
                                                                                          </DirElemContent>
                                                                                          <DirElemContent>
                                                                                          <ElementContentChar>u</ElementContentChar>
                                                                                          </DirElemContent>
                                                                                          <DirElemContent>
                                                                                          <ElementContentChar>p</ElementContentChar>
                                                                                          </DirElemContent>
                                                                                          <DirElemContent>
                                                                                          <ElementContentChar>e</ElementContentChar>
                                                                                          </DirElemContent>
                                                                                          <DirElemContent>
                                                                                          <ElementContentChar>r</ElementContentChar>
                                                                                          </DirElemContent>
                                                                                          <DirElemContent>
                                                                                          <ElementContentChar> </ElementContentChar>
                                                                                          </DirElemContent>
                                                                                          <DirElemContent>
                                                                                          <ElementContentChar>s</ElementContentChar>
                                                                                          </DirElemContent>
                                                                                          <DirElemContent>
                                                                                          <ElementContentChar>l</ElementContentChar>
                                                                                          </DirElemContent>
                                                                                          <DirElemContent>
                                                                                          <ElementContentChar>o</ElementContentChar>
                                                                                          </DirElemContent>
                                                                                          <DirElemContent>
                                                                                          <ElementContentChar>t</ElementContentChar>
                                                                                          </DirElemContent>
                                                                                          <TOKEN>&lt;/</TOKEN>
                                                                                          <QName>
                                                                                          <FunctionName>
                                                                                          <TOKEN>div</TOKEN>
                                                                                          </FunctionName>
                                                                                          </QName>
                                                                                          <TOKEN>&gt;</TOKEN>
                                                                                          </DirElemConstructor>
                                                                                          </DirectConstructor>
                                                                                          </Constructor>
                                                                                          </PrimaryExpr>
                                                                                          <PredicateList/>
                                                                                          </FilterExpr>
                                                                                          </StepExpr>
                                                                                          </RelativePathExpr>
                                                                                          </PathExpr>
                                                                                          </ValueExpr>
                                                                                          </UnaryExpr>
                                                                                          </CastExpr>
                                                                                          </CastableExpr>
                                                                                          </TreatExpr>
                                                                                          </InstanceofExpr>
                                                                                          </IntersectExceptExpr>
                                                                                          </UnionExpr>
                                                                                          </MultiplicativeExpr>
                                                                                          </AdditiveExpr>
                                                                                          </RangeExpr>
                                                                                          </ComparisonExpr>
                                                                                          </AndExpr>
                                                                                          </OrExpr>
                                                                                          </ExprSingle>
                                                                                          <TOKEN>)</TOKEN>
                                                                                          </FunctionCall>
                                                                                          </PrimaryExpr>
                                                                                          <PredicateList/>
                                                                                          </FilterExpr>
                                                                                          </StepExpr>
                                                                                          </RelativePathExpr>
                                                                                          </PathExpr>
                                                                                          </ValueExpr>
                                                                                          </UnaryExpr>
                                                                                          </CastExpr>
                                                                                          </CastableExpr>
                                                                                          </TreatExpr>
                                                                                          </InstanceofExpr>
                                                                                          </IntersectExceptExpr>
                                                                                          </UnionExpr>
                                                                                          </MultiplicativeExpr>
                                                                                          </AdditiveExpr>
                                                                                          </RangeExpr>
                                                                                          </ComparisonExpr>
                                                                                          </AndExpr>
                                                                                          </OrExpr>
                                                                                          </ExprSingle>
                                                                                          <TOKEN>,</TOKEN>
                                                                                          <ExprSingle>
                                                                                          <OrExpr>
                                                                                          <AndExpr>
                                                                                          <ComparisonExpr>
                                                                                          <RangeExpr>
                                                                                          <AdditiveExpr>
                                                                                          <MultiplicativeExpr>
                                                                                          <UnionExpr>
                                                                                          <IntersectExceptExpr>
                                                                                          <InstanceofExpr>
                                                                                          <TreatExpr>
                                                                                          <CastableExpr>
                                                                                          <CastExpr>
                                                                                          <UnaryExpr>
                                                                                          <ValueExpr>
                                                                                          <PathExpr>
                                                                                          <RelativePathExpr>
                                                                                          <StepExpr>
                                                                                          <FilterExpr>
                                                                                          <PrimaryExpr>
                                                                                          <FunctionCall>
                                                                                          <FunctionName>
                                                                                          <QName>response:set-title</QName>
                                                                                          </FunctionName>
                                                                                          <TOKEN>(</TOKEN>
                                                                                          <ExprSingle>
                                                                                          <OrExpr>
                                                                                          <AndExpr>
                                                                                          <ComparisonExpr>
                                                                                          <RangeExpr>
                                                                                          <AdditiveExpr>
                                                                                          <MultiplicativeExpr>
                                                                                          <UnionExpr>
                                                                                          <IntersectExceptExpr>
                                                                                          <InstanceofExpr>
                                                                                          <TreatExpr>
                                                                                          <CastableExpr>
                                                                                          <CastExpr>
                                                                                          <UnaryExpr>
                                                                                          <ValueExpr>
                                                                                          <PathExpr>
                                                                                          <RelativePathExpr>
                                                                                          <StepExpr>
                                                                                          <FilterExpr>
                                                                                          <PrimaryExpr>
                                                                                          <Literal>
                                                                                          <StringLiteral>"3 Column Sortable Portlets"</StringLiteral>
                                                                                          </Literal>
                                                                                          </PrimaryExpr>
                                                                                          <PredicateList/>
                                                                                          </FilterExpr>
                                                                                          </StepExpr>
                                                                                          </RelativePathExpr>
                                                                                          </PathExpr>
                                                                                          </ValueExpr>
                                                                                          </UnaryExpr>
                                                                                          </CastExpr>
                                                                                          </CastableExpr>
                                                                                          </TreatExpr>
                                                                                          </InstanceofExpr>
                                                                                          </IntersectExceptExpr>
                                                                                          </UnionExpr>
                                                                                          </MultiplicativeExpr>
                                                                                          </AdditiveExpr>
                                                                                          </RangeExpr>
                                                                                          </ComparisonExpr>
                                                                                          </AndExpr>
                                                                                          </OrExpr>
                                                                                          </ExprSingle>
                                                                                          <TOKEN>)</TOKEN>
                                                                                          </FunctionCall>
                                                                                          </PrimaryExpr>
                                                                                          <PredicateList/>
                                                                                          </FilterExpr>
                                                                                          </StepExpr>
                                                                                          </RelativePathExpr>
                                                                                          </PathExpr>
                                                                                          </ValueExpr>
                                                                                          </UnaryExpr>
                                                                                          </CastExpr>
                                                                                          </CastableExpr>
                                                                                          </TreatExpr>
                                                                                          </InstanceofExpr>
                                                                                          </IntersectExceptExpr>
                                                                                          </UnionExpr>
                                                                                          </MultiplicativeExpr>
                                                                                          </AdditiveExpr>
                                                                                          </RangeExpr>
                                                                                          </ComparisonExpr>
                                                                                          </AndExpr>
                                                                                          </OrExpr>
                                                                                          </ExprSingle>
                                                                                          <TOKEN>,</TOKEN>
                                                                                          <ExprSingle>
                                                                                          <OrExpr>
                                                                                          <AndExpr>
                                                                                          <ComparisonExpr>
                                                                                          <RangeExpr>
                                                                                          <AdditiveExpr>
                                                                                          <MultiplicativeExpr>
                                                                                          <UnionExpr>
                                                                                          <IntersectExceptExpr>
                                                                                          <InstanceofExpr>
                                                                                          <TreatExpr>
                                                                                          <CastableExpr>
                                                                                          <CastExpr>
                                                                                          <UnaryExpr>
                                                                                          <ValueExpr>
                                                                                          <PathExpr>
                                                                                          <RelativePathExpr>
                                                                                          <StepExpr>
                                                                                          <FilterExpr>
                                                                                          <PrimaryExpr>
                                                                                          <FunctionCall>
                                                                                          <FunctionName>
                                                                                          <QName>response:add-httpmeta</QName>
                                                                                          </FunctionName>
                                                                                          <TOKEN>(</TOKEN>
                                                                                          <ExprSingle>
                                                                                          <OrExpr>
                                                                                          <AndExpr>
                                                                                          <ComparisonExpr>
                                                                                          <RangeExpr>
                                                                                          <AdditiveExpr>
                                                                                          <MultiplicativeExpr>
                                                                                          <UnionExpr>
                                                                                          <IntersectExceptExpr>
                                                                                          <InstanceofExpr>
                                                                                          <TreatExpr>
                                                                                          <CastableExpr>
                                                                                          <CastExpr>
                                                                                          <UnaryExpr>
                                                                                          <ValueExpr>
                                                                                          <PathExpr>
                                                                                          <RelativePathExpr>
                                                                                          <StepExpr>
                                                                                          <FilterExpr>
                                                                                          <PrimaryExpr>
                                                                                          <Literal>
                                                                                          <StringLiteral>"cache-control"</StringLiteral>
                                                                                          </Literal>
                                                                                          </PrimaryExpr>
                                                                                          <PredicateList/>
                                                                                          </FilterExpr>
                                                                                          </StepExpr>
                                                                                          </RelativePathExpr>
                                                                                          </PathExpr>
                                                                                          </ValueExpr>
                                                                                          </UnaryExpr>
                                                                                          </CastExpr>
                                                                                          </CastableExpr>
                                                                                          </TreatExpr>
                                                                                          </InstanceofExpr>
                                                                                          </IntersectExceptExpr>
                                                                                          </UnionExpr>
                                                                                          </MultiplicativeExpr>
                                                                                          </AdditiveExpr>
                                                                                          </RangeExpr>
                                                                                          </ComparisonExpr>
                                                                                          </AndExpr>
                                                                                          </OrExpr>
                                                                                          </ExprSingle>
                                                                                          <TOKEN>,</TOKEN>
                                                                                          <ExprSingle>
                                                                                          <OrExpr>
                                                                                          <AndExpr>
                                                                                          <ComparisonExpr>
                                                                                          <RangeExpr>
                                                                                          <AdditiveExpr>
                                                                                          <MultiplicativeExpr>
                                                                                          <UnionExpr>
                                                                                          <IntersectExceptExpr>
                                                                                          <InstanceofExpr>
                                                                                          <TreatExpr>
                                                                                          <CastableExpr>
                                                                                          <CastExpr>
                                                                                          <UnaryExpr>
                                                                                          <ValueExpr>
                                                                                          <PathExpr>
                                                                                          <RelativePathExpr>
                                                                                          <StepExpr>
                                                                                          <FilterExpr>
                                                                                          <PrimaryExpr>
                                                                                          <Literal>
                                                                                          <StringLiteral>"public"</StringLiteral>
                                                                                          </Literal>
                                                                                          </PrimaryExpr>
                                                                                          <PredicateList/>
                                                                                          </FilterExpr>
                                                                                          </StepExpr>
                                                                                          </RelativePathExpr>
                                                                                          </PathExpr>
                                                                                          </ValueExpr>
                                                                                          </UnaryExpr>
                                                                                          </CastExpr>
                                                                                          </CastableExpr>
                                                                                          </TreatExpr>
                                                                                          </InstanceofExpr>
                                                                                          </IntersectExceptExpr>
                                                                                          </UnionExpr>
                                                                                          </MultiplicativeExpr>
                                                                                          </AdditiveExpr>
                                                                                          </RangeExpr>
                                                                                          </ComparisonExpr>
                                                                                          </AndExpr>
                                                                                          </OrExpr>
                                                                                          </ExprSingle>
                                                                                          <TOKEN>)</TOKEN>
                                                                                          </FunctionCall>
                                                                                          </PrimaryExpr>
                                                                                          <PredicateList/>
                                                                                          </FilterExpr>
                                                                                          </StepExpr>
                                                                                          </RelativePathExpr>
                                                                                          </PathExpr>
                                                                                          </ValueExpr>
                                                                                          </UnaryExpr>
                                                                                          </CastExpr>
                                                                                          </CastableExpr>
                                                                                          </TreatExpr>
                                                                                          </InstanceofExpr>
                                                                                          </IntersectExceptExpr>
                                                                                          </UnionExpr>
                                                                                          </MultiplicativeExpr>
                                                                                          </AdditiveExpr>
                                                                                          </RangeExpr>
                                                                                          </ComparisonExpr>
                                                                                          </AndExpr>
                                                                                          </OrExpr>
                                                                                          </ExprSingle>
                                                                                          <TOKEN>,</TOKEN>
                                                                                          <ExprSingle>
                                                                                          <OrExpr>
                                                                                          <AndExpr>
                                                                                          <ComparisonExpr>
                                                                                          <RangeExpr>
                                                                                          <AdditiveExpr>
                                                                                          <MultiplicativeExpr>
                                                                                          <UnionExpr>
                                                                                          <IntersectExceptExpr>
                                                                                          <InstanceofExpr>
                                                                                          <TreatExpr>
                                                                                          <CastableExpr>
                                                                                          <CastExpr>
                                                                                          <UnaryExpr>
                                                                                          <ValueExpr>
                                                                                          <PathExpr>
                                                                                          <RelativePathExpr>
                                                                                          <StepExpr>
                                                                                          <FilterExpr>
                                                                                          <PrimaryExpr>
                                                                                          <FunctionCall>
                                                                                          <FunctionName>
                                                                                          <QName>response:response</QName>
                                                                                          </FunctionName>
                                                                                          <TOKEN>(</TOKEN>
                                                                                          <TOKEN>)</TOKEN>
                                                                                          </FunctionCall>
                                                                                          </PrimaryExpr>
                                                                                          <PredicateList/>
                                                                                          </FilterExpr>
                                                                                          </StepExpr>
                                                                                          </RelativePathExpr>
                                                                                          </PathExpr>
                                                                                          </ValueExpr>
                                                                                          </UnaryExpr>
                                                                                          </CastExpr>
                                                                                          </CastableExpr>
                                                                                          </TreatExpr>
                                                                                          </InstanceofExpr>
                                                                                          </IntersectExceptExpr>
                                                                                          </UnionExpr>
                                                                                          </MultiplicativeExpr>
                                                                                          </AdditiveExpr>
                                                                                          </RangeExpr>
                                                                                          </ComparisonExpr>
                                                                                          </AndExpr>
                                                                                          </OrExpr>
                                                                                          </ExprSingle>
                                                                                          </Expr>
                                                                                          <TOKEN>)</TOKEN>
                                                                                          </ParenthesizedExpr>
                                                                                          </PrimaryExpr>
                                                                                          <PredicateList/>
                                                                                          </FilterExpr>
                                                                                          </StepExpr>
                                                                                          </RelativePathExpr>
                                                                                        </PathExpr>
                                                                                    </ValueExpr>
                                                                                </UnaryExpr>
                                                                            </CastExpr>
                                                                        </CastableExpr>
                                                                    </TreatExpr>
                                                                </InstanceofExpr>
                                                            </IntersectExceptExpr>
                                                        </UnionExpr>
                                                    </MultiplicativeExpr>
                                                </AdditiveExpr>
                                            </RangeExpr>
                                        </ComparisonExpr>
                                    </AndExpr>
                                </OrExpr>
                            </ExprSingle>
                        </Expr>
                        <TOKEN>}</TOKEN>
                    </EnclosedExpr>
                </FunctionDecl>
                <Separator>
                    <TOKEN>;</TOKEN>
                </Separator>
                <FunctionDecl>
                    <TOKEN>declare</TOKEN>
                    <TOKEN>function</TOKEN>
                    <FunctionName>
                        <QName>controller:search</QName>
                    </FunctionName>
                    <TOKEN>(</TOKEN>
                    <ParamList>
                        <Param>
                            <TOKEN>$</TOKEN>
                            <QName>
                                <FunctionName>
                                    <QName>request</QName>
                                </FunctionName>
                            </QName>
                            <TypeDeclaration>
                                <TOKEN>as</TOKEN>
                                <SequenceType>
                                    <ItemType>
                                        <AtomicType>
                                            <QName>
                                                <FunctionName>
                                                    <QName>map:map</QName>
                                                </FunctionName>
                                            </QName>
                                        </AtomicType>
                                    </ItemType>
                                </SequenceType>
                            </TypeDeclaration>
                        </Param>
                    </ParamList>
                    <TOKEN>)</TOKEN>
                    <EnclosedExpr>
                        <TOKEN>{</TOKEN>
                        <Expr>
                            <ExprSingle>
                                <FLWORExpr>
                                    <LetClause>
                                        <TOKEN>let</TOKEN>
                                        <TOKEN>$</TOKEN>
                                        <VarName>
                                            <QName>
                                                <FunctionName>
                                                    <QName>q</QName>
                                                </FunctionName>
                                            </QName>
                                        </VarName>
                                        <TOKEN>:=</TOKEN>
                                        <ExprSingle>
                                            <OrExpr>
                                                <AndExpr>
                                                    <ComparisonExpr>
                                                        <RangeExpr>
                                                            <AdditiveExpr>
                                                                <MultiplicativeExpr>
                                                                    <UnionExpr>
                                                                        <IntersectExceptExpr>
                                                                            <InstanceofExpr>
                                                                                <TreatExpr>
                                                                                    <CastableExpr>
                                                                                        <CastExpr>
                                                                                          <UnaryExpr>
                                                                                          <ValueExpr>
                                                                                          <PathExpr>
                                                                                          <RelativePathExpr>
                                                                                          <StepExpr>
                                                                                          <FilterExpr>
                                                                                          <PrimaryExpr>
                                                                                          <FunctionCall>
                                                                                          <FunctionName>
                                                                                          <QName>request:param</QName>
                                                                                          </FunctionName>
                                                                                          <TOKEN>(</TOKEN>
                                                                                          <ExprSingle>
                                                                                          <OrExpr>
                                                                                          <AndExpr>
                                                                                          <ComparisonExpr>
                                                                                          <RangeExpr>
                                                                                          <AdditiveExpr>
                                                                                          <MultiplicativeExpr>
                                                                                          <UnionExpr>
                                                                                          <IntersectExceptExpr>
                                                                                          <InstanceofExpr>
                                                                                          <TreatExpr>
                                                                                          <CastableExpr>
                                                                                          <CastExpr>
                                                                                          <UnaryExpr>
                                                                                          <ValueExpr>
                                                                                          <PathExpr>
                                                                                          <RelativePathExpr>
                                                                                          <StepExpr>
                                                                                          <FilterExpr>
                                                                                          <PrimaryExpr>
                                                                                          <Literal>
                                                                                          <StringLiteral>"q"</StringLiteral>
                                                                                          </Literal>
                                                                                          </PrimaryExpr>
                                                                                          <PredicateList/>
                                                                                          </FilterExpr>
                                                                                          </StepExpr>
                                                                                          </RelativePathExpr>
                                                                                          </PathExpr>
                                                                                          </ValueExpr>
                                                                                          </UnaryExpr>
                                                                                          </CastExpr>
                                                                                          </CastableExpr>
                                                                                          </TreatExpr>
                                                                                          </InstanceofExpr>
                                                                                          </IntersectExceptExpr>
                                                                                          </UnionExpr>
                                                                                          </MultiplicativeExpr>
                                                                                          </AdditiveExpr>
                                                                                          </RangeExpr>
                                                                                          </ComparisonExpr>
                                                                                          </AndExpr>
                                                                                          </OrExpr>
                                                                                          </ExprSingle>
                                                                                          <TOKEN>)</TOKEN>
                                                                                          </FunctionCall>
                                                                                          </PrimaryExpr>
                                                                                          <PredicateList/>
                                                                                          </FilterExpr>
                                                                                          </StepExpr>
                                                                                          </RelativePathExpr>
                                                                                          </PathExpr>
                                                                                          </ValueExpr>
                                                                                          </UnaryExpr>
                                                                                        </CastExpr>
                                                                                    </CastableExpr>
                                                                                </TreatExpr>
                                                                            </InstanceofExpr>
                                                                        </IntersectExceptExpr>
                                                                    </UnionExpr>
                                                                </MultiplicativeExpr>
                                                            </AdditiveExpr>
                                                        </RangeExpr>
                                                    </ComparisonExpr>
                                                </AndExpr>
                                            </OrExpr>
                                        </ExprSingle>
                                    </LetClause>
                                    <LetClause>
                                        <TOKEN>let</TOKEN>
                                        <TOKEN>$</TOKEN>
                                        <VarName>
                                            <QName>
                                                <FunctionName>
                                                    <QName>results</QName>
                                                </FunctionName>
                                            </QName>
                                        </VarName>
                                        <TOKEN>:=</TOKEN>
                                        <ExprSingle>
                                            <OrExpr>
                                                <AndExpr>
                                                    <ComparisonExpr>
                                                        <RangeExpr>
                                                            <AdditiveExpr>
                                                                <MultiplicativeExpr>
                                                                    <UnionExpr>
                                                                        <IntersectExceptExpr>
                                                                            <InstanceofExpr>
                                                                                <TreatExpr>
                                                                                    <CastableExpr>
                                                                                        <CastExpr>
                                                                                          <UnaryExpr>
                                                                                          <ValueExpr>
                                                                                          <PathExpr>
                                                                                          <RelativePathExpr>
                                                                                          <StepExpr>
                                                                                          <FilterExpr>
                                                                                          <PrimaryExpr>
                                                                                          <Constructor>
                                                                                          <DirectConstructor>
                                                                                          <DirElemConstructor>
                                                                                          <TOKEN>&lt;</TOKEN>
                                                                                          <QName>
                                                                                          <FunctionName>
                                                                                          <QName>search-results</QName>
                                                                                          </FunctionName>
                                                                                          </QName>
                                                                                          <DirAttributeList/>
                                                                                          <TOKEN>&gt;</TOKEN>
                                                                                          <DirElemContent>
                                                                                          <ElementContentChar> </ElementContentChar>
                                                                                          </DirElemContent>
                                                                                          <DirElemContent>
                                                                                          <ElementContentChar> </ElementContentChar>
                                                                                          </DirElemContent>
                                                                                          <DirElemContent>
                                                                                          <ElementContentChar> </ElementContentChar>
                                                                                          </DirElemContent>
                                                                                          <DirElemContent>
                                                                                          <ElementContentChar> </ElementContentChar>
                                                                                          </DirElemContent>
                                                                                          <DirElemContent>
                                                                                          <ElementContentChar> </ElementContentChar>
                                                                                          </DirElemContent>
                                                                                          <DirElemContent>
                                                                                          <DirectConstructor>
                                                                                          <DirElemConstructor>
                                                                                          <TOKEN>&lt;</TOKEN>
                                                                                          <QName>
                                                                                          <FunctionName>
                                                                                          <QName>count</QName>
                                                                                          </FunctionName>
                                                                                          </QName>
                                                                                          <DirAttributeList/>
                                                                                          <TOKEN>&gt;</TOKEN>
                                                                                          <DirElemContent>
                                                                                          <ElementContentChar>3</ElementContentChar>
                                                                                          </DirElemContent>
                                                                                          <DirElemContent>
                                                                                          <ElementContentChar>0</ElementContentChar>
                                                                                          </DirElemContent>
                                                                                          <DirElemContent>
                                                                                          <ElementContentChar>0</ElementContentChar>
                                                                                          </DirElemContent>
                                                                                          <TOKEN>&lt;/</TOKEN>
                                                                                          <QName>
                                                                                          <FunctionName>
                                                                                          <QName>count</QName>
                                                                                          </FunctionName>
                                                                                          </QName>
                                                                                          <TOKEN>&gt;</TOKEN>
                                                                                          </DirElemConstructor>
                                                                                          </DirectConstructor>
                                                                                          </DirElemContent>
                                                                                          <DirElemContent>
                                                                                          <ElementContentChar> </ElementContentChar>
                                                                                          </DirElemContent>
                                                                                          <DirElemContent>
                                                                                          <ElementContentChar> </ElementContentChar>
                                                                                          </DirElemContent>
                                                                                          <DirElemContent>
                                                                                          <ElementContentChar> </ElementContentChar>
                                                                                          </DirElemContent>
                                                                                          <DirElemContent>
                                                                                          <ElementContentChar> </ElementContentChar>
                                                                                          </DirElemContent>
                                                                                          <DirElemContent>
                                                                                          <ElementContentChar> </ElementContentChar>
                                                                                          </DirElemContent>
                                                                                          <DirElemContent>
                                                                                          <DirectConstructor>
                                                                                          <DirElemConstructor>
                                                                                          <TOKEN>&lt;</TOKEN>
                                                                                          <QName>
                                                                                          <FunctionName>
                                                                                          <QName>page</QName>
                                                                                          </FunctionName>
                                                                                          </QName>
                                                                                          <DirAttributeList/>
                                                                                          <TOKEN>&gt;</TOKEN>
                                                                                          <DirElemContent>
                                                                                          <ElementContentChar>1</ElementContentChar>
                                                                                          </DirElemContent>
                                                                                          <TOKEN>&lt;/</TOKEN>
                                                                                          <QName>
                                                                                          <FunctionName>
                                                                                          <QName>page</QName>
                                                                                          </FunctionName>
                                                                                          </QName>
                                                                                          <TOKEN>&gt;</TOKEN>
                                                                                          </DirElemConstructor>
                                                                                          </DirectConstructor>
                                                                                          </DirElemContent>
                                                                                          <DirElemContent>
                                                                                          <ElementContentChar> </ElementContentChar>
                                                                                          </DirElemContent>
                                                                                          <DirElemContent>
                                                                                          <ElementContentChar> </ElementContentChar>
                                                                                          </DirElemContent>
                                                                                          <DirElemContent>
                                                                                          <ElementContentChar> </ElementContentChar>
                                                                                          </DirElemContent>
                                                                                          <DirElemContent>
                                                                                          <ElementContentChar> </ElementContentChar>
                                                                                          </DirElemContent>
                                                                                          <DirElemContent>
                                                                                          <ElementContentChar> </ElementContentChar>
                                                                                          </DirElemContent>
                                                                                          <DirElemContent>
                                                                                          <DirectConstructor>
                                                                                          <DirElemConstructor>
                                                                                          <TOKEN>&lt;</TOKEN>
                                                                                          <QName>
                                                                                          <FunctionName>
                                                                                          <QName>pagesize</QName>
                                                                                          </FunctionName>
                                                                                          </QName>
                                                                                          <DirAttributeList/>
                                                                                          <TOKEN>&gt;</TOKEN>
                                                                                          <DirElemContent>
                                                                                          <ElementContentChar>2</ElementContentChar>
                                                                                          </DirElemContent>
                                                                                          <DirElemContent>
                                                                                          <ElementContentChar>0</ElementContentChar>
                                                                                          </DirElemContent>
                                                                                          <TOKEN>&lt;/</TOKEN>
                                                                                          <QName>
                                                                                          <FunctionName>
                                                                                          <QName>pagesize</QName>
                                                                                          </FunctionName>
                                                                                          </QName>
                                                                                          <TOKEN>&gt;</TOKEN>
                                                                                          </DirElemConstructor>
                                                                                          </DirectConstructor>
                                                                                          </DirElemContent>
                                                                                          <DirElemContent>
                                                                                          <ElementContentChar> </ElementContentChar>
                                                                                          </DirElemContent>
                                                                                          <DirElemContent>
                                                                                          <ElementContentChar> </ElementContentChar>
                                                                                          </DirElemContent>
                                                                                          <DirElemContent>
                                                                                          <ElementContentChar> </ElementContentChar>
                                                                                          </DirElemContent>
                                                                                          <DirElemContent>
                                                                                          <ElementContentChar> </ElementContentChar>
                                                                                          </DirElemContent>
                                                                                          <DirElemContent>
                                                                                          <ElementContentChar> </ElementContentChar>
                                                                                          </DirElemContent>
                                                                                          <DirElemContent>
                                                                                          <DirectConstructor>
                                                                                          <DirElemConstructor>
                                                                                          <TOKEN>&lt;</TOKEN>
                                                                                          <QName>
                                                                                          <FunctionName>
                                                                                          <QName>facet-item</QName>
                                                                                          </FunctionName>
                                                                                          </QName>
                                                                                          <DirAttributeList>
                                                                                          <S> </S>
                                                                                          <QName>
                                                                                          <FunctionName>
                                                                                          <QName>name</QName>
                                                                                          </FunctionName>
                                                                                          </QName>
                                                                                          <TOKEN>=</TOKEN>
                                                                                          <DirAttributeValue>
                                                                                          <TOKEN>"</TOKEN>
                                                                                          <QuotAttrValueContent>
                                                                                          <QuotAttrContentChar>C</QuotAttrContentChar>
                                                                                          </QuotAttrValueContent>
                                                                                          <QuotAttrValueContent>
                                                                                          <QuotAttrContentChar>o</QuotAttrContentChar>
                                                                                          </QuotAttrValueContent>
                                                                                          <QuotAttrValueContent>
                                                                                          <QuotAttrContentChar>u</QuotAttrContentChar>
                                                                                          </QuotAttrValueContent>
                                                                                          <QuotAttrValueContent>
                                                                                          <QuotAttrContentChar>n</QuotAttrContentChar>
                                                                                          </QuotAttrValueContent>
                                                                                          <QuotAttrValueContent>
                                                                                          <QuotAttrContentChar>t</QuotAttrContentChar>
                                                                                          </QuotAttrValueContent>
                                                                                          <QuotAttrValueContent>
                                                                                          <QuotAttrContentChar>r</QuotAttrContentChar>
                                                                                          </QuotAttrValueContent>
                                                                                          <QuotAttrValueContent>
                                                                                          <QuotAttrContentChar>i</QuotAttrContentChar>
                                                                                          </QuotAttrValueContent>
                                                                                          <QuotAttrValueContent>
                                                                                          <QuotAttrContentChar>e</QuotAttrContentChar>
                                                                                          </QuotAttrValueContent>
                                                                                          <QuotAttrValueContent>
                                                                                          <QuotAttrContentChar>s</QuotAttrContentChar>
                                                                                          </QuotAttrValueContent>
                                                                                          <TOKEN>"</TOKEN>
                                                                                          </DirAttributeValue>
                                                                                          </DirAttributeList>
                                                                                          <TOKEN>&gt;</TOKEN>
                                                                                          <DirElemContent>
                                                                                          <ElementContentChar> </ElementContentChar>
                                                                                          </DirElemContent>
                                                                                          <DirElemContent>
                                                                                          <ElementContentChar> </ElementContentChar>
                                                                                          </DirElemContent>
                                                                                          <DirElemContent>
                                                                                          <ElementContentChar> </ElementContentChar>
                                                                                          </DirElemContent>
                                                                                          <DirElemContent>
                                                                                          <ElementContentChar> </ElementContentChar>
                                                                                          </DirElemContent>
                                                                                          <DirElemContent>
                                                                                          <ElementContentChar> </ElementContentChar>
                                                                                          </DirElemContent>
                                                                                          <DirElemContent>
                                                                                          <ElementContentChar> </ElementContentChar>
                                                                                          </DirElemContent>
                                                                                          <DirElemContent>
                                                                                          <ElementContentChar> </ElementContentChar>
                                                                                          </DirElemContent>
                                                                                          <DirElemContent>
                                                                                          <DirectConstructor>
                                                                                          <DirElemConstructor>
                                                                                          <TOKEN>&lt;</TOKEN>
                                                                                          <QName>
                                                                                          <FunctionName>
                                                                                          <QName>facet-value</QName>
                                                                                          </FunctionName>
                                                                                          </QName>
                                                                                          <DirAttributeList>
                                                                                          <S> </S>
                                                                                          <QName>
                                                                                          <FunctionName>
                                                                                          <QName>count</QName>
                                                                                          </FunctionName>
                                                                                          </QName>
                                                                                          <TOKEN>=</TOKEN>
                                                                                          <DirAttributeValue>
                                                                                          <TOKEN>"</TOKEN>
                                                                                          <QuotAttrValueContent>
                                                                                          <QuotAttrContentChar>3</QuotAttrContentChar>
                                                                                          </QuotAttrValueContent>
                                                                                          <QuotAttrValueContent>
                                                                                          <QuotAttrContentChar>2</QuotAttrContentChar>
                                                                                          </QuotAttrValueContent>
                                                                                          <TOKEN>"</TOKEN>
                                                                                          </DirAttributeValue>
                                                                                          </DirAttributeList>
                                                                                          <TOKEN>&gt;</TOKEN>
                                                                                          <DirElemContent>
                                                                                          <ElementContentChar>U</ElementContentChar>
                                                                                          </DirElemContent>
                                                                                          <DirElemContent>
                                                                                          <ElementContentChar>n</ElementContentChar>
                                                                                          </DirElemContent>
                                                                                          <DirElemContent>
                                                                                          <ElementContentChar>i</ElementContentChar>
                                                                                          </DirElemContent>
                                                                                          <DirElemContent>
                                                                                          <ElementContentChar>t</ElementContentChar>
                                                                                          </DirElemContent>
                                                                                          <DirElemContent>
                                                                                          <ElementContentChar>e</ElementContentChar>
                                                                                          </DirElemContent>
                                                                                          <DirElemContent>
                                                                                          <ElementContentChar>d</ElementContentChar>
                                                                                          </DirElemContent>
                                                                                          <DirElemContent>
                                                                                          <ElementContentChar> </ElementContentChar>
                                                                                          </DirElemContent>
                                                                                          <DirElemContent>
                                                                                          <ElementContentChar>S</ElementContentChar>
                                                                                          </DirElemContent>
                                                                                          <DirElemContent>
                                                                                          <ElementContentChar>t</ElementContentChar>
                                                                                          </DirElemContent>
                                                                                          <DirElemContent>
                                                                                          <ElementContentChar>a</ElementContentChar>
                                                                                          </DirElemContent>
                                                                                          <DirElemContent>
                                                                                          <ElementContentChar>t</ElementContentChar>
                                                                                          </DirElemContent>
                                                                                          <DirElemContent>
                                                                                          <ElementContentChar>e</ElementContentChar>
                                                                                          </DirElemContent>
                                                                                          <DirElemContent>
                                                                                          <ElementContentChar>s</ElementContentChar>
                                                                                          </DirElemContent>
                                                                                          <TOKEN>&lt;/</TOKEN>
                                                                                          <QName>
                                                                                          <FunctionName>
                                                                                          <QName>facet-value</QName>
                                                                                          </FunctionName>
                                                                                          </QName>
                                                                                          <TOKEN>&gt;</TOKEN>
                                                                                          </DirElemConstructor>
                                                                                          </DirectConstructor>
                                                                                          </DirElemContent>
                                                                                          <DirElemContent>
                                                                                          <ElementContentChar> </ElementContentChar>
                                                                                          </DirElemContent>
                                                                                          <DirElemContent>
                                                                                          <ElementContentChar> </ElementContentChar>
                                                                                          </DirElemContent>
                                                                                          <DirElemContent>
                                                                                          <ElementContentChar> </ElementContentChar>
                                                                                          </DirElemContent>
                                                                                          <DirElemContent>
                                                                                          <ElementContentChar> </ElementContentChar>
                                                                                          </DirElemContent>
                                                                                          <DirElemContent>
                                                                                          <ElementContentChar> </ElementContentChar>
                                                                                          </DirElemContent>
                                                                                          <DirElemContent>
                                                                                          <ElementContentChar> </ElementContentChar>
                                                                                          </DirElemContent>
                                                                                          <DirElemContent>
                                                                                          <ElementContentChar> </ElementContentChar>
                                                                                          </DirElemContent>
                                                                                          <DirElemContent>
                                                                                          <DirectConstructor>
                                                                                          <DirElemConstructor>
                                                                                          <TOKEN>&lt;</TOKEN>
                                                                                          <QName>
                                                                                          <FunctionName>
                                                                                          <QName>facet-value</QName>
                                                                                          </FunctionName>
                                                                                          </QName>
                                                                                          <DirAttributeList>
                                                                                          <S> </S>
                                                                                          <QName>
                                                                                          <FunctionName>
                                                                                          <QName>count</QName>
                                                                                          </FunctionName>
                                                                                          </QName>
                                                                                          <TOKEN>=</TOKEN>
                                                                                          <DirAttributeValue>
                                                                                          <TOKEN>"</TOKEN>
                                                                                          <QuotAttrValueContent>
                                                                                          <QuotAttrContentChar>3</QuotAttrContentChar>
                                                                                          </QuotAttrValueContent>
                                                                                          <QuotAttrValueContent>
                                                                                          <QuotAttrContentChar>3</QuotAttrContentChar>
                                                                                          </QuotAttrValueContent>
                                                                                          <TOKEN>"</TOKEN>
                                                                                          </DirAttributeValue>
                                                                                          </DirAttributeList>
                                                                                          <TOKEN>&gt;</TOKEN>
                                                                                          <DirElemContent>
                                                                                          <ElementContentChar>U</ElementContentChar>
                                                                                          </DirElemContent>
                                                                                          <DirElemContent>
                                                                                          <ElementContentChar>n</ElementContentChar>
                                                                                          </DirElemContent>
                                                                                          <DirElemContent>
                                                                                          <ElementContentChar>i</ElementContentChar>
                                                                                          </DirElemContent>
                                                                                          <DirElemContent>
                                                                                          <ElementContentChar>t</ElementContentChar>
                                                                                          </DirElemContent>
                                                                                          <DirElemContent>
                                                                                          <ElementContentChar>e</ElementContentChar>
                                                                                          </DirElemContent>
                                                                                          <DirElemContent>
                                                                                          <ElementContentChar>d</ElementContentChar>
                                                                                          </DirElemContent>
                                                                                          <DirElemContent>
                                                                                          <ElementContentChar> </ElementContentChar>
                                                                                          </DirElemContent>
                                                                                          <DirElemContent>
                                                                                          <ElementContentChar>K</ElementContentChar>
                                                                                          </DirElemContent>
                                                                                          <DirElemContent>
                                                                                          <ElementContentChar>i</ElementContentChar>
                                                                                          </DirElemContent>
                                                                                          <DirElemContent>
                                                                                          <ElementContentChar>n</ElementContentChar>
                                                                                          </DirElemContent>
                                                                                          <DirElemContent>
                                                                                          <ElementContentChar>g</ElementContentChar>
                                                                                          </DirElemContent>
                                                                                          <DirElemContent>
                                                                                          <ElementContentChar>d</ElementContentChar>
                                                                                          </DirElemContent>
                                                                                          <DirElemContent>
                                                                                          <ElementContentChar>o</ElementContentChar>
                                                                                          </DirElemContent>
                                                                                          <DirElemContent>
                                                                                          <ElementContentChar>m</ElementContentChar>
                                                                                          </DirElemContent>
                                                                                          <TOKEN>&lt;/</TOKEN>
                                                                                          <QName>
                                                                                          <FunctionName>
                                                                                          <QName>facet-value</QName>
                                                                                          </FunctionName>
                                                                                          </QName>
                                                                                          <TOKEN>&gt;</TOKEN>
                                                                                          </DirElemConstructor>
                                                                                          </DirectConstructor>
                                                                                          </DirElemContent>
                                                                                          <DirElemContent>
                                                                                          <ElementContentChar> </ElementContentChar>
                                                                                          </DirElemContent>
                                                                                          <DirElemContent>
                                                                                          <ElementContentChar> </ElementContentChar>
                                                                                          </DirElemContent>
                                                                                          <DirElemContent>
                                                                                          <ElementContentChar> </ElementContentChar>
                                                                                          </DirElemContent>
                                                                                          <DirElemContent>
                                                                                          <ElementContentChar> </ElementContentChar>
                                                                                          </DirElemContent>
                                                                                          <DirElemContent>
                                                                                          <ElementContentChar> </ElementContentChar>
                                                                                          </DirElemContent>
                                                                                          <TOKEN>&lt;/</TOKEN>
                                                                                          <QName>
                                                                                          <FunctionName>
                                                                                          <QName>facet-item</QName>
                                                                                          </FunctionName>
                                                                                          </QName>
                                                                                          <TOKEN>&gt;</TOKEN>
                                                                                          </DirElemConstructor>
                                                                                          </DirectConstructor>
                                                                                          </DirElemContent>
                                                                                          <DirElemContent>
                                                                                          <ElementContentChar> </ElementContentChar>
                                                                                          </DirElemContent>
                                                                                          <DirElemContent>
                                                                                          <ElementContentChar> </ElementContentChar>
                                                                                          </DirElemContent>
                                                                                          <DirElemContent>
                                                                                          <ElementContentChar> </ElementContentChar>
                                                                                          </DirElemContent>
                                                                                          <DirElemContent>
                                                                                          <ElementContentChar> </ElementContentChar>
                                                                                          </DirElemContent>
                                                                                          <DirElemContent>
                                                                                          <ElementContentChar> </ElementContentChar>
                                                                                          </DirElemContent>
                                                                                          <DirElemContent>
                                                                                          <DirectConstructor>
                                                                                          <DirElemConstructor>
                                                                                          <TOKEN>&lt;</TOKEN>
                                                                                          <QName>
                                                                                          <FunctionName>
                                                                                          <QName>search-result</QName>
                                                                                          </FunctionName>
                                                                                          </QName>
                                                                                          <DirAttributeList>
                                                                                          <S> </S>
                                                                                          <QName>
                                                                                          <FunctionName>
                                                                                          <QName>uri</QName>
                                                                                          </FunctionName>
                                                                                          </QName>
                                                                                          <TOKEN>=</TOKEN>
                                                                                          <DirAttributeValue>
                                                                                          <TOKEN>"</TOKEN>
                                                                                          <QuotAttrValueContent>
                                                                                          <QuotAttrContentChar>/</QuotAttrContentChar>
                                                                                          </QuotAttrValueContent>
                                                                                          <QuotAttrValueContent>
                                                                                          <QuotAttrContentChar>s</QuotAttrContentChar>
                                                                                          </QuotAttrValueContent>
                                                                                          <QuotAttrValueContent>
                                                                                          <QuotAttrContentChar>o</QuotAttrContentChar>
                                                                                          </QuotAttrValueContent>
                                                                                          <QuotAttrValueContent>
                                                                                          <QuotAttrContentChar>m</QuotAttrContentChar>
                                                                                          </QuotAttrValueContent>
                                                                                          <QuotAttrValueContent>
                                                                                          <QuotAttrContentChar>e</QuotAttrContentChar>
                                                                                          </QuotAttrValueContent>
                                                                                          <QuotAttrValueContent>
                                                                                          <QuotAttrContentChar>d</QuotAttrContentChar>
                                                                                          </QuotAttrValueContent>
                                                                                          <QuotAttrValueContent>
                                                                                          <QuotAttrContentChar>o</QuotAttrContentChar>
                                                                                          </QuotAttrValueContent>
                                                                                          <QuotAttrValueContent>
                                                                                          <QuotAttrContentChar>c</QuotAttrContentChar>
                                                                                          </QuotAttrValueContent>
                                                                                          <QuotAttrValueContent>
                                                                                          <QuotAttrContentChar>/</QuotAttrContentChar>
                                                                                          </QuotAttrValueContent>
                                                                                          <QuotAttrValueContent>
                                                                                          <QuotAttrContentChar>1</QuotAttrContentChar>
                                                                                          </QuotAttrValueContent>
                                                                                          <TOKEN>"</TOKEN>
                                                                                          </DirAttributeValue>
                                                                                          </DirAttributeList>
                                                                                          <TOKEN>&gt;</TOKEN>
                                                                                          <DirElemContent>
                                                                                          <ElementContentChar> </ElementContentChar>
                                                                                          </DirElemContent>
                                                                                          <DirElemContent>
                                                                                          <ElementContentChar> </ElementContentChar>
                                                                                          </DirElemContent>
                                                                                          <DirElemContent>
                                                                                          <ElementContentChar> </ElementContentChar>
                                                                                          </DirElemContent>
                                                                                          <DirElemContent>
                                                                                          <ElementContentChar> </ElementContentChar>
                                                                                          </DirElemContent>
                                                                                          <DirElemContent>
                                                                                          <ElementContentChar> </ElementContentChar>
                                                                                          </DirElemContent>
                                                                                          <DirElemContent>
                                                                                          <ElementContentChar> </ElementContentChar>
                                                                                          </DirElemContent>
                                                                                          <DirElemContent>
                                                                                          <ElementContentChar> </ElementContentChar>
                                                                                          </DirElemContent>
                                                                                          <DirElemContent>
                                                                                          <DirectConstructor>
                                                                                          <DirElemConstructor>
                                                                                          <TOKEN>&lt;</TOKEN>
                                                                                          <QName>
                                                                                          <FunctionName>
                                                                                          <QName>title</QName>
                                                                                          </FunctionName>
                                                                                          </QName>
                                                                                          <DirAttributeList/>
                                                                                          <TOKEN>&gt;</TOKEN>
                                                                                          <DirElemContent>
                                                                                          <ElementContentChar>H</ElementContentChar>
                                                                                          </DirElemContent>
                                                                                          <DirElemContent>
                                                                                          <ElementContentChar>e</ElementContentChar>
                                                                                          </DirElemContent>
                                                                                          <DirElemContent>
                                                                                          <ElementContentChar>r</ElementContentChar>
                                                                                          </DirElemContent>
                                                                                          <DirElemContent>
                                                                                          <ElementContentChar>e</ElementContentChar>
                                                                                          </DirElemContent>
                                                                                          <DirElemContent>
                                                                                          <ElementContentChar> </ElementContentChar>
                                                                                          </DirElemContent>
                                                                                          <DirElemContent>
                                                                                          <ElementContentChar>i</ElementContentChar>
                                                                                          </DirElemContent>
                                                                                          <DirElemContent>
                                                                                          <ElementContentChar>s</ElementContentChar>
                                                                                          </DirElemContent>
                                                                                          <DirElemContent>
                                                                                          <ElementContentChar> </ElementContentChar>
                                                                                          </DirElemContent>
                                                                                          <DirElemContent>
                                                                                          <ElementContentChar>a</ElementContentChar>
                                                                                          </DirElemContent>
                                                                                          <DirElemContent>
                                                                                          <ElementContentChar> </ElementContentChar>
                                                                                          </DirElemContent>
                                                                                          <DirElemContent>
                                                                                          <ElementContentChar>s</ElementContentChar>
                                                                                          </DirElemContent>
                                                                                          <DirElemContent>
                                                                                          <ElementContentChar>e</ElementContentChar>
                                                                                          </DirElemContent>
                                                                                          <DirElemContent>
                                                                                          <ElementContentChar>a</ElementContentChar>
                                                                                          </DirElemContent>
                                                                                          <DirElemContent>
                                                                                          <ElementContentChar>r</ElementContentChar>
                                                                                          </DirElemContent>
                                                                                          <DirElemContent>
                                                                                          <ElementContentChar>c</ElementContentChar>
                                                                                          </DirElemContent>
                                                                                          <DirElemContent>
                                                                                          <ElementContentChar>h</ElementContentChar>
                                                                                          </DirElemContent>
                                                                                          <DirElemContent>
                                                                                          <ElementContentChar> </ElementContentChar>
                                                                                          </DirElemContent>
                                                                                          <DirElemContent>
                                                                                          <ElementContentChar>r</ElementContentChar>
                                                                                          </DirElemContent>
                                                                                          <DirElemContent>
                                                                                          <ElementContentChar>e</ElementContentChar>
                                                                                          </DirElemContent>
                                                                                          <DirElemContent>
                                                                                          <ElementContentChar>s</ElementContentChar>
                                                                                          </DirElemContent>
                                                                                          <DirElemContent>
                                                                                          <ElementContentChar>u</ElementContentChar>
                                                                                          </DirElemContent>
                                                                                          <DirElemContent>
                                                                                          <ElementContentChar>l</ElementContentChar>
                                                                                          </DirElemContent>
                                                                                          <DirElemContent>
                                                                                          <ElementContentChar>t</ElementContentChar>
                                                                                          </DirElemContent>
                                                                                          <TOKEN>&lt;/</TOKEN>
                                                                                          <QName>
                                                                                          <FunctionName>
                                                                                          <QName>title</QName>
                                                                                          </FunctionName>
                                                                                          </QName>
                                                                                          <TOKEN>&gt;</TOKEN>
                                                                                          </DirElemConstructor>
                                                                                          </DirectConstructor>
                                                                                          </DirElemContent>
                                                                                          <DirElemContent>
                                                                                          <ElementContentChar> </ElementContentChar>
                                                                                          </DirElemContent>
                                                                                          <DirElemContent>
                                                                                          <ElementContentChar> </ElementContentChar>
                                                                                          </DirElemContent>
                                                                                          <DirElemContent>
                                                                                          <ElementContentChar> </ElementContentChar>
                                                                                          </DirElemContent>
                                                                                          <DirElemContent>
                                                                                          <ElementContentChar> </ElementContentChar>
                                                                                          </DirElemContent>
                                                                                          <DirElemContent>
                                                                                          <ElementContentChar> </ElementContentChar>
                                                                                          </DirElemContent>
                                                                                          <DirElemContent>
                                                                                          <ElementContentChar> </ElementContentChar>
                                                                                          </DirElemContent>
                                                                                          <DirElemContent>
                                                                                          <ElementContentChar> </ElementContentChar>
                                                                                          </DirElemContent>
                                                                                          <DirElemContent>
                                                                                          <DirectConstructor>
                                                                                          <DirElemConstructor>
                                                                                          <TOKEN>&lt;</TOKEN>
                                                                                          <QName>
                                                                                          <FunctionName>
                                                                                          <QName>snippet</QName>
                                                                                          </FunctionName>
                                                                                          </QName>
                                                                                          <DirAttributeList/>
                                                                                          <TOKEN>&gt;</TOKEN>
                                                                                          <DirElemContent>
                                                                                          <ElementContentChar> </ElementContentChar>
                                                                                          </DirElemContent>
                                                                                          <DirElemContent>
                                                                                          <ElementContentChar> </ElementContentChar>
                                                                                          </DirElemContent>
                                                                                          <DirElemContent>
                                                                                          <ElementContentChar> </ElementContentChar>
                                                                                          </DirElemContent>
                                                                                          <DirElemContent>
                                                                                          <ElementContentChar> </ElementContentChar>
                                                                                          </DirElemContent>
                                                                                          <DirElemContent>
                                                                                          <ElementContentChar> </ElementContentChar>
                                                                                          </DirElemContent>
                                                                                          <DirElemContent>
                                                                                          <ElementContentChar> </ElementContentChar>
                                                                                          </DirElemContent>
                                                                                          <DirElemContent>
                                                                                          <ElementContentChar> </ElementContentChar>
                                                                                          </DirElemContent>
                                                                                          <DirElemContent>
                                                                                          <ElementContentChar> </ElementContentChar>
                                                                                          </DirElemContent>
                                                                                          <DirElemContent>
                                                                                          <ElementContentChar> </ElementContentChar>
                                                                                          </DirElemContent>
                                                                                          <DirElemContent>
                                                                                          <ElementContentChar>T</ElementContentChar>
                                                                                          </DirElemContent>
                                                                                          <DirElemContent>
                                                                                          <ElementContentChar>h</ElementContentChar>
                                                                                          </DirElemContent>
                                                                                          <DirElemContent>
                                                                                          <ElementContentChar>e</ElementContentChar>
                                                                                          </DirElemContent>
                                                                                          <DirElemContent>
                                                                                          <ElementContentChar> </ElementContentChar>
                                                                                          </DirElemContent>
                                                                                          <DirElemContent>
                                                                                          <ElementContentChar>o</ElementContentChar>
                                                                                          </DirElemContent>
                                                                                          <DirElemContent>
                                                                                          <ElementContentChar>u</ElementContentChar>
                                                                                          </DirElemContent>
                                                                                          <DirElemContent>
                                                                                          <ElementContentChar>t</ElementContentChar>
                                                                                          </DirElemContent>
                                                                                          <DirElemContent>
                                                                                          <ElementContentChar>p</ElementContentChar>
                                                                                          </DirElemContent>
                                                                                          <DirElemContent>
                                                                                          <ElementContentChar>u</ElementContentChar>
                                                                                          </DirElemContent>
                                                                                          <DirElemContent>
                                                                                          <ElementContentChar>t</ElementContentChar>
                                                                                          </DirElemContent>
                                                                                          <DirElemContent>
                                                                                          <ElementContentChar> </ElementContentChar>
                                                                                          </DirElemContent>
                                                                                          <DirElemContent>
                                                                                          <ElementContentChar>I</ElementContentChar>
                                                                                          </DirElemContent>
                                                                                          <DirElemContent>
                                                                                          <ElementContentChar> </ElementContentChar>
                                                                                          </DirElemContent>
                                                                                          <DirElemContent>
                                                                                          <ElementContentChar>w</ElementContentChar>
                                                                                          </DirElemContent>
                                                                                          <DirElemContent>
                                                                                          <ElementContentChar>a</ElementContentChar>
                                                                                          </DirElemContent>
                                                                                          <DirElemContent>
                                                                                          <ElementContentChar>n</ElementContentChar>
                                                                                          </DirElemContent>
                                                                                          <DirElemContent>
                                                                                          <ElementContentChar>t</ElementContentChar>
                                                                                          </DirElemContent>
                                                                                          <DirElemContent>
                                                                                          <ElementContentChar> </ElementContentChar>
                                                                                          </DirElemContent>
                                                                                          <DirElemContent>
                                                                                          <ElementContentChar>i</ElementContentChar>
                                                                                          </DirElemContent>
                                                                                          <DirElemContent>
                                                                                          <ElementContentChar>s</ElementContentChar>
                                                                                          </DirElemContent>
                                                                                          <DirElemContent>
                                                                                          <ElementContentChar> </ElementContentChar>
                                                                                          </DirElemContent>
                                                                                          <DirElemContent>
                                                                                          <ElementContentChar>h</ElementContentChar>
                                                                                          </DirElemContent>
                                                                                          <DirElemContent>
                                                                                          <ElementContentChar>t</ElementContentChar>
                                                                                          </DirElemContent>
                                                                                          <DirElemContent>
                                                                                          <ElementContentChar>m</ElementContentChar>
                                                                                          </DirElemContent>
                                                                                          <DirElemContent>
                                                                                          <ElementContentChar>l</ElementContentChar>
                                                                                          </DirElemContent>
                                                                                          <DirElemContent>
                                                                                          <DirectConstructor>
                                                                                          <DirElemConstructor>
                                                                                          <TOKEN>&lt;</TOKEN>
                                                                                          <QName>
                                                                                          <FunctionName>
                                                                                          <QName>span</QName>
                                                                                          </FunctionName>
                                                                                          </QName>
                                                                                          <DirAttributeList/>
                                                                                          <TOKEN>&gt;</TOKEN>
                                                                                          <DirElemContent>
                                                                                          <ElementContentChar>h</ElementContentChar>
                                                                                          </DirElemContent>
                                                                                          <DirElemContent>
                                                                                          <ElementContentChar>t</ElementContentChar>
                                                                                          </DirElemContent>
                                                                                          <DirElemContent>
                                                                                          <ElementContentChar>m</ElementContentChar>
                                                                                          </DirElemContent>
                                                                                          <DirElemContent>
                                                                                          <ElementContentChar>l</ElementContentChar>
                                                                                          </DirElemContent>
                                                                                          <TOKEN>&lt;/</TOKEN>
                                                                                          <QName>
                                                                                          <FunctionName>
                                                                                          <QName>span</QName>
                                                                                          </FunctionName>
                                                                                          </QName>
                                                                                          <TOKEN>&gt;</TOKEN>
                                                                                          </DirElemConstructor>
                                                                                          </DirectConstructor>
                                                                                          </DirElemContent>
                                                                                          <DirElemContent>
                                                                                          <ElementContentChar> </ElementContentChar>
                                                                                          </DirElemContent>
                                                                                          <DirElemContent>
                                                                                          <ElementContentChar> </ElementContentChar>
                                                                                          </DirElemContent>
                                                                                          <DirElemContent>
                                                                                          <ElementContentChar> </ElementContentChar>
                                                                                          </DirElemContent>
                                                                                          <DirElemContent>
                                                                                          <ElementContentChar> </ElementContentChar>
                                                                                          </DirElemContent>
                                                                                          <DirElemContent>
                                                                                          <ElementContentChar> </ElementContentChar>
                                                                                          </DirElemContent>
                                                                                          <DirElemContent>
                                                                                          <ElementContentChar> </ElementContentChar>
                                                                                          </DirElemContent>
                                                                                          <DirElemContent>
                                                                                          <ElementContentChar> </ElementContentChar>
                                                                                          </DirElemContent>
                                                                                          <TOKEN>&lt;/</TOKEN>
                                                                                          <QName>
                                                                                          <FunctionName>
                                                                                          <QName>snippet</QName>
                                                                                          </FunctionName>
                                                                                          </QName>
                                                                                          <TOKEN>&gt;</TOKEN>
                                                                                          </DirElemConstructor>
                                                                                          </DirectConstructor>
                                                                                          </DirElemContent>
                                                                                          <DirElemContent>
                                                                                          <ElementContentChar> </ElementContentChar>
                                                                                          </DirElemContent>
                                                                                          <DirElemContent>
                                                                                          <ElementContentChar> </ElementContentChar>
                                                                                          </DirElemContent>
                                                                                          <DirElemContent>
                                                                                          <ElementContentChar> </ElementContentChar>
                                                                                          </DirElemContent>
                                                                                          <DirElemContent>
                                                                                          <ElementContentChar> </ElementContentChar>
                                                                                          </DirElemContent>
                                                                                          <DirElemContent>
                                                                                          <ElementContentChar> </ElementContentChar>
                                                                                          </DirElemContent>
                                                                                          <TOKEN>&lt;/</TOKEN>
                                                                                          <QName>
                                                                                          <FunctionName>
                                                                                          <QName>search-result</QName>
                                                                                          </FunctionName>
                                                                                          </QName>
                                                                                          <TOKEN>&gt;</TOKEN>
                                                                                          </DirElemConstructor>
                                                                                          </DirectConstructor>
                                                                                          </DirElemContent>
                                                                                          <DirElemContent>
                                                                                          <ElementContentChar> </ElementContentChar>
                                                                                          </DirElemContent>
                                                                                          <DirElemContent>
                                                                                          <ElementContentChar> </ElementContentChar>
                                                                                          </DirElemContent>
                                                                                          <DirElemContent>
                                                                                          <ElementContentChar> </ElementContentChar>
                                                                                          </DirElemContent>
                                                                                          <DirElemContent>
                                                                                          <ElementContentChar> </ElementContentChar>
                                                                                          </DirElemContent>
                                                                                          <DirElemContent>
                                                                                          <ElementContentChar> </ElementContentChar>
                                                                                          </DirElemContent>
                                                                                          <DirElemContent>
                                                                                          <ElementContentChar> </ElementContentChar>
                                                                                          </DirElemContent>
                                                                                          <DirElemContent>
                                                                                          <ElementContentChar> </ElementContentChar>
                                                                                          </DirElemContent>
                                                                                          <DirElemContent>
                                                                                          <ElementContentChar> </ElementContentChar>
                                                                                          </DirElemContent>
                                                                                          <DirElemContent>
                                                                                          <ElementContentChar> </ElementContentChar>
                                                                                          </DirElemContent>
                                                                                          <DirElemContent>
                                                                                          <DirectConstructor>
                                                                                          <DirElemConstructor>
                                                                                          <TOKEN>&lt;</TOKEN>
                                                                                          <QName>
                                                                                          <FunctionName>
                                                                                          <QName>search-result</QName>
                                                                                          </FunctionName>
                                                                                          </QName>
                                                                                          <DirAttributeList>
                                                                                          <S> </S>
                                                                                          <QName>
                                                                                          <FunctionName>
                                                                                          <QName>uri</QName>
                                                                                          </FunctionName>
                                                                                          </QName>
                                                                                          <TOKEN>=</TOKEN>
                                                                                          <DirAttributeValue>
                                                                                          <TOKEN>"</TOKEN>
                                                                                          <QuotAttrValueContent>
                                                                                          <QuotAttrContentChar>/</QuotAttrContentChar>
                                                                                          </QuotAttrValueContent>
                                                                                          <QuotAttrValueContent>
                                                                                          <QuotAttrContentChar>s</QuotAttrContentChar>
                                                                                          </QuotAttrValueContent>
                                                                                          <QuotAttrValueContent>
                                                                                          <QuotAttrContentChar>o</QuotAttrContentChar>
                                                                                          </QuotAttrValueContent>
                                                                                          <QuotAttrValueContent>
                                                                                          <QuotAttrContentChar>m</QuotAttrContentChar>
                                                                                          </QuotAttrValueContent>
                                                                                          <QuotAttrValueContent>
                                                                                          <QuotAttrContentChar>e</QuotAttrContentChar>
                                                                                          </QuotAttrValueContent>
                                                                                          <QuotAttrValueContent>
                                                                                          <QuotAttrContentChar>d</QuotAttrContentChar>
                                                                                          </QuotAttrValueContent>
                                                                                          <QuotAttrValueContent>
                                                                                          <QuotAttrContentChar>o</QuotAttrContentChar>
                                                                                          </QuotAttrValueContent>
                                                                                          <QuotAttrValueContent>
                                                                                          <QuotAttrContentChar>c</QuotAttrContentChar>
                                                                                          </QuotAttrValueContent>
                                                                                          <QuotAttrValueContent>
                                                                                          <QuotAttrContentChar>/</QuotAttrContentChar>
                                                                                          </QuotAttrValueContent>
                                                                                          <QuotAttrValueContent>
                                                                                          <QuotAttrContentChar>2</QuotAttrContentChar>
                                                                                          </QuotAttrValueContent>
                                                                                          <TOKEN>"</TOKEN>
                                                                                          </DirAttributeValue>
                                                                                          </DirAttributeList>
                                                                                          <TOKEN>&gt;</TOKEN>
                                                                                          <DirElemContent>
                                                                                          <ElementContentChar> </ElementContentChar>
                                                                                          </DirElemContent>
                                                                                          <DirElemContent>
                                                                                          <ElementContentChar> </ElementContentChar>
                                                                                          </DirElemContent>
                                                                                          <DirElemContent>
                                                                                          <ElementContentChar> </ElementContentChar>
                                                                                          </DirElemContent>
                                                                                          <DirElemContent>
                                                                                          <ElementContentChar> </ElementContentChar>
                                                                                          </DirElemContent>
                                                                                          <DirElemContent>
                                                                                          <ElementContentChar> </ElementContentChar>
                                                                                          </DirElemContent>
                                                                                          <DirElemContent>
                                                                                          <ElementContentChar> </ElementContentChar>
                                                                                          </DirElemContent>
                                                                                          <DirElemContent>
                                                                                          <ElementContentChar> </ElementContentChar>
                                                                                          </DirElemContent>
                                                                                          <DirElemContent>
                                                                                          <DirectConstructor>
                                                                                          <DirElemConstructor>
                                                                                          <TOKEN>&lt;</TOKEN>
                                                                                          <QName>
                                                                                          <FunctionName>
                                                                                          <QName>title</QName>
                                                                                          </FunctionName>
                                                                                          </QName>
                                                                                          <DirAttributeList/>
                                                                                          <TOKEN>&gt;</TOKEN>
                                                                                          <DirElemContent>
                                                                                          <ElementContentChar>H</ElementContentChar>
                                                                                          </DirElemContent>
                                                                                          <DirElemContent>
                                                                                          <ElementContentChar>e</ElementContentChar>
                                                                                          </DirElemContent>
                                                                                          <DirElemContent>
                                                                                          <ElementContentChar>r</ElementContentChar>
                                                                                          </DirElemContent>
                                                                                          <DirElemContent>
                                                                                          <ElementContentChar>e</ElementContentChar>
                                                                                          </DirElemContent>
                                                                                          <DirElemContent>
                                                                                          <ElementContentChar> </ElementContentChar>
                                                                                          </DirElemContent>
                                                                                          <DirElemContent>
                                                                                          <ElementContentChar>i</ElementContentChar>
                                                                                          </DirElemContent>
                                                                                          <DirElemContent>
                                                                                          <ElementContentChar>s</ElementContentChar>
                                                                                          </DirElemContent>
                                                                                          <DirElemContent>
                                                                                          <ElementContentChar> </ElementContentChar>
                                                                                          </DirElemContent>
                                                                                          <DirElemContent>
                                                                                          <ElementContentChar>a</ElementContentChar>
                                                                                          </DirElemContent>
                                                                                          <DirElemContent>
                                                                                          <ElementContentChar> </ElementContentChar>
                                                                                          </DirElemContent>
                                                                                          <DirElemContent>
                                                                                          <ElementContentChar>s</ElementContentChar>
                                                                                          </DirElemContent>
                                                                                          <DirElemContent>
                                                                                          <ElementContentChar>e</ElementContentChar>
                                                                                          </DirElemContent>
                                                                                          <DirElemContent>
                                                                                          <ElementContentChar>a</ElementContentChar>
                                                                                          </DirElemContent>
                                                                                          <DirElemContent>
                                                                                          <ElementContentChar>r</ElementContentChar>
                                                                                          </DirElemContent>
                                                                                          <DirElemContent>
                                                                                          <ElementContentChar>c</ElementContentChar>
                                                                                          </DirElemContent>
                                                                                          <DirElemContent>
                                                                                          <ElementContentChar>h</ElementContentChar>
                                                                                          </DirElemContent>
                                                                                          <DirElemContent>
                                                                                          <ElementContentChar> </ElementContentChar>
                                                                                          </DirElemContent>
                                                                                          <DirElemContent>
                                                                                          <ElementContentChar>r</ElementContentChar>
                                                                                          </DirElemContent>
                                                                                          <DirElemContent>
                                                                                          <ElementContentChar>e</ElementContentChar>
                                                                                          </DirElemContent>
                                                                                          <DirElemContent>
                                                                                          <ElementContentChar>s</ElementContentChar>
                                                                                          </DirElemContent>
                                                                                          <DirElemContent>
                                                                                          <ElementContentChar>u</ElementContentChar>
                                                                                          </DirElemContent>
                                                                                          <DirElemContent>
                                                                                          <ElementContentChar>l</ElementContentChar>
                                                                                          </DirElemContent>
                                                                                          <DirElemContent>
                                                                                          <ElementContentChar>t</ElementContentChar>
                                                                                          </DirElemContent>
                                                                                          <TOKEN>&lt;/</TOKEN>
                                                                                          <QName>
                                                                                          <FunctionName>
                                                                                          <QName>title</QName>
                                                                                          </FunctionName>
                                                                                          </QName>
                                                                                          <TOKEN>&gt;</TOKEN>
                                                                                          </DirElemConstructor>
                                                                                          </DirectConstructor>
                                                                                          </DirElemContent>
                                                                                          <DirElemContent>
                                                                                          <ElementContentChar> </ElementContentChar>
                                                                                          </DirElemContent>
                                                                                          <DirElemContent>
                                                                                          <ElementContentChar> </ElementContentChar>
                                                                                          </DirElemContent>
                                                                                          <DirElemContent>
                                                                                          <ElementContentChar> </ElementContentChar>
                                                                                          </DirElemContent>
                                                                                          <DirElemContent>
                                                                                          <ElementContentChar> </ElementContentChar>
                                                                                          </DirElemContent>
                                                                                          <DirElemContent>
                                                                                          <ElementContentChar> </ElementContentChar>
                                                                                          </DirElemContent>
                                                                                          <DirElemContent>
                                                                                          <ElementContentChar> </ElementContentChar>
                                                                                          </DirElemContent>
                                                                                          <DirElemContent>
                                                                                          <ElementContentChar> </ElementContentChar>
                                                                                          </DirElemContent>
                                                                                          <DirElemContent>
                                                                                          <DirectConstructor>
                                                                                          <DirElemConstructor>
                                                                                          <TOKEN>&lt;</TOKEN>
                                                                                          <QName>
                                                                                          <FunctionName>
                                                                                          <QName>snippet</QName>
                                                                                          </FunctionName>
                                                                                          </QName>
                                                                                          <DirAttributeList/>
                                                                                          <TOKEN>&gt;</TOKEN>
                                                                                          <DirElemContent>
                                                                                          <ElementContentChar> </ElementContentChar>
                                                                                          </DirElemContent>
                                                                                          <DirElemContent>
                                                                                          <ElementContentChar> </ElementContentChar>
                                                                                          </DirElemContent>
                                                                                          <DirElemContent>
                                                                                          <ElementContentChar> </ElementContentChar>
                                                                                          </DirElemContent>
                                                                                          <DirElemContent>
                                                                                          <ElementContentChar> </ElementContentChar>
                                                                                          </DirElemContent>
                                                                                          <DirElemContent>
                                                                                          <ElementContentChar> </ElementContentChar>
                                                                                          </DirElemContent>
                                                                                          <DirElemContent>
                                                                                          <ElementContentChar> </ElementContentChar>
                                                                                          </DirElemContent>
                                                                                          <DirElemContent>
                                                                                          <ElementContentChar> </ElementContentChar>
                                                                                          </DirElemContent>
                                                                                          <DirElemContent>
                                                                                          <ElementContentChar> </ElementContentChar>
                                                                                          </DirElemContent>
                                                                                          <DirElemContent>
                                                                                          <ElementContentChar> </ElementContentChar>
                                                                                          </DirElemContent>
                                                                                          <DirElemContent>
                                                                                          <ElementContentChar>T</ElementContentChar>
                                                                                          </DirElemContent>
                                                                                          <DirElemContent>
                                                                                          <ElementContentChar>h</ElementContentChar>
                                                                                          </DirElemContent>
                                                                                          <DirElemContent>
                                                                                          <ElementContentChar>e</ElementContentChar>
                                                                                          </DirElemContent>
                                                                                          <DirElemContent>
                                                                                          <ElementContentChar> </ElementContentChar>
                                                                                          </DirElemContent>
                                                                                          <DirElemContent>
                                                                                          <ElementContentChar>o</ElementContentChar>
                                                                                          </DirElemContent>
                                                                                          <DirElemContent>
                                                                                          <ElementContentChar>u</ElementContentChar>
                                                                                          </DirElemContent>
                                                                                          <DirElemContent>
                                                                                          <ElementContentChar>t</ElementContentChar>
                                                                                          </DirElemContent>
                                                                                          <DirElemContent>
                                                                                          <ElementContentChar>p</ElementContentChar>
                                                                                          </DirElemContent>
                                                                                          <DirElemContent>
                                                                                          <ElementContentChar>u</ElementContentChar>
                                                                                          </DirElemContent>
                                                                                          <DirElemContent>
                                                                                          <ElementContentChar>t</ElementContentChar>
                                                                                          </DirElemContent>
                                                                                          <DirElemContent>
                                                                                          <ElementContentChar> </ElementContentChar>
                                                                                          </DirElemContent>
                                                                                          <DirElemContent>
                                                                                          <ElementContentChar>I</ElementContentChar>
                                                                                          </DirElemContent>
                                                                                          <DirElemContent>
                                                                                          <ElementContentChar> </ElementContentChar>
                                                                                          </DirElemContent>
                                                                                          <DirElemContent>
                                                                                          <ElementContentChar>w</ElementContentChar>
                                                                                          </DirElemContent>
                                                                                          <DirElemContent>
                                                                                          <ElementContentChar>a</ElementContentChar>
                                                                                          </DirElemContent>
                                                                                          <DirElemContent>
                                                                                          <ElementContentChar>n</ElementContentChar>
                                                                                          </DirElemContent>
                                                                                          <DirElemContent>
                                                                                          <ElementContentChar>t</ElementContentChar>
                                                                                          </DirElemContent>
                                                                                          <DirElemContent>
                                                                                          <ElementContentChar> </ElementContentChar>
                                                                                          </DirElemContent>
                                                                                          <DirElemContent>
                                                                                          <ElementContentChar>i</ElementContentChar>
                                                                                          </DirElemContent>
                                                                                          <DirElemContent>
                                                                                          <ElementContentChar>s</ElementContentChar>
                                                                                          </DirElemContent>
                                                                                          <DirElemContent>
                                                                                          <ElementContentChar> </ElementContentChar>
                                                                                          </DirElemContent>
                                                                                          <DirElemContent>
                                                                                          <ElementContentChar>h</ElementContentChar>
                                                                                          </DirElemContent>
                                                                                          <DirElemContent>
                                                                                          <ElementContentChar>t</ElementContentChar>
                                                                                          </DirElemContent>
                                                                                          <DirElemContent>
                                                                                          <ElementContentChar>m</ElementContentChar>
                                                                                          </DirElemContent>
                                                                                          <DirElemContent>
                                                                                          <ElementContentChar>l</ElementContentChar>
                                                                                          </DirElemContent>
                                                                                          <DirElemContent>
                                                                                          <DirectConstructor>
                                                                                          <DirElemConstructor>
                                                                                          <TOKEN>&lt;</TOKEN>
                                                                                          <QName>
                                                                                          <FunctionName>
                                                                                          <QName>span</QName>
                                                                                          </FunctionName>
                                                                                          </QName>
                                                                                          <DirAttributeList/>
                                                                                          <TOKEN>&gt;</TOKEN>
                                                                                          <DirElemContent>
                                                                                          <ElementContentChar>h</ElementContentChar>
                                                                                          </DirElemContent>
                                                                                          <DirElemContent>
                                                                                          <ElementContentChar>t</ElementContentChar>
                                                                                          </DirElemContent>
                                                                                          <DirElemContent>
                                                                                          <ElementContentChar>m</ElementContentChar>
                                                                                          </DirElemContent>
                                                                                          <DirElemContent>
                                                                                          <ElementContentChar>l</ElementContentChar>
                                                                                          </DirElemContent>
                                                                                          <TOKEN>&lt;/</TOKEN>
                                                                                          <QName>
                                                                                          <FunctionName>
                                                                                          <QName>span</QName>
                                                                                          </FunctionName>
                                                                                          </QName>
                                                                                          <TOKEN>&gt;</TOKEN>
                                                                                          </DirElemConstructor>
                                                                                          </DirectConstructor>
                                                                                          </DirElemContent>
                                                                                          <DirElemContent>
                                                                                          <ElementContentChar> </ElementContentChar>
                                                                                          </DirElemContent>
                                                                                          <DirElemContent>
                                                                                          <ElementContentChar> </ElementContentChar>
                                                                                          </DirElemContent>
                                                                                          <DirElemContent>
                                                                                          <ElementContentChar> </ElementContentChar>
                                                                                          </DirElemContent>
                                                                                          <DirElemContent>
                                                                                          <ElementContentChar> </ElementContentChar>
                                                                                          </DirElemContent>
                                                                                          <DirElemContent>
                                                                                          <ElementContentChar> </ElementContentChar>
                                                                                          </DirElemContent>
                                                                                          <DirElemContent>
                                                                                          <ElementContentChar> </ElementContentChar>
                                                                                          </DirElemContent>
                                                                                          <DirElemContent>
                                                                                          <ElementContentChar> </ElementContentChar>
                                                                                          </DirElemContent>
                                                                                          <TOKEN>&lt;/</TOKEN>
                                                                                          <QName>
                                                                                          <FunctionName>
                                                                                          <QName>snippet</QName>
                                                                                          </FunctionName>
                                                                                          </QName>
                                                                                          <TOKEN>&gt;</TOKEN>
                                                                                          </DirElemConstructor>
                                                                                          </DirectConstructor>
                                                                                          </DirElemContent>
                                                                                          <DirElemContent>
                                                                                          <ElementContentChar> </ElementContentChar>
                                                                                          </DirElemContent>
                                                                                          <DirElemContent>
                                                                                          <ElementContentChar> </ElementContentChar>
                                                                                          </DirElemContent>
                                                                                          <DirElemContent>
                                                                                          <ElementContentChar> </ElementContentChar>
                                                                                          </DirElemContent>
                                                                                          <DirElemContent>
                                                                                          <ElementContentChar> </ElementContentChar>
                                                                                          </DirElemContent>
                                                                                          <DirElemContent>
                                                                                          <ElementContentChar> </ElementContentChar>
                                                                                          </DirElemContent>
                                                                                          <TOKEN>&lt;/</TOKEN>
                                                                                          <QName>
                                                                                          <FunctionName>
                                                                                          <QName>search-result</QName>
                                                                                          </FunctionName>
                                                                                          </QName>
                                                                                          <TOKEN>&gt;</TOKEN>
                                                                                          </DirElemConstructor>
                                                                                          </DirectConstructor>
                                                                                          </DirElemContent>
                                                                                          <DirElemContent>
                                                                                          <ElementContentChar> </ElementContentChar>
                                                                                          </DirElemContent>
                                                                                          <DirElemContent>
                                                                                          <ElementContentChar> </ElementContentChar>
                                                                                          </DirElemContent>
                                                                                          <DirElemContent>
                                                                                          <ElementContentChar> </ElementContentChar>
                                                                                          </DirElemContent>
                                                                                          <TOKEN>&lt;/</TOKEN>
                                                                                          <QName>
                                                                                          <FunctionName>
                                                                                          <QName>search-results</QName>
                                                                                          </FunctionName>
                                                                                          </QName>
                                                                                          <TOKEN>&gt;</TOKEN>
                                                                                          </DirElemConstructor>
                                                                                          </DirectConstructor>
                                                                                          </Constructor>
                                                                                          </PrimaryExpr>
                                                                                          <PredicateList/>
                                                                                          </FilterExpr>
                                                                                          </StepExpr>
                                                                                          </RelativePathExpr>
                                                                                          </PathExpr>
                                                                                          </ValueExpr>
                                                                                          </UnaryExpr>
                                                                                        </CastExpr>
                                                                                    </CastableExpr>
                                                                                </TreatExpr>
                                                                            </InstanceofExpr>
                                                                        </IntersectExceptExpr>
                                                                    </UnionExpr>
                                                                </MultiplicativeExpr>
                                                            </AdditiveExpr>
                                                        </RangeExpr>
                                                    </ComparisonExpr>
                                                </AndExpr>
                                            </OrExpr>
                                        </ExprSingle>
                                    </LetClause>
                                    <LetClause>
                                        <TOKEN>let</TOKEN>
                                        <TOKEN>$</TOKEN>
                                        <VarName>
                                            <QName>
                                                <FunctionName>
                                                    <QName>results</QName>
                                                </FunctionName>
                                            </QName>
                                        </VarName>
                                        <TOKEN>:=</TOKEN>
                                        <ExprSingle>
                                            <IfExpr>
                                                <TOKEN>if</TOKEN>
                                                <TOKEN>(</TOKEN>
                                                <Expr>
                                                    <ExprSingle>
                                                        <OrExpr>
                                                            <AndExpr>
                                                                <ComparisonExpr>
                                                                    <RangeExpr>
                                                                        <AdditiveExpr>
                                                                            <MultiplicativeExpr>
                                                                                <UnionExpr>
                                                                                    <IntersectExceptExpr>
                                                                                        <InstanceofExpr>
                                                                                          <TreatExpr>
                                                                                          <CastableExpr>
                                                                                          <CastExpr>
                                                                                          <UnaryExpr>
                                                                                          <ValueExpr>
                                                                                          <PathExpr>
                                                                                          <RelativePathExpr>
                                                                                          <StepExpr>
                                                                                          <FilterExpr>
                                                                                          <PrimaryExpr>
                                                                                          <VarRef>
                                                                                          <TOKEN>$</TOKEN>
                                                                                          <VarName>
                                                                                          <QName>
                                                                                          <FunctionName>
                                                                                          <QName>q</QName>
                                                                                          </FunctionName>
                                                                                          </QName>
                                                                                          </VarName>
                                                                                          </VarRef>
                                                                                          </PrimaryExpr>
                                                                                          <PredicateList/>
                                                                                          </FilterExpr>
                                                                                          </StepExpr>
                                                                                          </RelativePathExpr>
                                                                                          </PathExpr>
                                                                                          </ValueExpr>
                                                                                          </UnaryExpr>
                                                                                          </CastExpr>
                                                                                          </CastableExpr>
                                                                                          </TreatExpr>
                                                                                        </InstanceofExpr>
                                                                                    </IntersectExceptExpr>
                                                                                </UnionExpr>
                                                                            </MultiplicativeExpr>
                                                                        </AdditiveExpr>
                                                                    </RangeExpr>
                                                                    <GeneralComp>
                                                                        <TOKEN>=</TOKEN>
                                                                    </GeneralComp>
                                                                    <RangeExpr>
                                                                        <AdditiveExpr>
                                                                            <MultiplicativeExpr>
                                                                                <UnionExpr>
                                                                                    <IntersectExceptExpr>
                                                                                        <InstanceofExpr>
                                                                                          <TreatExpr>
                                                                                          <CastableExpr>
                                                                                          <CastExpr>
                                                                                          <UnaryExpr>
                                                                                          <ValueExpr>
                                                                                          <PathExpr>
                                                                                          <RelativePathExpr>
                                                                                          <StepExpr>
                                                                                          <FilterExpr>
                                                                                          <PrimaryExpr>
                                                                                          <Literal>
                                                                                          <StringLiteral>"show"</StringLiteral>
                                                                                          </Literal>
                                                                                          </PrimaryExpr>
                                                                                          <PredicateList/>
                                                                                          </FilterExpr>
                                                                                          </StepExpr>
                                                                                          </RelativePathExpr>
                                                                                          </PathExpr>
                                                                                          </ValueExpr>
                                                                                          </UnaryExpr>
                                                                                          </CastExpr>
                                                                                          </CastableExpr>
                                                                                          </TreatExpr>
                                                                                        </InstanceofExpr>
                                                                                    </IntersectExceptExpr>
                                                                                </UnionExpr>
                                                                            </MultiplicativeExpr>
                                                                        </AdditiveExpr>
                                                                    </RangeExpr>
                                                                </ComparisonExpr>
                                                            </AndExpr>
                                                        </OrExpr>
                                                    </ExprSingle>
                                                </Expr>
                                                <TOKEN>)</TOKEN>
                                                <TOKEN>then</TOKEN>
                                                <ExprSingle>
                                                    <OrExpr>
                                                        <AndExpr>
                                                            <ComparisonExpr>
                                                                <RangeExpr>
                                                                    <AdditiveExpr>
                                                                        <MultiplicativeExpr>
                                                                            <UnionExpr>
                                                                                <IntersectExceptExpr>
                                                                                    <InstanceofExpr>
                                                                                        <TreatExpr>
                                                                                          <CastableExpr>
                                                                                          <CastExpr>
                                                                                          <UnaryExpr>
                                                                                          <ValueExpr>
                                                                                          <PathExpr>
                                                                                          <RelativePathExpr>
                                                                                          <StepExpr>
                                                                                          <FilterExpr>
                                                                                          <PrimaryExpr>
                                                                                          <VarRef>
                                                                                          <TOKEN>$</TOKEN>
                                                                                          <VarName>
                                                                                          <QName>
                                                                                          <FunctionName>
                                                                                          <QName>results</QName>
                                                                                          </FunctionName>
                                                                                          </QName>
                                                                                          </VarName>
                                                                                          </VarRef>
                                                                                          </PrimaryExpr>
                                                                                          <PredicateList/>
                                                                                          </FilterExpr>
                                                                                          </StepExpr>
                                                                                          </RelativePathExpr>
                                                                                          </PathExpr>
                                                                                          </ValueExpr>
                                                                                          </UnaryExpr>
                                                                                          </CastExpr>
                                                                                          </CastableExpr>
                                                                                        </TreatExpr>
                                                                                    </InstanceofExpr>
                                                                                </IntersectExceptExpr>
                                                                            </UnionExpr>
                                                                        </MultiplicativeExpr>
                                                                    </AdditiveExpr>
                                                                </RangeExpr>
                                                            </ComparisonExpr>
                                                        </AndExpr>
                                                    </OrExpr>
                                                </ExprSingle>
                                                <TOKEN>else</TOKEN>
                                                <ExprSingle>
                                                    <OrExpr>
                                                        <AndExpr>
                                                            <ComparisonExpr>
                                                                <RangeExpr>
                                                                    <AdditiveExpr>
                                                                        <MultiplicativeExpr>
                                                                            <UnionExpr>
                                                                                <IntersectExceptExpr>
                                                                                    <InstanceofExpr>
                                                                                        <TreatExpr>
                                                                                          <CastableExpr>
                                                                                          <CastExpr>
                                                                                          <UnaryExpr>
                                                                                          <ValueExpr>
                                                                                          <PathExpr>
                                                                                          <RelativePathExpr>
                                                                                          <StepExpr>
                                                                                          <FilterExpr>
                                                                                          <PrimaryExpr>
                                                                                          <ParenthesizedExpr>
                                                                                          <TOKEN>(</TOKEN>
                                                                                          <TOKEN>)</TOKEN>
                                                                                          </ParenthesizedExpr>
                                                                                          </PrimaryExpr>
                                                                                          <PredicateList/>
                                                                                          </FilterExpr>
                                                                                          </StepExpr>
                                                                                          </RelativePathExpr>
                                                                                          </PathExpr>
                                                                                          </ValueExpr>
                                                                                          </UnaryExpr>
                                                                                          </CastExpr>
                                                                                          </CastableExpr>
                                                                                        </TreatExpr>
                                                                                    </InstanceofExpr>
                                                                                </IntersectExceptExpr>
                                                                            </UnionExpr>
                                                                        </MultiplicativeExpr>
                                                                    </AdditiveExpr>
                                                                </RangeExpr>
                                                            </ComparisonExpr>
                                                        </AndExpr>
                                                    </OrExpr>
                                                </ExprSingle>
                                            </IfExpr>
                                        </ExprSingle>
                                    </LetClause>
                                    <TOKEN>return</TOKEN>
                                    <ExprSingle>
                                        <OrExpr>
                                            <AndExpr>
                                                <ComparisonExpr>
                                                    <RangeExpr>
                                                        <AdditiveExpr>
                                                            <MultiplicativeExpr>
                                                                <UnionExpr>
                                                                    <IntersectExceptExpr>
                                                                        <InstanceofExpr>
                                                                            <TreatExpr>
                                                                                <CastableExpr>
                                                                                    <CastExpr>
                                                                                        <UnaryExpr>
                                                                                          <ValueExpr>
                                                                                          <PathExpr>
                                                                                          <RelativePathExpr>
                                                                                          <StepExpr>
                                                                                          <FilterExpr>
                                                                                          <PrimaryExpr>
                                                                                          <ParenthesizedExpr>
                                                                                          <TOKEN>(</TOKEN>
                                                                                          <Expr>
                                                                                          <ExprSingle>
                                                                                          <OrExpr>
                                                                                          <AndExpr>
                                                                                          <ComparisonExpr>
                                                                                          <RangeExpr>
                                                                                          <AdditiveExpr>
                                                                                          <MultiplicativeExpr>
                                                                                          <UnionExpr>
                                                                                          <IntersectExceptExpr>
                                                                                          <InstanceofExpr>
                                                                                          <TreatExpr>
                                                                                          <CastableExpr>
                                                                                          <CastExpr>
                                                                                          <UnaryExpr>
                                                                                          <ValueExpr>
                                                                                          <PathExpr>
                                                                                          <RelativePathExpr>
                                                                                          <StepExpr>
                                                                                          <FilterExpr>
                                                                                          <PrimaryExpr>
                                                                                          <FunctionCall>
                                                                                          <FunctionName>
                                                                                          <QName>response:set-controller</QName>
                                                                                          </FunctionName>
                                                                                          <TOKEN>(</TOKEN>
                                                                                          <ExprSingle>
                                                                                          <OrExpr>
                                                                                          <AndExpr>
                                                                                          <ComparisonExpr>
                                                                                          <RangeExpr>
                                                                                          <AdditiveExpr>
                                                                                          <MultiplicativeExpr>
                                                                                          <UnionExpr>
                                                                                          <IntersectExceptExpr>
                                                                                          <InstanceofExpr>
                                                                                          <TreatExpr>
                                                                                          <CastableExpr>
                                                                                          <CastExpr>
                                                                                          <UnaryExpr>
                                                                                          <ValueExpr>
                                                                                          <PathExpr>
                                                                                          <RelativePathExpr>
                                                                                          <StepExpr>
                                                                                          <FilterExpr>
                                                                                          <PrimaryExpr>
                                                                                          <Literal>
                                                                                          <StringLiteral>"default"</StringLiteral>
                                                                                          </Literal>
                                                                                          </PrimaryExpr>
                                                                                          <PredicateList/>
                                                                                          </FilterExpr>
                                                                                          </StepExpr>
                                                                                          </RelativePathExpr>
                                                                                          </PathExpr>
                                                                                          </ValueExpr>
                                                                                          </UnaryExpr>
                                                                                          </CastExpr>
                                                                                          </CastableExpr>
                                                                                          </TreatExpr>
                                                                                          </InstanceofExpr>
                                                                                          </IntersectExceptExpr>
                                                                                          </UnionExpr>
                                                                                          </MultiplicativeExpr>
                                                                                          </AdditiveExpr>
                                                                                          </RangeExpr>
                                                                                          </ComparisonExpr>
                                                                                          </AndExpr>
                                                                                          </OrExpr>
                                                                                          </ExprSingle>
                                                                                          <TOKEN>)</TOKEN>
                                                                                          </FunctionCall>
                                                                                          </PrimaryExpr>
                                                                                          <PredicateList/>
                                                                                          </FilterExpr>
                                                                                          </StepExpr>
                                                                                          </RelativePathExpr>
                                                                                          </PathExpr>
                                                                                          </ValueExpr>
                                                                                          </UnaryExpr>
                                                                                          </CastExpr>
                                                                                          </CastableExpr>
                                                                                          </TreatExpr>
                                                                                          </InstanceofExpr>
                                                                                          </IntersectExceptExpr>
                                                                                          </UnionExpr>
                                                                                          </MultiplicativeExpr>
                                                                                          </AdditiveExpr>
                                                                                          </RangeExpr>
                                                                                          </ComparisonExpr>
                                                                                          </AndExpr>
                                                                                          </OrExpr>
                                                                                          </ExprSingle>
                                                                                          <TOKEN>,</TOKEN>
                                                                                          <ExprSingle>
                                                                                          <OrExpr>
                                                                                          <AndExpr>
                                                                                          <ComparisonExpr>
                                                                                          <RangeExpr>
                                                                                          <AdditiveExpr>
                                                                                          <MultiplicativeExpr>
                                                                                          <UnionExpr>
                                                                                          <IntersectExceptExpr>
                                                                                          <InstanceofExpr>
                                                                                          <TreatExpr>
                                                                                          <CastableExpr>
                                                                                          <CastExpr>
                                                                                          <UnaryExpr>
                                                                                          <ValueExpr>
                                                                                          <PathExpr>
                                                                                          <RelativePathExpr>
                                                                                          <StepExpr>
                                                                                          <FilterExpr>
                                                                                          <PrimaryExpr>
                                                                                          <FunctionCall>
                                                                                          <FunctionName>
                                                                                          <QName>response:set-template</QName>
                                                                                          </FunctionName>
                                                                                          <TOKEN>(</TOKEN>
                                                                                          <ExprSingle>
                                                                                          <OrExpr>
                                                                                          <AndExpr>
                                                                                          <ComparisonExpr>
                                                                                          <RangeExpr>
                                                                                          <AdditiveExpr>
                                                                                          <MultiplicativeExpr>
                                                                                          <UnionExpr>
                                                                                          <IntersectExceptExpr>
                                                                                          <InstanceofExpr>
                                                                                          <TreatExpr>
                                                                                          <CastableExpr>
                                                                                          <CastExpr>
                                                                                          <UnaryExpr>
                                                                                          <ValueExpr>
                                                                                          <PathExpr>
                                                                                          <RelativePathExpr>
                                                                                          <StepExpr>
                                                                                          <FilterExpr>
                                                                                          <PrimaryExpr>
                                                                                          <Literal>
                                                                                          <StringLiteral>"main"</StringLiteral>
                                                                                          </Literal>
                                                                                          </PrimaryExpr>
                                                                                          <PredicateList/>
                                                                                          </FilterExpr>
                                                                                          </StepExpr>
                                                                                          </RelativePathExpr>
                                                                                          </PathExpr>
                                                                                          </ValueExpr>
                                                                                          </UnaryExpr>
                                                                                          </CastExpr>
                                                                                          </CastableExpr>
                                                                                          </TreatExpr>
                                                                                          </InstanceofExpr>
                                                                                          </IntersectExceptExpr>
                                                                                          </UnionExpr>
                                                                                          </MultiplicativeExpr>
                                                                                          </AdditiveExpr>
                                                                                          </RangeExpr>
                                                                                          </ComparisonExpr>
                                                                                          </AndExpr>
                                                                                          </OrExpr>
                                                                                          </ExprSingle>
                                                                                          <TOKEN>)</TOKEN>
                                                                                          </FunctionCall>
                                                                                          </PrimaryExpr>
                                                                                          <PredicateList/>
                                                                                          </FilterExpr>
                                                                                          </StepExpr>
                                                                                          </RelativePathExpr>
                                                                                          </PathExpr>
                                                                                          </ValueExpr>
                                                                                          </UnaryExpr>
                                                                                          </CastExpr>
                                                                                          </CastableExpr>
                                                                                          </TreatExpr>
                                                                                          </InstanceofExpr>
                                                                                          </IntersectExceptExpr>
                                                                                          </UnionExpr>
                                                                                          </MultiplicativeExpr>
                                                                                          </AdditiveExpr>
                                                                                          </RangeExpr>
                                                                                          </ComparisonExpr>
                                                                                          </AndExpr>
                                                                                          </OrExpr>
                                                                                          </ExprSingle>
                                                                                          <TOKEN>,</TOKEN>
                                                                                          <ExprSingle>
                                                                                          <OrExpr>
                                                                                          <AndExpr>
                                                                                          <ComparisonExpr>
                                                                                          <RangeExpr>
                                                                                          <AdditiveExpr>
                                                                                          <MultiplicativeExpr>
                                                                                          <UnionExpr>
                                                                                          <IntersectExceptExpr>
                                                                                          <InstanceofExpr>
                                                                                          <TreatExpr>
                                                                                          <CastableExpr>
                                                                                          <CastExpr>
                                                                                          <UnaryExpr>
                                                                                          <ValueExpr>
                                                                                          <PathExpr>
                                                                                          <RelativePathExpr>
                                                                                          <StepExpr>
                                                                                          <FilterExpr>
                                                                                          <PrimaryExpr>
                                                                                          <FunctionCall>
                                                                                          <FunctionName>
                                                                                          <QName>response:set-view</QName>
                                                                                          </FunctionName>
                                                                                          <TOKEN>(</TOKEN>
                                                                                          <ExprSingle>
                                                                                          <OrExpr>
                                                                                          <AndExpr>
                                                                                          <ComparisonExpr>
                                                                                          <RangeExpr>
                                                                                          <AdditiveExpr>
                                                                                          <MultiplicativeExpr>
                                                                                          <UnionExpr>
                                                                                          <IntersectExceptExpr>
                                                                                          <InstanceofExpr>
                                                                                          <TreatExpr>
                                                                                          <CastableExpr>
                                                                                          <CastExpr>
                                                                                          <UnaryExpr>
                                                                                          <ValueExpr>
                                                                                          <PathExpr>
                                                                                          <RelativePathExpr>
                                                                                          <StepExpr>
                                                                                          <FilterExpr>
                                                                                          <PrimaryExpr>
                                                                                          <Literal>
                                                                                          <StringLiteral>"search"</StringLiteral>
                                                                                          </Literal>
                                                                                          </PrimaryExpr>
                                                                                          <PredicateList/>
                                                                                          </FilterExpr>
                                                                                          </StepExpr>
                                                                                          </RelativePathExpr>
                                                                                          </PathExpr>
                                                                                          </ValueExpr>
                                                                                          </UnaryExpr>
                                                                                          </CastExpr>
                                                                                          </CastableExpr>
                                                                                          </TreatExpr>
                                                                                          </InstanceofExpr>
                                                                                          </IntersectExceptExpr>
                                                                                          </UnionExpr>
                                                                                          </MultiplicativeExpr>
                                                                                          </AdditiveExpr>
                                                                                          </RangeExpr>
                                                                                          </ComparisonExpr>
                                                                                          </AndExpr>
                                                                                          </OrExpr>
                                                                                          </ExprSingle>
                                                                                          <TOKEN>)</TOKEN>
                                                                                          </FunctionCall>
                                                                                          </PrimaryExpr>
                                                                                          <PredicateList/>
                                                                                          </FilterExpr>
                                                                                          </StepExpr>
                                                                                          </RelativePathExpr>
                                                                                          </PathExpr>
                                                                                          </ValueExpr>
                                                                                          </UnaryExpr>
                                                                                          </CastExpr>
                                                                                          </CastableExpr>
                                                                                          </TreatExpr>
                                                                                          </InstanceofExpr>
                                                                                          </IntersectExceptExpr>
                                                                                          </UnionExpr>
                                                                                          </MultiplicativeExpr>
                                                                                          </AdditiveExpr>
                                                                                          </RangeExpr>
                                                                                          </ComparisonExpr>
                                                                                          </AndExpr>
                                                                                          </OrExpr>
                                                                                          </ExprSingle>
                                                                                          <TOKEN>,</TOKEN>
                                                                                          <ExprSingle>
                                                                                          <OrExpr>
                                                                                          <AndExpr>
                                                                                          <ComparisonExpr>
                                                                                          <RangeExpr>
                                                                                          <AdditiveExpr>
                                                                                          <MultiplicativeExpr>
                                                                                          <UnionExpr>
                                                                                          <IntersectExceptExpr>
                                                                                          <InstanceofExpr>
                                                                                          <TreatExpr>
                                                                                          <CastableExpr>
                                                                                          <CastExpr>
                                                                                          <UnaryExpr>
                                                                                          <ValueExpr>
                                                                                          <PathExpr>
                                                                                          <RelativePathExpr>
                                                                                          <StepExpr>
                                                                                          <FilterExpr>
                                                                                          <PrimaryExpr>
                                                                                          <FunctionCall>
                                                                                          <FunctionName>
                                                                                          <QName>response:add-data</QName>
                                                                                          </FunctionName>
                                                                                          <TOKEN>(</TOKEN>
                                                                                          <ExprSingle>
                                                                                          <OrExpr>
                                                                                          <AndExpr>
                                                                                          <ComparisonExpr>
                                                                                          <RangeExpr>
                                                                                          <AdditiveExpr>
                                                                                          <MultiplicativeExpr>
                                                                                          <UnionExpr>
                                                                                          <IntersectExceptExpr>
                                                                                          <InstanceofExpr>
                                                                                          <TreatExpr>
                                                                                          <CastableExpr>
                                                                                          <CastExpr>
                                                                                          <UnaryExpr>
                                                                                          <ValueExpr>
                                                                                          <PathExpr>
                                                                                          <RelativePathExpr>
                                                                                          <StepExpr>
                                                                                          <FilterExpr>
                                                                                          <PrimaryExpr>
                                                                                          <Literal>
                                                                                          <StringLiteral>"breadcrumb"</StringLiteral>
                                                                                          </Literal>
                                                                                          </PrimaryExpr>
                                                                                          <PredicateList/>
                                                                                          </FilterExpr>
                                                                                          </StepExpr>
                                                                                          </RelativePathExpr>
                                                                                          </PathExpr>
                                                                                          </ValueExpr>
                                                                                          </UnaryExpr>
                                                                                          </CastExpr>
                                                                                          </CastableExpr>
                                                                                          </TreatExpr>
                                                                                          </InstanceofExpr>
                                                                                          </IntersectExceptExpr>
                                                                                          </UnionExpr>
                                                                                          </MultiplicativeExpr>
                                                                                          </AdditiveExpr>
                                                                                          </RangeExpr>
                                                                                          </ComparisonExpr>
                                                                                          </AndExpr>
                                                                                          </OrExpr>
                                                                                          </ExprSingle>
                                                                                          <TOKEN>,</TOKEN>
                                                                                          <ExprSingle>
                                                                                          <OrExpr>
                                                                                          <AndExpr>
                                                                                          <ComparisonExpr>
                                                                                          <RangeExpr>
                                                                                          <AdditiveExpr>
                                                                                          <MultiplicativeExpr>
                                                                                          <UnionExpr>
                                                                                          <IntersectExceptExpr>
                                                                                          <InstanceofExpr>
                                                                                          <TreatExpr>
                                                                                          <CastableExpr>
                                                                                          <CastExpr>
                                                                                          <UnaryExpr>
                                                                                          <ValueExpr>
                                                                                          <PathExpr>
                                                                                          <RelativePathExpr>
                                                                                          <StepExpr>
                                                                                          <FilterExpr>
                                                                                          <PrimaryExpr>
                                                                                          <ParenthesizedExpr>
                                                                                          <TOKEN>(</TOKEN>
                                                                                          <Expr>
                                                                                          <ExprSingle>
                                                                                          <OrExpr>
                                                                                          <AndExpr>
                                                                                          <ComparisonExpr>
                                                                                          <RangeExpr>
                                                                                          <AdditiveExpr>
                                                                                          <MultiplicativeExpr>
                                                                                          <UnionExpr>
                                                                                          <IntersectExceptExpr>
                                                                                          <InstanceofExpr>
                                                                                          <TreatExpr>
                                                                                          <CastableExpr>
                                                                                          <CastExpr>
                                                                                          <UnaryExpr>
                                                                                          <ValueExpr>
                                                                                          <PathExpr>
                                                                                          <RelativePathExpr>
                                                                                          <StepExpr>
                                                                                          <FilterExpr>
                                                                                          <PrimaryExpr>
                                                                                          <Literal>
                                                                                          <StringLiteral>"Search"</StringLiteral>
                                                                                          </Literal>
                                                                                          </PrimaryExpr>
                                                                                          <PredicateList/>
                                                                                          </FilterExpr>
                                                                                          </StepExpr>
                                                                                          </RelativePathExpr>
                                                                                          </PathExpr>
                                                                                          </ValueExpr>
                                                                                          </UnaryExpr>
                                                                                          </CastExpr>
                                                                                          </CastableExpr>
                                                                                          </TreatExpr>
                                                                                          </InstanceofExpr>
                                                                                          </IntersectExceptExpr>
                                                                                          </UnionExpr>
                                                                                          </MultiplicativeExpr>
                                                                                          </AdditiveExpr>
                                                                                          </RangeExpr>
                                                                                          </ComparisonExpr>
                                                                                          </AndExpr>
                                                                                          </OrExpr>
                                                                                          </ExprSingle>
                                                                                          <TOKEN>,</TOKEN>
                                                                                          <ExprSingle>
                                                                                          <OrExpr>
                                                                                          <AndExpr>
                                                                                          <ComparisonExpr>
                                                                                          <RangeExpr>
                                                                                          <AdditiveExpr>
                                                                                          <MultiplicativeExpr>
                                                                                          <UnionExpr>
                                                                                          <IntersectExceptExpr>
                                                                                          <InstanceofExpr>
                                                                                          <TreatExpr>
                                                                                          <CastableExpr>
                                                                                          <CastExpr>
                                                                                          <UnaryExpr>
                                                                                          <ValueExpr>
                                                                                          <PathExpr>
                                                                                          <RelativePathExpr>
                                                                                          <StepExpr>
                                                                                          <FilterExpr>
                                                                                          <PrimaryExpr>
                                                                                          <Literal>
                                                                                          <StringLiteral>"Search Results"</StringLiteral>
                                                                                          </Literal>
                                                                                          </PrimaryExpr>
                                                                                          <PredicateList/>
                                                                                          </FilterExpr>
                                                                                          </StepExpr>
                                                                                          </RelativePathExpr>
                                                                                          </PathExpr>
                                                                                          </ValueExpr>
                                                                                          </UnaryExpr>
                                                                                          </CastExpr>
                                                                                          </CastableExpr>
                                                                                          </TreatExpr>
                                                                                          </InstanceofExpr>
                                                                                          </IntersectExceptExpr>
                                                                                          </UnionExpr>
                                                                                          </MultiplicativeExpr>
                                                                                          </AdditiveExpr>
                                                                                          </RangeExpr>
                                                                                          </ComparisonExpr>
                                                                                          </AndExpr>
                                                                                          </OrExpr>
                                                                                          </ExprSingle>
                                                                                          <TOKEN>,</TOKEN>
                                                                                          <ExprSingle>
                                                                                          <OrExpr>
                                                                                          <AndExpr>
                                                                                          <ComparisonExpr>
                                                                                          <RangeExpr>
                                                                                          <AdditiveExpr>
                                                                                          <MultiplicativeExpr>
                                                                                          <UnionExpr>
                                                                                          <IntersectExceptExpr>
                                                                                          <InstanceofExpr>
                                                                                          <TreatExpr>
                                                                                          <CastableExpr>
                                                                                          <CastExpr>
                                                                                          <UnaryExpr>
                                                                                          <ValueExpr>
                                                                                          <PathExpr>
                                                                                          <RelativePathExpr>
                                                                                          <StepExpr>
                                                                                          <FilterExpr>
                                                                                          <PrimaryExpr>
                                                                                          <Literal>
                                                                                          <StringLiteral>"Page 2"</StringLiteral>
                                                                                          </Literal>
                                                                                          </PrimaryExpr>
                                                                                          <PredicateList/>
                                                                                          </FilterExpr>
                                                                                          </StepExpr>
                                                                                          </RelativePathExpr>
                                                                                          </PathExpr>
                                                                                          </ValueExpr>
                                                                                          </UnaryExpr>
                                                                                          </CastExpr>
                                                                                          </CastableExpr>
                                                                                          </TreatExpr>
                                                                                          </InstanceofExpr>
                                                                                          </IntersectExceptExpr>
                                                                                          </UnionExpr>
                                                                                          </MultiplicativeExpr>
                                                                                          </AdditiveExpr>
                                                                                          </RangeExpr>
                                                                                          </ComparisonExpr>
                                                                                          </AndExpr>
                                                                                          </OrExpr>
                                                                                          </ExprSingle>
                                                                                          </Expr>
                                                                                          <TOKEN>)</TOKEN>
                                                                                          </ParenthesizedExpr>
                                                                                          </PrimaryExpr>
                                                                                          <PredicateList/>
                                                                                          </FilterExpr>
                                                                                          </StepExpr>
                                                                                          </RelativePathExpr>
                                                                                          </PathExpr>
                                                                                          </ValueExpr>
                                                                                          </UnaryExpr>
                                                                                          </CastExpr>
                                                                                          </CastableExpr>
                                                                                          </TreatExpr>
                                                                                          </InstanceofExpr>
                                                                                          </IntersectExceptExpr>
                                                                                          </UnionExpr>
                                                                                          </MultiplicativeExpr>
                                                                                          </AdditiveExpr>
                                                                                          </RangeExpr>
                                                                                          </ComparisonExpr>
                                                                                          </AndExpr>
                                                                                          </OrExpr>
                                                                                          </ExprSingle>
                                                                                          <TOKEN>)</TOKEN>
                                                                                          </FunctionCall>
                                                                                          </PrimaryExpr>
                                                                                          <PredicateList/>
                                                                                          </FilterExpr>
                                                                                          </StepExpr>
                                                                                          </RelativePathExpr>
                                                                                          </PathExpr>
                                                                                          </ValueExpr>
                                                                                          </UnaryExpr>
                                                                                          </CastExpr>
                                                                                          </CastableExpr>
                                                                                          </TreatExpr>
                                                                                          </InstanceofExpr>
                                                                                          </IntersectExceptExpr>
                                                                                          </UnionExpr>
                                                                                          </MultiplicativeExpr>
                                                                                          </AdditiveExpr>
                                                                                          </RangeExpr>
                                                                                          </ComparisonExpr>
                                                                                          </AndExpr>
                                                                                          </OrExpr>
                                                                                          </ExprSingle>
                                                                                          <TOKEN>,</TOKEN>
                                                                                          <ExprSingle>
                                                                                          <OrExpr>
                                                                                          <AndExpr>
                                                                                          <ComparisonExpr>
                                                                                          <RangeExpr>
                                                                                          <AdditiveExpr>
                                                                                          <MultiplicativeExpr>
                                                                                          <UnionExpr>
                                                                                          <IntersectExceptExpr>
                                                                                          <InstanceofExpr>
                                                                                          <TreatExpr>
                                                                                          <CastableExpr>
                                                                                          <CastExpr>
                                                                                          <UnaryExpr>
                                                                                          <ValueExpr>
                                                                                          <PathExpr>
                                                                                          <RelativePathExpr>
                                                                                          <StepExpr>
                                                                                          <FilterExpr>
                                                                                          <PrimaryExpr>
                                                                                          <FunctionCall>
                                                                                          <FunctionName>
                                                                                          <QName>response:add-data</QName>
                                                                                          </FunctionName>
                                                                                          <TOKEN>(</TOKEN>
                                                                                          <ExprSingle>
                                                                                          <OrExpr>
                                                                                          <AndExpr>
                                                                                          <ComparisonExpr>
                                                                                          <RangeExpr>
                                                                                          <AdditiveExpr>
                                                                                          <MultiplicativeExpr>
                                                                                          <UnionExpr>
                                                                                          <IntersectExceptExpr>
                                                                                          <InstanceofExpr>
                                                                                          <TreatExpr>
                                                                                          <CastableExpr>
                                                                                          <CastExpr>
                                                                                          <UnaryExpr>
                                                                                          <ValueExpr>
                                                                                          <PathExpr>
                                                                                          <RelativePathExpr>
                                                                                          <StepExpr>
                                                                                          <FilterExpr>
                                                                                          <PrimaryExpr>
                                                                                          <Literal>
                                                                                          <StringLiteral>"search_results"</StringLiteral>
                                                                                          </Literal>
                                                                                          </PrimaryExpr>
                                                                                          <PredicateList/>
                                                                                          </FilterExpr>
                                                                                          </StepExpr>
                                                                                          </RelativePathExpr>
                                                                                          </PathExpr>
                                                                                          </ValueExpr>
                                                                                          </UnaryExpr>
                                                                                          </CastExpr>
                                                                                          </CastableExpr>
                                                                                          </TreatExpr>
                                                                                          </InstanceofExpr>
                                                                                          </IntersectExceptExpr>
                                                                                          </UnionExpr>
                                                                                          </MultiplicativeExpr>
                                                                                          </AdditiveExpr>
                                                                                          </RangeExpr>
                                                                                          </ComparisonExpr>
                                                                                          </AndExpr>
                                                                                          </OrExpr>
                                                                                          </ExprSingle>
                                                                                          <TOKEN>,</TOKEN>
                                                                                          <ExprSingle>
                                                                                          <OrExpr>
                                                                                          <AndExpr>
                                                                                          <ComparisonExpr>
                                                                                          <RangeExpr>
                                                                                          <AdditiveExpr>
                                                                                          <MultiplicativeExpr>
                                                                                          <UnionExpr>
                                                                                          <IntersectExceptExpr>
                                                                                          <InstanceofExpr>
                                                                                          <TreatExpr>
                                                                                          <CastableExpr>
                                                                                          <CastExpr>
                                                                                          <UnaryExpr>
                                                                                          <ValueExpr>
                                                                                          <PathExpr>
                                                                                          <RelativePathExpr>
                                                                                          <StepExpr>
                                                                                          <FilterExpr>
                                                                                          <PrimaryExpr>
                                                                                          <VarRef>
                                                                                          <TOKEN>$</TOKEN>
                                                                                          <VarName>
                                                                                          <QName>
                                                                                          <FunctionName>
                                                                                          <QName>results</QName>
                                                                                          </FunctionName>
                                                                                          </QName>
                                                                                          </VarName>
                                                                                          </VarRef>
                                                                                          </PrimaryExpr>
                                                                                          <PredicateList/>
                                                                                          </FilterExpr>
                                                                                          </StepExpr>
                                                                                          </RelativePathExpr>
                                                                                          </PathExpr>
                                                                                          </ValueExpr>
                                                                                          </UnaryExpr>
                                                                                          </CastExpr>
                                                                                          </CastableExpr>
                                                                                          </TreatExpr>
                                                                                          </InstanceofExpr>
                                                                                          </IntersectExceptExpr>
                                                                                          </UnionExpr>
                                                                                          </MultiplicativeExpr>
                                                                                          </AdditiveExpr>
                                                                                          </RangeExpr>
                                                                                          </ComparisonExpr>
                                                                                          </AndExpr>
                                                                                          </OrExpr>
                                                                                          </ExprSingle>
                                                                                          <TOKEN>)</TOKEN>
                                                                                          </FunctionCall>
                                                                                          </PrimaryExpr>
                                                                                          <PredicateList/>
                                                                                          </FilterExpr>
                                                                                          </StepExpr>
                                                                                          </RelativePathExpr>
                                                                                          </PathExpr>
                                                                                          </ValueExpr>
                                                                                          </UnaryExpr>
                                                                                          </CastExpr>
                                                                                          </CastableExpr>
                                                                                          </TreatExpr>
                                                                                          </InstanceofExpr>
                                                                                          </IntersectExceptExpr>
                                                                                          </UnionExpr>
                                                                                          </MultiplicativeExpr>
                                                                                          </AdditiveExpr>
                                                                                          </RangeExpr>
                                                                                          </ComparisonExpr>
                                                                                          </AndExpr>
                                                                                          </OrExpr>
                                                                                          </ExprSingle>
                                                                                          <TOKEN>,</TOKEN>
                                                                                          <ExprSingle>
                                                                                          <OrExpr>
                                                                                          <AndExpr>
                                                                                          <ComparisonExpr>
                                                                                          <RangeExpr>
                                                                                          <AdditiveExpr>
                                                                                          <MultiplicativeExpr>
                                                                                          <UnionExpr>
                                                                                          <IntersectExceptExpr>
                                                                                          <InstanceofExpr>
                                                                                          <TreatExpr>
                                                                                          <CastableExpr>
                                                                                          <CastExpr>
                                                                                          <UnaryExpr>
                                                                                          <ValueExpr>
                                                                                          <PathExpr>
                                                                                          <RelativePathExpr>
                                                                                          <StepExpr>
                                                                                          <FilterExpr>
                                                                                          <PrimaryExpr>
                                                                                          <FunctionCall>
                                                                                          <FunctionName>
                                                                                          <QName>response:set-slot</QName>
                                                                                          </FunctionName>
                                                                                          <TOKEN>(</TOKEN>
                                                                                          <ExprSingle>
                                                                                          <OrExpr>
                                                                                          <AndExpr>
                                                                                          <ComparisonExpr>
                                                                                          <RangeExpr>
                                                                                          <AdditiveExpr>
                                                                                          <MultiplicativeExpr>
                                                                                          <UnionExpr>
                                                                                          <IntersectExceptExpr>
                                                                                          <InstanceofExpr>
                                                                                          <TreatExpr>
                                                                                          <CastableExpr>
                                                                                          <CastExpr>
                                                                                          <UnaryExpr>
                                                                                          <ValueExpr>
                                                                                          <PathExpr>
                                                                                          <RelativePathExpr>
                                                                                          <StepExpr>
                                                                                          <FilterExpr>
                                                                                          <PrimaryExpr>
                                                                                          <Literal>
                                                                                          <StringLiteral>"headline"</StringLiteral>
                                                                                          </Literal>
                                                                                          </PrimaryExpr>
                                                                                          <PredicateList/>
                                                                                          </FilterExpr>
                                                                                          </StepExpr>
                                                                                          </RelativePathExpr>
                                                                                          </PathExpr>
                                                                                          </ValueExpr>
                                                                                          </UnaryExpr>
                                                                                          </CastExpr>
                                                                                          </CastableExpr>
                                                                                          </TreatExpr>
                                                                                          </InstanceofExpr>
                                                                                          </IntersectExceptExpr>
                                                                                          </UnionExpr>
                                                                                          </MultiplicativeExpr>
                                                                                          </AdditiveExpr>
                                                                                          </RangeExpr>
                                                                                          </ComparisonExpr>
                                                                                          </AndExpr>
                                                                                          </OrExpr>
                                                                                          </ExprSingle>
                                                                                          <TOKEN>,</TOKEN>
                                                                                          <ExprSingle>
                                                                                          <OrExpr>
                                                                                          <AndExpr>
                                                                                          <ComparisonExpr>
                                                                                          <RangeExpr>
                                                                                          <AdditiveExpr>
                                                                                          <MultiplicativeExpr>
                                                                                          <UnionExpr>
                                                                                          <IntersectExceptExpr>
                                                                                          <InstanceofExpr>
                                                                                          <TreatExpr>
                                                                                          <CastableExpr>
                                                                                          <CastExpr>
                                                                                          <UnaryExpr>
                                                                                          <ValueExpr>
                                                                                          <PathExpr>
                                                                                          <RelativePathExpr>
                                                                                          <StepExpr>
                                                                                          <FilterExpr>
                                                                                          <PrimaryExpr>
                                                                                          <Constructor>
                                                                                          <DirectConstructor>
                                                                                          <DirElemConstructor>
                                                                                          <TOKEN>&lt;</TOKEN>
                                                                                          <QName>
                                                                                          <FunctionName>
                                                                                          <TOKEN>div</TOKEN>
                                                                                          </FunctionName>
                                                                                          </QName>
                                                                                          <DirAttributeList/>
                                                                                          <TOKEN>&gt;</TOKEN>
                                                                                          <DirElemContent>
                                                                                          <ElementContentChar>I</ElementContentChar>
                                                                                          </DirElemContent>
                                                                                          <DirElemContent>
                                                                                          <ElementContentChar> </ElementContentChar>
                                                                                          </DirElemContent>
                                                                                          <DirElemContent>
                                                                                          <ElementContentChar>a</ElementContentChar>
                                                                                          </DirElemContent>
                                                                                          <DirElemContent>
                                                                                          <ElementContentChar>m</ElementContentChar>
                                                                                          </DirElemContent>
                                                                                          <DirElemContent>
                                                                                          <ElementContentChar> </ElementContentChar>
                                                                                          </DirElemContent>
                                                                                          <DirElemContent>
                                                                                          <ElementContentChar>a</ElementContentChar>
                                                                                          </DirElemContent>
                                                                                          <DirElemContent>
                                                                                          <ElementContentChar> </ElementContentChar>
                                                                                          </DirElemContent>
                                                                                          <DirElemContent>
                                                                                          <ElementContentChar>s</ElementContentChar>
                                                                                          </DirElemContent>
                                                                                          <DirElemContent>
                                                                                          <ElementContentChar>u</ElementContentChar>
                                                                                          </DirElemContent>
                                                                                          <DirElemContent>
                                                                                          <ElementContentChar>p</ElementContentChar>
                                                                                          </DirElemContent>
                                                                                          <DirElemContent>
                                                                                          <ElementContentChar>e</ElementContentChar>
                                                                                          </DirElemContent>
                                                                                          <DirElemContent>
                                                                                          <ElementContentChar>r</ElementContentChar>
                                                                                          </DirElemContent>
                                                                                          <DirElemContent>
                                                                                          <ElementContentChar> </ElementContentChar>
                                                                                          </DirElemContent>
                                                                                          <DirElemContent>
                                                                                          <ElementContentChar>s</ElementContentChar>
                                                                                          </DirElemContent>
                                                                                          <DirElemContent>
                                                                                          <ElementContentChar>l</ElementContentChar>
                                                                                          </DirElemContent>
                                                                                          <DirElemContent>
                                                                                          <ElementContentChar>o</ElementContentChar>
                                                                                          </DirElemContent>
                                                                                          <DirElemContent>
                                                                                          <ElementContentChar>t</ElementContentChar>
                                                                                          </DirElemContent>
                                                                                          <TOKEN>&lt;/</TOKEN>
                                                                                          <QName>
                                                                                          <FunctionName>
                                                                                          <TOKEN>div</TOKEN>
                                                                                          </FunctionName>
                                                                                          </QName>
                                                                                          <TOKEN>&gt;</TOKEN>
                                                                                          </DirElemConstructor>
                                                                                          </DirectConstructor>
                                                                                          </Constructor>
                                                                                          </PrimaryExpr>
                                                                                          <PredicateList/>
                                                                                          </FilterExpr>
                                                                                          </StepExpr>
                                                                                          </RelativePathExpr>
                                                                                          </PathExpr>
                                                                                          </ValueExpr>
                                                                                          </UnaryExpr>
                                                                                          </CastExpr>
                                                                                          </CastableExpr>
                                                                                          </TreatExpr>
                                                                                          </InstanceofExpr>
                                                                                          </IntersectExceptExpr>
                                                                                          </UnionExpr>
                                                                                          </MultiplicativeExpr>
                                                                                          </AdditiveExpr>
                                                                                          </RangeExpr>
                                                                                          </ComparisonExpr>
                                                                                          </AndExpr>
                                                                                          </OrExpr>
                                                                                          </ExprSingle>
                                                                                          <TOKEN>)</TOKEN>
                                                                                          </FunctionCall>
                                                                                          </PrimaryExpr>
                                                                                          <PredicateList/>
                                                                                          </FilterExpr>
                                                                                          </StepExpr>
                                                                                          </RelativePathExpr>
                                                                                          </PathExpr>
                                                                                          </ValueExpr>
                                                                                          </UnaryExpr>
                                                                                          </CastExpr>
                                                                                          </CastableExpr>
                                                                                          </TreatExpr>
                                                                                          </InstanceofExpr>
                                                                                          </IntersectExceptExpr>
                                                                                          </UnionExpr>
                                                                                          </MultiplicativeExpr>
                                                                                          </AdditiveExpr>
                                                                                          </RangeExpr>
                                                                                          </ComparisonExpr>
                                                                                          </AndExpr>
                                                                                          </OrExpr>
                                                                                          </ExprSingle>
                                                                                          <TOKEN>,</TOKEN>
                                                                                          <ExprSingle>
                                                                                          <IfExpr>
                                                                                          <TOKEN>if</TOKEN>
                                                                                          <TOKEN>(</TOKEN>
                                                                                          <Expr>
                                                                                          <ExprSingle>
                                                                                          <OrExpr>
                                                                                          <AndExpr>
                                                                                          <ComparisonExpr>
                                                                                          <RangeExpr>
                                                                                          <AdditiveExpr>
                                                                                          <MultiplicativeExpr>
                                                                                          <UnionExpr>
                                                                                          <IntersectExceptExpr>
                                                                                          <InstanceofExpr>
                                                                                          <TreatExpr>
                                                                                          <CastableExpr>
                                                                                          <CastExpr>
                                                                                          <UnaryExpr>
                                                                                          <ValueExpr>
                                                                                          <PathExpr>
                                                                                          <RelativePathExpr>
                                                                                          <StepExpr>
                                                                                          <FilterExpr>
                                                                                          <PrimaryExpr>
                                                                                          <VarRef>
                                                                                          <TOKEN>$</TOKEN>
                                                                                          <VarName>
                                                                                          <QName>
                                                                                          <FunctionName>
                                                                                          <QName>results</QName>
                                                                                          </FunctionName>
                                                                                          </QName>
                                                                                          </VarName>
                                                                                          </VarRef>
                                                                                          </PrimaryExpr>
                                                                                          <PredicateList/>
                                                                                          </FilterExpr>
                                                                                          </StepExpr>
                                                                                          </RelativePathExpr>
                                                                                          </PathExpr>
                                                                                          </ValueExpr>
                                                                                          </UnaryExpr>
                                                                                          </CastExpr>
                                                                                          </CastableExpr>
                                                                                          </TreatExpr>
                                                                                          </InstanceofExpr>
                                                                                          </IntersectExceptExpr>
                                                                                          </UnionExpr>
                                                                                          </MultiplicativeExpr>
                                                                                          </AdditiveExpr>
                                                                                          </RangeExpr>
                                                                                          </ComparisonExpr>
                                                                                          </AndExpr>
                                                                                          </OrExpr>
                                                                                          </ExprSingle>
                                                                                          </Expr>
                                                                                          <TOKEN>)</TOKEN>
                                                                                          <TOKEN>then</TOKEN>
                                                                                          <ExprSingle>
                                                                                          <OrExpr>
                                                                                          <AndExpr>
                                                                                          <ComparisonExpr>
                                                                                          <RangeExpr>
                                                                                          <AdditiveExpr>
                                                                                          <MultiplicativeExpr>
                                                                                          <UnionExpr>
                                                                                          <IntersectExceptExpr>
                                                                                          <InstanceofExpr>
                                                                                          <TreatExpr>
                                                                                          <CastableExpr>
                                                                                          <CastExpr>
                                                                                          <UnaryExpr>
                                                                                          <ValueExpr>
                                                                                          <PathExpr>
                                                                                          <RelativePathExpr>
                                                                                          <StepExpr>
                                                                                          <FilterExpr>
                                                                                          <PrimaryExpr>
                                                                                          <FunctionCall>
                                                                                          <FunctionName>
                                                                                          <QName>response:set-title</QName>
                                                                                          </FunctionName>
                                                                                          <TOKEN>(</TOKEN>
                                                                                          <ExprSingle>
                                                                                          <OrExpr>
                                                                                          <AndExpr>
                                                                                          <ComparisonExpr>
                                                                                          <RangeExpr>
                                                                                          <AdditiveExpr>
                                                                                          <MultiplicativeExpr>
                                                                                          <UnionExpr>
                                                                                          <IntersectExceptExpr>
                                                                                          <InstanceofExpr>
                                                                                          <TreatExpr>
                                                                                          <CastableExpr>
                                                                                          <CastExpr>
                                                                                          <UnaryExpr>
                                                                                          <ValueExpr>
                                                                                          <PathExpr>
                                                                                          <RelativePathExpr>
                                                                                          <StepExpr>
                                                                                          <FilterExpr>
                                                                                          <PrimaryExpr>
                                                                                          <Literal>
                                                                                          <StringLiteral>"Search Results Tian"</StringLiteral>
                                                                                          </Literal>
                                                                                          </PrimaryExpr>
                                                                                          <PredicateList/>
                                                                                          </FilterExpr>
                                                                                          </StepExpr>
                                                                                          </RelativePathExpr>
                                                                                          </PathExpr>
                                                                                          </ValueExpr>
                                                                                          </UnaryExpr>
                                                                                          </CastExpr>
                                                                                          </CastableExpr>
                                                                                          </TreatExpr>
                                                                                          </InstanceofExpr>
                                                                                          </IntersectExceptExpr>
                                                                                          </UnionExpr>
                                                                                          </MultiplicativeExpr>
                                                                                          </AdditiveExpr>
                                                                                          </RangeExpr>
                                                                                          </ComparisonExpr>
                                                                                          </AndExpr>
                                                                                          </OrExpr>
                                                                                          </ExprSingle>
                                                                                          <TOKEN>)</TOKEN>
                                                                                          </FunctionCall>
                                                                                          </PrimaryExpr>
                                                                                          <PredicateList/>
                                                                                          </FilterExpr>
                                                                                          </StepExpr>
                                                                                          </RelativePathExpr>
                                                                                          </PathExpr>
                                                                                          </ValueExpr>
                                                                                          </UnaryExpr>
                                                                                          </CastExpr>
                                                                                          </CastableExpr>
                                                                                          </TreatExpr>
                                                                                          </InstanceofExpr>
                                                                                          </IntersectExceptExpr>
                                                                                          </UnionExpr>
                                                                                          </MultiplicativeExpr>
                                                                                          </AdditiveExpr>
                                                                                          </RangeExpr>
                                                                                          </ComparisonExpr>
                                                                                          </AndExpr>
                                                                                          </OrExpr>
                                                                                          </ExprSingle>
                                                                                          <TOKEN>else</TOKEN>
                                                                                          <ExprSingle>
                                                                                          <OrExpr>
                                                                                          <AndExpr>
                                                                                          <ComparisonExpr>
                                                                                          <RangeExpr>
                                                                                          <AdditiveExpr>
                                                                                          <MultiplicativeExpr>
                                                                                          <UnionExpr>
                                                                                          <IntersectExceptExpr>
                                                                                          <InstanceofExpr>
                                                                                          <TreatExpr>
                                                                                          <CastableExpr>
                                                                                          <CastExpr>
                                                                                          <UnaryExpr>
                                                                                          <ValueExpr>
                                                                                          <PathExpr>
                                                                                          <RelativePathExpr>
                                                                                          <StepExpr>
                                                                                          <FilterExpr>
                                                                                          <PrimaryExpr>
                                                                                          <FunctionCall>
                                                                                          <FunctionName>
                                                                                          <QName>response:set-title</QName>
                                                                                          </FunctionName>
                                                                                          <TOKEN>(</TOKEN>
                                                                                          <ExprSingle>
                                                                                          <OrExpr>
                                                                                          <AndExpr>
                                                                                          <ComparisonExpr>
                                                                                          <RangeExpr>
                                                                                          <AdditiveExpr>
                                                                                          <MultiplicativeExpr>
                                                                                          <UnionExpr>
                                                                                          <IntersectExceptExpr>
                                                                                          <InstanceofExpr>
                                                                                          <TreatExpr>
                                                                                          <CastableExpr>
                                                                                          <CastExpr>
                                                                                          <UnaryExpr>
                                                                                          <ValueExpr>
                                                                                          <PathExpr>
                                                                                          <RelativePathExpr>
                                                                                          <StepExpr>
                                                                                          <FilterExpr>
                                                                                          <PrimaryExpr>
                                                                                          <Literal>
                                                                                          <StringLiteral>"Search"</StringLiteral>
                                                                                          </Literal>
                                                                                          </PrimaryExpr>
                                                                                          <PredicateList/>
                                                                                          </FilterExpr>
                                                                                          </StepExpr>
                                                                                          </RelativePathExpr>
                                                                                          </PathExpr>
                                                                                          </ValueExpr>
                                                                                          </UnaryExpr>
                                                                                          </CastExpr>
                                                                                          </CastableExpr>
                                                                                          </TreatExpr>
                                                                                          </InstanceofExpr>
                                                                                          </IntersectExceptExpr>
                                                                                          </UnionExpr>
                                                                                          </MultiplicativeExpr>
                                                                                          </AdditiveExpr>
                                                                                          </RangeExpr>
                                                                                          </ComparisonExpr>
                                                                                          </AndExpr>
                                                                                          </OrExpr>
                                                                                          </ExprSingle>
                                                                                          <TOKEN>)</TOKEN>
                                                                                          </FunctionCall>
                                                                                          </PrimaryExpr>
                                                                                          <PredicateList/>
                                                                                          </FilterExpr>
                                                                                          </StepExpr>
                                                                                          </RelativePathExpr>
                                                                                          </PathExpr>
                                                                                          </ValueExpr>
                                                                                          </UnaryExpr>
                                                                                          </CastExpr>
                                                                                          </CastableExpr>
                                                                                          </TreatExpr>
                                                                                          </InstanceofExpr>
                                                                                          </IntersectExceptExpr>
                                                                                          </UnionExpr>
                                                                                          </MultiplicativeExpr>
                                                                                          </AdditiveExpr>
                                                                                          </RangeExpr>
                                                                                          </ComparisonExpr>
                                                                                          </AndExpr>
                                                                                          </OrExpr>
                                                                                          </ExprSingle>
                                                                                          </IfExpr>
                                                                                          </ExprSingle>
                                                                                          <TOKEN>,</TOKEN>
                                                                                          <ExprSingle>
                                                                                          <OrExpr>
                                                                                          <AndExpr>
                                                                                          <ComparisonExpr>
                                                                                          <RangeExpr>
                                                                                          <AdditiveExpr>
                                                                                          <MultiplicativeExpr>
                                                                                          <UnionExpr>
                                                                                          <IntersectExceptExpr>
                                                                                          <InstanceofExpr>
                                                                                          <TreatExpr>
                                                                                          <CastableExpr>
                                                                                          <CastExpr>
                                                                                          <UnaryExpr>
                                                                                          <ValueExpr>
                                                                                          <PathExpr>
                                                                                          <RelativePathExpr>
                                                                                          <StepExpr>
                                                                                          <FilterExpr>
                                                                                          <PrimaryExpr>
                                                                                          <FunctionCall>
                                                                                          <FunctionName>
                                                                                          <QName>response:add-httpmeta</QName>
                                                                                          </FunctionName>
                                                                                          <TOKEN>(</TOKEN>
                                                                                          <ExprSingle>
                                                                                          <OrExpr>
                                                                                          <AndExpr>
                                                                                          <ComparisonExpr>
                                                                                          <RangeExpr>
                                                                                          <AdditiveExpr>
                                                                                          <MultiplicativeExpr>
                                                                                          <UnionExpr>
                                                                                          <IntersectExceptExpr>
                                                                                          <InstanceofExpr>
                                                                                          <TreatExpr>
                                                                                          <CastableExpr>
                                                                                          <CastExpr>
                                                                                          <UnaryExpr>
                                                                                          <ValueExpr>
                                                                                          <PathExpr>
                                                                                          <RelativePathExpr>
                                                                                          <StepExpr>
                                                                                          <FilterExpr>
                                                                                          <PrimaryExpr>
                                                                                          <Literal>
                                                                                          <StringLiteral>"cache-control"</StringLiteral>
                                                                                          </Literal>
                                                                                          </PrimaryExpr>
                                                                                          <PredicateList/>
                                                                                          </FilterExpr>
                                                                                          </StepExpr>
                                                                                          </RelativePathExpr>
                                                                                          </PathExpr>
                                                                                          </ValueExpr>
                                                                                          </UnaryExpr>
                                                                                          </CastExpr>
                                                                                          </CastableExpr>
                                                                                          </TreatExpr>
                                                                                          </InstanceofExpr>
                                                                                          </IntersectExceptExpr>
                                                                                          </UnionExpr>
                                                                                          </MultiplicativeExpr>
                                                                                          </AdditiveExpr>
                                                                                          </RangeExpr>
                                                                                          </ComparisonExpr>
                                                                                          </AndExpr>
                                                                                          </OrExpr>
                                                                                          </ExprSingle>
                                                                                          <TOKEN>,</TOKEN>
                                                                                          <ExprSingle>
                                                                                          <OrExpr>
                                                                                          <AndExpr>
                                                                                          <ComparisonExpr>
                                                                                          <RangeExpr>
                                                                                          <AdditiveExpr>
                                                                                          <MultiplicativeExpr>
                                                                                          <UnionExpr>
                                                                                          <IntersectExceptExpr>
                                                                                          <InstanceofExpr>
                                                                                          <TreatExpr>
                                                                                          <CastableExpr>
                                                                                          <CastExpr>
                                                                                          <UnaryExpr>
                                                                                          <ValueExpr>
                                                                                          <PathExpr>
                                                                                          <RelativePathExpr>
                                                                                          <StepExpr>
                                                                                          <FilterExpr>
                                                                                          <PrimaryExpr>
                                                                                          <Literal>
                                                                                          <StringLiteral>"public"</StringLiteral>
                                                                                          </Literal>
                                                                                          </PrimaryExpr>
                                                                                          <PredicateList/>
                                                                                          </FilterExpr>
                                                                                          </StepExpr>
                                                                                          </RelativePathExpr>
                                                                                          </PathExpr>
                                                                                          </ValueExpr>
                                                                                          </UnaryExpr>
                                                                                          </CastExpr>
                                                                                          </CastableExpr>
                                                                                          </TreatExpr>
                                                                                          </InstanceofExpr>
                                                                                          </IntersectExceptExpr>
                                                                                          </UnionExpr>
                                                                                          </MultiplicativeExpr>
                                                                                          </AdditiveExpr>
                                                                                          </RangeExpr>
                                                                                          </ComparisonExpr>
                                                                                          </AndExpr>
                                                                                          </OrExpr>
                                                                                          </ExprSingle>
                                                                                          <TOKEN>)</TOKEN>
                                                                                          </FunctionCall>
                                                                                          </PrimaryExpr>
                                                                                          <PredicateList/>
                                                                                          </FilterExpr>
                                                                                          </StepExpr>
                                                                                          </RelativePathExpr>
                                                                                          </PathExpr>
                                                                                          </ValueExpr>
                                                                                          </UnaryExpr>
                                                                                          </CastExpr>
                                                                                          </CastableExpr>
                                                                                          </TreatExpr>
                                                                                          </InstanceofExpr>
                                                                                          </IntersectExceptExpr>
                                                                                          </UnionExpr>
                                                                                          </MultiplicativeExpr>
                                                                                          </AdditiveExpr>
                                                                                          </RangeExpr>
                                                                                          </ComparisonExpr>
                                                                                          </AndExpr>
                                                                                          </OrExpr>
                                                                                          </ExprSingle>
                                                                                          <TOKEN>,</TOKEN>
                                                                                          <ExprSingle>
                                                                                          <OrExpr>
                                                                                          <AndExpr>
                                                                                          <ComparisonExpr>
                                                                                          <RangeExpr>
                                                                                          <AdditiveExpr>
                                                                                          <MultiplicativeExpr>
                                                                                          <UnionExpr>
                                                                                          <IntersectExceptExpr>
                                                                                          <InstanceofExpr>
                                                                                          <TreatExpr>
                                                                                          <CastableExpr>
                                                                                          <CastExpr>
                                                                                          <UnaryExpr>
                                                                                          <ValueExpr>
                                                                                          <PathExpr>
                                                                                          <RelativePathExpr>
                                                                                          <StepExpr>
                                                                                          <FilterExpr>
                                                                                          <PrimaryExpr>
                                                                                          <FunctionCall>
                                                                                          <FunctionName>
                                                                                          <QName>response:response</QName>
                                                                                          </FunctionName>
                                                                                          <TOKEN>(</TOKEN>
                                                                                          <TOKEN>)</TOKEN>
                                                                                          </FunctionCall>
                                                                                          </PrimaryExpr>
                                                                                          <PredicateList/>
                                                                                          </FilterExpr>
                                                                                          </StepExpr>
                                                                                          </RelativePathExpr>
                                                                                          </PathExpr>
                                                                                          </ValueExpr>
                                                                                          </UnaryExpr>
                                                                                          </CastExpr>
                                                                                          </CastableExpr>
                                                                                          </TreatExpr>
                                                                                          </InstanceofExpr>
                                                                                          </IntersectExceptExpr>
                                                                                          </UnionExpr>
                                                                                          </MultiplicativeExpr>
                                                                                          </AdditiveExpr>
                                                                                          </RangeExpr>
                                                                                          </ComparisonExpr>
                                                                                          </AndExpr>
                                                                                          </OrExpr>
                                                                                          </ExprSingle>
                                                                                          </Expr>
                                                                                          <TOKEN>)</TOKEN>
                                                                                          </ParenthesizedExpr>
                                                                                          </PrimaryExpr>
                                                                                          <PredicateList/>
                                                                                          </FilterExpr>
                                                                                          </StepExpr>
                                                                                          </RelativePathExpr>
                                                                                          </PathExpr>
                                                                                          </ValueExpr>
                                                                                        </UnaryExpr>
                                                                                    </CastExpr>
                                                                                </CastableExpr>
                                                                            </TreatExpr>
                                                                        </InstanceofExpr>
                                                                    </IntersectExceptExpr>
                                                                </UnionExpr>
                                                            </MultiplicativeExpr>
                                                        </AdditiveExpr>
                                                    </RangeExpr>
                                                </ComparisonExpr>
                                            </AndExpr>
                                        </OrExpr>
                                    </ExprSingle>
                                </FLWORExpr>
                            </ExprSingle>
                        </Expr>
                        <TOKEN>}</TOKEN>
                    </EnclosedExpr>
                </FunctionDecl>
                <Separator>
                    <TOKEN>;</TOKEN>
                </Separator>
                <FunctionDecl>
                    <TOKEN>declare</TOKEN>
                    <TOKEN>function</TOKEN>
                    <FunctionName>
                        <QName>controller:login</QName>
                    </FunctionName>
                    <TOKEN>(</TOKEN>
                    <ParamList>
                        <Param>
                            <TOKEN>$</TOKEN>
                            <QName>
                                <FunctionName>
                                    <QName>request</QName>
                                </FunctionName>
                            </QName>
                            <TypeDeclaration>
                                <TOKEN>as</TOKEN>
                                <SequenceType>
                                    <ItemType>
                                        <AtomicType>
                                            <QName>
                                                <FunctionName>
                                                    <QName>map:map</QName>
                                                </FunctionName>
                                            </QName>
                                        </AtomicType>
                                    </ItemType>
                                </SequenceType>
                            </TypeDeclaration>
                        </Param>
                    </ParamList>
                    <TOKEN>)</TOKEN>
                    <EnclosedExpr>
                        <TOKEN>{</TOKEN>
                        <Expr>
                            <ExprSingle>
                                <FLWORExpr>
                                    <LetClause>
                                        <TOKEN>let</TOKEN>
                                        <TOKEN>$</TOKEN>
                                        <VarName>
                                            <QName>
                                                <FunctionName>
                                                    <QName>user</QName>
                                                </FunctionName>
                                            </QName>
                                        </VarName>
                                        <TOKEN>:=</TOKEN>
                                        <ExprSingle>
                                            <OrExpr>
                                                <AndExpr>
                                                    <ComparisonExpr>
                                                        <RangeExpr>
                                                            <AdditiveExpr>
                                                                <MultiplicativeExpr>
                                                                    <UnionExpr>
                                                                        <IntersectExceptExpr>
                                                                            <InstanceofExpr>
                                                                                <TreatExpr>
                                                                                    <CastableExpr>
                                                                                        <CastExpr>
                                                                                          <UnaryExpr>
                                                                                          <ValueExpr>
                                                                                          <PathExpr>
                                                                                          <RelativePathExpr>
                                                                                          <StepExpr>
                                                                                          <FilterExpr>
                                                                                          <PrimaryExpr>
                                                                                          <FunctionCall>
                                                                                          <FunctionName>
                                                                                          <QName>request:param</QName>
                                                                                          </FunctionName>
                                                                                          <TOKEN>(</TOKEN>
                                                                                          <ExprSingle>
                                                                                          <OrExpr>
                                                                                          <AndExpr>
                                                                                          <ComparisonExpr>
                                                                                          <RangeExpr>
                                                                                          <AdditiveExpr>
                                                                                          <MultiplicativeExpr>
                                                                                          <UnionExpr>
                                                                                          <IntersectExceptExpr>
                                                                                          <InstanceofExpr>
                                                                                          <TreatExpr>
                                                                                          <CastableExpr>
                                                                                          <CastExpr>
                                                                                          <UnaryExpr>
                                                                                          <ValueExpr>
                                                                                          <PathExpr>
                                                                                          <RelativePathExpr>
                                                                                          <StepExpr>
                                                                                          <FilterExpr>
                                                                                          <PrimaryExpr>
                                                                                          <Literal>
                                                                                          <StringLiteral>"username"</StringLiteral>
                                                                                          </Literal>
                                                                                          </PrimaryExpr>
                                                                                          <PredicateList/>
                                                                                          </FilterExpr>
                                                                                          </StepExpr>
                                                                                          </RelativePathExpr>
                                                                                          </PathExpr>
                                                                                          </ValueExpr>
                                                                                          </UnaryExpr>
                                                                                          </CastExpr>
                                                                                          </CastableExpr>
                                                                                          </TreatExpr>
                                                                                          </InstanceofExpr>
                                                                                          </IntersectExceptExpr>
                                                                                          </UnionExpr>
                                                                                          </MultiplicativeExpr>
                                                                                          </AdditiveExpr>
                                                                                          </RangeExpr>
                                                                                          </ComparisonExpr>
                                                                                          </AndExpr>
                                                                                          </OrExpr>
                                                                                          </ExprSingle>
                                                                                          <TOKEN>)</TOKEN>
                                                                                          </FunctionCall>
                                                                                          </PrimaryExpr>
                                                                                          <PredicateList/>
                                                                                          </FilterExpr>
                                                                                          </StepExpr>
                                                                                          </RelativePathExpr>
                                                                                          </PathExpr>
                                                                                          </ValueExpr>
                                                                                          </UnaryExpr>
                                                                                        </CastExpr>
                                                                                    </CastableExpr>
                                                                                </TreatExpr>
                                                                            </InstanceofExpr>
                                                                        </IntersectExceptExpr>
                                                                    </UnionExpr>
                                                                </MultiplicativeExpr>
                                                            </AdditiveExpr>
                                                        </RangeExpr>
                                                    </ComparisonExpr>
                                                </AndExpr>
                                            </OrExpr>
                                        </ExprSingle>
                                    </LetClause>
                                    <LetClause>
                                        <TOKEN>let</TOKEN>
                                        <TOKEN>$</TOKEN>
                                        <VarName>
                                            <QName>
                                                <FunctionName>
                                                    <QName>password</QName>
                                                </FunctionName>
                                            </QName>
                                        </VarName>
                                        <TOKEN>:=</TOKEN>
                                        <ExprSingle>
                                            <OrExpr>
                                                <AndExpr>
                                                    <ComparisonExpr>
                                                        <RangeExpr>
                                                            <AdditiveExpr>
                                                                <MultiplicativeExpr>
                                                                    <UnionExpr>
                                                                        <IntersectExceptExpr>
                                                                            <InstanceofExpr>
                                                                                <TreatExpr>
                                                                                    <CastableExpr>
                                                                                        <CastExpr>
                                                                                          <UnaryExpr>
                                                                                          <ValueExpr>
                                                                                          <PathExpr>
                                                                                          <RelativePathExpr>
                                                                                          <StepExpr>
                                                                                          <FilterExpr>
                                                                                          <PrimaryExpr>
                                                                                          <FunctionCall>
                                                                                          <FunctionName>
                                                                                          <QName>request:param</QName>
                                                                                          </FunctionName>
                                                                                          <TOKEN>(</TOKEN>
                                                                                          <ExprSingle>
                                                                                          <OrExpr>
                                                                                          <AndExpr>
                                                                                          <ComparisonExpr>
                                                                                          <RangeExpr>
                                                                                          <AdditiveExpr>
                                                                                          <MultiplicativeExpr>
                                                                                          <UnionExpr>
                                                                                          <IntersectExceptExpr>
                                                                                          <InstanceofExpr>
                                                                                          <TreatExpr>
                                                                                          <CastableExpr>
                                                                                          <CastExpr>
                                                                                          <UnaryExpr>
                                                                                          <ValueExpr>
                                                                                          <PathExpr>
                                                                                          <RelativePathExpr>
                                                                                          <StepExpr>
                                                                                          <FilterExpr>
                                                                                          <PrimaryExpr>
                                                                                          <Literal>
                                                                                          <StringLiteral>"password"</StringLiteral>
                                                                                          </Literal>
                                                                                          </PrimaryExpr>
                                                                                          <PredicateList/>
                                                                                          </FilterExpr>
                                                                                          </StepExpr>
                                                                                          </RelativePathExpr>
                                                                                          </PathExpr>
                                                                                          </ValueExpr>
                                                                                          </UnaryExpr>
                                                                                          </CastExpr>
                                                                                          </CastableExpr>
                                                                                          </TreatExpr>
                                                                                          </InstanceofExpr>
                                                                                          </IntersectExceptExpr>
                                                                                          </UnionExpr>
                                                                                          </MultiplicativeExpr>
                                                                                          </AdditiveExpr>
                                                                                          </RangeExpr>
                                                                                          </ComparisonExpr>
                                                                                          </AndExpr>
                                                                                          </OrExpr>
                                                                                          </ExprSingle>
                                                                                          <TOKEN>)</TOKEN>
                                                                                          </FunctionCall>
                                                                                          </PrimaryExpr>
                                                                                          <PredicateList/>
                                                                                          </FilterExpr>
                                                                                          </StepExpr>
                                                                                          </RelativePathExpr>
                                                                                          </PathExpr>
                                                                                          </ValueExpr>
                                                                                          </UnaryExpr>
                                                                                        </CastExpr>
                                                                                    </CastableExpr>
                                                                                </TreatExpr>
                                                                            </InstanceofExpr>
                                                                        </IntersectExceptExpr>
                                                                    </UnionExpr>
                                                                </MultiplicativeExpr>
                                                            </AdditiveExpr>
                                                        </RangeExpr>
                                                    </ComparisonExpr>
                                                </AndExpr>
                                            </OrExpr>
                                        </ExprSingle>
                                    </LetClause>
                                    <LetClause>
                                        <TOKEN>let</TOKEN>
                                        <TOKEN>$</TOKEN>
                                        <VarName>
                                            <QName>
                                                <FunctionName>
                                                    <QName>return-url</QName>
                                                </FunctionName>
                                            </QName>
                                        </VarName>
                                        <TOKEN>:=</TOKEN>
                                        <ExprSingle>
                                            <OrExpr>
                                                <AndExpr>
                                                    <ComparisonExpr>
                                                        <RangeExpr>
                                                            <AdditiveExpr>
                                                                <MultiplicativeExpr>
                                                                    <UnionExpr>
                                                                        <IntersectExceptExpr>
                                                                            <InstanceofExpr>
                                                                                <TreatExpr>
                                                                                    <CastableExpr>
                                                                                        <CastExpr>
                                                                                          <UnaryExpr>
                                                                                          <ValueExpr>
                                                                                          <PathExpr>
                                                                                          <RelativePathExpr>
                                                                                          <StepExpr>
                                                                                          <FilterExpr>
                                                                                          <PrimaryExpr>
                                                                                          <FunctionCall>
                                                                                          <FunctionName>
                                                                                          <QName>request:param</QName>
                                                                                          </FunctionName>
                                                                                          <TOKEN>(</TOKEN>
                                                                                          <ExprSingle>
                                                                                          <OrExpr>
                                                                                          <AndExpr>
                                                                                          <ComparisonExpr>
                                                                                          <RangeExpr>
                                                                                          <AdditiveExpr>
                                                                                          <MultiplicativeExpr>
                                                                                          <UnionExpr>
                                                                                          <IntersectExceptExpr>
                                                                                          <InstanceofExpr>
                                                                                          <TreatExpr>
                                                                                          <CastableExpr>
                                                                                          <CastExpr>
                                                                                          <UnaryExpr>
                                                                                          <ValueExpr>
                                                                                          <PathExpr>
                                                                                          <RelativePathExpr>
                                                                                          <StepExpr>
                                                                                          <FilterExpr>
                                                                                          <PrimaryExpr>
                                                                                          <Literal>
                                                                                          <StringLiteral>"returnUrl"</StringLiteral>
                                                                                          </Literal>
                                                                                          </PrimaryExpr>
                                                                                          <PredicateList/>
                                                                                          </FilterExpr>
                                                                                          </StepExpr>
                                                                                          </RelativePathExpr>
                                                                                          </PathExpr>
                                                                                          </ValueExpr>
                                                                                          </UnaryExpr>
                                                                                          </CastExpr>
                                                                                          </CastableExpr>
                                                                                          </TreatExpr>
                                                                                          </InstanceofExpr>
                                                                                          </IntersectExceptExpr>
                                                                                          </UnionExpr>
                                                                                          </MultiplicativeExpr>
                                                                                          </AdditiveExpr>
                                                                                          </RangeExpr>
                                                                                          </ComparisonExpr>
                                                                                          </AndExpr>
                                                                                          </OrExpr>
                                                                                          </ExprSingle>
                                                                                          <TOKEN>)</TOKEN>
                                                                                          </FunctionCall>
                                                                                          </PrimaryExpr>
                                                                                          <PredicateList/>
                                                                                          </FilterExpr>
                                                                                          </StepExpr>
                                                                                          </RelativePathExpr>
                                                                                          </PathExpr>
                                                                                          </ValueExpr>
                                                                                          </UnaryExpr>
                                                                                        </CastExpr>
                                                                                    </CastableExpr>
                                                                                </TreatExpr>
                                                                            </InstanceofExpr>
                                                                        </IntersectExceptExpr>
                                                                    </UnionExpr>
                                                                </MultiplicativeExpr>
                                                            </AdditiveExpr>
                                                        </RangeExpr>
                                                    </ComparisonExpr>
                                                </AndExpr>
                                            </OrExpr>
                                        </ExprSingle>
                                    </LetClause>
                                    <LetClause>
                                        <TOKEN>let</TOKEN>
                                        <TOKEN>$</TOKEN>
                                        <VarName>
                                            <QName>
                                                <FunctionName>
                                                    <QName>_</QName>
                                                </FunctionName>
                                            </QName>
                                        </VarName>
                                        <TOKEN>:=</TOKEN>
                                        <ExprSingle>
                                            <OrExpr>
                                                <AndExpr>
                                                    <ComparisonExpr>
                                                        <RangeExpr>
                                                            <AdditiveExpr>
                                                                <MultiplicativeExpr>
                                                                    <UnionExpr>
                                                                        <IntersectExceptExpr>
                                                                            <InstanceofExpr>
                                                                                <TreatExpr>
                                                                                    <CastableExpr>
                                                                                        <CastExpr>
                                                                                          <UnaryExpr>
                                                                                          <ValueExpr>
                                                                                          <PathExpr>
                                                                                          <RelativePathExpr>
                                                                                          <StepExpr>
                                                                                          <FilterExpr>
                                                                                          <PrimaryExpr>
                                                                                          <FunctionCall>
                                                                                          <FunctionName>
                                                                                          <QName>xdmp:login</QName>
                                                                                          </FunctionName>
                                                                                          <TOKEN>(</TOKEN>
                                                                                          <ExprSingle>
                                                                                          <OrExpr>
                                                                                          <AndExpr>
                                                                                          <ComparisonExpr>
                                                                                          <RangeExpr>
                                                                                          <AdditiveExpr>
                                                                                          <MultiplicativeExpr>
                                                                                          <UnionExpr>
                                                                                          <IntersectExceptExpr>
                                                                                          <InstanceofExpr>
                                                                                          <TreatExpr>
                                                                                          <CastableExpr>
                                                                                          <CastExpr>
                                                                                          <UnaryExpr>
                                                                                          <ValueExpr>
                                                                                          <PathExpr>
                                                                                          <RelativePathExpr>
                                                                                          <StepExpr>
                                                                                          <FilterExpr>
                                                                                          <PrimaryExpr>
                                                                                          <VarRef>
                                                                                          <TOKEN>$</TOKEN>
                                                                                          <VarName>
                                                                                          <QName>
                                                                                          <FunctionName>
                                                                                          <QName>user</QName>
                                                                                          </FunctionName>
                                                                                          </QName>
                                                                                          </VarName>
                                                                                          </VarRef>
                                                                                          </PrimaryExpr>
                                                                                          <PredicateList/>
                                                                                          </FilterExpr>
                                                                                          </StepExpr>
                                                                                          </RelativePathExpr>
                                                                                          </PathExpr>
                                                                                          </ValueExpr>
                                                                                          </UnaryExpr>
                                                                                          </CastExpr>
                                                                                          </CastableExpr>
                                                                                          </TreatExpr>
                                                                                          </InstanceofExpr>
                                                                                          </IntersectExceptExpr>
                                                                                          </UnionExpr>
                                                                                          </MultiplicativeExpr>
                                                                                          </AdditiveExpr>
                                                                                          </RangeExpr>
                                                                                          </ComparisonExpr>
                                                                                          </AndExpr>
                                                                                          </OrExpr>
                                                                                          </ExprSingle>
                                                                                          <TOKEN>,</TOKEN>
                                                                                          <ExprSingle>
                                                                                          <OrExpr>
                                                                                          <AndExpr>
                                                                                          <ComparisonExpr>
                                                                                          <RangeExpr>
                                                                                          <AdditiveExpr>
                                                                                          <MultiplicativeExpr>
                                                                                          <UnionExpr>
                                                                                          <IntersectExceptExpr>
                                                                                          <InstanceofExpr>
                                                                                          <TreatExpr>
                                                                                          <CastableExpr>
                                                                                          <CastExpr>
                                                                                          <UnaryExpr>
                                                                                          <ValueExpr>
                                                                                          <PathExpr>
                                                                                          <RelativePathExpr>
                                                                                          <StepExpr>
                                                                                          <FilterExpr>
                                                                                          <PrimaryExpr>
                                                                                          <VarRef>
                                                                                          <TOKEN>$</TOKEN>
                                                                                          <VarName>
                                                                                          <QName>
                                                                                          <FunctionName>
                                                                                          <QName>password</QName>
                                                                                          </FunctionName>
                                                                                          </QName>
                                                                                          </VarName>
                                                                                          </VarRef>
                                                                                          </PrimaryExpr>
                                                                                          <PredicateList/>
                                                                                          </FilterExpr>
                                                                                          </StepExpr>
                                                                                          </RelativePathExpr>
                                                                                          </PathExpr>
                                                                                          </ValueExpr>
                                                                                          </UnaryExpr>
                                                                                          </CastExpr>
                                                                                          </CastableExpr>
                                                                                          </TreatExpr>
                                                                                          </InstanceofExpr>
                                                                                          </IntersectExceptExpr>
                                                                                          </UnionExpr>
                                                                                          </MultiplicativeExpr>
                                                                                          </AdditiveExpr>
                                                                                          </RangeExpr>
                                                                                          </ComparisonExpr>
                                                                                          </AndExpr>
                                                                                          </OrExpr>
                                                                                          </ExprSingle>
                                                                                          <TOKEN>)</TOKEN>
                                                                                          </FunctionCall>
                                                                                          </PrimaryExpr>
                                                                                          <PredicateList/>
                                                                                          </FilterExpr>
                                                                                          </StepExpr>
                                                                                          </RelativePathExpr>
                                                                                          </PathExpr>
                                                                                          </ValueExpr>
                                                                                          </UnaryExpr>
                                                                                        </CastExpr>
                                                                                    </CastableExpr>
                                                                                </TreatExpr>
                                                                            </InstanceofExpr>
                                                                        </IntersectExceptExpr>
                                                                    </UnionExpr>
                                                                </MultiplicativeExpr>
                                                            </AdditiveExpr>
                                                        </RangeExpr>
                                                    </ComparisonExpr>
                                                </AndExpr>
                                            </OrExpr>
                                        </ExprSingle>
                                    </LetClause>
                                    <TOKEN>return</TOKEN>
                                    <ExprSingle>
                                        <OrExpr>
                                            <AndExpr>
                                                <ComparisonExpr>
                                                    <RangeExpr>
                                                        <AdditiveExpr>
                                                            <MultiplicativeExpr>
                                                                <UnionExpr>
                                                                    <IntersectExceptExpr>
                                                                        <InstanceofExpr>
                                                                            <TreatExpr>
                                                                                <CastableExpr>
                                                                                    <CastExpr>
                                                                                        <UnaryExpr>
                                                                                          <ValueExpr>
                                                                                          <PathExpr>
                                                                                          <RelativePathExpr>
                                                                                          <StepExpr>
                                                                                          <FilterExpr>
                                                                                          <PrimaryExpr>
                                                                                          <ParenthesizedExpr>
                                                                                          <TOKEN>(</TOKEN>
                                                                                          <Expr>
                                                                                          <ExprSingle>
                                                                                          <OrExpr>
                                                                                          <AndExpr>
                                                                                          <ComparisonExpr>
                                                                                          <RangeExpr>
                                                                                          <AdditiveExpr>
                                                                                          <MultiplicativeExpr>
                                                                                          <UnionExpr>
                                                                                          <IntersectExceptExpr>
                                                                                          <InstanceofExpr>
                                                                                          <TreatExpr>
                                                                                          <CastableExpr>
                                                                                          <CastExpr>
                                                                                          <UnaryExpr>
                                                                                          <ValueExpr>
                                                                                          <PathExpr>
                                                                                          <RelativePathExpr>
                                                                                          <StepExpr>
                                                                                          <FilterExpr>
                                                                                          <PrimaryExpr>
                                                                                          <FunctionCall>
                                                                                          <FunctionName>
                                                                                          <QName>response:set-controller</QName>
                                                                                          </FunctionName>
                                                                                          <TOKEN>(</TOKEN>
                                                                                          <ExprSingle>
                                                                                          <OrExpr>
                                                                                          <AndExpr>
                                                                                          <ComparisonExpr>
                                                                                          <RangeExpr>
                                                                                          <AdditiveExpr>
                                                                                          <MultiplicativeExpr>
                                                                                          <UnionExpr>
                                                                                          <IntersectExceptExpr>
                                                                                          <InstanceofExpr>
                                                                                          <TreatExpr>
                                                                                          <CastableExpr>
                                                                                          <CastExpr>
                                                                                          <UnaryExpr>
                                                                                          <ValueExpr>
                                                                                          <PathExpr>
                                                                                          <RelativePathExpr>
                                                                                          <StepExpr>
                                                                                          <FilterExpr>
                                                                                          <PrimaryExpr>
                                                                                          <Literal>
                                                                                          <StringLiteral>"default"</StringLiteral>
                                                                                          </Literal>
                                                                                          </PrimaryExpr>
                                                                                          <PredicateList/>
                                                                                          </FilterExpr>
                                                                                          </StepExpr>
                                                                                          </RelativePathExpr>
                                                                                          </PathExpr>
                                                                                          </ValueExpr>
                                                                                          </UnaryExpr>
                                                                                          </CastExpr>
                                                                                          </CastableExpr>
                                                                                          </TreatExpr>
                                                                                          </InstanceofExpr>
                                                                                          </IntersectExceptExpr>
                                                                                          </UnionExpr>
                                                                                          </MultiplicativeExpr>
                                                                                          </AdditiveExpr>
                                                                                          </RangeExpr>
                                                                                          </ComparisonExpr>
                                                                                          </AndExpr>
                                                                                          </OrExpr>
                                                                                          </ExprSingle>
                                                                                          <TOKEN>)</TOKEN>
                                                                                          </FunctionCall>
                                                                                          </PrimaryExpr>
                                                                                          <PredicateList/>
                                                                                          </FilterExpr>
                                                                                          </StepExpr>
                                                                                          </RelativePathExpr>
                                                                                          </PathExpr>
                                                                                          </ValueExpr>
                                                                                          </UnaryExpr>
                                                                                          </CastExpr>
                                                                                          </CastableExpr>
                                                                                          </TreatExpr>
                                                                                          </InstanceofExpr>
                                                                                          </IntersectExceptExpr>
                                                                                          </UnionExpr>
                                                                                          </MultiplicativeExpr>
                                                                                          </AdditiveExpr>
                                                                                          </RangeExpr>
                                                                                          </ComparisonExpr>
                                                                                          </AndExpr>
                                                                                          </OrExpr>
                                                                                          </ExprSingle>
                                                                                          <TOKEN>,</TOKEN>
                                                                                          <ExprSingle>
                                                                                          <IfExpr>
                                                                                          <TOKEN>if</TOKEN>
                                                                                          <TOKEN>(</TOKEN>
                                                                                          <Expr>
                                                                                          <ExprSingle>
                                                                                          <OrExpr>
                                                                                          <AndExpr>
                                                                                          <ComparisonExpr>
                                                                                          <RangeExpr>
                                                                                          <AdditiveExpr>
                                                                                          <MultiplicativeExpr>
                                                                                          <UnionExpr>
                                                                                          <IntersectExceptExpr>
                                                                                          <InstanceofExpr>
                                                                                          <TreatExpr>
                                                                                          <CastableExpr>
                                                                                          <CastExpr>
                                                                                          <UnaryExpr>
                                                                                          <ValueExpr>
                                                                                          <PathExpr>
                                                                                          <RelativePathExpr>
                                                                                          <StepExpr>
                                                                                          <FilterExpr>
                                                                                          <PrimaryExpr>
                                                                                          <VarRef>
                                                                                          <TOKEN>$</TOKEN>
                                                                                          <VarName>
                                                                                          <QName>
                                                                                          <FunctionName>
                                                                                          <QName>return-url</QName>
                                                                                          </FunctionName>
                                                                                          </QName>
                                                                                          </VarName>
                                                                                          </VarRef>
                                                                                          </PrimaryExpr>
                                                                                          <PredicateList/>
                                                                                          </FilterExpr>
                                                                                          </StepExpr>
                                                                                          </RelativePathExpr>
                                                                                          </PathExpr>
                                                                                          </ValueExpr>
                                                                                          </UnaryExpr>
                                                                                          </CastExpr>
                                                                                          </CastableExpr>
                                                                                          </TreatExpr>
                                                                                          </InstanceofExpr>
                                                                                          </IntersectExceptExpr>
                                                                                          </UnionExpr>
                                                                                          </MultiplicativeExpr>
                                                                                          </AdditiveExpr>
                                                                                          </RangeExpr>
                                                                                          <ValueComp>
                                                                                          <TOKEN>ne</TOKEN>
                                                                                          </ValueComp>
                                                                                          <RangeExpr>
                                                                                          <AdditiveExpr>
                                                                                          <MultiplicativeExpr>
                                                                                          <UnionExpr>
                                                                                          <IntersectExceptExpr>
                                                                                          <InstanceofExpr>
                                                                                          <TreatExpr>
                                                                                          <CastableExpr>
                                                                                          <CastExpr>
                                                                                          <UnaryExpr>
                                                                                          <ValueExpr>
                                                                                          <PathExpr>
                                                                                          <RelativePathExpr>
                                                                                          <StepExpr>
                                                                                          <FilterExpr>
                                                                                          <PrimaryExpr>
                                                                                          <Literal>
                                                                                          <StringLiteral>""</StringLiteral>
                                                                                          </Literal>
                                                                                          </PrimaryExpr>
                                                                                          <PredicateList/>
                                                                                          </FilterExpr>
                                                                                          </StepExpr>
                                                                                          </RelativePathExpr>
                                                                                          </PathExpr>
                                                                                          </ValueExpr>
                                                                                          </UnaryExpr>
                                                                                          </CastExpr>
                                                                                          </CastableExpr>
                                                                                          </TreatExpr>
                                                                                          </InstanceofExpr>
                                                                                          </IntersectExceptExpr>
                                                                                          </UnionExpr>
                                                                                          </MultiplicativeExpr>
                                                                                          </AdditiveExpr>
                                                                                          </RangeExpr>
                                                                                          </ComparisonExpr>
                                                                                          </AndExpr>
                                                                                          </OrExpr>
                                                                                          </ExprSingle>
                                                                                          </Expr>
                                                                                          <TOKEN>)</TOKEN>
                                                                                          <TOKEN>then</TOKEN>
                                                                                          <ExprSingle>
                                                                                          <OrExpr>
                                                                                          <AndExpr>
                                                                                          <ComparisonExpr>
                                                                                          <RangeExpr>
                                                                                          <AdditiveExpr>
                                                                                          <MultiplicativeExpr>
                                                                                          <UnionExpr>
                                                                                          <IntersectExceptExpr>
                                                                                          <InstanceofExpr>
                                                                                          <TreatExpr>
                                                                                          <CastableExpr>
                                                                                          <CastExpr>
                                                                                          <UnaryExpr>
                                                                                          <ValueExpr>
                                                                                          <PathExpr>
                                                                                          <RelativePathExpr>
                                                                                          <StepExpr>
                                                                                          <FilterExpr>
                                                                                          <PrimaryExpr>
                                                                                          <FunctionCall>
                                                                                          <FunctionName>
                                                                                          <QName>response:redirect</QName>
                                                                                          </FunctionName>
                                                                                          <TOKEN>(</TOKEN>
                                                                                          <ExprSingle>
                                                                                          <OrExpr>
                                                                                          <AndExpr>
                                                                                          <ComparisonExpr>
                                                                                          <RangeExpr>
                                                                                          <AdditiveExpr>
                                                                                          <MultiplicativeExpr>
                                                                                          <UnionExpr>
                                                                                          <IntersectExceptExpr>
                                                                                          <InstanceofExpr>
                                                                                          <TreatExpr>
                                                                                          <CastableExpr>
                                                                                          <CastExpr>
                                                                                          <UnaryExpr>
                                                                                          <ValueExpr>
                                                                                          <PathExpr>
                                                                                          <RelativePathExpr>
                                                                                          <StepExpr>
                                                                                          <FilterExpr>
                                                                                          <PrimaryExpr>
                                                                                          <VarRef>
                                                                                          <TOKEN>$</TOKEN>
                                                                                          <VarName>
                                                                                          <QName>
                                                                                          <FunctionName>
                                                                                          <QName>return-url</QName>
                                                                                          </FunctionName>
                                                                                          </QName>
                                                                                          </VarName>
                                                                                          </VarRef>
                                                                                          </PrimaryExpr>
                                                                                          <PredicateList/>
                                                                                          </FilterExpr>
                                                                                          </StepExpr>
                                                                                          </RelativePathExpr>
                                                                                          </PathExpr>
                                                                                          </ValueExpr>
                                                                                          </UnaryExpr>
                                                                                          </CastExpr>
                                                                                          </CastableExpr>
                                                                                          </TreatExpr>
                                                                                          </InstanceofExpr>
                                                                                          </IntersectExceptExpr>
                                                                                          </UnionExpr>
                                                                                          </MultiplicativeExpr>
                                                                                          </AdditiveExpr>
                                                                                          </RangeExpr>
                                                                                          </ComparisonExpr>
                                                                                          </AndExpr>
                                                                                          </OrExpr>
                                                                                          </ExprSingle>
                                                                                          <TOKEN>)</TOKEN>
                                                                                          </FunctionCall>
                                                                                          </PrimaryExpr>
                                                                                          <PredicateList/>
                                                                                          </FilterExpr>
                                                                                          </StepExpr>
                                                                                          </RelativePathExpr>
                                                                                          </PathExpr>
                                                                                          </ValueExpr>
                                                                                          </UnaryExpr>
                                                                                          </CastExpr>
                                                                                          </CastableExpr>
                                                                                          </TreatExpr>
                                                                                          </InstanceofExpr>
                                                                                          </IntersectExceptExpr>
                                                                                          </UnionExpr>
                                                                                          </MultiplicativeExpr>
                                                                                          </AdditiveExpr>
                                                                                          </RangeExpr>
                                                                                          </ComparisonExpr>
                                                                                          </AndExpr>
                                                                                          </OrExpr>
                                                                                          </ExprSingle>
                                                                                          <TOKEN>else</TOKEN>
                                                                                          <ExprSingle>
                                                                                          <OrExpr>
                                                                                          <AndExpr>
                                                                                          <ComparisonExpr>
                                                                                          <RangeExpr>
                                                                                          <AdditiveExpr>
                                                                                          <MultiplicativeExpr>
                                                                                          <UnionExpr>
                                                                                          <IntersectExceptExpr>
                                                                                          <InstanceofExpr>
                                                                                          <TreatExpr>
                                                                                          <CastableExpr>
                                                                                          <CastExpr>
                                                                                          <UnaryExpr>
                                                                                          <ValueExpr>
                                                                                          <PathExpr>
                                                                                          <RelativePathExpr>
                                                                                          <StepExpr>
                                                                                          <FilterExpr>
                                                                                          <PrimaryExpr>
                                                                                          <FunctionCall>
                                                                                          <FunctionName>
                                                                                          <QName>response:redirect</QName>
                                                                                          </FunctionName>
                                                                                          <TOKEN>(</TOKEN>
                                                                                          <ExprSingle>
                                                                                          <OrExpr>
                                                                                          <AndExpr>
                                                                                          <ComparisonExpr>
                                                                                          <RangeExpr>
                                                                                          <AdditiveExpr>
                                                                                          <MultiplicativeExpr>
                                                                                          <UnionExpr>
                                                                                          <IntersectExceptExpr>
                                                                                          <InstanceofExpr>
                                                                                          <TreatExpr>
                                                                                          <CastableExpr>
                                                                                          <CastExpr>
                                                                                          <UnaryExpr>
                                                                                          <ValueExpr>
                                                                                          <PathExpr>
                                                                                          <RelativePathExpr>
                                                                                          <StepExpr>
                                                                                          <FilterExpr>
                                                                                          <PrimaryExpr>
                                                                                          <Literal>
                                                                                          <StringLiteral>"/"</StringLiteral>
                                                                                          </Literal>
                                                                                          </PrimaryExpr>
                                                                                          <PredicateList/>
                                                                                          </FilterExpr>
                                                                                          </StepExpr>
                                                                                          </RelativePathExpr>
                                                                                          </PathExpr>
                                                                                          </ValueExpr>
                                                                                          </UnaryExpr>
                                                                                          </CastExpr>
                                                                                          </CastableExpr>
                                                                                          </TreatExpr>
                                                                                          </InstanceofExpr>
                                                                                          </IntersectExceptExpr>
                                                                                          </UnionExpr>
                                                                                          </MultiplicativeExpr>
                                                                                          </AdditiveExpr>
                                                                                          </RangeExpr>
                                                                                          </ComparisonExpr>
                                                                                          </AndExpr>
                                                                                          </OrExpr>
                                                                                          </ExprSingle>
                                                                                          <TOKEN>)</TOKEN>
                                                                                          </FunctionCall>
                                                                                          </PrimaryExpr>
                                                                                          <PredicateList/>
                                                                                          </FilterExpr>
                                                                                          </StepExpr>
                                                                                          </RelativePathExpr>
                                                                                          </PathExpr>
                                                                                          </ValueExpr>
                                                                                          </UnaryExpr>
                                                                                          </CastExpr>
                                                                                          </CastableExpr>
                                                                                          </TreatExpr>
                                                                                          </InstanceofExpr>
                                                                                          </IntersectExceptExpr>
                                                                                          </UnionExpr>
                                                                                          </MultiplicativeExpr>
                                                                                          </AdditiveExpr>
                                                                                          </RangeExpr>
                                                                                          </ComparisonExpr>
                                                                                          </AndExpr>
                                                                                          </OrExpr>
                                                                                          </ExprSingle>
                                                                                          </IfExpr>
                                                                                          </ExprSingle>
                                                                                          <TOKEN>,</TOKEN>
                                                                                          <ExprSingle>
                                                                                          <OrExpr>
                                                                                          <AndExpr>
                                                                                          <ComparisonExpr>
                                                                                          <RangeExpr>
                                                                                          <AdditiveExpr>
                                                                                          <MultiplicativeExpr>
                                                                                          <UnionExpr>
                                                                                          <IntersectExceptExpr>
                                                                                          <InstanceofExpr>
                                                                                          <TreatExpr>
                                                                                          <CastableExpr>
                                                                                          <CastExpr>
                                                                                          <UnaryExpr>
                                                                                          <ValueExpr>
                                                                                          <PathExpr>
                                                                                          <RelativePathExpr>
                                                                                          <StepExpr>
                                                                                          <FilterExpr>
                                                                                          <PrimaryExpr>
                                                                                          <FunctionCall>
                                                                                          <FunctionName>
                                                                                          <QName>response:response</QName>
                                                                                          </FunctionName>
                                                                                          <TOKEN>(</TOKEN>
                                                                                          <TOKEN>)</TOKEN>
                                                                                          </FunctionCall>
                                                                                          </PrimaryExpr>
                                                                                          <PredicateList/>
                                                                                          </FilterExpr>
                                                                                          </StepExpr>
                                                                                          </RelativePathExpr>
                                                                                          </PathExpr>
                                                                                          </ValueExpr>
                                                                                          </UnaryExpr>
                                                                                          </CastExpr>
                                                                                          </CastableExpr>
                                                                                          </TreatExpr>
                                                                                          </InstanceofExpr>
                                                                                          </IntersectExceptExpr>
                                                                                          </UnionExpr>
                                                                                          </MultiplicativeExpr>
                                                                                          </AdditiveExpr>
                                                                                          </RangeExpr>
                                                                                          </ComparisonExpr>
                                                                                          </AndExpr>
                                                                                          </OrExpr>
                                                                                          </ExprSingle>
                                                                                          </Expr>
                                                                                          <TOKEN>)</TOKEN>
                                                                                          </ParenthesizedExpr>
                                                                                          </PrimaryExpr>
                                                                                          <PredicateList/>
                                                                                          </FilterExpr>
                                                                                          </StepExpr>
                                                                                          </RelativePathExpr>
                                                                                          </PathExpr>
                                                                                          </ValueExpr>
                                                                                        </UnaryExpr>
                                                                                    </CastExpr>
                                                                                </CastableExpr>
                                                                            </TreatExpr>
                                                                        </InstanceofExpr>
                                                                    </IntersectExceptExpr>
                                                                </UnionExpr>
                                                            </MultiplicativeExpr>
                                                        </AdditiveExpr>
                                                    </RangeExpr>
                                                </ComparisonExpr>
                                            </AndExpr>
                                        </OrExpr>
                                    </ExprSingle>
                                </FLWORExpr>
                            </ExprSingle>
                        </Expr>
                        <TOKEN>}</TOKEN>
                    </EnclosedExpr>
                </FunctionDecl>
                <Separator>
                    <TOKEN>;</TOKEN>
                </Separator>
                <FunctionDecl>

                    <TOKEN>declare</TOKEN>
                    <TOKEN>function</TOKEN>
                    <FunctionName>
                        <QName>controller:logout</QName>
                    </FunctionName>
                    <TOKEN>(</TOKEN>
                    <ParamList>
                        <Param>
                            <TOKEN>$</TOKEN>
                            <QName>
                                <FunctionName>
                                    <QName>request</QName>
                                </FunctionName>
                            </QName>
                            <TypeDeclaration>
                                <TOKEN>as</TOKEN>
                                <SequenceType>
                                    <ItemType>
                                        <AtomicType>
                                            <QName>
                                                <FunctionName>
                                                    <QName>map:map</QName>
                                                </FunctionName>
                                            </QName>
                                        </AtomicType>
                                    </ItemType>
                                </SequenceType>
                            </TypeDeclaration>
                        </Param>
                    </ParamList>
                    <TOKEN>)</TOKEN>
                    <EnclosedExpr>
                        <TOKEN>{</TOKEN>
                        <Expr>
                            <ExprSingle>
                                <OrExpr>
                                    <AndExpr>
                                        <ComparisonExpr>
                                            <RangeExpr>
                                                <AdditiveExpr>
                                                    <MultiplicativeExpr>
                                                        <UnionExpr>
                                                            <IntersectExceptExpr>
                                                                <InstanceofExpr>
                                                                    <TreatExpr>
                                                                        <CastableExpr>
                                                                            <CastExpr>
                                                                                <UnaryExpr>
                                                                                    <ValueExpr>
                                                                                        <PathExpr>
                                                                                          <RelativePathExpr>
                                                                                          <StepExpr>
                                                                                          <FilterExpr>
                                                                                          <PrimaryExpr>
                                                                                          <ParenthesizedExpr>
                                                                                          <TOKEN>(</TOKEN>
                                                                                          <Expr>
                                                                                          <ExprSingle>
                                                                                          <OrExpr>
                                                                                          <AndExpr>
                                                                                          <ComparisonExpr>
                                                                                          <RangeExpr>
                                                                                          <AdditiveExpr>
                                                                                          <MultiplicativeExpr>
                                                                                          <UnionExpr>
                                                                                          <IntersectExceptExpr>
                                                                                          <InstanceofExpr>
                                                                                          <TreatExpr>
                                                                                          <CastableExpr>
                                                                                          <CastExpr>
                                                                                          <UnaryExpr>
                                                                                          <ValueExpr>
                                                                                          <PathExpr>
                                                                                          <RelativePathExpr>
                                                                                          <StepExpr>
                                                                                          <FilterExpr>
                                                                                          <PrimaryExpr>
                                                                                          <FunctionCall>
                                                                                          <FunctionName>
                                                                                          <QName>xdmp:logout</QName>
                                                                                          </FunctionName>
                                                                                          <TOKEN>(</TOKEN>
                                                                                          <TOKEN>)</TOKEN>
                                                                                          </FunctionCall>
                                                                                          </PrimaryExpr>
                                                                                          <PredicateList/>
                                                                                          </FilterExpr>
                                                                                          </StepExpr>
                                                                                          </RelativePathExpr>
                                                                                          </PathExpr>
                                                                                          </ValueExpr>
                                                                                          </UnaryExpr>
                                                                                          </CastExpr>
                                                                                          </CastableExpr>
                                                                                          </TreatExpr>
                                                                                          </InstanceofExpr>
                                                                                          </IntersectExceptExpr>
                                                                                          </UnionExpr>
                                                                                          </MultiplicativeExpr>
                                                                                          </AdditiveExpr>
                                                                                          </RangeExpr>
                                                                                          </ComparisonExpr>
                                                                                          </AndExpr>
                                                                                          </OrExpr>
                                                                                          </ExprSingle>
                                                                                          <TOKEN>,</TOKEN>
                                                                                          <ExprSingle>
                                                                                          <OrExpr>
                                                                                          <AndExpr>
                                                                                          <ComparisonExpr>
                                                                                          <RangeExpr>
                                                                                          <AdditiveExpr>
                                                                                          <MultiplicativeExpr>
                                                                                          <UnionExpr>
                                                                                          <IntersectExceptExpr>
                                                                                          <InstanceofExpr>
                                                                                          <TreatExpr>
                                                                                          <CastableExpr>
                                                                                          <CastExpr>
                                                                                          <UnaryExpr>
                                                                                          <ValueExpr>
                                                                                          <PathExpr>
                                                                                          <RelativePathExpr>
                                                                                          <StepExpr>
                                                                                          <FilterExpr>
                                                                                          <PrimaryExpr>
                                                                                          <FunctionCall>
                                                                                          <FunctionName>
                                                                                          <QName>response:redirect</QName>
                                                                                          </FunctionName>
                                                                                          <TOKEN>(</TOKEN>
                                                                                          <ExprSingle>
                                                                                          <OrExpr>
                                                                                          <AndExpr>
                                                                                          <ComparisonExpr>
                                                                                          <RangeExpr>
                                                                                          <AdditiveExpr>
                                                                                          <MultiplicativeExpr>
                                                                                          <UnionExpr>
                                                                                          <IntersectExceptExpr>
                                                                                          <InstanceofExpr>
                                                                                          <TreatExpr>
                                                                                          <CastableExpr>
                                                                                          <CastExpr>
                                                                                          <UnaryExpr>
                                                                                          <ValueExpr>
                                                                                          <PathExpr>
                                                                                          <RelativePathExpr>
                                                                                          <StepExpr>
                                                                                          <FilterExpr>
                                                                                          <PrimaryExpr>
                                                                                          <Literal>
                                                                                          <StringLiteral>"/"</StringLiteral>
                                                                                          </Literal>
                                                                                          </PrimaryExpr>
                                                                                          <PredicateList/>
                                                                                          </FilterExpr>
                                                                                          </StepExpr>
                                                                                          </RelativePathExpr>
                                                                                          </PathExpr>
                                                                                          </ValueExpr>
                                                                                          </UnaryExpr>
                                                                                          </CastExpr>
                                                                                          </CastableExpr>
                                                                                          </TreatExpr>
                                                                                          </InstanceofExpr>
                                                                                          </IntersectExceptExpr>
                                                                                          </UnionExpr>
                                                                                          </MultiplicativeExpr>
                                                                                          </AdditiveExpr>
                                                                                          </RangeExpr>
                                                                                          </ComparisonExpr>
                                                                                          </AndExpr>
                                                                                          </OrExpr>
                                                                                          </ExprSingle>
                                                                                          <TOKEN>)</TOKEN>
                                                                                          </FunctionCall>
                                                                                          </PrimaryExpr>
                                                                                          <PredicateList/>
                                                                                          </FilterExpr>
                                                                                          </StepExpr>
                                                                                          </RelativePathExpr>
                                                                                          </PathExpr>
                                                                                          </ValueExpr>
                                                                                          </UnaryExpr>
                                                                                          </CastExpr>
                                                                                          </CastableExpr>
                                                                                          </TreatExpr>
                                                                                          </InstanceofExpr>
                                                                                          </IntersectExceptExpr>
                                                                                          </UnionExpr>
                                                                                          </MultiplicativeExpr>
                                                                                          </AdditiveExpr>
                                                                                          </RangeExpr>
                                                                                          </ComparisonExpr>
                                                                                          </AndExpr>
                                                                                          </OrExpr>
                                                                                          </ExprSingle>
                                                                                          <TOKEN>,</TOKEN>
                                                                                          <ExprSingle>
                                                                                          <OrExpr>
                                                                                          <AndExpr>
                                                                                          <ComparisonExpr>
                                                                                          <RangeExpr>
                                                                                          <AdditiveExpr>
                                                                                          <MultiplicativeExpr>
                                                                                          <UnionExpr>
                                                                                          <IntersectExceptExpr>
                                                                                          <InstanceofExpr>
                                                                                          <TreatExpr>
                                                                                          <CastableExpr>
                                                                                          <CastExpr>
                                                                                          <UnaryExpr>
                                                                                          <ValueExpr>
                                                                                          <PathExpr>
                                                                                          <RelativePathExpr>
                                                                                          <StepExpr>
                                                                                          <FilterExpr>
                                                                                          <PrimaryExpr>
                                                                                          <FunctionCall>
                                                                                          <FunctionName>
                                                                                          <QName>response:response</QName>
                                                                                          </FunctionName>
                                                                                          <TOKEN>(</TOKEN>
                                                                                          <TOKEN>)</TOKEN>
                                                                                          </FunctionCall>
                                                                                          </PrimaryExpr>
                                                                                          <PredicateList/>
                                                                                          </FilterExpr>
                                                                                          </StepExpr>
                                                                                          </RelativePathExpr>
                                                                                          </PathExpr>
                                                                                          </ValueExpr>
                                                                                          </UnaryExpr>
                                                                                          </CastExpr>
                                                                                          </CastableExpr>
                                                                                          </TreatExpr>
                                                                                          </InstanceofExpr>
                                                                                          </IntersectExceptExpr>
                                                                                          </UnionExpr>
                                                                                          </MultiplicativeExpr>
                                                                                          </AdditiveExpr>
                                                                                          </RangeExpr>
                                                                                          </ComparisonExpr>
                                                                                          </AndExpr>
                                                                                          </OrExpr>
                                                                                          </ExprSingle>
                                                                                          </Expr>
                                                                                          <TOKEN>)</TOKEN>
                                                                                          </ParenthesizedExpr>
                                                                                          </PrimaryExpr>
                                                                                          <PredicateList/>
                                                                                          </FilterExpr>
                                                                                          </StepExpr>
                                                                                          </RelativePathExpr>
                                                                                        </PathExpr>
                                                                                    </ValueExpr>
                                                                                </UnaryExpr>
                                                                            </CastExpr>
                                                                        </CastableExpr>
                                                                    </TreatExpr>
                                                                </InstanceofExpr>
                                                            </IntersectExceptExpr>
                                                        </UnionExpr>
                                                    </MultiplicativeExpr>
                                                </AdditiveExpr>
                                            </RangeExpr>
                                        </ComparisonExpr>
                                    </AndExpr>
                                </OrExpr>
                            </ExprSingle>
                        </Expr>
                        <TOKEN>}</TOKEN>
                    </EnclosedExpr>
                </FunctionDecl>
                <Separator>
                    <TOKEN>;</TOKEN>
                </Separator>
                <FunctionDecl>
                    <TOKEN>declare</TOKEN>
                    <TOKEN>function</TOKEN>
                    <FunctionName>
                        <QName>controller:accordion</QName>
                    </FunctionName>
                    <TOKEN>(</TOKEN>
                    <ParamList>
                        <Param>
                            <TOKEN>$</TOKEN>
                            <QName>
                                <FunctionName>
                                    <QName>request</QName>
                                </FunctionName>
                            </QName>
                            <TypeDeclaration>
                                <TOKEN>as</TOKEN>
                                <SequenceType>
                                    <ItemType>
                                        <AtomicType>
                                            <QName>
                                                <FunctionName>
                                                    <QName>map:map</QName>
                                                </FunctionName>
                                            </QName>
                                        </AtomicType>
                                    </ItemType>
                                </SequenceType>
                            </TypeDeclaration>
                        </Param>
                    </ParamList>
                    <TOKEN>)</TOKEN>
                    <EnclosedExpr>
                        <TOKEN>{</TOKEN>
                        <Expr>
                            <ExprSingle>
                                <OrExpr>
                                    <AndExpr>
                                        <ComparisonExpr>
                                            <RangeExpr>
                                                <AdditiveExpr>
                                                    <MultiplicativeExpr>
                                                        <UnionExpr>
                                                            <IntersectExceptExpr>
                                                                <InstanceofExpr>
                                                                    <TreatExpr>
                                                                        <CastableExpr>
                                                                            <CastExpr>
                                                                                <UnaryExpr>
                                                                                    <ValueExpr>
                                                                                        <PathExpr>
                                                                                          <RelativePathExpr>
                                                                                          <StepExpr>
                                                                                          <FilterExpr>
                                                                                          <PrimaryExpr>
                                                                                          <ParenthesizedExpr>

                                                                                          <TOKEN>(</TOKEN>
                                                                                          <Expr>
                                                                                          <ExprSingle>
                                                                                          <OrExpr>
                                                                                          <AndExpr>
                                                                                          <ComparisonExpr>
                                                                                          <RangeExpr>
                                                                                          <AdditiveExpr>
                                                                                          <MultiplicativeExpr>
                                                                                          <UnionExpr>
                                                                                          <IntersectExceptExpr>
                                                                                          <InstanceofExpr>
                                                                                          <TreatExpr>
                                                                                          <CastableExpr>
                                                                                          <CastExpr>
                                                                                          <UnaryExpr>
                                                                                          <ValueExpr>
                                                                                          <PathExpr>
                                                                                          <RelativePathExpr>
                                                                                          <StepExpr>
                                                                                          <FilterExpr>
                                                                                          <PrimaryExpr>
                                                                                          <FunctionCall>
                                                                                          <FunctionName>
                                                                                          <QName>response:set-controller</QName>
                                                                                          </FunctionName>
                                                                                          <TOKEN>(</TOKEN>
                                                                                          <ExprSingle>
                                                                                          <OrExpr>
                                                                                          <AndExpr>
                                                                                          <ComparisonExpr>
                                                                                          <RangeExpr>
                                                                                          <AdditiveExpr>
                                                                                          <MultiplicativeExpr>
                                                                                          <UnionExpr>
                                                                                          <IntersectExceptExpr>
                                                                                          <InstanceofExpr>
                                                                                          <TreatExpr>
                                                                                          <CastableExpr>
                                                                                          <CastExpr>
                                                                                          <UnaryExpr>
                                                                                          <ValueExpr>
                                                                                          <PathExpr>
                                                                                          <RelativePathExpr>
                                                                                          <StepExpr>
                                                                                          <FilterExpr>
                                                                                          <PrimaryExpr>
                                                                                          <Literal>
                                                                                          <StringLiteral>"default"</StringLiteral>
                                                                                          </Literal>
                                                                                          </PrimaryExpr>
                                                                                          <PredicateList/>
                                                                                          </FilterExpr>
                                                                                          </StepExpr>
                                                                                          </RelativePathExpr>
                                                                                          </PathExpr>
                                                                                          </ValueExpr>
                                                                                          </UnaryExpr>
                                                                                          </CastExpr>
                                                                                          </CastableExpr>
                                                                                          </TreatExpr>
                                                                                          </InstanceofExpr>
                                                                                          </IntersectExceptExpr>
                                                                                          </UnionExpr>
                                                                                          </MultiplicativeExpr>
                                                                                          </AdditiveExpr>
                                                                                          </RangeExpr>
                                                                                          </ComparisonExpr>
                                                                                          </AndExpr>
                                                                                          </OrExpr>
                                                                                          </ExprSingle>
                                                                                          <TOKEN>)</TOKEN>
                                                                                          </FunctionCall>
                                                                                          </PrimaryExpr>
                                                                                          <PredicateList/>
                                                                                          </FilterExpr>
                                                                                          </StepExpr>
                                                                                          </RelativePathExpr>
                                                                                          </PathExpr>
                                                                                          </ValueExpr>
                                                                                          </UnaryExpr>
                                                                                          </CastExpr>
                                                                                          </CastableExpr>
                                                                                          </TreatExpr>
                                                                                          </InstanceofExpr>
                                                                                          </IntersectExceptExpr>
                                                                                          </UnionExpr>
                                                                                          </MultiplicativeExpr>
                                                                                          </AdditiveExpr>
                                                                                          </RangeExpr>
                                                                                          </ComparisonExpr>
                                                                                          </AndExpr>
                                                                                          </OrExpr>
                                                                                          </ExprSingle>
                                                                                          <TOKEN>,</TOKEN>
                                                                                          <ExprSingle>
                                                                                          <OrExpr>
                                                                                          <AndExpr>
                                                                                          <ComparisonExpr>
                                                                                          <RangeExpr>
                                                                                          <AdditiveExpr>
                                                                                          <MultiplicativeExpr>
                                                                                          <UnionExpr>
                                                                                          <IntersectExceptExpr>
                                                                                          <InstanceofExpr>
                                                                                          <TreatExpr>
                                                                                          <CastableExpr>
                                                                                          <CastExpr>
                                                                                          <UnaryExpr>
                                                                                          <ValueExpr>
                                                                                          <PathExpr>
                                                                                          <RelativePathExpr>
                                                                                          <StepExpr>
                                                                                          <FilterExpr>
                                                                                          <PrimaryExpr>
                                                                                          <FunctionCall>
                                                                                          <FunctionName>
                                                                                          <QName>response:set-template</QName>
                                                                                          </FunctionName>
                                                                                          <TOKEN>(</TOKEN>
                                                                                          <ExprSingle>
                                                                                          <OrExpr>
                                                                                          <AndExpr>
                                                                                          <ComparisonExpr>
                                                                                          <RangeExpr>
                                                                                          <AdditiveExpr>
                                                                                          <MultiplicativeExpr>
                                                                                          <UnionExpr>
                                                                                          <IntersectExceptExpr>
                                                                                          <InstanceofExpr>
                                                                                          <TreatExpr>
                                                                                          <CastableExpr>
                                                                                          <CastExpr>
                                                                                          <UnaryExpr>
                                                                                          <ValueExpr>
                                                                                          <PathExpr>
                                                                                          <RelativePathExpr>
                                                                                          <StepExpr>
                                                                                          <FilterExpr>
                                                                                          <PrimaryExpr>
                                                                                          <Literal>
                                                                                          <StringLiteral>"main"</StringLiteral>
                                                                                          </Literal>
                                                                                          </PrimaryExpr>
                                                                                          <PredicateList/>
                                                                                          </FilterExpr>
                                                                                          </StepExpr>
                                                                                          </RelativePathExpr>
                                                                                          </PathExpr>
                                                                                          </ValueExpr>
                                                                                          </UnaryExpr>
                                                                                          </CastExpr>
                                                                                          </CastableExpr>
                                                                                          </TreatExpr>
                                                                                          </InstanceofExpr>
                                                                                          </IntersectExceptExpr>
                                                                                          </UnionExpr>
                                                                                          </MultiplicativeExpr>
                                                                                          </AdditiveExpr>
                                                                                          </RangeExpr>
                                                                                          </ComparisonExpr>
                                                                                          </AndExpr>
                                                                                          </OrExpr>
                                                                                          </ExprSingle>
                                                                                          <TOKEN>)</TOKEN>
                                                                                          </FunctionCall>
                                                                                          </PrimaryExpr>
                                                                                          <PredicateList/>
                                                                                          </FilterExpr>
                                                                                          </StepExpr>
                                                                                          </RelativePathExpr>
                                                                                          </PathExpr>
                                                                                          </ValueExpr>
                                                                                          </UnaryExpr>
                                                                                          </CastExpr>
                                                                                          </CastableExpr>
                                                                                          </TreatExpr>
                                                                                          </InstanceofExpr>
                                                                                          </IntersectExceptExpr>
                                                                                          </UnionExpr>
                                                                                          </MultiplicativeExpr>
                                                                                          </AdditiveExpr>
                                                                                          </RangeExpr>
                                                                                          </ComparisonExpr>
                                                                                          </AndExpr>
                                                                                          </OrExpr>
                                                                                          </ExprSingle>
                                                                                          <TOKEN>,</TOKEN>
                                                                                          <ExprSingle>
                                                                                          <OrExpr>
                                                                                          <AndExpr>
                                                                                          <ComparisonExpr>
                                                                                          <RangeExpr>
                                                                                          <AdditiveExpr>
                                                                                          <MultiplicativeExpr>
                                                                                          <UnionExpr>
                                                                                          <IntersectExceptExpr>
                                                                                          <InstanceofExpr>
                                                                                          <TreatExpr>
                                                                                          <CastableExpr>
                                                                                          <CastExpr>
                                                                                          <UnaryExpr>
                                                                                          <ValueExpr>
                                                                                          <PathExpr>
                                                                                          <RelativePathExpr>
                                                                                          <StepExpr>
                                                                                          <FilterExpr>
                                                                                          <PrimaryExpr>
                                                                                          <FunctionCall>
                                                                                          <FunctionName>
                                                                                          <QName>response:set-view</QName>
                                                                                          </FunctionName>
                                                                                          <TOKEN>(</TOKEN>
                                                                                          <ExprSingle>
                                                                                          <OrExpr>
                                                                                          <AndExpr>
                                                                                          <ComparisonExpr>
                                                                                          <RangeExpr>
                                                                                          <AdditiveExpr>
                                                                                          <MultiplicativeExpr>
                                                                                          <UnionExpr>
                                                                                          <IntersectExceptExpr>
                                                                                          <InstanceofExpr>
                                                                                          <TreatExpr>
                                                                                          <CastableExpr>
                                                                                          <CastExpr>
                                                                                          <UnaryExpr>
                                                                                          <ValueExpr>
                                                                                          <PathExpr>
                                                                                          <RelativePathExpr>
                                                                                          <StepExpr>
                                                                                          <FilterExpr>
                                                                                          <PrimaryExpr>
                                                                                          <Literal>
                                                                                          <StringLiteral>"accordion"</StringLiteral>
                                                                                          </Literal>
                                                                                          </PrimaryExpr>
                                                                                          <PredicateList/>
                                                                                          </FilterExpr>
                                                                                          </StepExpr>
                                                                                          </RelativePathExpr>
                                                                                          </PathExpr>
                                                                                          </ValueExpr>
                                                                                          </UnaryExpr>
                                                                                          </CastExpr>
                                                                                          </CastableExpr>
                                                                                          </TreatExpr>
                                                                                          </InstanceofExpr>
                                                                                          </IntersectExceptExpr>
                                                                                          </UnionExpr>
                                                                                          </MultiplicativeExpr>
                                                                                          </AdditiveExpr>
                                                                                          </RangeExpr>
                                                                                          </ComparisonExpr>
                                                                                          </AndExpr>
                                                                                          </OrExpr>
                                                                                          </ExprSingle>
                                                                                          <TOKEN>)</TOKEN>
                                                                                          </FunctionCall>
                                                                                          </PrimaryExpr>
                                                                                          <PredicateList/>
                                                                                          </FilterExpr>
                                                                                          </StepExpr>
                                                                                          </RelativePathExpr>
                                                                                          </PathExpr>
                                                                                          </ValueExpr>
                                                                                          </UnaryExpr>
                                                                                          </CastExpr>
                                                                                          </CastableExpr>
                                                                                          </TreatExpr>
                                                                                          </InstanceofExpr>
                                                                                          </IntersectExceptExpr>
                                                                                          </UnionExpr>
                                                                                          </MultiplicativeExpr>
                                                                                          </AdditiveExpr>
                                                                                          </RangeExpr>
                                                                                          </ComparisonExpr>
                                                                                          </AndExpr>
                                                                                          </OrExpr>
                                                                                          </ExprSingle>
                                                                                          <TOKEN>,</TOKEN>
                                                                                          <ExprSingle>
                                                                                          <OrExpr>
                                                                                          <AndExpr>
                                                                                          <ComparisonExpr>
                                                                                          <RangeExpr>
                                                                                          <AdditiveExpr>
                                                                                          <MultiplicativeExpr>
                                                                                          <UnionExpr>
                                                                                          <IntersectExceptExpr>
                                                                                          <InstanceofExpr>
                                                                                          <TreatExpr>
                                                                                          <CastableExpr>
                                                                                          <CastExpr>
                                                                                          <UnaryExpr>
                                                                                          <ValueExpr>
                                                                                          <PathExpr>
                                                                                          <RelativePathExpr>
                                                                                          <StepExpr>
                                                                                          <FilterExpr>
                                                                                          <PrimaryExpr>
                                                                                          <FunctionCall>
                                                                                          <FunctionName>
                                                                                          <QName>response:set-title</QName>
                                                                                          </FunctionName>
                                                                                          <TOKEN>(</TOKEN>
                                                                                          <ExprSingle>
                                                                                          <OrExpr>
                                                                                          <AndExpr>
                                                                                          <ComparisonExpr>
                                                                                          <RangeExpr>
                                                                                          <AdditiveExpr>
                                                                                          <MultiplicativeExpr>
                                                                                          <UnionExpr>
                                                                                          <IntersectExceptExpr>
                                                                                          <InstanceofExpr>
                                                                                          <TreatExpr>
                                                                                          <CastableExpr>
                                                                                          <CastExpr>
                                                                                          <UnaryExpr>
                                                                                          <ValueExpr>
                                                                                          <PathExpr>
                                                                                          <RelativePathExpr>
                                                                                          <StepExpr>
                                                                                          <FilterExpr>
                                                                                          <PrimaryExpr>
                                                                                          <Literal>
                                                                                          <StringLiteral>"Accordion Demo"</StringLiteral>
                                                                                          </Literal>
                                                                                          </PrimaryExpr>
                                                                                          <PredicateList/>
                                                                                          </FilterExpr>
                                                                                          </StepExpr>
                                                                                          </RelativePathExpr>
                                                                                          </PathExpr>
                                                                                          </ValueExpr>
                                                                                          </UnaryExpr>
                                                                                          </CastExpr>
                                                                                          </CastableExpr>
                                                                                          </TreatExpr>
                                                                                          </InstanceofExpr>
                                                                                          </IntersectExceptExpr>
                                                                                          </UnionExpr>
                                                                                          </MultiplicativeExpr>
                                                                                          </AdditiveExpr>
                                                                                          </RangeExpr>
                                                                                          </ComparisonExpr>
                                                                                          </AndExpr>
                                                                                          </OrExpr>
                                                                                          </ExprSingle>
                                                                                          <TOKEN>)</TOKEN>
                                                                                          </FunctionCall>
                                                                                          </PrimaryExpr>
                                                                                          <PredicateList/>
                                                                                          </FilterExpr>
                                                                                          </StepExpr>
                                                                                          </RelativePathExpr>
                                                                                          </PathExpr>
                                                                                          </ValueExpr>
                                                                                          </UnaryExpr>
                                                                                          </CastExpr>
                                                                                          </CastableExpr>
                                                                                          </TreatExpr>
                                                                                          </InstanceofExpr>
                                                                                          </IntersectExceptExpr>
                                                                                          </UnionExpr>
                                                                                          </MultiplicativeExpr>
                                                                                          </AdditiveExpr>
                                                                                          </RangeExpr>
                                                                                          </ComparisonExpr>
                                                                                          </AndExpr>
                                                                                          </OrExpr>
                                                                                          </ExprSingle>
                                                                                          <TOKEN>,</TOKEN>
                                                                                          <ExprSingle>
                                                                                          <OrExpr>
                                                                                          <AndExpr>
                                                                                          <ComparisonExpr>
                                                                                          <RangeExpr>
                                                                                          <AdditiveExpr>
                                                                                          <MultiplicativeExpr>
                                                                                          <UnionExpr>
                                                                                          <IntersectExceptExpr>
                                                                                          <InstanceofExpr>
                                                                                          <TreatExpr>
                                                                                          <CastableExpr>
                                                                                          <CastExpr>
                                                                                          <UnaryExpr>
                                                                                          <ValueExpr>
                                                                                          <PathExpr>
                                                                                          <RelativePathExpr>
                                                                                          <StepExpr>
                                                                                          <FilterExpr>
                                                                                          <PrimaryExpr>
                                                                                          <FunctionCall>
                                                                                          <FunctionName>
                                                                                          <QName>response:add-httpmeta</QName>
                                                                                          </FunctionName>
                                                                                          <TOKEN>(</TOKEN>
                                                                                          <ExprSingle>
                                                                                          <OrExpr>
                                                                                          <AndExpr>
                                                                                          <ComparisonExpr>
                                                                                          <RangeExpr>
                                                                                          <AdditiveExpr>
                                                                                          <MultiplicativeExpr>
                                                                                          <UnionExpr>
                                                                                          <IntersectExceptExpr>
                                                                                          <InstanceofExpr>
                                                                                          <TreatExpr>
                                                                                          <CastableExpr>
                                                                                          <CastExpr>
                                                                                          <UnaryExpr>
                                                                                          <ValueExpr>
                                                                                          <PathExpr>
                                                                                          <RelativePathExpr>
                                                                                          <StepExpr>
                                                                                          <FilterExpr>
                                                                                          <PrimaryExpr>
                                                                                          <Literal>
                                                                                          <StringLiteral>"cache-control"</StringLiteral>
                                                                                          </Literal>
                                                                                          </PrimaryExpr>
                                                                                          <PredicateList/>
                                                                                          </FilterExpr>
                                                                                          </StepExpr>
                                                                                          </RelativePathExpr>
                                                                                          </PathExpr>
                                                                                          </ValueExpr>
                                                                                          </UnaryExpr>
                                                                                          </CastExpr>
                                                                                          </CastableExpr>
                                                                                          </TreatExpr>
                                                                                          </InstanceofExpr>
                                                                                          </IntersectExceptExpr>
                                                                                          </UnionExpr>
                                                                                          </MultiplicativeExpr>
                                                                                          </AdditiveExpr>
                                                                                          </RangeExpr>
                                                                                          </ComparisonExpr>
                                                                                          </AndExpr>
                                                                                          </OrExpr>
                                                                                          </ExprSingle>
                                                                                          <TOKEN>,</TOKEN>
                                                                                          <ExprSingle>
                                                                                          <OrExpr>
                                                                                          <AndExpr>
                                                                                          <ComparisonExpr>
                                                                                          <RangeExpr>
                                                                                          <AdditiveExpr>
                                                                                          <MultiplicativeExpr>
                                                                                          <UnionExpr>
                                                                                          <IntersectExceptExpr>
                                                                                          <InstanceofExpr>
                                                                                          <TreatExpr>
                                                                                          <CastableExpr>
                                                                                          <CastExpr>
                                                                                          <UnaryExpr>
                                                                                          <ValueExpr>
                                                                                          <PathExpr>
                                                                                          <RelativePathExpr>
                                                                                          <StepExpr>
                                                                                          <FilterExpr>
                                                                                          <PrimaryExpr>
                                                                                          <Literal>
                                                                                          <StringLiteral>"public"</StringLiteral>
                                                                                          </Literal>
                                                                                          </PrimaryExpr>
                                                                                          <PredicateList/>
                                                                                          </FilterExpr>
                                                                                          </StepExpr>
                                                                                          </RelativePathExpr>
                                                                                          </PathExpr>
                                                                                          </ValueExpr>
                                                                                          </UnaryExpr>
                                                                                          </CastExpr>
                                                                                          </CastableExpr>
                                                                                          </TreatExpr>
                                                                                          </InstanceofExpr>
                                                                                          </IntersectExceptExpr>
                                                                                          </UnionExpr>
                                                                                          </MultiplicativeExpr>
                                                                                          </AdditiveExpr>
                                                                                          </RangeExpr>
                                                                                          </ComparisonExpr>
                                                                                          </AndExpr>
                                                                                          </OrExpr>
                                                                                          </ExprSingle>
                                                                                          <TOKEN>)</TOKEN>
                                                                                          </FunctionCall>
                                                                                          </PrimaryExpr>
                                                                                          <PredicateList/>
                                                                                          </FilterExpr>
                                                                                          </StepExpr>
                                                                                          </RelativePathExpr>
                                                                                          </PathExpr>
                                                                                          </ValueExpr>
                                                                                          </UnaryExpr>
                                                                                          </CastExpr>
                                                                                          </CastableExpr>
                                                                                          </TreatExpr>
                                                                                          </InstanceofExpr>
                                                                                          </IntersectExceptExpr>
                                                                                          </UnionExpr>
                                                                                          </MultiplicativeExpr>
                                                                                          </AdditiveExpr>
                                                                                          </RangeExpr>
                                                                                          </ComparisonExpr>
                                                                                          </AndExpr>
                                                                                          </OrExpr>
                                                                                          </ExprSingle>
                                                                                          <TOKEN>,</TOKEN>
                                                                                          <ExprSingle>
                                                                                          <OrExpr>
                                                                                          <AndExpr>
                                                                                          <ComparisonExpr>
                                                                                          <RangeExpr>
                                                                                          <AdditiveExpr>
                                                                                          <MultiplicativeExpr>
                                                                                          <UnionExpr>
                                                                                          <IntersectExceptExpr>
                                                                                          <InstanceofExpr>
                                                                                          <TreatExpr>
                                                                                          <CastableExpr>
                                                                                          <CastExpr>
                                                                                          <UnaryExpr>
                                                                                          <ValueExpr>
                                                                                          <PathExpr>
                                                                                          <RelativePathExpr>
                                                                                          <StepExpr>
                                                                                          <FilterExpr>
                                                                                          <PrimaryExpr>
                                                                                          <FunctionCall>
                                                                                          <FunctionName>
                                                                                          <QName>response:response</QName>
                                                                                          </FunctionName>
                                                                                          <TOKEN>(</TOKEN>
                                                                                          <TOKEN>)</TOKEN>
                                                                                          </FunctionCall>
                                                                                          </PrimaryExpr>
                                                                                          <PredicateList/>
                                                                                          </FilterExpr>
                                                                                          </StepExpr>
                                                                                          </RelativePathExpr>
                                                                                          </PathExpr>
                                                                                          </ValueExpr>
                                                                                          </UnaryExpr>
                                                                                          </CastExpr>
                                                                                          </CastableExpr>
                                                                                          </TreatExpr>
                                                                                          </InstanceofExpr>
                                                                                          </IntersectExceptExpr>
                                                                                          </UnionExpr>
                                                                                          </MultiplicativeExpr>
                                                                                          </AdditiveExpr>
                                                                                          </RangeExpr>
                                                                                          </ComparisonExpr>
                                                                                          </AndExpr>
                                                                                          </OrExpr>
                                                                                          </ExprSingle>
                                                                                          </Expr>
                                                                                          <TOKEN>)</TOKEN>
                                                                                          </ParenthesizedExpr>
                                                                                          </PrimaryExpr>
                                                                                          <PredicateList/>
                                                                                          </FilterExpr>
                                                                                          </StepExpr>
                                                                                          </RelativePathExpr>
                                                                                        </PathExpr>
                                                                                    </ValueExpr>
                                                                                </UnaryExpr>
                                                                            </CastExpr>
                                                                        </CastableExpr>
                                                                    </TreatExpr>
                                                                </InstanceofExpr>
                                                            </IntersectExceptExpr>
                                                        </UnionExpr>
                                                    </MultiplicativeExpr>
                                                </AdditiveExpr>
                                            </RangeExpr>
                                        </ComparisonExpr>
                                    </AndExpr>
                                </OrExpr>
                            </ExprSingle>
                        </Expr>
                        <TOKEN>}</TOKEN>
                    </EnclosedExpr>
                </FunctionDecl>
                <Separator>
                    <TOKEN>;</TOKEN>
                </Separator>
                <FunctionDecl>
                    <TOKEN>declare</TOKEN>
                    <TOKEN>function</TOKEN>
                    <FunctionName>
                        <QName>controller:charts</QName>
                    </FunctionName>
                    <TOKEN>(</TOKEN>
                    <ParamList>
                        <Param>
                            <TOKEN>$</TOKEN>
                            <QName>
                                <FunctionName>
                                    <QName>request</QName>
                                </FunctionName>
                            </QName>
                            <TypeDeclaration>
                                <TOKEN>as</TOKEN>
                                <SequenceType>
                                    <ItemType>
                                        <AtomicType>
                                            <QName>
                                                <FunctionName>
                                                    <QName>map:map</QName>
                                                </FunctionName>
                                            </QName>
                                        </AtomicType>
                                    </ItemType>
                                </SequenceType>
                            </TypeDeclaration>
                        </Param>
                    </ParamList>
                    <TOKEN>)</TOKEN>
                    <EnclosedExpr>
                        <TOKEN>{</TOKEN>
                        <Expr>
                            <ExprSingle>
                                <OrExpr>
                                    <AndExpr>
                                        <ComparisonExpr>
                                            <RangeExpr>
                                                <AdditiveExpr>
                                                    <MultiplicativeExpr>
                                                        <UnionExpr>
                                                            <IntersectExceptExpr>
                                                                <InstanceofExpr>
                                                                    <TreatExpr>
                                                                        <CastableExpr>
                                                                            <CastExpr>
                                                                                <UnaryExpr>
                                                                                    <ValueExpr>
                                                                                        <PathExpr>
                                                                                          <RelativePathExpr>
                                                                                          <StepExpr>
                                                                                          <FilterExpr>
                                                                                          <PrimaryExpr>
                                                                                          <ParenthesizedExpr>

                                                                                          <TOKEN>(</TOKEN>
                                                                                          <Expr>
                                                                                          <ExprSingle>
                                                                                          <OrExpr>
                                                                                          <AndExpr>
                                                                                          <ComparisonExpr>
                                                                                          <RangeExpr>
                                                                                          <AdditiveExpr>
                                                                                          <MultiplicativeExpr>
                                                                                          <UnionExpr>
                                                                                          <IntersectExceptExpr>
                                                                                          <InstanceofExpr>
                                                                                          <TreatExpr>
                                                                                          <CastableExpr>
                                                                                          <CastExpr>
                                                                                          <UnaryExpr>
                                                                                          <ValueExpr>
                                                                                          <PathExpr>
                                                                                          <RelativePathExpr>
                                                                                          <StepExpr>
                                                                                          <FilterExpr>
                                                                                          <PrimaryExpr>
                                                                                          <FunctionCall>
                                                                                          <FunctionName>
                                                                                          <QName>response:set-controller</QName>
                                                                                          </FunctionName>
                                                                                          <TOKEN>(</TOKEN>
                                                                                          <ExprSingle>
                                                                                          <OrExpr>
                                                                                          <AndExpr>
                                                                                          <ComparisonExpr>
                                                                                          <RangeExpr>
                                                                                          <AdditiveExpr>
                                                                                          <MultiplicativeExpr>
                                                                                          <UnionExpr>
                                                                                          <IntersectExceptExpr>
                                                                                          <InstanceofExpr>
                                                                                          <TreatExpr>
                                                                                          <CastableExpr>
                                                                                          <CastExpr>
                                                                                          <UnaryExpr>
                                                                                          <ValueExpr>
                                                                                          <PathExpr>
                                                                                          <RelativePathExpr>
                                                                                          <StepExpr>
                                                                                          <FilterExpr>
                                                                                          <PrimaryExpr>
                                                                                          <Literal>
                                                                                          <StringLiteral>"default"</StringLiteral>
                                                                                          </Literal>
                                                                                          </PrimaryExpr>
                                                                                          <PredicateList/>
                                                                                          </FilterExpr>
                                                                                          </StepExpr>
                                                                                          </RelativePathExpr>
                                                                                          </PathExpr>
                                                                                          </ValueExpr>
                                                                                          </UnaryExpr>
                                                                                          </CastExpr>
                                                                                          </CastableExpr>
                                                                                          </TreatExpr>
                                                                                          </InstanceofExpr>
                                                                                          </IntersectExceptExpr>
                                                                                          </UnionExpr>
                                                                                          </MultiplicativeExpr>
                                                                                          </AdditiveExpr>
                                                                                          </RangeExpr>
                                                                                          </ComparisonExpr>
                                                                                          </AndExpr>
                                                                                          </OrExpr>
                                                                                          </ExprSingle>
                                                                                          <TOKEN>)</TOKEN>
                                                                                          </FunctionCall>
                                                                                          </PrimaryExpr>
                                                                                          <PredicateList/>
                                                                                          </FilterExpr>
                                                                                          </StepExpr>
                                                                                          </RelativePathExpr>
                                                                                          </PathExpr>
                                                                                          </ValueExpr>
                                                                                          </UnaryExpr>
                                                                                          </CastExpr>
                                                                                          </CastableExpr>
                                                                                          </TreatExpr>
                                                                                          </InstanceofExpr>
                                                                                          </IntersectExceptExpr>
                                                                                          </UnionExpr>
                                                                                          </MultiplicativeExpr>
                                                                                          </AdditiveExpr>
                                                                                          </RangeExpr>
                                                                                          </ComparisonExpr>
                                                                                          </AndExpr>
                                                                                          </OrExpr>
                                                                                          </ExprSingle>
                                                                                          <TOKEN>,</TOKEN>
                                                                                          <ExprSingle>
                                                                                          <OrExpr>
                                                                                          <AndExpr>
                                                                                          <ComparisonExpr>
                                                                                          <RangeExpr>
                                                                                          <AdditiveExpr>
                                                                                          <MultiplicativeExpr>
                                                                                          <UnionExpr>
                                                                                          <IntersectExceptExpr>
                                                                                          <InstanceofExpr>
                                                                                          <TreatExpr>
                                                                                          <CastableExpr>
                                                                                          <CastExpr>
                                                                                          <UnaryExpr>
                                                                                          <ValueExpr>
                                                                                          <PathExpr>
                                                                                          <RelativePathExpr>
                                                                                          <StepExpr>
                                                                                          <FilterExpr>
                                                                                          <PrimaryExpr>
                                                                                          <FunctionCall>
                                                                                          <FunctionName>
                                                                                          <QName>response:set-template</QName>
                                                                                          </FunctionName>
                                                                                          <TOKEN>(</TOKEN>
                                                                                          <ExprSingle>
                                                                                          <OrExpr>
                                                                                          <AndExpr>
                                                                                          <ComparisonExpr>
                                                                                          <RangeExpr>
                                                                                          <AdditiveExpr>
                                                                                          <MultiplicativeExpr>
                                                                                          <UnionExpr>
                                                                                          <IntersectExceptExpr>
                                                                                          <InstanceofExpr>
                                                                                          <TreatExpr>
                                                                                          <CastableExpr>
                                                                                          <CastExpr>
                                                                                          <UnaryExpr>
                                                                                          <ValueExpr>
                                                                                          <PathExpr>
                                                                                          <RelativePathExpr>
                                                                                          <StepExpr>
                                                                                          <FilterExpr>
                                                                                          <PrimaryExpr>
                                                                                          <Literal>
                                                                                          <StringLiteral>"main"</StringLiteral>
                                                                                          </Literal>
                                                                                          </PrimaryExpr>
                                                                                          <PredicateList/>
                                                                                          </FilterExpr>
                                                                                          </StepExpr>
                                                                                          </RelativePathExpr>
                                                                                          </PathExpr>
                                                                                          </ValueExpr>
                                                                                          </UnaryExpr>
                                                                                          </CastExpr>
                                                                                          </CastableExpr>
                                                                                          </TreatExpr>
                                                                                          </InstanceofExpr>
                                                                                          </IntersectExceptExpr>
                                                                                          </UnionExpr>
                                                                                          </MultiplicativeExpr>
                                                                                          </AdditiveExpr>
                                                                                          </RangeExpr>
                                                                                          </ComparisonExpr>
                                                                                          </AndExpr>
                                                                                          </OrExpr>
                                                                                          </ExprSingle>
                                                                                          <TOKEN>)</TOKEN>
                                                                                          </FunctionCall>
                                                                                          </PrimaryExpr>
                                                                                          <PredicateList/>
                                                                                          </FilterExpr>
                                                                                          </StepExpr>
                                                                                          </RelativePathExpr>
                                                                                          </PathExpr>
                                                                                          </ValueExpr>
                                                                                          </UnaryExpr>
                                                                                          </CastExpr>
                                                                                          </CastableExpr>
                                                                                          </TreatExpr>
                                                                                          </InstanceofExpr>
                                                                                          </IntersectExceptExpr>
                                                                                          </UnionExpr>
                                                                                          </MultiplicativeExpr>
                                                                                          </AdditiveExpr>
                                                                                          </RangeExpr>
                                                                                          </ComparisonExpr>
                                                                                          </AndExpr>
                                                                                          </OrExpr>
                                                                                          </ExprSingle>
                                                                                          <TOKEN>,</TOKEN>
                                                                                          <ExprSingle>
                                                                                          <OrExpr>
                                                                                          <AndExpr>
                                                                                          <ComparisonExpr>
                                                                                          <RangeExpr>
                                                                                          <AdditiveExpr>
                                                                                          <MultiplicativeExpr>
                                                                                          <UnionExpr>
                                                                                          <IntersectExceptExpr>
                                                                                          <InstanceofExpr>
                                                                                          <TreatExpr>
                                                                                          <CastableExpr>
                                                                                          <CastExpr>
                                                                                          <UnaryExpr>
                                                                                          <ValueExpr>
                                                                                          <PathExpr>
                                                                                          <RelativePathExpr>
                                                                                          <StepExpr>
                                                                                          <FilterExpr>
                                                                                          <PrimaryExpr>
                                                                                          <FunctionCall>
                                                                                          <FunctionName>
                                                                                          <QName>response:set-view</QName>
                                                                                          </FunctionName>
                                                                                          <TOKEN>(</TOKEN>
                                                                                          <ExprSingle>
                                                                                          <OrExpr>
                                                                                          <AndExpr>
                                                                                          <ComparisonExpr>
                                                                                          <RangeExpr>
                                                                                          <AdditiveExpr>
                                                                                          <MultiplicativeExpr>
                                                                                          <UnionExpr>
                                                                                          <IntersectExceptExpr>
                                                                                          <InstanceofExpr>
                                                                                          <TreatExpr>
                                                                                          <CastableExpr>
                                                                                          <CastExpr>
                                                                                          <UnaryExpr>
                                                                                          <ValueExpr>
                                                                                          <PathExpr>
                                                                                          <RelativePathExpr>
                                                                                          <StepExpr>
                                                                                          <FilterExpr>
                                                                                          <PrimaryExpr>
                                                                                          <Literal>
                                                                                          <StringLiteral>"charts"</StringLiteral>
                                                                                          </Literal>
                                                                                          </PrimaryExpr>
                                                                                          <PredicateList/>
                                                                                          </FilterExpr>
                                                                                          </StepExpr>
                                                                                          </RelativePathExpr>
                                                                                          </PathExpr>
                                                                                          </ValueExpr>
                                                                                          </UnaryExpr>
                                                                                          </CastExpr>
                                                                                          </CastableExpr>
                                                                                          </TreatExpr>
                                                                                          </InstanceofExpr>
                                                                                          </IntersectExceptExpr>
                                                                                          </UnionExpr>
                                                                                          </MultiplicativeExpr>
                                                                                          </AdditiveExpr>
                                                                                          </RangeExpr>
                                                                                          </ComparisonExpr>
                                                                                          </AndExpr>
                                                                                          </OrExpr>
                                                                                          </ExprSingle>
                                                                                          <TOKEN>)</TOKEN>
                                                                                          </FunctionCall>
                                                                                          </PrimaryExpr>
                                                                                          <PredicateList/>
                                                                                          </FilterExpr>
                                                                                          </StepExpr>
                                                                                          </RelativePathExpr>
                                                                                          </PathExpr>
                                                                                          </ValueExpr>
                                                                                          </UnaryExpr>
                                                                                          </CastExpr>
                                                                                          </CastableExpr>
                                                                                          </TreatExpr>
                                                                                          </InstanceofExpr>
                                                                                          </IntersectExceptExpr>
                                                                                          </UnionExpr>
                                                                                          </MultiplicativeExpr>
                                                                                          </AdditiveExpr>
                                                                                          </RangeExpr>
                                                                                          </ComparisonExpr>
                                                                                          </AndExpr>
                                                                                          </OrExpr>
                                                                                          </ExprSingle>
                                                                                          <TOKEN>,</TOKEN>
                                                                                          <ExprSingle>
                                                                                          <OrExpr>
                                                                                          <AndExpr>
                                                                                          <ComparisonExpr>
                                                                                          <RangeExpr>
                                                                                          <AdditiveExpr>
                                                                                          <MultiplicativeExpr>
                                                                                          <UnionExpr>
                                                                                          <IntersectExceptExpr>
                                                                                          <InstanceofExpr>
                                                                                          <TreatExpr>
                                                                                          <CastableExpr>
                                                                                          <CastExpr>
                                                                                          <UnaryExpr>
                                                                                          <ValueExpr>
                                                                                          <PathExpr>
                                                                                          <RelativePathExpr>
                                                                                          <StepExpr>
                                                                                          <FilterExpr>
                                                                                          <PrimaryExpr>
                                                                                          <FunctionCall>
                                                                                          <FunctionName>
                                                                                          <QName>response:set-title</QName>
                                                                                          </FunctionName>
                                                                                          <TOKEN>(</TOKEN>
                                                                                          <ExprSingle>
                                                                                          <OrExpr>
                                                                                          <AndExpr>
                                                                                          <ComparisonExpr>
                                                                                          <RangeExpr>
                                                                                          <AdditiveExpr>
                                                                                          <MultiplicativeExpr>
                                                                                          <UnionExpr>
                                                                                          <IntersectExceptExpr>
                                                                                          <InstanceofExpr>
                                                                                          <TreatExpr>
                                                                                          <CastableExpr>
                                                                                          <CastExpr>
                                                                                          <UnaryExpr>
                                                                                          <ValueExpr>
                                                                                          <PathExpr>
                                                                                          <RelativePathExpr>
                                                                                          <StepExpr>
                                                                                          <FilterExpr>
                                                                                          <PrimaryExpr>
                                                                                          <Literal>
                                                                                          <StringLiteral>"Charts Demo"</StringLiteral>
                                                                                          </Literal>
                                                                                          </PrimaryExpr>
                                                                                          <PredicateList/>
                                                                                          </FilterExpr>
                                                                                          </StepExpr>
                                                                                          </RelativePathExpr>
                                                                                          </PathExpr>
                                                                                          </ValueExpr>
                                                                                          </UnaryExpr>
                                                                                          </CastExpr>
                                                                                          </CastableExpr>
                                                                                          </TreatExpr>
                                                                                          </InstanceofExpr>
                                                                                          </IntersectExceptExpr>
                                                                                          </UnionExpr>
                                                                                          </MultiplicativeExpr>
                                                                                          </AdditiveExpr>
                                                                                          </RangeExpr>
                                                                                          </ComparisonExpr>
                                                                                          </AndExpr>
                                                                                          </OrExpr>
                                                                                          </ExprSingle>
                                                                                          <TOKEN>)</TOKEN>
                                                                                          </FunctionCall>
                                                                                          </PrimaryExpr>
                                                                                          <PredicateList/>
                                                                                          </FilterExpr>
                                                                                          </StepExpr>
                                                                                          </RelativePathExpr>
                                                                                          </PathExpr>
                                                                                          </ValueExpr>
                                                                                          </UnaryExpr>
                                                                                          </CastExpr>
                                                                                          </CastableExpr>
                                                                                          </TreatExpr>
                                                                                          </InstanceofExpr>
                                                                                          </IntersectExceptExpr>
                                                                                          </UnionExpr>
                                                                                          </MultiplicativeExpr>
                                                                                          </AdditiveExpr>
                                                                                          </RangeExpr>
                                                                                          </ComparisonExpr>
                                                                                          </AndExpr>
                                                                                          </OrExpr>
                                                                                          </ExprSingle>
                                                                                          <TOKEN>,</TOKEN>
                                                                                          <ExprSingle>
                                                                                          <OrExpr>
                                                                                          <AndExpr>
                                                                                          <ComparisonExpr>
                                                                                          <RangeExpr>
                                                                                          <AdditiveExpr>
                                                                                          <MultiplicativeExpr>
                                                                                          <UnionExpr>
                                                                                          <IntersectExceptExpr>
                                                                                          <InstanceofExpr>
                                                                                          <TreatExpr>
                                                                                          <CastableExpr>
                                                                                          <CastExpr>
                                                                                          <UnaryExpr>
                                                                                          <ValueExpr>
                                                                                          <PathExpr>
                                                                                          <RelativePathExpr>
                                                                                          <StepExpr>
                                                                                          <FilterExpr>
                                                                                          <PrimaryExpr>
                                                                                          <FunctionCall>
                                                                                          <FunctionName>
                                                                                          <QName>response:add-httpmeta</QName>
                                                                                          </FunctionName>
                                                                                          <TOKEN>(</TOKEN>
                                                                                          <ExprSingle>
                                                                                          <OrExpr>
                                                                                          <AndExpr>
                                                                                          <ComparisonExpr>
                                                                                          <RangeExpr>
                                                                                          <AdditiveExpr>
                                                                                          <MultiplicativeExpr>
                                                                                          <UnionExpr>
                                                                                          <IntersectExceptExpr>
                                                                                          <InstanceofExpr>
                                                                                          <TreatExpr>
                                                                                          <CastableExpr>
                                                                                          <CastExpr>
                                                                                          <UnaryExpr>
                                                                                          <ValueExpr>
                                                                                          <PathExpr>
                                                                                          <RelativePathExpr>
                                                                                          <StepExpr>
                                                                                          <FilterExpr>
                                                                                          <PrimaryExpr>
                                                                                          <Literal>
                                                                                          <StringLiteral>"cache-control"</StringLiteral>
                                                                                          </Literal>
                                                                                          </PrimaryExpr>
                                                                                          <PredicateList/>
                                                                                          </FilterExpr>
                                                                                          </StepExpr>
                                                                                          </RelativePathExpr>
                                                                                          </PathExpr>
                                                                                          </ValueExpr>
                                                                                          </UnaryExpr>
                                                                                          </CastExpr>
                                                                                          </CastableExpr>
                                                                                          </TreatExpr>
                                                                                          </InstanceofExpr>
                                                                                          </IntersectExceptExpr>
                                                                                          </UnionExpr>
                                                                                          </MultiplicativeExpr>
                                                                                          </AdditiveExpr>
                                                                                          </RangeExpr>
                                                                                          </ComparisonExpr>
                                                                                          </AndExpr>
                                                                                          </OrExpr>
                                                                                          </ExprSingle>
                                                                                          <TOKEN>,</TOKEN>
                                                                                          <ExprSingle>
                                                                                          <OrExpr>
                                                                                          <AndExpr>
                                                                                          <ComparisonExpr>
                                                                                          <RangeExpr>
                                                                                          <AdditiveExpr>
                                                                                          <MultiplicativeExpr>
                                                                                          <UnionExpr>
                                                                                          <IntersectExceptExpr>
                                                                                          <InstanceofExpr>
                                                                                          <TreatExpr>
                                                                                          <CastableExpr>
                                                                                          <CastExpr>
                                                                                          <UnaryExpr>
                                                                                          <ValueExpr>
                                                                                          <PathExpr>
                                                                                          <RelativePathExpr>
                                                                                          <StepExpr>
                                                                                          <FilterExpr>
                                                                                          <PrimaryExpr>
                                                                                          <Literal>
                                                                                          <StringLiteral>"public"</StringLiteral>
                                                                                          </Literal>
                                                                                          </PrimaryExpr>
                                                                                          <PredicateList/>
                                                                                          </FilterExpr>
                                                                                          </StepExpr>
                                                                                          </RelativePathExpr>
                                                                                          </PathExpr>
                                                                                          </ValueExpr>
                                                                                          </UnaryExpr>
                                                                                          </CastExpr>
                                                                                          </CastableExpr>
                                                                                          </TreatExpr>
                                                                                          </InstanceofExpr>
                                                                                          </IntersectExceptExpr>
                                                                                          </UnionExpr>
                                                                                          </MultiplicativeExpr>
                                                                                          </AdditiveExpr>
                                                                                          </RangeExpr>
                                                                                          </ComparisonExpr>
                                                                                          </AndExpr>
                                                                                          </OrExpr>
                                                                                          </ExprSingle>
                                                                                          <TOKEN>)</TOKEN>
                                                                                          </FunctionCall>
                                                                                          </PrimaryExpr>
                                                                                          <PredicateList/>
                                                                                          </FilterExpr>
                                                                                          </StepExpr>
                                                                                          </RelativePathExpr>
                                                                                          </PathExpr>
                                                                                          </ValueExpr>
                                                                                          </UnaryExpr>
                                                                                          </CastExpr>
                                                                                          </CastableExpr>
                                                                                          </TreatExpr>
                                                                                          </InstanceofExpr>
                                                                                          </IntersectExceptExpr>
                                                                                          </UnionExpr>
                                                                                          </MultiplicativeExpr>
                                                                                          </AdditiveExpr>
                                                                                          </RangeExpr>
                                                                                          </ComparisonExpr>
                                                                                          </AndExpr>
                                                                                          </OrExpr>
                                                                                          </ExprSingle>
                                                                                          <TOKEN>,</TOKEN>
                                                                                          <ExprSingle>
                                                                                          <OrExpr>
                                                                                          <AndExpr>
                                                                                          <ComparisonExpr>
                                                                                          <RangeExpr>
                                                                                          <AdditiveExpr>
                                                                                          <MultiplicativeExpr>
                                                                                          <UnionExpr>
                                                                                          <IntersectExceptExpr>
                                                                                          <InstanceofExpr>
                                                                                          <TreatExpr>
                                                                                          <CastableExpr>
                                                                                          <CastExpr>
                                                                                          <UnaryExpr>
                                                                                          <ValueExpr>
                                                                                          <PathExpr>
                                                                                          <RelativePathExpr>
                                                                                          <StepExpr>
                                                                                          <FilterExpr>
                                                                                          <PrimaryExpr>
                                                                                          <FunctionCall>
                                                                                          <FunctionName>
                                                                                          <QName>response:response</QName>
                                                                                          </FunctionName>
                                                                                          <TOKEN>(</TOKEN>
                                                                                          <TOKEN>)</TOKEN>
                                                                                          </FunctionCall>
                                                                                          </PrimaryExpr>
                                                                                          <PredicateList/>
                                                                                          </FilterExpr>
                                                                                          </StepExpr>
                                                                                          </RelativePathExpr>
                                                                                          </PathExpr>
                                                                                          </ValueExpr>
                                                                                          </UnaryExpr>
                                                                                          </CastExpr>
                                                                                          </CastableExpr>
                                                                                          </TreatExpr>
                                                                                          </InstanceofExpr>
                                                                                          </IntersectExceptExpr>
                                                                                          </UnionExpr>
                                                                                          </MultiplicativeExpr>
                                                                                          </AdditiveExpr>
                                                                                          </RangeExpr>
                                                                                          </ComparisonExpr>
                                                                                          </AndExpr>
                                                                                          </OrExpr>
                                                                                          </ExprSingle>
                                                                                          </Expr>
                                                                                          <TOKEN>)</TOKEN>
                                                                                          </ParenthesizedExpr>
                                                                                          </PrimaryExpr>
                                                                                          <PredicateList/>
                                                                                          </FilterExpr>
                                                                                          </StepExpr>
                                                                                          </RelativePathExpr>
                                                                                        </PathExpr>
                                                                                    </ValueExpr>
                                                                                </UnaryExpr>
                                                                            </CastExpr>
                                                                        </CastableExpr>
                                                                    </TreatExpr>
                                                                </InstanceofExpr>
                                                            </IntersectExceptExpr>
                                                        </UnionExpr>
                                                    </MultiplicativeExpr>
                                                </AdditiveExpr>
                                            </RangeExpr>
                                        </ComparisonExpr>
                                    </AndExpr>
                                </OrExpr>
                            </ExprSingle>
                        </Expr>
                        <TOKEN>}</TOKEN>
                    </EnclosedExpr>
                </FunctionDecl>
                <Separator>
                    <TOKEN>;</TOKEN>
                </Separator>
                <FunctionDecl>
                    <TOKEN>declare</TOKEN>
                    <TOKEN>function</TOKEN>
                    <FunctionName>
                        <QName>controller:flexigrid</QName>
                    </FunctionName>
                    <TOKEN>(</TOKEN>
                    <ParamList>
                        <Param>
                            <TOKEN>$</TOKEN>
                            <QName>
                                <FunctionName>
                                    <QName>request</QName>
                                </FunctionName>
                            </QName>
                            <TypeDeclaration>
                                <TOKEN>as</TOKEN>
                                <SequenceType>
                                    <ItemType>
                                        <AtomicType>
                                            <QName>
                                                <FunctionName>
                                                    <QName>map:map</QName>
                                                </FunctionName>
                                            </QName>
                                        </AtomicType>
                                    </ItemType>
                                </SequenceType>
                            </TypeDeclaration>
                        </Param>
                    </ParamList>
                    <TOKEN>)</TOKEN>
                    <EnclosedExpr>
                        <TOKEN>{</TOKEN>
                        <Expr>
                            <ExprSingle>
                                <OrExpr>
                                    <AndExpr>
                                        <ComparisonExpr>
                                            <RangeExpr>
                                                <AdditiveExpr>
                                                    <MultiplicativeExpr>
                                                        <UnionExpr>
                                                            <IntersectExceptExpr>
                                                                <InstanceofExpr>
                                                                    <TreatExpr>
                                                                        <CastableExpr>
                                                                            <CastExpr>
                                                                                <UnaryExpr>
                                                                                    <ValueExpr>
                                                                                        <PathExpr>
                                                                                          <RelativePathExpr>
                                                                                          <StepExpr>
                                                                                          <FilterExpr>
                                                                                          <PrimaryExpr>
                                                                                          <ParenthesizedExpr>

                                                                                          <TOKEN>(</TOKEN>
                                                                                          <Expr>
                                                                                          <ExprSingle>
                                                                                          <OrExpr>
                                                                                          <AndExpr>
                                                                                          <ComparisonExpr>
                                                                                          <RangeExpr>
                                                                                          <AdditiveExpr>
                                                                                          <MultiplicativeExpr>
                                                                                          <UnionExpr>
                                                                                          <IntersectExceptExpr>
                                                                                          <InstanceofExpr>
                                                                                          <TreatExpr>
                                                                                          <CastableExpr>
                                                                                          <CastExpr>
                                                                                          <UnaryExpr>
                                                                                          <ValueExpr>
                                                                                          <PathExpr>
                                                                                          <RelativePathExpr>
                                                                                          <StepExpr>
                                                                                          <FilterExpr>
                                                                                          <PrimaryExpr>
                                                                                          <FunctionCall>
                                                                                          <FunctionName>
                                                                                          <QName>response:set-controller</QName>
                                                                                          </FunctionName>
                                                                                          <TOKEN>(</TOKEN>
                                                                                          <ExprSingle>
                                                                                          <OrExpr>
                                                                                          <AndExpr>
                                                                                          <ComparisonExpr>
                                                                                          <RangeExpr>
                                                                                          <AdditiveExpr>
                                                                                          <MultiplicativeExpr>
                                                                                          <UnionExpr>
                                                                                          <IntersectExceptExpr>
                                                                                          <InstanceofExpr>
                                                                                          <TreatExpr>
                                                                                          <CastableExpr>
                                                                                          <CastExpr>
                                                                                          <UnaryExpr>
                                                                                          <ValueExpr>
                                                                                          <PathExpr>
                                                                                          <RelativePathExpr>
                                                                                          <StepExpr>
                                                                                          <FilterExpr>
                                                                                          <PrimaryExpr>
                                                                                          <Literal>
                                                                                          <StringLiteral>"default"</StringLiteral>
                                                                                          </Literal>
                                                                                          </PrimaryExpr>
                                                                                          <PredicateList/>
                                                                                          </FilterExpr>
                                                                                          </StepExpr>
                                                                                          </RelativePathExpr>
                                                                                          </PathExpr>
                                                                                          </ValueExpr>
                                                                                          </UnaryExpr>
                                                                                          </CastExpr>
                                                                                          </CastableExpr>
                                                                                          </TreatExpr>
                                                                                          </InstanceofExpr>
                                                                                          </IntersectExceptExpr>
                                                                                          </UnionExpr>
                                                                                          </MultiplicativeExpr>
                                                                                          </AdditiveExpr>
                                                                                          </RangeExpr>
                                                                                          </ComparisonExpr>
                                                                                          </AndExpr>
                                                                                          </OrExpr>
                                                                                          </ExprSingle>
                                                                                          <TOKEN>)</TOKEN>
                                                                                          </FunctionCall>
                                                                                          </PrimaryExpr>
                                                                                          <PredicateList/>
                                                                                          </FilterExpr>
                                                                                          </StepExpr>
                                                                                          </RelativePathExpr>
                                                                                          </PathExpr>
                                                                                          </ValueExpr>
                                                                                          </UnaryExpr>
                                                                                          </CastExpr>
                                                                                          </CastableExpr>
                                                                                          </TreatExpr>
                                                                                          </InstanceofExpr>
                                                                                          </IntersectExceptExpr>
                                                                                          </UnionExpr>
                                                                                          </MultiplicativeExpr>
                                                                                          </AdditiveExpr>
                                                                                          </RangeExpr>
                                                                                          </ComparisonExpr>
                                                                                          </AndExpr>
                                                                                          </OrExpr>
                                                                                          </ExprSingle>
                                                                                          <TOKEN>,</TOKEN>
                                                                                          <ExprSingle>
                                                                                          <OrExpr>
                                                                                          <AndExpr>
                                                                                          <ComparisonExpr>
                                                                                          <RangeExpr>
                                                                                          <AdditiveExpr>
                                                                                          <MultiplicativeExpr>
                                                                                          <UnionExpr>
                                                                                          <IntersectExceptExpr>
                                                                                          <InstanceofExpr>
                                                                                          <TreatExpr>
                                                                                          <CastableExpr>
                                                                                          <CastExpr>
                                                                                          <UnaryExpr>
                                                                                          <ValueExpr>
                                                                                          <PathExpr>
                                                                                          <RelativePathExpr>
                                                                                          <StepExpr>
                                                                                          <FilterExpr>
                                                                                          <PrimaryExpr>
                                                                                          <FunctionCall>
                                                                                          <FunctionName>
                                                                                          <QName>response:set-template</QName>
                                                                                          </FunctionName>
                                                                                          <TOKEN>(</TOKEN>
                                                                                          <ExprSingle>
                                                                                          <OrExpr>
                                                                                          <AndExpr>
                                                                                          <ComparisonExpr>
                                                                                          <RangeExpr>
                                                                                          <AdditiveExpr>
                                                                                          <MultiplicativeExpr>
                                                                                          <UnionExpr>
                                                                                          <IntersectExceptExpr>
                                                                                          <InstanceofExpr>
                                                                                          <TreatExpr>
                                                                                          <CastableExpr>
                                                                                          <CastExpr>
                                                                                          <UnaryExpr>
                                                                                          <ValueExpr>
                                                                                          <PathExpr>
                                                                                          <RelativePathExpr>
                                                                                          <StepExpr>
                                                                                          <FilterExpr>
                                                                                          <PrimaryExpr>
                                                                                          <Literal>
                                                                                          <StringLiteral>"main"</StringLiteral>
                                                                                          </Literal>
                                                                                          </PrimaryExpr>
                                                                                          <PredicateList/>
                                                                                          </FilterExpr>
                                                                                          </StepExpr>
                                                                                          </RelativePathExpr>
                                                                                          </PathExpr>
                                                                                          </ValueExpr>
                                                                                          </UnaryExpr>
                                                                                          </CastExpr>
                                                                                          </CastableExpr>
                                                                                          </TreatExpr>
                                                                                          </InstanceofExpr>
                                                                                          </IntersectExceptExpr>
                                                                                          </UnionExpr>
                                                                                          </MultiplicativeExpr>
                                                                                          </AdditiveExpr>
                                                                                          </RangeExpr>
                                                                                          </ComparisonExpr>
                                                                                          </AndExpr>
                                                                                          </OrExpr>
                                                                                          </ExprSingle>
                                                                                          <TOKEN>)</TOKEN>
                                                                                          </FunctionCall>
                                                                                          </PrimaryExpr>
                                                                                          <PredicateList/>
                                                                                          </FilterExpr>
                                                                                          </StepExpr>
                                                                                          </RelativePathExpr>
                                                                                          </PathExpr>
                                                                                          </ValueExpr>
                                                                                          </UnaryExpr>
                                                                                          </CastExpr>
                                                                                          </CastableExpr>
                                                                                          </TreatExpr>
                                                                                          </InstanceofExpr>
                                                                                          </IntersectExceptExpr>
                                                                                          </UnionExpr>
                                                                                          </MultiplicativeExpr>
                                                                                          </AdditiveExpr>
                                                                                          </RangeExpr>
                                                                                          </ComparisonExpr>
                                                                                          </AndExpr>
                                                                                          </OrExpr>
                                                                                          </ExprSingle>
                                                                                          <TOKEN>,</TOKEN>
                                                                                          <ExprSingle>
                                                                                          <OrExpr>
                                                                                          <AndExpr>
                                                                                          <ComparisonExpr>
                                                                                          <RangeExpr>
                                                                                          <AdditiveExpr>
                                                                                          <MultiplicativeExpr>
                                                                                          <UnionExpr>
                                                                                          <IntersectExceptExpr>
                                                                                          <InstanceofExpr>
                                                                                          <TreatExpr>
                                                                                          <CastableExpr>
                                                                                          <CastExpr>
                                                                                          <UnaryExpr>
                                                                                          <ValueExpr>
                                                                                          <PathExpr>
                                                                                          <RelativePathExpr>
                                                                                          <StepExpr>
                                                                                          <FilterExpr>
                                                                                          <PrimaryExpr>
                                                                                          <FunctionCall>
                                                                                          <FunctionName>
                                                                                          <QName>response:set-view</QName>
                                                                                          </FunctionName>
                                                                                          <TOKEN>(</TOKEN>
                                                                                          <ExprSingle>
                                                                                          <OrExpr>
                                                                                          <AndExpr>
                                                                                          <ComparisonExpr>
                                                                                          <RangeExpr>
                                                                                          <AdditiveExpr>
                                                                                          <MultiplicativeExpr>
                                                                                          <UnionExpr>
                                                                                          <IntersectExceptExpr>
                                                                                          <InstanceofExpr>
                                                                                          <TreatExpr>
                                                                                          <CastableExpr>
                                                                                          <CastExpr>
                                                                                          <UnaryExpr>
                                                                                          <ValueExpr>
                                                                                          <PathExpr>
                                                                                          <RelativePathExpr>
                                                                                          <StepExpr>
                                                                                          <FilterExpr>
                                                                                          <PrimaryExpr>
                                                                                          <Literal>
                                                                                          <StringLiteral>"flexigrid"</StringLiteral>
                                                                                          </Literal>
                                                                                          </PrimaryExpr>
                                                                                          <PredicateList/>
                                                                                          </FilterExpr>
                                                                                          </StepExpr>
                                                                                          </RelativePathExpr>
                                                                                          </PathExpr>
                                                                                          </ValueExpr>
                                                                                          </UnaryExpr>
                                                                                          </CastExpr>
                                                                                          </CastableExpr>
                                                                                          </TreatExpr>
                                                                                          </InstanceofExpr>
                                                                                          </IntersectExceptExpr>
                                                                                          </UnionExpr>
                                                                                          </MultiplicativeExpr>
                                                                                          </AdditiveExpr>
                                                                                          </RangeExpr>
                                                                                          </ComparisonExpr>
                                                                                          </AndExpr>
                                                                                          </OrExpr>
                                                                                          </ExprSingle>
                                                                                          <TOKEN>)</TOKEN>
                                                                                          </FunctionCall>
                                                                                          </PrimaryExpr>
                                                                                          <PredicateList/>
                                                                                          </FilterExpr>
                                                                                          </StepExpr>
                                                                                          </RelativePathExpr>
                                                                                          </PathExpr>
                                                                                          </ValueExpr>
                                                                                          </UnaryExpr>
                                                                                          </CastExpr>
                                                                                          </CastableExpr>
                                                                                          </TreatExpr>
                                                                                          </InstanceofExpr>
                                                                                          </IntersectExceptExpr>
                                                                                          </UnionExpr>
                                                                                          </MultiplicativeExpr>
                                                                                          </AdditiveExpr>
                                                                                          </RangeExpr>
                                                                                          </ComparisonExpr>
                                                                                          </AndExpr>
                                                                                          </OrExpr>
                                                                                          </ExprSingle>
                                                                                          <TOKEN>,</TOKEN>
                                                                                          <ExprSingle>
                                                                                          <OrExpr>
                                                                                          <AndExpr>
                                                                                          <ComparisonExpr>
                                                                                          <RangeExpr>
                                                                                          <AdditiveExpr>
                                                                                          <MultiplicativeExpr>
                                                                                          <UnionExpr>
                                                                                          <IntersectExceptExpr>
                                                                                          <InstanceofExpr>
                                                                                          <TreatExpr>
                                                                                          <CastableExpr>
                                                                                          <CastExpr>
                                                                                          <UnaryExpr>
                                                                                          <ValueExpr>
                                                                                          <PathExpr>
                                                                                          <RelativePathExpr>
                                                                                          <StepExpr>
                                                                                          <FilterExpr>
                                                                                          <PrimaryExpr>
                                                                                          <FunctionCall>
                                                                                          <FunctionName>
                                                                                          <QName>response:set-title</QName>
                                                                                          </FunctionName>
                                                                                          <TOKEN>(</TOKEN>
                                                                                          <ExprSingle>
                                                                                          <OrExpr>
                                                                                          <AndExpr>
                                                                                          <ComparisonExpr>
                                                                                          <RangeExpr>
                                                                                          <AdditiveExpr>
                                                                                          <MultiplicativeExpr>
                                                                                          <UnionExpr>
                                                                                          <IntersectExceptExpr>
                                                                                          <InstanceofExpr>
                                                                                          <TreatExpr>
                                                                                          <CastableExpr>
                                                                                          <CastExpr>
                                                                                          <UnaryExpr>
                                                                                          <ValueExpr>
                                                                                          <PathExpr>
                                                                                          <RelativePathExpr>
                                                                                          <StepExpr>
                                                                                          <FilterExpr>
                                                                                          <PrimaryExpr>
                                                                                          <Literal>
                                                                                          <StringLiteral>"FlexiGrid Demo"</StringLiteral>
                                                                                          </Literal>
                                                                                          </PrimaryExpr>
                                                                                          <PredicateList/>
                                                                                          </FilterExpr>
                                                                                          </StepExpr>
                                                                                          </RelativePathExpr>
                                                                                          </PathExpr>
                                                                                          </ValueExpr>
                                                                                          </UnaryExpr>
                                                                                          </CastExpr>
                                                                                          </CastableExpr>
                                                                                          </TreatExpr>
                                                                                          </InstanceofExpr>
                                                                                          </IntersectExceptExpr>
                                                                                          </UnionExpr>
                                                                                          </MultiplicativeExpr>
                                                                                          </AdditiveExpr>
                                                                                          </RangeExpr>
                                                                                          </ComparisonExpr>
                                                                                          </AndExpr>
                                                                                          </OrExpr>
                                                                                          </ExprSingle>
                                                                                          <TOKEN>)</TOKEN>
                                                                                          </FunctionCall>
                                                                                          </PrimaryExpr>
                                                                                          <PredicateList/>
                                                                                          </FilterExpr>
                                                                                          </StepExpr>
                                                                                          </RelativePathExpr>
                                                                                          </PathExpr>
                                                                                          </ValueExpr>
                                                                                          </UnaryExpr>
                                                                                          </CastExpr>
                                                                                          </CastableExpr>
                                                                                          </TreatExpr>
                                                                                          </InstanceofExpr>
                                                                                          </IntersectExceptExpr>
                                                                                          </UnionExpr>
                                                                                          </MultiplicativeExpr>
                                                                                          </AdditiveExpr>
                                                                                          </RangeExpr>
                                                                                          </ComparisonExpr>
                                                                                          </AndExpr>
                                                                                          </OrExpr>
                                                                                          </ExprSingle>
                                                                                          <TOKEN>,</TOKEN>
                                                                                          <ExprSingle>
                                                                                          <OrExpr>
                                                                                          <AndExpr>
                                                                                          <ComparisonExpr>
                                                                                          <RangeExpr>
                                                                                          <AdditiveExpr>
                                                                                          <MultiplicativeExpr>
                                                                                          <UnionExpr>
                                                                                          <IntersectExceptExpr>
                                                                                          <InstanceofExpr>
                                                                                          <TreatExpr>
                                                                                          <CastableExpr>
                                                                                          <CastExpr>
                                                                                          <UnaryExpr>
                                                                                          <ValueExpr>
                                                                                          <PathExpr>
                                                                                          <RelativePathExpr>
                                                                                          <StepExpr>
                                                                                          <FilterExpr>
                                                                                          <PrimaryExpr>
                                                                                          <FunctionCall>
                                                                                          <FunctionName>
                                                                                          <QName>response:set-slot</QName>
                                                                                          </FunctionName>
                                                                                          <TOKEN>(</TOKEN>
                                                                                          <ExprSingle>
                                                                                          <OrExpr>
                                                                                          <AndExpr>
                                                                                          <ComparisonExpr>
                                                                                          <RangeExpr>
                                                                                          <AdditiveExpr>
                                                                                          <MultiplicativeExpr>
                                                                                          <UnionExpr>
                                                                                          <IntersectExceptExpr>
                                                                                          <InstanceofExpr>
                                                                                          <TreatExpr>
                                                                                          <CastableExpr>
                                                                                          <CastExpr>
                                                                                          <UnaryExpr>
                                                                                          <ValueExpr>
                                                                                          <PathExpr>
                                                                                          <RelativePathExpr>
                                                                                          <StepExpr>
                                                                                          <FilterExpr>
                                                                                          <PrimaryExpr>
                                                                                          <Literal>
                                                                                          <StringLiteral>"headline"</StringLiteral>
                                                                                          </Literal>
                                                                                          </PrimaryExpr>
                                                                                          <PredicateList/>
                                                                                          </FilterExpr>
                                                                                          </StepExpr>
                                                                                          </RelativePathExpr>
                                                                                          </PathExpr>
                                                                                          </ValueExpr>
                                                                                          </UnaryExpr>
                                                                                          </CastExpr>
                                                                                          </CastableExpr>
                                                                                          </TreatExpr>
                                                                                          </InstanceofExpr>
                                                                                          </IntersectExceptExpr>
                                                                                          </UnionExpr>
                                                                                          </MultiplicativeExpr>
                                                                                          </AdditiveExpr>
                                                                                          </RangeExpr>
                                                                                          </ComparisonExpr>
                                                                                          </AndExpr>
                                                                                          </OrExpr>
                                                                                          </ExprSingle>
                                                                                          <TOKEN>,</TOKEN>
                                                                                          <ExprSingle>
                                                                                          <OrExpr>
                                                                                          <AndExpr>
                                                                                          <ComparisonExpr>
                                                                                          <RangeExpr>
                                                                                          <AdditiveExpr>
                                                                                          <MultiplicativeExpr>
                                                                                          <UnionExpr>
                                                                                          <IntersectExceptExpr>
                                                                                          <InstanceofExpr>
                                                                                          <TreatExpr>
                                                                                          <CastableExpr>
                                                                                          <CastExpr>
                                                                                          <UnaryExpr>
                                                                                          <ValueExpr>
                                                                                          <PathExpr>
                                                                                          <RelativePathExpr>
                                                                                          <StepExpr>
                                                                                          <FilterExpr>
                                                                                          <PrimaryExpr>
                                                                                          <Constructor>
                                                                                          <DirectConstructor>
                                                                                          <DirElemConstructor>
                                                                                          <TOKEN>&lt;</TOKEN>
                                                                                          <QName>
                                                                                          <FunctionName>
                                                                                          <QName>h3</QName>
                                                                                          </FunctionName>
                                                                                          </QName>
                                                                                          <DirAttributeList/>
                                                                                          <TOKEN>&gt;</TOKEN>
                                                                                          <DirElemContent>
                                                                                          <ElementContentChar>I</ElementContentChar>
                                                                                          </DirElemContent>
                                                                                          <DirElemContent>
                                                                                          <ElementContentChar> </ElementContentChar>
                                                                                          </DirElemContent>
                                                                                          <DirElemContent>
                                                                                          <ElementContentChar>a</ElementContentChar>
                                                                                          </DirElemContent>
                                                                                          <DirElemContent>
                                                                                          <ElementContentChar>m</ElementContentChar>
                                                                                          </DirElemContent>
                                                                                          <DirElemContent>
                                                                                          <ElementContentChar> </ElementContentChar>
                                                                                          </DirElemContent>
                                                                                          <DirElemContent>
                                                                                          <ElementContentChar>a</ElementContentChar>
                                                                                          </DirElemContent>
                                                                                          <DirElemContent>
                                                                                          <ElementContentChar> </ElementContentChar>
                                                                                          </DirElemContent>
                                                                                          <DirElemContent>
                                                                                          <ElementContentChar>s</ElementContentChar>
                                                                                          </DirElemContent>
                                                                                          <DirElemContent>
                                                                                          <ElementContentChar>u</ElementContentChar>
                                                                                          </DirElemContent>
                                                                                          <DirElemContent>
                                                                                          <ElementContentChar>p</ElementContentChar>
                                                                                          </DirElemContent>
                                                                                          <DirElemContent>
                                                                                          <ElementContentChar>e</ElementContentChar>
                                                                                          </DirElemContent>
                                                                                          <DirElemContent>
                                                                                          <ElementContentChar>r</ElementContentChar>
                                                                                          </DirElemContent>
                                                                                          <DirElemContent>
                                                                                          <ElementContentChar> </ElementContentChar>
                                                                                          </DirElemContent>
                                                                                          <DirElemContent>
                                                                                          <ElementContentChar>s</ElementContentChar>
                                                                                          </DirElemContent>
                                                                                          <DirElemContent>
                                                                                          <ElementContentChar>l</ElementContentChar>
                                                                                          </DirElemContent>
                                                                                          <DirElemContent>
                                                                                          <ElementContentChar>o</ElementContentChar>
                                                                                          </DirElemContent>
                                                                                          <DirElemContent>
                                                                                          <ElementContentChar>t</ElementContentChar>
                                                                                          </DirElemContent>
                                                                                          <TOKEN>&lt;/</TOKEN>
                                                                                          <QName>
                                                                                          <FunctionName>
                                                                                          <QName>h3</QName>
                                                                                          </FunctionName>
                                                                                          </QName>
                                                                                          <TOKEN>&gt;</TOKEN>
                                                                                          </DirElemConstructor>
                                                                                          </DirectConstructor>
                                                                                          </Constructor>
                                                                                          </PrimaryExpr>
                                                                                          <PredicateList/>
                                                                                          </FilterExpr>
                                                                                          </StepExpr>
                                                                                          </RelativePathExpr>
                                                                                          </PathExpr>
                                                                                          </ValueExpr>
                                                                                          </UnaryExpr>
                                                                                          </CastExpr>
                                                                                          </CastableExpr>
                                                                                          </TreatExpr>
                                                                                          </InstanceofExpr>
                                                                                          </IntersectExceptExpr>
                                                                                          </UnionExpr>
                                                                                          </MultiplicativeExpr>
                                                                                          </AdditiveExpr>
                                                                                          </RangeExpr>
                                                                                          </ComparisonExpr>
                                                                                          </AndExpr>
                                                                                          </OrExpr>
                                                                                          </ExprSingle>
                                                                                          <TOKEN>)</TOKEN>
                                                                                          </FunctionCall>
                                                                                          </PrimaryExpr>
                                                                                          <PredicateList/>
                                                                                          </FilterExpr>
                                                                                          </StepExpr>
                                                                                          </RelativePathExpr>
                                                                                          </PathExpr>
                                                                                          </ValueExpr>
                                                                                          </UnaryExpr>
                                                                                          </CastExpr>
                                                                                          </CastableExpr>
                                                                                          </TreatExpr>
                                                                                          </InstanceofExpr>
                                                                                          </IntersectExceptExpr>
                                                                                          </UnionExpr>
                                                                                          </MultiplicativeExpr>
                                                                                          </AdditiveExpr>
                                                                                          </RangeExpr>
                                                                                          </ComparisonExpr>
                                                                                          </AndExpr>
                                                                                          </OrExpr>
                                                                                          </ExprSingle>
                                                                                          <TOKEN>,</TOKEN>
                                                                                          <ExprSingle>
                                                                                          <OrExpr>
                                                                                          <AndExpr>
                                                                                          <ComparisonExpr>
                                                                                          <RangeExpr>
                                                                                          <AdditiveExpr>
                                                                                          <MultiplicativeExpr>
                                                                                          <UnionExpr>
                                                                                          <IntersectExceptExpr>
                                                                                          <InstanceofExpr>
                                                                                          <TreatExpr>
                                                                                          <CastableExpr>
                                                                                          <CastExpr>
                                                                                          <UnaryExpr>
                                                                                          <ValueExpr>
                                                                                          <PathExpr>
                                                                                          <RelativePathExpr>
                                                                                          <StepExpr>
                                                                                          <FilterExpr>
                                                                                          <PrimaryExpr>
                                                                                          <FunctionCall>
                                                                                          <FunctionName>
                                                                                          <QName>response:add-httpmeta</QName>
                                                                                          </FunctionName>
                                                                                          <TOKEN>(</TOKEN>
                                                                                          <ExprSingle>
                                                                                          <OrExpr>
                                                                                          <AndExpr>
                                                                                          <ComparisonExpr>
                                                                                          <RangeExpr>
                                                                                          <AdditiveExpr>
                                                                                          <MultiplicativeExpr>
                                                                                          <UnionExpr>
                                                                                          <IntersectExceptExpr>
                                                                                          <InstanceofExpr>
                                                                                          <TreatExpr>
                                                                                          <CastableExpr>
                                                                                          <CastExpr>
                                                                                          <UnaryExpr>
                                                                                          <ValueExpr>
                                                                                          <PathExpr>
                                                                                          <RelativePathExpr>
                                                                                          <StepExpr>
                                                                                          <FilterExpr>
                                                                                          <PrimaryExpr>
                                                                                          <Literal>
                                                                                          <StringLiteral>"cache-control"</StringLiteral>
                                                                                          </Literal>
                                                                                          </PrimaryExpr>
                                                                                          <PredicateList/>
                                                                                          </FilterExpr>
                                                                                          </StepExpr>
                                                                                          </RelativePathExpr>
                                                                                          </PathExpr>
                                                                                          </ValueExpr>
                                                                                          </UnaryExpr>
                                                                                          </CastExpr>
                                                                                          </CastableExpr>
                                                                                          </TreatExpr>
                                                                                          </InstanceofExpr>
                                                                                          </IntersectExceptExpr>
                                                                                          </UnionExpr>
                                                                                          </MultiplicativeExpr>
                                                                                          </AdditiveExpr>
                                                                                          </RangeExpr>
                                                                                          </ComparisonExpr>
                                                                                          </AndExpr>
                                                                                          </OrExpr>
                                                                                          </ExprSingle>
                                                                                          <TOKEN>,</TOKEN>
                                                                                          <ExprSingle>
                                                                                          <OrExpr>
                                                                                          <AndExpr>
                                                                                          <ComparisonExpr>
                                                                                          <RangeExpr>
                                                                                          <AdditiveExpr>
                                                                                          <MultiplicativeExpr>
                                                                                          <UnionExpr>
                                                                                          <IntersectExceptExpr>
                                                                                          <InstanceofExpr>
                                                                                          <TreatExpr>
                                                                                          <CastableExpr>
                                                                                          <CastExpr>
                                                                                          <UnaryExpr>
                                                                                          <ValueExpr>
                                                                                          <PathExpr>
                                                                                          <RelativePathExpr>
                                                                                          <StepExpr>
                                                                                          <FilterExpr>
                                                                                          <PrimaryExpr>
                                                                                          <Literal>
                                                                                          <StringLiteral>"public"</StringLiteral>
                                                                                          </Literal>
                                                                                          </PrimaryExpr>
                                                                                          <PredicateList/>
                                                                                          </FilterExpr>
                                                                                          </StepExpr>
                                                                                          </RelativePathExpr>
                                                                                          </PathExpr>
                                                                                          </ValueExpr>
                                                                                          </UnaryExpr>
                                                                                          </CastExpr>
                                                                                          </CastableExpr>
                                                                                          </TreatExpr>
                                                                                          </InstanceofExpr>
                                                                                          </IntersectExceptExpr>
                                                                                          </UnionExpr>
                                                                                          </MultiplicativeExpr>
                                                                                          </AdditiveExpr>
                                                                                          </RangeExpr>
                                                                                          </ComparisonExpr>
                                                                                          </AndExpr>
                                                                                          </OrExpr>
                                                                                          </ExprSingle>
                                                                                          <TOKEN>)</TOKEN>
                                                                                          </FunctionCall>
                                                                                          </PrimaryExpr>
                                                                                          <PredicateList/>
                                                                                          </FilterExpr>
                                                                                          </StepExpr>
                                                                                          </RelativePathExpr>
                                                                                          </PathExpr>
                                                                                          </ValueExpr>
                                                                                          </UnaryExpr>
                                                                                          </CastExpr>
                                                                                          </CastableExpr>
                                                                                          </TreatExpr>
                                                                                          </InstanceofExpr>
                                                                                          </IntersectExceptExpr>
                                                                                          </UnionExpr>
                                                                                          </MultiplicativeExpr>
                                                                                          </AdditiveExpr>
                                                                                          </RangeExpr>
                                                                                          </ComparisonExpr>
                                                                                          </AndExpr>
                                                                                          </OrExpr>
                                                                                          </ExprSingle>
                                                                                          <TOKEN>,</TOKEN>
                                                                                          <ExprSingle>
                                                                                          <OrExpr>
                                                                                          <AndExpr>
                                                                                          <ComparisonExpr>
                                                                                          <RangeExpr>
                                                                                          <AdditiveExpr>
                                                                                          <MultiplicativeExpr>
                                                                                          <UnionExpr>
                                                                                          <IntersectExceptExpr>
                                                                                          <InstanceofExpr>
                                                                                          <TreatExpr>
                                                                                          <CastableExpr>
                                                                                          <CastExpr>
                                                                                          <UnaryExpr>
                                                                                          <ValueExpr>
                                                                                          <PathExpr>
                                                                                          <RelativePathExpr>
                                                                                          <StepExpr>
                                                                                          <FilterExpr>
                                                                                          <PrimaryExpr>
                                                                                          <FunctionCall>
                                                                                          <FunctionName>
                                                                                          <QName>response:response</QName>
                                                                                          </FunctionName>
                                                                                          <TOKEN>(</TOKEN>
                                                                                          <TOKEN>)</TOKEN>
                                                                                          </FunctionCall>
                                                                                          </PrimaryExpr>
                                                                                          <PredicateList/>
                                                                                          </FilterExpr>
                                                                                          </StepExpr>
                                                                                          </RelativePathExpr>
                                                                                          </PathExpr>
                                                                                          </ValueExpr>
                                                                                          </UnaryExpr>
                                                                                          </CastExpr>
                                                                                          </CastableExpr>
                                                                                          </TreatExpr>
                                                                                          </InstanceofExpr>
                                                                                          </IntersectExceptExpr>
                                                                                          </UnionExpr>
                                                                                          </MultiplicativeExpr>
                                                                                          </AdditiveExpr>
                                                                                          </RangeExpr>
                                                                                          </ComparisonExpr>
                                                                                          </AndExpr>
                                                                                          </OrExpr>
                                                                                          </ExprSingle>
                                                                                          </Expr>
                                                                                          <TOKEN>)</TOKEN>
                                                                                          </ParenthesizedExpr>
                                                                                          </PrimaryExpr>
                                                                                          <PredicateList/>
                                                                                          </FilterExpr>
                                                                                          </StepExpr>
                                                                                          </RelativePathExpr>
                                                                                        </PathExpr>
                                                                                    </ValueExpr>
                                                                                </UnaryExpr>
                                                                            </CastExpr>
                                                                        </CastableExpr>
                                                                    </TreatExpr>
                                                                </InstanceofExpr>
                                                            </IntersectExceptExpr>
                                                        </UnionExpr>
                                                    </MultiplicativeExpr>
                                                </AdditiveExpr>
                                            </RangeExpr>
                                        </ComparisonExpr>
                                    </AndExpr>
                                </OrExpr>
                            </ExprSingle>
                        </Expr>
                        <TOKEN>}</TOKEN>
                    </EnclosedExpr>
                </FunctionDecl>
                <Separator>
                    <TOKEN>;</TOKEN>
                </Separator>
                <FunctionDecl>
                    <TOKEN>declare</TOKEN>
                    <TOKEN>function</TOKEN>
                    <FunctionName>
                        <QName>controller:editinplace</QName>
                    </FunctionName>
                    <TOKEN>(</TOKEN>
                    <ParamList>
                        <Param>
                            <TOKEN>$</TOKEN>
                            <QName>
                                <FunctionName>
                                    <QName>request</QName>
                                </FunctionName>
                            </QName>
                            <TypeDeclaration>
                                <TOKEN>as</TOKEN>
                                <SequenceType>
                                    <ItemType>
                                        <AtomicType>
                                            <QName>
                                                <FunctionName>
                                                    <QName>map:map</QName>
                                                </FunctionName>
                                            </QName>
                                        </AtomicType>
                                    </ItemType>
                                </SequenceType>
                            </TypeDeclaration>
                        </Param>
                    </ParamList>
                    <TOKEN>)</TOKEN>
                    <EnclosedExpr>
                        <TOKEN>{</TOKEN>
                        <Expr>
                            <ExprSingle>
                                <OrExpr>
                                    <AndExpr>
                                        <ComparisonExpr>
                                            <RangeExpr>
                                                <AdditiveExpr>
                                                    <MultiplicativeExpr>
                                                        <UnionExpr>
                                                            <IntersectExceptExpr>
                                                                <InstanceofExpr>
                                                                    <TreatExpr>
                                                                        <CastableExpr>
                                                                            <CastExpr>
                                                                                <UnaryExpr>
                                                                                    <ValueExpr>
                                                                                        <PathExpr>
                                                                                          <RelativePathExpr>
                                                                                          <StepExpr>
                                                                                          <FilterExpr>
                                                                                          <PrimaryExpr>
                                                                                          <ParenthesizedExpr>

                                                                                          <TOKEN>(</TOKEN>
                                                                                          <Expr>
                                                                                          <ExprSingle>
                                                                                          <OrExpr>
                                                                                          <AndExpr>
                                                                                          <ComparisonExpr>
                                                                                          <RangeExpr>
                                                                                          <AdditiveExpr>
                                                                                          <MultiplicativeExpr>
                                                                                          <UnionExpr>
                                                                                          <IntersectExceptExpr>
                                                                                          <InstanceofExpr>
                                                                                          <TreatExpr>
                                                                                          <CastableExpr>
                                                                                          <CastExpr>
                                                                                          <UnaryExpr>
                                                                                          <ValueExpr>
                                                                                          <PathExpr>
                                                                                          <RelativePathExpr>
                                                                                          <StepExpr>
                                                                                          <FilterExpr>
                                                                                          <PrimaryExpr>
                                                                                          <FunctionCall>
                                                                                          <FunctionName>
                                                                                          <QName>response:set-controller</QName>
                                                                                          </FunctionName>
                                                                                          <TOKEN>(</TOKEN>
                                                                                          <ExprSingle>
                                                                                          <OrExpr>
                                                                                          <AndExpr>
                                                                                          <ComparisonExpr>
                                                                                          <RangeExpr>
                                                                                          <AdditiveExpr>
                                                                                          <MultiplicativeExpr>
                                                                                          <UnionExpr>
                                                                                          <IntersectExceptExpr>
                                                                                          <InstanceofExpr>
                                                                                          <TreatExpr>
                                                                                          <CastableExpr>
                                                                                          <CastExpr>
                                                                                          <UnaryExpr>
                                                                                          <ValueExpr>
                                                                                          <PathExpr>
                                                                                          <RelativePathExpr>
                                                                                          <StepExpr>
                                                                                          <FilterExpr>
                                                                                          <PrimaryExpr>
                                                                                          <Literal>
                                                                                          <StringLiteral>"default"</StringLiteral>
                                                                                          </Literal>
                                                                                          </PrimaryExpr>
                                                                                          <PredicateList/>
                                                                                          </FilterExpr>
                                                                                          </StepExpr>
                                                                                          </RelativePathExpr>
                                                                                          </PathExpr>
                                                                                          </ValueExpr>
                                                                                          </UnaryExpr>
                                                                                          </CastExpr>
                                                                                          </CastableExpr>
                                                                                          </TreatExpr>
                                                                                          </InstanceofExpr>
                                                                                          </IntersectExceptExpr>
                                                                                          </UnionExpr>
                                                                                          </MultiplicativeExpr>
                                                                                          </AdditiveExpr>
                                                                                          </RangeExpr>
                                                                                          </ComparisonExpr>
                                                                                          </AndExpr>
                                                                                          </OrExpr>
                                                                                          </ExprSingle>
                                                                                          <TOKEN>)</TOKEN>
                                                                                          </FunctionCall>
                                                                                          </PrimaryExpr>
                                                                                          <PredicateList/>
                                                                                          </FilterExpr>
                                                                                          </StepExpr>
                                                                                          </RelativePathExpr>
                                                                                          </PathExpr>
                                                                                          </ValueExpr>
                                                                                          </UnaryExpr>
                                                                                          </CastExpr>
                                                                                          </CastableExpr>
                                                                                          </TreatExpr>
                                                                                          </InstanceofExpr>
                                                                                          </IntersectExceptExpr>
                                                                                          </UnionExpr>
                                                                                          </MultiplicativeExpr>
                                                                                          </AdditiveExpr>
                                                                                          </RangeExpr>
                                                                                          </ComparisonExpr>
                                                                                          </AndExpr>
                                                                                          </OrExpr>
                                                                                          </ExprSingle>
                                                                                          <TOKEN>,</TOKEN>
                                                                                          <ExprSingle>
                                                                                          <OrExpr>
                                                                                          <AndExpr>
                                                                                          <ComparisonExpr>
                                                                                          <RangeExpr>
                                                                                          <AdditiveExpr>
                                                                                          <MultiplicativeExpr>
                                                                                          <UnionExpr>
                                                                                          <IntersectExceptExpr>
                                                                                          <InstanceofExpr>
                                                                                          <TreatExpr>
                                                                                          <CastableExpr>
                                                                                          <CastExpr>
                                                                                          <UnaryExpr>
                                                                                          <ValueExpr>
                                                                                          <PathExpr>
                                                                                          <RelativePathExpr>
                                                                                          <StepExpr>
                                                                                          <FilterExpr>
                                                                                          <PrimaryExpr>
                                                                                          <FunctionCall>
                                                                                          <FunctionName>
                                                                                          <QName>response:set-template</QName>
                                                                                          </FunctionName>
                                                                                          <TOKEN>(</TOKEN>
                                                                                          <ExprSingle>
                                                                                          <OrExpr>
                                                                                          <AndExpr>
                                                                                          <ComparisonExpr>
                                                                                          <RangeExpr>
                                                                                          <AdditiveExpr>
                                                                                          <MultiplicativeExpr>
                                                                                          <UnionExpr>
                                                                                          <IntersectExceptExpr>
                                                                                          <InstanceofExpr>
                                                                                          <TreatExpr>
                                                                                          <CastableExpr>
                                                                                          <CastExpr>
                                                                                          <UnaryExpr>
                                                                                          <ValueExpr>
                                                                                          <PathExpr>
                                                                                          <RelativePathExpr>
                                                                                          <StepExpr>
                                                                                          <FilterExpr>
                                                                                          <PrimaryExpr>
                                                                                          <Literal>
                                                                                          <StringLiteral>"main"</StringLiteral>
                                                                                          </Literal>
                                                                                          </PrimaryExpr>
                                                                                          <PredicateList/>
                                                                                          </FilterExpr>
                                                                                          </StepExpr>
                                                                                          </RelativePathExpr>
                                                                                          </PathExpr>
                                                                                          </ValueExpr>
                                                                                          </UnaryExpr>
                                                                                          </CastExpr>
                                                                                          </CastableExpr>
                                                                                          </TreatExpr>
                                                                                          </InstanceofExpr>
                                                                                          </IntersectExceptExpr>
                                                                                          </UnionExpr>
                                                                                          </MultiplicativeExpr>
                                                                                          </AdditiveExpr>
                                                                                          </RangeExpr>
                                                                                          </ComparisonExpr>
                                                                                          </AndExpr>
                                                                                          </OrExpr>
                                                                                          </ExprSingle>
                                                                                          <TOKEN>)</TOKEN>
                                                                                          </FunctionCall>
                                                                                          </PrimaryExpr>
                                                                                          <PredicateList/>
                                                                                          </FilterExpr>
                                                                                          </StepExpr>
                                                                                          </RelativePathExpr>
                                                                                          </PathExpr>
                                                                                          </ValueExpr>
                                                                                          </UnaryExpr>
                                                                                          </CastExpr>
                                                                                          </CastableExpr>
                                                                                          </TreatExpr>
                                                                                          </InstanceofExpr>
                                                                                          </IntersectExceptExpr>
                                                                                          </UnionExpr>
                                                                                          </MultiplicativeExpr>
                                                                                          </AdditiveExpr>
                                                                                          </RangeExpr>
                                                                                          </ComparisonExpr>
                                                                                          </AndExpr>
                                                                                          </OrExpr>
                                                                                          </ExprSingle>
                                                                                          <TOKEN>,</TOKEN>
                                                                                          <ExprSingle>
                                                                                          <OrExpr>
                                                                                          <AndExpr>
                                                                                          <ComparisonExpr>
                                                                                          <RangeExpr>
                                                                                          <AdditiveExpr>
                                                                                          <MultiplicativeExpr>
                                                                                          <UnionExpr>
                                                                                          <IntersectExceptExpr>
                                                                                          <InstanceofExpr>
                                                                                          <TreatExpr>
                                                                                          <CastableExpr>
                                                                                          <CastExpr>
                                                                                          <UnaryExpr>
                                                                                          <ValueExpr>
                                                                                          <PathExpr>
                                                                                          <RelativePathExpr>
                                                                                          <StepExpr>
                                                                                          <FilterExpr>
                                                                                          <PrimaryExpr>
                                                                                          <FunctionCall>
                                                                                          <FunctionName>
                                                                                          <QName>response:set-view</QName>
                                                                                          </FunctionName>
                                                                                          <TOKEN>(</TOKEN>
                                                                                          <ExprSingle>
                                                                                          <OrExpr>
                                                                                          <AndExpr>
                                                                                          <ComparisonExpr>
                                                                                          <RangeExpr>
                                                                                          <AdditiveExpr>
                                                                                          <MultiplicativeExpr>
                                                                                          <UnionExpr>
                                                                                          <IntersectExceptExpr>
                                                                                          <InstanceofExpr>
                                                                                          <TreatExpr>
                                                                                          <CastableExpr>
                                                                                          <CastExpr>
                                                                                          <UnaryExpr>
                                                                                          <ValueExpr>
                                                                                          <PathExpr>
                                                                                          <RelativePathExpr>
                                                                                          <StepExpr>
                                                                                          <FilterExpr>
                                                                                          <PrimaryExpr>
                                                                                          <Literal>
                                                                                          <StringLiteral>"editinplace"</StringLiteral>
                                                                                          </Literal>
                                                                                          </PrimaryExpr>
                                                                                          <PredicateList/>
                                                                                          </FilterExpr>
                                                                                          </StepExpr>
                                                                                          </RelativePathExpr>
                                                                                          </PathExpr>
                                                                                          </ValueExpr>
                                                                                          </UnaryExpr>
                                                                                          </CastExpr>
                                                                                          </CastableExpr>
                                                                                          </TreatExpr>
                                                                                          </InstanceofExpr>
                                                                                          </IntersectExceptExpr>
                                                                                          </UnionExpr>
                                                                                          </MultiplicativeExpr>
                                                                                          </AdditiveExpr>
                                                                                          </RangeExpr>
                                                                                          </ComparisonExpr>
                                                                                          </AndExpr>
                                                                                          </OrExpr>
                                                                                          </ExprSingle>
                                                                                          <TOKEN>)</TOKEN>
                                                                                          </FunctionCall>
                                                                                          </PrimaryExpr>
                                                                                          <PredicateList/>
                                                                                          </FilterExpr>
                                                                                          </StepExpr>
                                                                                          </RelativePathExpr>
                                                                                          </PathExpr>
                                                                                          </ValueExpr>
                                                                                          </UnaryExpr>
                                                                                          </CastExpr>
                                                                                          </CastableExpr>
                                                                                          </TreatExpr>
                                                                                          </InstanceofExpr>
                                                                                          </IntersectExceptExpr>
                                                                                          </UnionExpr>
                                                                                          </MultiplicativeExpr>
                                                                                          </AdditiveExpr>
                                                                                          </RangeExpr>
                                                                                          </ComparisonExpr>
                                                                                          </AndExpr>
                                                                                          </OrExpr>
                                                                                          </ExprSingle>
                                                                                          <TOKEN>,</TOKEN>
                                                                                          <ExprSingle>
                                                                                          <OrExpr>
                                                                                          <AndExpr>
                                                                                          <ComparisonExpr>
                                                                                          <RangeExpr>
                                                                                          <AdditiveExpr>
                                                                                          <MultiplicativeExpr>
                                                                                          <UnionExpr>
                                                                                          <IntersectExceptExpr>
                                                                                          <InstanceofExpr>
                                                                                          <TreatExpr>
                                                                                          <CastableExpr>
                                                                                          <CastExpr>
                                                                                          <UnaryExpr>
                                                                                          <ValueExpr>
                                                                                          <PathExpr>
                                                                                          <RelativePathExpr>
                                                                                          <StepExpr>
                                                                                          <FilterExpr>
                                                                                          <PrimaryExpr>
                                                                                          <FunctionCall>
                                                                                          <FunctionName>
                                                                                          <QName>response:set-title</QName>
                                                                                          </FunctionName>
                                                                                          <TOKEN>(</TOKEN>
                                                                                          <ExprSingle>
                                                                                          <OrExpr>
                                                                                          <AndExpr>
                                                                                          <ComparisonExpr>
                                                                                          <RangeExpr>
                                                                                          <AdditiveExpr>
                                                                                          <MultiplicativeExpr>
                                                                                          <UnionExpr>
                                                                                          <IntersectExceptExpr>
                                                                                          <InstanceofExpr>
                                                                                          <TreatExpr>
                                                                                          <CastableExpr>
                                                                                          <CastExpr>
                                                                                          <UnaryExpr>
                                                                                          <ValueExpr>
                                                                                          <PathExpr>
                                                                                          <RelativePathExpr>
                                                                                          <StepExpr>
                                                                                          <FilterExpr>
                                                                                          <PrimaryExpr>
                                                                                          <Literal>
                                                                                          <StringLiteral>"Inplace Editor"</StringLiteral>
                                                                                          </Literal>
                                                                                          </PrimaryExpr>
                                                                                          <PredicateList/>
                                                                                          </FilterExpr>
                                                                                          </StepExpr>
                                                                                          </RelativePathExpr>
                                                                                          </PathExpr>
                                                                                          </ValueExpr>
                                                                                          </UnaryExpr>
                                                                                          </CastExpr>
                                                                                          </CastableExpr>
                                                                                          </TreatExpr>
                                                                                          </InstanceofExpr>
                                                                                          </IntersectExceptExpr>
                                                                                          </UnionExpr>
                                                                                          </MultiplicativeExpr>
                                                                                          </AdditiveExpr>
                                                                                          </RangeExpr>
                                                                                          </ComparisonExpr>
                                                                                          </AndExpr>
                                                                                          </OrExpr>
                                                                                          </ExprSingle>
                                                                                          <TOKEN>)</TOKEN>
                                                                                          </FunctionCall>
                                                                                          </PrimaryExpr>
                                                                                          <PredicateList/>
                                                                                          </FilterExpr>
                                                                                          </StepExpr>
                                                                                          </RelativePathExpr>
                                                                                          </PathExpr>
                                                                                          </ValueExpr>
                                                                                          </UnaryExpr>
                                                                                          </CastExpr>
                                                                                          </CastableExpr>
                                                                                          </TreatExpr>
                                                                                          </InstanceofExpr>
                                                                                          </IntersectExceptExpr>
                                                                                          </UnionExpr>
                                                                                          </MultiplicativeExpr>
                                                                                          </AdditiveExpr>
                                                                                          </RangeExpr>
                                                                                          </ComparisonExpr>
                                                                                          </AndExpr>
                                                                                          </OrExpr>
                                                                                          </ExprSingle>
                                                                                          <TOKEN>,</TOKEN>
                                                                                          <ExprSingle>
                                                                                          <OrExpr>
                                                                                          <AndExpr>
                                                                                          <ComparisonExpr>
                                                                                          <RangeExpr>
                                                                                          <AdditiveExpr>
                                                                                          <MultiplicativeExpr>
                                                                                          <UnionExpr>
                                                                                          <IntersectExceptExpr>
                                                                                          <InstanceofExpr>
                                                                                          <TreatExpr>
                                                                                          <CastableExpr>
                                                                                          <CastExpr>
                                                                                          <UnaryExpr>
                                                                                          <ValueExpr>
                                                                                          <PathExpr>
                                                                                          <RelativePathExpr>
                                                                                          <StepExpr>
                                                                                          <FilterExpr>
                                                                                          <PrimaryExpr>
                                                                                          <FunctionCall>
                                                                                          <FunctionName>
                                                                                          <QName>response:add-httpmeta</QName>
                                                                                          </FunctionName>
                                                                                          <TOKEN>(</TOKEN>
                                                                                          <ExprSingle>
                                                                                          <OrExpr>
                                                                                          <AndExpr>
                                                                                          <ComparisonExpr>
                                                                                          <RangeExpr>
                                                                                          <AdditiveExpr>
                                                                                          <MultiplicativeExpr>
                                                                                          <UnionExpr>
                                                                                          <IntersectExceptExpr>
                                                                                          <InstanceofExpr>
                                                                                          <TreatExpr>
                                                                                          <CastableExpr>
                                                                                          <CastExpr>
                                                                                          <UnaryExpr>
                                                                                          <ValueExpr>
                                                                                          <PathExpr>
                                                                                          <RelativePathExpr>
                                                                                          <StepExpr>
                                                                                          <FilterExpr>
                                                                                          <PrimaryExpr>
                                                                                          <Literal>
                                                                                          <StringLiteral>"cache-control"</StringLiteral>
                                                                                          </Literal>
                                                                                          </PrimaryExpr>
                                                                                          <PredicateList/>
                                                                                          </FilterExpr>
                                                                                          </StepExpr>
                                                                                          </RelativePathExpr>
                                                                                          </PathExpr>
                                                                                          </ValueExpr>
                                                                                          </UnaryExpr>
                                                                                          </CastExpr>
                                                                                          </CastableExpr>
                                                                                          </TreatExpr>
                                                                                          </InstanceofExpr>
                                                                                          </IntersectExceptExpr>
                                                                                          </UnionExpr>
                                                                                          </MultiplicativeExpr>
                                                                                          </AdditiveExpr>
                                                                                          </RangeExpr>
                                                                                          </ComparisonExpr>
                                                                                          </AndExpr>
                                                                                          </OrExpr>
                                                                                          </ExprSingle>
                                                                                          <TOKEN>,</TOKEN>
                                                                                          <ExprSingle>
                                                                                          <OrExpr>
                                                                                          <AndExpr>
                                                                                          <ComparisonExpr>
                                                                                          <RangeExpr>
                                                                                          <AdditiveExpr>
                                                                                          <MultiplicativeExpr>
                                                                                          <UnionExpr>
                                                                                          <IntersectExceptExpr>
                                                                                          <InstanceofExpr>
                                                                                          <TreatExpr>
                                                                                          <CastableExpr>
                                                                                          <CastExpr>
                                                                                          <UnaryExpr>
                                                                                          <ValueExpr>
                                                                                          <PathExpr>
                                                                                          <RelativePathExpr>
                                                                                          <StepExpr>
                                                                                          <FilterExpr>
                                                                                          <PrimaryExpr>
                                                                                          <Literal>
                                                                                          <StringLiteral>"public"</StringLiteral>
                                                                                          </Literal>
                                                                                          </PrimaryExpr>
                                                                                          <PredicateList/>
                                                                                          </FilterExpr>
                                                                                          </StepExpr>
                                                                                          </RelativePathExpr>
                                                                                          </PathExpr>
                                                                                          </ValueExpr>
                                                                                          </UnaryExpr>
                                                                                          </CastExpr>
                                                                                          </CastableExpr>
                                                                                          </TreatExpr>
                                                                                          </InstanceofExpr>
                                                                                          </IntersectExceptExpr>
                                                                                          </UnionExpr>
                                                                                          </MultiplicativeExpr>
                                                                                          </AdditiveExpr>
                                                                                          </RangeExpr>
                                                                                          </ComparisonExpr>
                                                                                          </AndExpr>
                                                                                          </OrExpr>
                                                                                          </ExprSingle>
                                                                                          <TOKEN>)</TOKEN>
                                                                                          </FunctionCall>
                                                                                          </PrimaryExpr>
                                                                                          <PredicateList/>
                                                                                          </FilterExpr>
                                                                                          </StepExpr>
                                                                                          </RelativePathExpr>
                                                                                          </PathExpr>
                                                                                          </ValueExpr>
                                                                                          </UnaryExpr>
                                                                                          </CastExpr>
                                                                                          </CastableExpr>
                                                                                          </TreatExpr>
                                                                                          </InstanceofExpr>
                                                                                          </IntersectExceptExpr>
                                                                                          </UnionExpr>
                                                                                          </MultiplicativeExpr>
                                                                                          </AdditiveExpr>
                                                                                          </RangeExpr>
                                                                                          </ComparisonExpr>
                                                                                          </AndExpr>
                                                                                          </OrExpr>
                                                                                          </ExprSingle>
                                                                                          <TOKEN>,</TOKEN>
                                                                                          <ExprSingle>
                                                                                          <OrExpr>
                                                                                          <AndExpr>
                                                                                          <ComparisonExpr>
                                                                                          <RangeExpr>
                                                                                          <AdditiveExpr>
                                                                                          <MultiplicativeExpr>
                                                                                          <UnionExpr>
                                                                                          <IntersectExceptExpr>
                                                                                          <InstanceofExpr>
                                                                                          <TreatExpr>
                                                                                          <CastableExpr>
                                                                                          <CastExpr>
                                                                                          <UnaryExpr>
                                                                                          <ValueExpr>
                                                                                          <PathExpr>
                                                                                          <RelativePathExpr>
                                                                                          <StepExpr>
                                                                                          <FilterExpr>
                                                                                          <PrimaryExpr>
                                                                                          <FunctionCall>
                                                                                          <FunctionName>
                                                                                          <QName>response:response</QName>
                                                                                          </FunctionName>
                                                                                          <TOKEN>(</TOKEN>
                                                                                          <TOKEN>)</TOKEN>
                                                                                          </FunctionCall>
                                                                                          </PrimaryExpr>
                                                                                          <PredicateList/>
                                                                                          </FilterExpr>
                                                                                          </StepExpr>
                                                                                          </RelativePathExpr>
                                                                                          </PathExpr>
                                                                                          </ValueExpr>
                                                                                          </UnaryExpr>
                                                                                          </CastExpr>
                                                                                          </CastableExpr>
                                                                                          </TreatExpr>
                                                                                          </InstanceofExpr>
                                                                                          </IntersectExceptExpr>
                                                                                          </UnionExpr>
                                                                                          </MultiplicativeExpr>
                                                                                          </AdditiveExpr>
                                                                                          </RangeExpr>
                                                                                          </ComparisonExpr>
                                                                                          </AndExpr>
                                                                                          </OrExpr>
                                                                                          </ExprSingle>
                                                                                          </Expr>
                                                                                          <TOKEN>)</TOKEN>
                                                                                          </ParenthesizedExpr>
                                                                                          </PrimaryExpr>
                                                                                          <PredicateList/>
                                                                                          </FilterExpr>
                                                                                          </StepExpr>
                                                                                          </RelativePathExpr>
                                                                                        </PathExpr>
                                                                                    </ValueExpr>
                                                                                </UnaryExpr>
                                                                            </CastExpr>
                                                                        </CastableExpr>
                                                                    </TreatExpr>
                                                                </InstanceofExpr>
                                                            </IntersectExceptExpr>
                                                        </UnionExpr>
                                                    </MultiplicativeExpr>
                                                </AdditiveExpr>
                                            </RangeExpr>
                                        </ComparisonExpr>
                                    </AndExpr>
                                </OrExpr>
                            </ExprSingle>
                        </Expr>
                        <TOKEN>}</TOKEN>
                    </EnclosedExpr>
                </FunctionDecl>
                <Separator>
                    <TOKEN>;</TOKEN>
                </Separator>
                <FunctionDecl>
                    <TOKEN>declare</TOKEN>
                    <TOKEN>function</TOKEN>
                    <FunctionName>
                        <QName>controller:three-columns-layout</QName>
                    </FunctionName>
                    <TOKEN>(</TOKEN>
                    <ParamList>
                        <Param>
                            <TOKEN>$</TOKEN>
                            <QName>
                                <FunctionName>
                                    <QName>request</QName>
                                </FunctionName>
                            </QName>
                            <TypeDeclaration>
                                <TOKEN>as</TOKEN>
                                <SequenceType>
                                    <ItemType>
                                        <AtomicType>
                                            <QName>
                                                <FunctionName>
                                                    <QName>map:map</QName>
                                                </FunctionName>
                                            </QName>
                                        </AtomicType>
                                    </ItemType>
                                </SequenceType>
                            </TypeDeclaration>
                        </Param>
                    </ParamList>
                    <TOKEN>)</TOKEN>
                    <EnclosedExpr>
                        <TOKEN>{</TOKEN>
                        <Expr>
                            <ExprSingle>
                                <OrExpr>
                                    <AndExpr>
                                        <ComparisonExpr>
                                            <RangeExpr>
                                                <AdditiveExpr>
                                                    <MultiplicativeExpr>
                                                        <UnionExpr>
                                                            <IntersectExceptExpr>
                                                                <InstanceofExpr>
                                                                    <TreatExpr>
                                                                        <CastableExpr>
                                                                            <CastExpr>
                                                                                <UnaryExpr>
                                                                                    <ValueExpr>
                                                                                        <PathExpr>
                                                                                          <RelativePathExpr>
                                                                                          <StepExpr>
                                                                                          <FilterExpr>
                                                                                          <PrimaryExpr>
                                                                                          <ParenthesizedExpr>

                                                                                          <TOKEN>(</TOKEN>
                                                                                          <Expr>
                                                                                          <ExprSingle>
                                                                                          <OrExpr>
                                                                                          <AndExpr>
                                                                                          <ComparisonExpr>
                                                                                          <RangeExpr>
                                                                                          <AdditiveExpr>
                                                                                          <MultiplicativeExpr>
                                                                                          <UnionExpr>
                                                                                          <IntersectExceptExpr>
                                                                                          <InstanceofExpr>
                                                                                          <TreatExpr>
                                                                                          <CastableExpr>
                                                                                          <CastExpr>
                                                                                          <UnaryExpr>
                                                                                          <ValueExpr>
                                                                                          <PathExpr>
                                                                                          <RelativePathExpr>
                                                                                          <StepExpr>
                                                                                          <FilterExpr>
                                                                                          <PrimaryExpr>
                                                                                          <FunctionCall>
                                                                                          <FunctionName>
                                                                                          <QName>response:set-controller</QName>
                                                                                          </FunctionName>
                                                                                          <TOKEN>(</TOKEN>
                                                                                          <ExprSingle>
                                                                                          <OrExpr>
                                                                                          <AndExpr>
                                                                                          <ComparisonExpr>
                                                                                          <RangeExpr>
                                                                                          <AdditiveExpr>
                                                                                          <MultiplicativeExpr>
                                                                                          <UnionExpr>
                                                                                          <IntersectExceptExpr>
                                                                                          <InstanceofExpr>
                                                                                          <TreatExpr>
                                                                                          <CastableExpr>
                                                                                          <CastExpr>
                                                                                          <UnaryExpr>
                                                                                          <ValueExpr>
                                                                                          <PathExpr>
                                                                                          <RelativePathExpr>
                                                                                          <StepExpr>
                                                                                          <FilterExpr>
                                                                                          <PrimaryExpr>
                                                                                          <Literal>
                                                                                          <StringLiteral>"default"</StringLiteral>
                                                                                          </Literal>
                                                                                          </PrimaryExpr>
                                                                                          <PredicateList/>
                                                                                          </FilterExpr>
                                                                                          </StepExpr>
                                                                                          </RelativePathExpr>
                                                                                          </PathExpr>
                                                                                          </ValueExpr>
                                                                                          </UnaryExpr>
                                                                                          </CastExpr>
                                                                                          </CastableExpr>
                                                                                          </TreatExpr>
                                                                                          </InstanceofExpr>
                                                                                          </IntersectExceptExpr>
                                                                                          </UnionExpr>
                                                                                          </MultiplicativeExpr>
                                                                                          </AdditiveExpr>
                                                                                          </RangeExpr>
                                                                                          </ComparisonExpr>
                                                                                          </AndExpr>
                                                                                          </OrExpr>
                                                                                          </ExprSingle>
                                                                                          <TOKEN>)</TOKEN>
                                                                                          </FunctionCall>
                                                                                          </PrimaryExpr>
                                                                                          <PredicateList/>
                                                                                          </FilterExpr>
                                                                                          </StepExpr>
                                                                                          </RelativePathExpr>
                                                                                          </PathExpr>
                                                                                          </ValueExpr>
                                                                                          </UnaryExpr>
                                                                                          </CastExpr>
                                                                                          </CastableExpr>
                                                                                          </TreatExpr>
                                                                                          </InstanceofExpr>
                                                                                          </IntersectExceptExpr>
                                                                                          </UnionExpr>
                                                                                          </MultiplicativeExpr>
                                                                                          </AdditiveExpr>
                                                                                          </RangeExpr>
                                                                                          </ComparisonExpr>
                                                                                          </AndExpr>
                                                                                          </OrExpr>
                                                                                          </ExprSingle>
                                                                                          <TOKEN>,</TOKEN>
                                                                                          <ExprSingle>
                                                                                          <OrExpr>
                                                                                          <AndExpr>
                                                                                          <ComparisonExpr>
                                                                                          <RangeExpr>
                                                                                          <AdditiveExpr>
                                                                                          <MultiplicativeExpr>
                                                                                          <UnionExpr>
                                                                                          <IntersectExceptExpr>
                                                                                          <InstanceofExpr>
                                                                                          <TreatExpr>
                                                                                          <CastableExpr>
                                                                                          <CastExpr>
                                                                                          <UnaryExpr>
                                                                                          <ValueExpr>
                                                                                          <PathExpr>
                                                                                          <RelativePathExpr>
                                                                                          <StepExpr>
                                                                                          <FilterExpr>
                                                                                          <PrimaryExpr>
                                                                                          <FunctionCall>
                                                                                          <FunctionName>
                                                                                          <QName>response:set-template</QName>
                                                                                          </FunctionName>
                                                                                          <TOKEN>(</TOKEN>
                                                                                          <ExprSingle>
                                                                                          <OrExpr>
                                                                                          <AndExpr>
                                                                                          <ComparisonExpr>
                                                                                          <RangeExpr>
                                                                                          <AdditiveExpr>
                                                                                          <MultiplicativeExpr>
                                                                                          <UnionExpr>
                                                                                          <IntersectExceptExpr>
                                                                                          <InstanceofExpr>
                                                                                          <TreatExpr>
                                                                                          <CastableExpr>
                                                                                          <CastExpr>
                                                                                          <UnaryExpr>
                                                                                          <ValueExpr>
                                                                                          <PathExpr>
                                                                                          <RelativePathExpr>
                                                                                          <StepExpr>
                                                                                          <FilterExpr>
                                                                                          <PrimaryExpr>
                                                                                          <Literal>
                                                                                          <StringLiteral>"main"</StringLiteral>
                                                                                          </Literal>
                                                                                          </PrimaryExpr>
                                                                                          <PredicateList/>
                                                                                          </FilterExpr>
                                                                                          </StepExpr>
                                                                                          </RelativePathExpr>
                                                                                          </PathExpr>
                                                                                          </ValueExpr>
                                                                                          </UnaryExpr>
                                                                                          </CastExpr>
                                                                                          </CastableExpr>
                                                                                          </TreatExpr>
                                                                                          </InstanceofExpr>
                                                                                          </IntersectExceptExpr>
                                                                                          </UnionExpr>
                                                                                          </MultiplicativeExpr>
                                                                                          </AdditiveExpr>
                                                                                          </RangeExpr>
                                                                                          </ComparisonExpr>
                                                                                          </AndExpr>
                                                                                          </OrExpr>
                                                                                          </ExprSingle>
                                                                                          <TOKEN>)</TOKEN>
                                                                                          </FunctionCall>
                                                                                          </PrimaryExpr>
                                                                                          <PredicateList/>
                                                                                          </FilterExpr>
                                                                                          </StepExpr>
                                                                                          </RelativePathExpr>
                                                                                          </PathExpr>
                                                                                          </ValueExpr>
                                                                                          </UnaryExpr>
                                                                                          </CastExpr>
                                                                                          </CastableExpr>
                                                                                          </TreatExpr>
                                                                                          </InstanceofExpr>
                                                                                          </IntersectExceptExpr>
                                                                                          </UnionExpr>
                                                                                          </MultiplicativeExpr>
                                                                                          </AdditiveExpr>
                                                                                          </RangeExpr>
                                                                                          </ComparisonExpr>
                                                                                          </AndExpr>
                                                                                          </OrExpr>
                                                                                          </ExprSingle>
                                                                                          <TOKEN>,</TOKEN>
                                                                                          <ExprSingle>
                                                                                          <OrExpr>
                                                                                          <AndExpr>
                                                                                          <ComparisonExpr>
                                                                                          <RangeExpr>
                                                                                          <AdditiveExpr>
                                                                                          <MultiplicativeExpr>
                                                                                          <UnionExpr>
                                                                                          <IntersectExceptExpr>
                                                                                          <InstanceofExpr>
                                                                                          <TreatExpr>
                                                                                          <CastableExpr>
                                                                                          <CastExpr>
                                                                                          <UnaryExpr>
                                                                                          <ValueExpr>
                                                                                          <PathExpr>
                                                                                          <RelativePathExpr>
                                                                                          <StepExpr>
                                                                                          <FilterExpr>
                                                                                          <PrimaryExpr>
                                                                                          <FunctionCall>
                                                                                          <FunctionName>
                                                                                          <QName>response:set-view</QName>
                                                                                          </FunctionName>
                                                                                          <TOKEN>(</TOKEN>
                                                                                          <ExprSingle>
                                                                                          <OrExpr>
                                                                                          <AndExpr>
                                                                                          <ComparisonExpr>
                                                                                          <RangeExpr>
                                                                                          <AdditiveExpr>
                                                                                          <MultiplicativeExpr>
                                                                                          <UnionExpr>
                                                                                          <IntersectExceptExpr>
                                                                                          <InstanceofExpr>
                                                                                          <TreatExpr>
                                                                                          <CastableExpr>
                                                                                          <CastExpr>
                                                                                          <UnaryExpr>
                                                                                          <ValueExpr>
                                                                                          <PathExpr>
                                                                                          <RelativePathExpr>
                                                                                          <StepExpr>
                                                                                          <FilterExpr>
                                                                                          <PrimaryExpr>
                                                                                          <Literal>
                                                                                          <StringLiteral>"three-column-layout"</StringLiteral>
                                                                                          </Literal>
                                                                                          </PrimaryExpr>
                                                                                          <PredicateList/>
                                                                                          </FilterExpr>
                                                                                          </StepExpr>
                                                                                          </RelativePathExpr>
                                                                                          </PathExpr>
                                                                                          </ValueExpr>
                                                                                          </UnaryExpr>
                                                                                          </CastExpr>
                                                                                          </CastableExpr>
                                                                                          </TreatExpr>
                                                                                          </InstanceofExpr>
                                                                                          </IntersectExceptExpr>
                                                                                          </UnionExpr>
                                                                                          </MultiplicativeExpr>
                                                                                          </AdditiveExpr>
                                                                                          </RangeExpr>
                                                                                          </ComparisonExpr>
                                                                                          </AndExpr>
                                                                                          </OrExpr>
                                                                                          </ExprSingle>
                                                                                          <TOKEN>)</TOKEN>
                                                                                          </FunctionCall>
                                                                                          </PrimaryExpr>
                                                                                          <PredicateList/>
                                                                                          </FilterExpr>
                                                                                          </StepExpr>
                                                                                          </RelativePathExpr>
                                                                                          </PathExpr>
                                                                                          </ValueExpr>
                                                                                          </UnaryExpr>
                                                                                          </CastExpr>
                                                                                          </CastableExpr>
                                                                                          </TreatExpr>
                                                                                          </InstanceofExpr>
                                                                                          </IntersectExceptExpr>
                                                                                          </UnionExpr>
                                                                                          </MultiplicativeExpr>
                                                                                          </AdditiveExpr>
                                                                                          </RangeExpr>
                                                                                          </ComparisonExpr>
                                                                                          </AndExpr>
                                                                                          </OrExpr>
                                                                                          </ExprSingle>
                                                                                          <TOKEN>,</TOKEN>
                                                                                          <ExprSingle>
                                                                                          <OrExpr>
                                                                                          <AndExpr>
                                                                                          <ComparisonExpr>
                                                                                          <RangeExpr>
                                                                                          <AdditiveExpr>
                                                                                          <MultiplicativeExpr>
                                                                                          <UnionExpr>
                                                                                          <IntersectExceptExpr>
                                                                                          <InstanceofExpr>
                                                                                          <TreatExpr>
                                                                                          <CastableExpr>
                                                                                          <CastExpr>
                                                                                          <UnaryExpr>
                                                                                          <ValueExpr>
                                                                                          <PathExpr>
                                                                                          <RelativePathExpr>
                                                                                          <StepExpr>
                                                                                          <FilterExpr>
                                                                                          <PrimaryExpr>
                                                                                          <FunctionCall>
                                                                                          <FunctionName>
                                                                                          <QName>response:set-title</QName>
                                                                                          </FunctionName>
                                                                                          <TOKEN>(</TOKEN>
                                                                                          <ExprSingle>
                                                                                          <OrExpr>
                                                                                          <AndExpr>
                                                                                          <ComparisonExpr>
                                                                                          <RangeExpr>
                                                                                          <AdditiveExpr>
                                                                                          <MultiplicativeExpr>
                                                                                          <UnionExpr>
                                                                                          <IntersectExceptExpr>
                                                                                          <InstanceofExpr>
                                                                                          <TreatExpr>
                                                                                          <CastableExpr>
                                                                                          <CastExpr>
                                                                                          <UnaryExpr>
                                                                                          <ValueExpr>
                                                                                          <PathExpr>
                                                                                          <RelativePathExpr>
                                                                                          <StepExpr>
                                                                                          <FilterExpr>
                                                                                          <PrimaryExpr>
                                                                                          <Literal>
                                                                                          <StringLiteral>"Three Column Layout"</StringLiteral>
                                                                                          </Literal>
                                                                                          </PrimaryExpr>
                                                                                          <PredicateList/>
                                                                                          </FilterExpr>
                                                                                          </StepExpr>
                                                                                          </RelativePathExpr>
                                                                                          </PathExpr>
                                                                                          </ValueExpr>
                                                                                          </UnaryExpr>
                                                                                          </CastExpr>
                                                                                          </CastableExpr>
                                                                                          </TreatExpr>
                                                                                          </InstanceofExpr>
                                                                                          </IntersectExceptExpr>
                                                                                          </UnionExpr>
                                                                                          </MultiplicativeExpr>
                                                                                          </AdditiveExpr>
                                                                                          </RangeExpr>
                                                                                          </ComparisonExpr>
                                                                                          </AndExpr>
                                                                                          </OrExpr>
                                                                                          </ExprSingle>
                                                                                          <TOKEN>)</TOKEN>
                                                                                          </FunctionCall>
                                                                                          </PrimaryExpr>
                                                                                          <PredicateList/>
                                                                                          </FilterExpr>
                                                                                          </StepExpr>
                                                                                          </RelativePathExpr>
                                                                                          </PathExpr>
                                                                                          </ValueExpr>
                                                                                          </UnaryExpr>
                                                                                          </CastExpr>
                                                                                          </CastableExpr>
                                                                                          </TreatExpr>
                                                                                          </InstanceofExpr>
                                                                                          </IntersectExceptExpr>
                                                                                          </UnionExpr>
                                                                                          </MultiplicativeExpr>
                                                                                          </AdditiveExpr>
                                                                                          </RangeExpr>
                                                                                          </ComparisonExpr>
                                                                                          </AndExpr>
                                                                                          </OrExpr>
                                                                                          </ExprSingle>
                                                                                          <TOKEN>,</TOKEN>
                                                                                          <ExprSingle>
                                                                                          <OrExpr>
                                                                                          <AndExpr>
                                                                                          <ComparisonExpr>
                                                                                          <RangeExpr>
                                                                                          <AdditiveExpr>
                                                                                          <MultiplicativeExpr>
                                                                                          <UnionExpr>
                                                                                          <IntersectExceptExpr>
                                                                                          <InstanceofExpr>
                                                                                          <TreatExpr>
                                                                                          <CastableExpr>
                                                                                          <CastExpr>
                                                                                          <UnaryExpr>
                                                                                          <ValueExpr>
                                                                                          <PathExpr>
                                                                                          <RelativePathExpr>
                                                                                          <StepExpr>
                                                                                          <FilterExpr>
                                                                                          <PrimaryExpr>
                                                                                          <FunctionCall>
                                                                                          <FunctionName>
                                                                                          <QName>response:add-httpmeta</QName>
                                                                                          </FunctionName>
                                                                                          <TOKEN>(</TOKEN>
                                                                                          <ExprSingle>
                                                                                          <OrExpr>
                                                                                          <AndExpr>
                                                                                          <ComparisonExpr>
                                                                                          <RangeExpr>
                                                                                          <AdditiveExpr>
                                                                                          <MultiplicativeExpr>
                                                                                          <UnionExpr>
                                                                                          <IntersectExceptExpr>
                                                                                          <InstanceofExpr>
                                                                                          <TreatExpr>
                                                                                          <CastableExpr>
                                                                                          <CastExpr>
                                                                                          <UnaryExpr>
                                                                                          <ValueExpr>
                                                                                          <PathExpr>
                                                                                          <RelativePathExpr>
                                                                                          <StepExpr>
                                                                                          <FilterExpr>
                                                                                          <PrimaryExpr>
                                                                                          <Literal>
                                                                                          <StringLiteral>"cache-control"</StringLiteral>
                                                                                          </Literal>
                                                                                          </PrimaryExpr>
                                                                                          <PredicateList/>
                                                                                          </FilterExpr>
                                                                                          </StepExpr>
                                                                                          </RelativePathExpr>
                                                                                          </PathExpr>
                                                                                          </ValueExpr>
                                                                                          </UnaryExpr>
                                                                                          </CastExpr>
                                                                                          </CastableExpr>
                                                                                          </TreatExpr>
                                                                                          </InstanceofExpr>
                                                                                          </IntersectExceptExpr>
                                                                                          </UnionExpr>
                                                                                          </MultiplicativeExpr>
                                                                                          </AdditiveExpr>
                                                                                          </RangeExpr>
                                                                                          </ComparisonExpr>
                                                                                          </AndExpr>
                                                                                          </OrExpr>
                                                                                          </ExprSingle>
                                                                                          <TOKEN>,</TOKEN>
                                                                                          <ExprSingle>
                                                                                          <OrExpr>
                                                                                          <AndExpr>
                                                                                          <ComparisonExpr>
                                                                                          <RangeExpr>
                                                                                          <AdditiveExpr>
                                                                                          <MultiplicativeExpr>
                                                                                          <UnionExpr>
                                                                                          <IntersectExceptExpr>
                                                                                          <InstanceofExpr>
                                                                                          <TreatExpr>
                                                                                          <CastableExpr>
                                                                                          <CastExpr>
                                                                                          <UnaryExpr>
                                                                                          <ValueExpr>
                                                                                          <PathExpr>
                                                                                          <RelativePathExpr>
                                                                                          <StepExpr>
                                                                                          <FilterExpr>
                                                                                          <PrimaryExpr>
                                                                                          <Literal>
                                                                                          <StringLiteral>"public"</StringLiteral>
                                                                                          </Literal>
                                                                                          </PrimaryExpr>
                                                                                          <PredicateList/>
                                                                                          </FilterExpr>
                                                                                          </StepExpr>
                                                                                          </RelativePathExpr>
                                                                                          </PathExpr>
                                                                                          </ValueExpr>
                                                                                          </UnaryExpr>
                                                                                          </CastExpr>
                                                                                          </CastableExpr>
                                                                                          </TreatExpr>
                                                                                          </InstanceofExpr>
                                                                                          </IntersectExceptExpr>
                                                                                          </UnionExpr>
                                                                                          </MultiplicativeExpr>
                                                                                          </AdditiveExpr>
                                                                                          </RangeExpr>
                                                                                          </ComparisonExpr>
                                                                                          </AndExpr>
                                                                                          </OrExpr>
                                                                                          </ExprSingle>
                                                                                          <TOKEN>)</TOKEN>
                                                                                          </FunctionCall>
                                                                                          </PrimaryExpr>
                                                                                          <PredicateList/>
                                                                                          </FilterExpr>
                                                                                          </StepExpr>
                                                                                          </RelativePathExpr>
                                                                                          </PathExpr>
                                                                                          </ValueExpr>
                                                                                          </UnaryExpr>
                                                                                          </CastExpr>
                                                                                          </CastableExpr>
                                                                                          </TreatExpr>
                                                                                          </InstanceofExpr>
                                                                                          </IntersectExceptExpr>
                                                                                          </UnionExpr>
                                                                                          </MultiplicativeExpr>
                                                                                          </AdditiveExpr>
                                                                                          </RangeExpr>
                                                                                          </ComparisonExpr>
                                                                                          </AndExpr>
                                                                                          </OrExpr>
                                                                                          </ExprSingle>
                                                                                          <TOKEN>,</TOKEN>
                                                                                          <ExprSingle>
                                                                                          <OrExpr>
                                                                                          <AndExpr>
                                                                                          <ComparisonExpr>
                                                                                          <RangeExpr>
                                                                                          <AdditiveExpr>
                                                                                          <MultiplicativeExpr>
                                                                                          <UnionExpr>
                                                                                          <IntersectExceptExpr>
                                                                                          <InstanceofExpr>
                                                                                          <TreatExpr>
                                                                                          <CastableExpr>
                                                                                          <CastExpr>
                                                                                          <UnaryExpr>
                                                                                          <ValueExpr>
                                                                                          <PathExpr>
                                                                                          <RelativePathExpr>
                                                                                          <StepExpr>
                                                                                          <FilterExpr>
                                                                                          <PrimaryExpr>
                                                                                          <FunctionCall>
                                                                                          <FunctionName>
                                                                                          <QName>response:response</QName>
                                                                                          </FunctionName>
                                                                                          <TOKEN>(</TOKEN>
                                                                                          <TOKEN>)</TOKEN>
                                                                                          </FunctionCall>
                                                                                          </PrimaryExpr>
                                                                                          <PredicateList/>
                                                                                          </FilterExpr>
                                                                                          </StepExpr>
                                                                                          </RelativePathExpr>
                                                                                          </PathExpr>
                                                                                          </ValueExpr>
                                                                                          </UnaryExpr>
                                                                                          </CastExpr>
                                                                                          </CastableExpr>
                                                                                          </TreatExpr>
                                                                                          </InstanceofExpr>
                                                                                          </IntersectExceptExpr>
                                                                                          </UnionExpr>
                                                                                          </MultiplicativeExpr>
                                                                                          </AdditiveExpr>
                                                                                          </RangeExpr>
                                                                                          </ComparisonExpr>
                                                                                          </AndExpr>
                                                                                          </OrExpr>
                                                                                          </ExprSingle>
                                                                                          </Expr>
                                                                                          <TOKEN>)</TOKEN>
                                                                                          </ParenthesizedExpr>
                                                                                          </PrimaryExpr>
                                                                                          <PredicateList/>
                                                                                          </FilterExpr>
                                                                                          </StepExpr>
                                                                                          </RelativePathExpr>
                                                                                        </PathExpr>
                                                                                    </ValueExpr>
                                                                                </UnaryExpr>
                                                                            </CastExpr>
                                                                        </CastableExpr>
                                                                    </TreatExpr>
                                                                </InstanceofExpr>
                                                            </IntersectExceptExpr>
                                                        </UnionExpr>
                                                    </MultiplicativeExpr>
                                                </AdditiveExpr>
                                            </RangeExpr>
                                        </ComparisonExpr>
                                    </AndExpr>
                                </OrExpr>
                            </ExprSingle>
                        </Expr>
                        <TOKEN>}</TOKEN>
                    </EnclosedExpr>
                </FunctionDecl>
                <Separator>
                    <TOKEN>;</TOKEN>
                </Separator>
                <FunctionDecl>
                    <TOKEN>declare</TOKEN>
                    <TOKEN>function</TOKEN>
                    <FunctionName>
                        <QName>controller:two-column-layout</QName>
                    </FunctionName>
                    <TOKEN>(</TOKEN>
                    <ParamList>
                        <Param>
                            <TOKEN>$</TOKEN>
                            <QName>
                                <FunctionName>
                                    <QName>request</QName>
                                </FunctionName>
                            </QName>
                            <TypeDeclaration>
                                <TOKEN>as</TOKEN>
                                <SequenceType>
                                    <ItemType>
                                        <AtomicType>
                                            <QName>
                                                <FunctionName>
                                                    <QName>map:map</QName>
                                                </FunctionName>
                                            </QName>
                                        </AtomicType>
                                    </ItemType>
                                </SequenceType>
                            </TypeDeclaration>
                        </Param>
                    </ParamList>
                    <TOKEN>)</TOKEN>
                    <EnclosedExpr>
                        <TOKEN>{</TOKEN>
                        <Expr>
                            <ExprSingle>
                                <OrExpr>
                                    <AndExpr>
                                        <ComparisonExpr>
                                            <RangeExpr>
                                                <AdditiveExpr>
                                                    <MultiplicativeExpr>
                                                        <UnionExpr>
                                                            <IntersectExceptExpr>
                                                                <InstanceofExpr>
                                                                    <TreatExpr>
                                                                        <CastableExpr>
                                                                            <CastExpr>
                                                                                <UnaryExpr>
                                                                                    <ValueExpr>
                                                                                        <PathExpr>
                                                                                          <RelativePathExpr>
                                                                                          <StepExpr>
                                                                                          <FilterExpr>
                                                                                          <PrimaryExpr>
                                                                                          <ParenthesizedExpr>

                                                                                          <TOKEN>(</TOKEN>
                                                                                          <Expr>
                                                                                          <ExprSingle>
                                                                                          <OrExpr>
                                                                                          <AndExpr>
                                                                                          <ComparisonExpr>
                                                                                          <RangeExpr>
                                                                                          <AdditiveExpr>
                                                                                          <MultiplicativeExpr>
                                                                                          <UnionExpr>
                                                                                          <IntersectExceptExpr>
                                                                                          <InstanceofExpr>
                                                                                          <TreatExpr>
                                                                                          <CastableExpr>
                                                                                          <CastExpr>
                                                                                          <UnaryExpr>
                                                                                          <ValueExpr>
                                                                                          <PathExpr>
                                                                                          <RelativePathExpr>
                                                                                          <StepExpr>
                                                                                          <FilterExpr>
                                                                                          <PrimaryExpr>
                                                                                          <FunctionCall>
                                                                                          <FunctionName>
                                                                                          <QName>response:set-controller</QName>
                                                                                          </FunctionName>
                                                                                          <TOKEN>(</TOKEN>
                                                                                          <ExprSingle>
                                                                                          <OrExpr>
                                                                                          <AndExpr>
                                                                                          <ComparisonExpr>
                                                                                          <RangeExpr>
                                                                                          <AdditiveExpr>
                                                                                          <MultiplicativeExpr>
                                                                                          <UnionExpr>
                                                                                          <IntersectExceptExpr>
                                                                                          <InstanceofExpr>
                                                                                          <TreatExpr>
                                                                                          <CastableExpr>
                                                                                          <CastExpr>
                                                                                          <UnaryExpr>
                                                                                          <ValueExpr>
                                                                                          <PathExpr>
                                                                                          <RelativePathExpr>
                                                                                          <StepExpr>
                                                                                          <FilterExpr>
                                                                                          <PrimaryExpr>
                                                                                          <Literal>
                                                                                          <StringLiteral>"default"</StringLiteral>
                                                                                          </Literal>
                                                                                          </PrimaryExpr>
                                                                                          <PredicateList/>
                                                                                          </FilterExpr>
                                                                                          </StepExpr>
                                                                                          </RelativePathExpr>
                                                                                          </PathExpr>
                                                                                          </ValueExpr>
                                                                                          </UnaryExpr>
                                                                                          </CastExpr>
                                                                                          </CastableExpr>
                                                                                          </TreatExpr>
                                                                                          </InstanceofExpr>
                                                                                          </IntersectExceptExpr>
                                                                                          </UnionExpr>
                                                                                          </MultiplicativeExpr>
                                                                                          </AdditiveExpr>
                                                                                          </RangeExpr>
                                                                                          </ComparisonExpr>
                                                                                          </AndExpr>
                                                                                          </OrExpr>
                                                                                          </ExprSingle>
                                                                                          <TOKEN>)</TOKEN>
                                                                                          </FunctionCall>
                                                                                          </PrimaryExpr>
                                                                                          <PredicateList/>
                                                                                          </FilterExpr>
                                                                                          </StepExpr>
                                                                                          </RelativePathExpr>
                                                                                          </PathExpr>
                                                                                          </ValueExpr>
                                                                                          </UnaryExpr>
                                                                                          </CastExpr>
                                                                                          </CastableExpr>
                                                                                          </TreatExpr>
                                                                                          </InstanceofExpr>
                                                                                          </IntersectExceptExpr>
                                                                                          </UnionExpr>
                                                                                          </MultiplicativeExpr>
                                                                                          </AdditiveExpr>
                                                                                          </RangeExpr>
                                                                                          </ComparisonExpr>
                                                                                          </AndExpr>
                                                                                          </OrExpr>
                                                                                          </ExprSingle>
                                                                                          <TOKEN>,</TOKEN>
                                                                                          <ExprSingle>
                                                                                          <OrExpr>
                                                                                          <AndExpr>
                                                                                          <ComparisonExpr>
                                                                                          <RangeExpr>
                                                                                          <AdditiveExpr>
                                                                                          <MultiplicativeExpr>
                                                                                          <UnionExpr>
                                                                                          <IntersectExceptExpr>
                                                                                          <InstanceofExpr>
                                                                                          <TreatExpr>
                                                                                          <CastableExpr>
                                                                                          <CastExpr>
                                                                                          <UnaryExpr>
                                                                                          <ValueExpr>
                                                                                          <PathExpr>
                                                                                          <RelativePathExpr>
                                                                                          <StepExpr>
                                                                                          <FilterExpr>
                                                                                          <PrimaryExpr>
                                                                                          <FunctionCall>
                                                                                          <FunctionName>
                                                                                          <QName>response:set-template</QName>
                                                                                          </FunctionName>
                                                                                          <TOKEN>(</TOKEN>
                                                                                          <ExprSingle>
                                                                                          <OrExpr>
                                                                                          <AndExpr>
                                                                                          <ComparisonExpr>
                                                                                          <RangeExpr>
                                                                                          <AdditiveExpr>
                                                                                          <MultiplicativeExpr>
                                                                                          <UnionExpr>
                                                                                          <IntersectExceptExpr>
                                                                                          <InstanceofExpr>
                                                                                          <TreatExpr>
                                                                                          <CastableExpr>
                                                                                          <CastExpr>
                                                                                          <UnaryExpr>
                                                                                          <ValueExpr>
                                                                                          <PathExpr>
                                                                                          <RelativePathExpr>
                                                                                          <StepExpr>
                                                                                          <FilterExpr>
                                                                                          <PrimaryExpr>
                                                                                          <Literal>
                                                                                          <StringLiteral>"main"</StringLiteral>
                                                                                          </Literal>
                                                                                          </PrimaryExpr>
                                                                                          <PredicateList/>
                                                                                          </FilterExpr>
                                                                                          </StepExpr>
                                                                                          </RelativePathExpr>
                                                                                          </PathExpr>
                                                                                          </ValueExpr>
                                                                                          </UnaryExpr>
                                                                                          </CastExpr>
                                                                                          </CastableExpr>
                                                                                          </TreatExpr>
                                                                                          </InstanceofExpr>
                                                                                          </IntersectExceptExpr>
                                                                                          </UnionExpr>
                                                                                          </MultiplicativeExpr>
                                                                                          </AdditiveExpr>
                                                                                          </RangeExpr>
                                                                                          </ComparisonExpr>
                                                                                          </AndExpr>
                                                                                          </OrExpr>
                                                                                          </ExprSingle>
                                                                                          <TOKEN>)</TOKEN>
                                                                                          </FunctionCall>
                                                                                          </PrimaryExpr>
                                                                                          <PredicateList/>
                                                                                          </FilterExpr>
                                                                                          </StepExpr>
                                                                                          </RelativePathExpr>
                                                                                          </PathExpr>
                                                                                          </ValueExpr>
                                                                                          </UnaryExpr>
                                                                                          </CastExpr>
                                                                                          </CastableExpr>
                                                                                          </TreatExpr>
                                                                                          </InstanceofExpr>
                                                                                          </IntersectExceptExpr>
                                                                                          </UnionExpr>
                                                                                          </MultiplicativeExpr>
                                                                                          </AdditiveExpr>
                                                                                          </RangeExpr>
                                                                                          </ComparisonExpr>
                                                                                          </AndExpr>
                                                                                          </OrExpr>
                                                                                          </ExprSingle>
                                                                                          <TOKEN>,</TOKEN>
                                                                                          <ExprSingle>
                                                                                          <OrExpr>
                                                                                          <AndExpr>
                                                                                          <ComparisonExpr>
                                                                                          <RangeExpr>
                                                                                          <AdditiveExpr>
                                                                                          <MultiplicativeExpr>
                                                                                          <UnionExpr>
                                                                                          <IntersectExceptExpr>
                                                                                          <InstanceofExpr>
                                                                                          <TreatExpr>
                                                                                          <CastableExpr>
                                                                                          <CastExpr>
                                                                                          <UnaryExpr>
                                                                                          <ValueExpr>
                                                                                          <PathExpr>
                                                                                          <RelativePathExpr>
                                                                                          <StepExpr>
                                                                                          <FilterExpr>
                                                                                          <PrimaryExpr>
                                                                                          <FunctionCall>
                                                                                          <FunctionName>
                                                                                          <QName>response:set-view</QName>
                                                                                          </FunctionName>
                                                                                          <TOKEN>(</TOKEN>
                                                                                          <ExprSingle>
                                                                                          <OrExpr>
                                                                                          <AndExpr>
                                                                                          <ComparisonExpr>
                                                                                          <RangeExpr>
                                                                                          <AdditiveExpr>
                                                                                          <MultiplicativeExpr>
                                                                                          <UnionExpr>
                                                                                          <IntersectExceptExpr>
                                                                                          <InstanceofExpr>
                                                                                          <TreatExpr>
                                                                                          <CastableExpr>
                                                                                          <CastExpr>
                                                                                          <UnaryExpr>
                                                                                          <ValueExpr>
                                                                                          <PathExpr>
                                                                                          <RelativePathExpr>
                                                                                          <StepExpr>
                                                                                          <FilterExpr>
                                                                                          <PrimaryExpr>
                                                                                          <Literal>
                                                                                          <StringLiteral>"two-column-layout"</StringLiteral>
                                                                                          </Literal>
                                                                                          </PrimaryExpr>
                                                                                          <PredicateList/>
                                                                                          </FilterExpr>
                                                                                          </StepExpr>
                                                                                          </RelativePathExpr>
                                                                                          </PathExpr>
                                                                                          </ValueExpr>
                                                                                          </UnaryExpr>
                                                                                          </CastExpr>
                                                                                          </CastableExpr>
                                                                                          </TreatExpr>
                                                                                          </InstanceofExpr>
                                                                                          </IntersectExceptExpr>
                                                                                          </UnionExpr>
                                                                                          </MultiplicativeExpr>
                                                                                          </AdditiveExpr>
                                                                                          </RangeExpr>
                                                                                          </ComparisonExpr>
                                                                                          </AndExpr>
                                                                                          </OrExpr>
                                                                                          </ExprSingle>
                                                                                          <TOKEN>)</TOKEN>
                                                                                          </FunctionCall>
                                                                                          </PrimaryExpr>
                                                                                          <PredicateList/>
                                                                                          </FilterExpr>
                                                                                          </StepExpr>
                                                                                          </RelativePathExpr>
                                                                                          </PathExpr>
                                                                                          </ValueExpr>
                                                                                          </UnaryExpr>
                                                                                          </CastExpr>
                                                                                          </CastableExpr>
                                                                                          </TreatExpr>
                                                                                          </InstanceofExpr>
                                                                                          </IntersectExceptExpr>
                                                                                          </UnionExpr>
                                                                                          </MultiplicativeExpr>
                                                                                          </AdditiveExpr>
                                                                                          </RangeExpr>
                                                                                          </ComparisonExpr>
                                                                                          </AndExpr>
                                                                                          </OrExpr>
                                                                                          </ExprSingle>
                                                                                          <TOKEN>,</TOKEN>
                                                                                          <ExprSingle>
                                                                                          <OrExpr>
                                                                                          <AndExpr>
                                                                                          <ComparisonExpr>
                                                                                          <RangeExpr>
                                                                                          <AdditiveExpr>
                                                                                          <MultiplicativeExpr>
                                                                                          <UnionExpr>
                                                                                          <IntersectExceptExpr>
                                                                                          <InstanceofExpr>
                                                                                          <TreatExpr>
                                                                                          <CastableExpr>
                                                                                          <CastExpr>
                                                                                          <UnaryExpr>
                                                                                          <ValueExpr>
                                                                                          <PathExpr>
                                                                                          <RelativePathExpr>
                                                                                          <StepExpr>
                                                                                          <FilterExpr>
                                                                                          <PrimaryExpr>
                                                                                          <FunctionCall>
                                                                                          <FunctionName>
                                                                                          <QName>response:set-title</QName>
                                                                                          </FunctionName>
                                                                                          <TOKEN>(</TOKEN>
                                                                                          <ExprSingle>
                                                                                          <OrExpr>
                                                                                          <AndExpr>
                                                                                          <ComparisonExpr>
                                                                                          <RangeExpr>
                                                                                          <AdditiveExpr>
                                                                                          <MultiplicativeExpr>
                                                                                          <UnionExpr>
                                                                                          <IntersectExceptExpr>
                                                                                          <InstanceofExpr>
                                                                                          <TreatExpr>
                                                                                          <CastableExpr>
                                                                                          <CastExpr>
                                                                                          <UnaryExpr>
                                                                                          <ValueExpr>
                                                                                          <PathExpr>
                                                                                          <RelativePathExpr>
                                                                                          <StepExpr>
                                                                                          <FilterExpr>
                                                                                          <PrimaryExpr>
                                                                                          <Literal>
                                                                                          <StringLiteral>"Two Column Layout"</StringLiteral>
                                                                                          </Literal>
                                                                                          </PrimaryExpr>
                                                                                          <PredicateList/>
                                                                                          </FilterExpr>
                                                                                          </StepExpr>
                                                                                          </RelativePathExpr>
                                                                                          </PathExpr>
                                                                                          </ValueExpr>
                                                                                          </UnaryExpr>
                                                                                          </CastExpr>
                                                                                          </CastableExpr>
                                                                                          </TreatExpr>
                                                                                          </InstanceofExpr>
                                                                                          </IntersectExceptExpr>
                                                                                          </UnionExpr>
                                                                                          </MultiplicativeExpr>
                                                                                          </AdditiveExpr>
                                                                                          </RangeExpr>
                                                                                          </ComparisonExpr>
                                                                                          </AndExpr>
                                                                                          </OrExpr>
                                                                                          </ExprSingle>
                                                                                          <TOKEN>)</TOKEN>
                                                                                          </FunctionCall>
                                                                                          </PrimaryExpr>
                                                                                          <PredicateList/>
                                                                                          </FilterExpr>
                                                                                          </StepExpr>
                                                                                          </RelativePathExpr>
                                                                                          </PathExpr>
                                                                                          </ValueExpr>
                                                                                          </UnaryExpr>
                                                                                          </CastExpr>
                                                                                          </CastableExpr>
                                                                                          </TreatExpr>
                                                                                          </InstanceofExpr>
                                                                                          </IntersectExceptExpr>
                                                                                          </UnionExpr>
                                                                                          </MultiplicativeExpr>
                                                                                          </AdditiveExpr>
                                                                                          </RangeExpr>
                                                                                          </ComparisonExpr>
                                                                                          </AndExpr>
                                                                                          </OrExpr>
                                                                                          </ExprSingle>
                                                                                          <TOKEN>,</TOKEN>
                                                                                          <ExprSingle>
                                                                                          <OrExpr>
                                                                                          <AndExpr>
                                                                                          <ComparisonExpr>
                                                                                          <RangeExpr>
                                                                                          <AdditiveExpr>
                                                                                          <MultiplicativeExpr>
                                                                                          <UnionExpr>
                                                                                          <IntersectExceptExpr>
                                                                                          <InstanceofExpr>
                                                                                          <TreatExpr>
                                                                                          <CastableExpr>
                                                                                          <CastExpr>
                                                                                          <UnaryExpr>
                                                                                          <ValueExpr>
                                                                                          <PathExpr>
                                                                                          <RelativePathExpr>
                                                                                          <StepExpr>
                                                                                          <FilterExpr>
                                                                                          <PrimaryExpr>
                                                                                          <FunctionCall>
                                                                                          <FunctionName>
                                                                                          <QName>response:add-httpmeta</QName>
                                                                                          </FunctionName>
                                                                                          <TOKEN>(</TOKEN>
                                                                                          <ExprSingle>
                                                                                          <OrExpr>
                                                                                          <AndExpr>
                                                                                          <ComparisonExpr>
                                                                                          <RangeExpr>
                                                                                          <AdditiveExpr>
                                                                                          <MultiplicativeExpr>
                                                                                          <UnionExpr>
                                                                                          <IntersectExceptExpr>
                                                                                          <InstanceofExpr>
                                                                                          <TreatExpr>
                                                                                          <CastableExpr>
                                                                                          <CastExpr>
                                                                                          <UnaryExpr>
                                                                                          <ValueExpr>
                                                                                          <PathExpr>
                                                                                          <RelativePathExpr>
                                                                                          <StepExpr>
                                                                                          <FilterExpr>
                                                                                          <PrimaryExpr>
                                                                                          <Literal>
                                                                                          <StringLiteral>"cache-control"</StringLiteral>
                                                                                          </Literal>
                                                                                          </PrimaryExpr>
                                                                                          <PredicateList/>
                                                                                          </FilterExpr>
                                                                                          </StepExpr>
                                                                                          </RelativePathExpr>
                                                                                          </PathExpr>
                                                                                          </ValueExpr>
                                                                                          </UnaryExpr>
                                                                                          </CastExpr>
                                                                                          </CastableExpr>
                                                                                          </TreatExpr>
                                                                                          </InstanceofExpr>
                                                                                          </IntersectExceptExpr>
                                                                                          </UnionExpr>
                                                                                          </MultiplicativeExpr>
                                                                                          </AdditiveExpr>
                                                                                          </RangeExpr>
                                                                                          </ComparisonExpr>
                                                                                          </AndExpr>
                                                                                          </OrExpr>
                                                                                          </ExprSingle>
                                                                                          <TOKEN>,</TOKEN>
                                                                                          <ExprSingle>
                                                                                          <OrExpr>
                                                                                          <AndExpr>
                                                                                          <ComparisonExpr>
                                                                                          <RangeExpr>
                                                                                          <AdditiveExpr>
                                                                                          <MultiplicativeExpr>
                                                                                          <UnionExpr>
                                                                                          <IntersectExceptExpr>
                                                                                          <InstanceofExpr>
                                                                                          <TreatExpr>
                                                                                          <CastableExpr>
                                                                                          <CastExpr>
                                                                                          <UnaryExpr>
                                                                                          <ValueExpr>
                                                                                          <PathExpr>
                                                                                          <RelativePathExpr>
                                                                                          <StepExpr>
                                                                                          <FilterExpr>
                                                                                          <PrimaryExpr>
                                                                                          <Literal>
                                                                                          <StringLiteral>"public"</StringLiteral>
                                                                                          </Literal>
                                                                                          </PrimaryExpr>
                                                                                          <PredicateList/>
                                                                                          </FilterExpr>
                                                                                          </StepExpr>
                                                                                          </RelativePathExpr>
                                                                                          </PathExpr>
                                                                                          </ValueExpr>
                                                                                          </UnaryExpr>
                                                                                          </CastExpr>
                                                                                          </CastableExpr>
                                                                                          </TreatExpr>
                                                                                          </InstanceofExpr>
                                                                                          </IntersectExceptExpr>
                                                                                          </UnionExpr>
                                                                                          </MultiplicativeExpr>
                                                                                          </AdditiveExpr>
                                                                                          </RangeExpr>
                                                                                          </ComparisonExpr>
                                                                                          </AndExpr>
                                                                                          </OrExpr>
                                                                                          </ExprSingle>
                                                                                          <TOKEN>)</TOKEN>
                                                                                          </FunctionCall>
                                                                                          </PrimaryExpr>
                                                                                          <PredicateList/>
                                                                                          </FilterExpr>
                                                                                          </StepExpr>
                                                                                          </RelativePathExpr>
                                                                                          </PathExpr>
                                                                                          </ValueExpr>
                                                                                          </UnaryExpr>
                                                                                          </CastExpr>
                                                                                          </CastableExpr>
                                                                                          </TreatExpr>
                                                                                          </InstanceofExpr>
                                                                                          </IntersectExceptExpr>
                                                                                          </UnionExpr>
                                                                                          </MultiplicativeExpr>
                                                                                          </AdditiveExpr>
                                                                                          </RangeExpr>
                                                                                          </ComparisonExpr>
                                                                                          </AndExpr>
                                                                                          </OrExpr>
                                                                                          </ExprSingle>
                                                                                          <TOKEN>,</TOKEN>
                                                                                          <ExprSingle>
                                                                                          <OrExpr>
                                                                                          <AndExpr>
                                                                                          <ComparisonExpr>
                                                                                          <RangeExpr>
                                                                                          <AdditiveExpr>
                                                                                          <MultiplicativeExpr>
                                                                                          <UnionExpr>
                                                                                          <IntersectExceptExpr>
                                                                                          <InstanceofExpr>
                                                                                          <TreatExpr>
                                                                                          <CastableExpr>
                                                                                          <CastExpr>
                                                                                          <UnaryExpr>
                                                                                          <ValueExpr>
                                                                                          <PathExpr>
                                                                                          <RelativePathExpr>
                                                                                          <StepExpr>
                                                                                          <FilterExpr>
                                                                                          <PrimaryExpr>
                                                                                          <FunctionCall>
                                                                                          <FunctionName>
                                                                                          <QName>response:response</QName>
                                                                                          </FunctionName>
                                                                                          <TOKEN>(</TOKEN>
                                                                                          <TOKEN>)</TOKEN>
                                                                                          </FunctionCall>
                                                                                          </PrimaryExpr>
                                                                                          <PredicateList/>
                                                                                          </FilterExpr>
                                                                                          </StepExpr>
                                                                                          </RelativePathExpr>
                                                                                          </PathExpr>
                                                                                          </ValueExpr>
                                                                                          </UnaryExpr>
                                                                                          </CastExpr>
                                                                                          </CastableExpr>
                                                                                          </TreatExpr>
                                                                                          </InstanceofExpr>
                                                                                          </IntersectExceptExpr>
                                                                                          </UnionExpr>
                                                                                          </MultiplicativeExpr>
                                                                                          </AdditiveExpr>
                                                                                          </RangeExpr>
                                                                                          </ComparisonExpr>
                                                                                          </AndExpr>
                                                                                          </OrExpr>
                                                                                          </ExprSingle>
                                                                                          </Expr>
                                                                                          <TOKEN>)</TOKEN>
                                                                                          </ParenthesizedExpr>
                                                                                          </PrimaryExpr>
                                                                                          <PredicateList/>
                                                                                          </FilterExpr>
                                                                                          </StepExpr>
                                                                                          </RelativePathExpr>
                                                                                        </PathExpr>
                                                                                    </ValueExpr>
                                                                                </UnaryExpr>
                                                                            </CastExpr>
                                                                        </CastableExpr>
                                                                    </TreatExpr>
                                                                </InstanceofExpr>
                                                            </IntersectExceptExpr>
                                                        </UnionExpr>
                                                    </MultiplicativeExpr>
                                                </AdditiveExpr>
                                            </RangeExpr>
                                        </ComparisonExpr>
                                    </AndExpr>
                                </OrExpr>
                            </ExprSingle>
                        </Expr>
                        <TOKEN>}</TOKEN>
                    </EnclosedExpr>
                </FunctionDecl>
                <Separator>
                    <TOKEN>;</TOKEN>
                </Separator>
                <FunctionDecl>
                    <TOKEN>declare</TOKEN>
                    <TOKEN>function</TOKEN>
                    <FunctionName>
                        <QName>controller:page-left-sidebar</QName>
                    </FunctionName>
                    <TOKEN>(</TOKEN>
                    <ParamList>
                        <Param>
                            <TOKEN>$</TOKEN>
                            <QName>
                                <FunctionName>
                                    <QName>request</QName>
                                </FunctionName>
                            </QName>
                            <TypeDeclaration>
                                <TOKEN>as</TOKEN>
                                <SequenceType>
                                    <ItemType>
                                        <AtomicType>
                                            <QName>
                                                <FunctionName>
                                                    <QName>map:map</QName>
                                                </FunctionName>
                                            </QName>
                                        </AtomicType>
                                    </ItemType>
                                </SequenceType>
                            </TypeDeclaration>
                        </Param>
                    </ParamList>
                    <TOKEN>)</TOKEN>
                    <EnclosedExpr>
                        <TOKEN>{</TOKEN>
                        <Expr>
                            <ExprSingle>
                                <OrExpr>
                                    <AndExpr>
                                        <ComparisonExpr>
                                            <RangeExpr>
                                                <AdditiveExpr>
                                                    <MultiplicativeExpr>
                                                        <UnionExpr>
                                                            <IntersectExceptExpr>
                                                                <InstanceofExpr>
                                                                    <TreatExpr>
                                                                        <CastableExpr>
                                                                            <CastExpr>
                                                                                <UnaryExpr>
                                                                                    <ValueExpr>
                                                                                        <PathExpr>
                                                                                          <RelativePathExpr>
                                                                                          <StepExpr>
                                                                                          <FilterExpr>
                                                                                          <PrimaryExpr>
                                                                                          <ParenthesizedExpr>

                                                                                          <TOKEN>(</TOKEN>
                                                                                          <Expr>
                                                                                          <ExprSingle>
                                                                                          <OrExpr>
                                                                                          <AndExpr>
                                                                                          <ComparisonExpr>
                                                                                          <RangeExpr>
                                                                                          <AdditiveExpr>
                                                                                          <MultiplicativeExpr>
                                                                                          <UnionExpr>
                                                                                          <IntersectExceptExpr>
                                                                                          <InstanceofExpr>
                                                                                          <TreatExpr>
                                                                                          <CastableExpr>
                                                                                          <CastExpr>
                                                                                          <UnaryExpr>
                                                                                          <ValueExpr>
                                                                                          <PathExpr>
                                                                                          <RelativePathExpr>
                                                                                          <StepExpr>
                                                                                          <FilterExpr>
                                                                                          <PrimaryExpr>
                                                                                          <FunctionCall>
                                                                                          <FunctionName>
                                                                                          <QName>response:set-controller</QName>
                                                                                          </FunctionName>
                                                                                          <TOKEN>(</TOKEN>
                                                                                          <ExprSingle>
                                                                                          <OrExpr>
                                                                                          <AndExpr>
                                                                                          <ComparisonExpr>
                                                                                          <RangeExpr>
                                                                                          <AdditiveExpr>
                                                                                          <MultiplicativeExpr>
                                                                                          <UnionExpr>
                                                                                          <IntersectExceptExpr>
                                                                                          <InstanceofExpr>
                                                                                          <TreatExpr>
                                                                                          <CastableExpr>
                                                                                          <CastExpr>
                                                                                          <UnaryExpr>
                                                                                          <ValueExpr>
                                                                                          <PathExpr>
                                                                                          <RelativePathExpr>
                                                                                          <StepExpr>
                                                                                          <FilterExpr>
                                                                                          <PrimaryExpr>
                                                                                          <Literal>
                                                                                          <StringLiteral>"default"</StringLiteral>
                                                                                          </Literal>
                                                                                          </PrimaryExpr>
                                                                                          <PredicateList/>
                                                                                          </FilterExpr>
                                                                                          </StepExpr>
                                                                                          </RelativePathExpr>
                                                                                          </PathExpr>
                                                                                          </ValueExpr>
                                                                                          </UnaryExpr>
                                                                                          </CastExpr>
                                                                                          </CastableExpr>
                                                                                          </TreatExpr>
                                                                                          </InstanceofExpr>
                                                                                          </IntersectExceptExpr>
                                                                                          </UnionExpr>
                                                                                          </MultiplicativeExpr>
                                                                                          </AdditiveExpr>
                                                                                          </RangeExpr>
                                                                                          </ComparisonExpr>
                                                                                          </AndExpr>
                                                                                          </OrExpr>
                                                                                          </ExprSingle>
                                                                                          <TOKEN>)</TOKEN>
                                                                                          </FunctionCall>
                                                                                          </PrimaryExpr>
                                                                                          <PredicateList/>
                                                                                          </FilterExpr>
                                                                                          </StepExpr>
                                                                                          </RelativePathExpr>
                                                                                          </PathExpr>
                                                                                          </ValueExpr>
                                                                                          </UnaryExpr>
                                                                                          </CastExpr>
                                                                                          </CastableExpr>
                                                                                          </TreatExpr>
                                                                                          </InstanceofExpr>
                                                                                          </IntersectExceptExpr>
                                                                                          </UnionExpr>
                                                                                          </MultiplicativeExpr>
                                                                                          </AdditiveExpr>
                                                                                          </RangeExpr>
                                                                                          </ComparisonExpr>
                                                                                          </AndExpr>
                                                                                          </OrExpr>
                                                                                          </ExprSingle>
                                                                                          <TOKEN>,</TOKEN>
                                                                                          <ExprSingle>
                                                                                          <OrExpr>
                                                                                          <AndExpr>
                                                                                          <ComparisonExpr>
                                                                                          <RangeExpr>
                                                                                          <AdditiveExpr>
                                                                                          <MultiplicativeExpr>
                                                                                          <UnionExpr>
                                                                                          <IntersectExceptExpr>
                                                                                          <InstanceofExpr>
                                                                                          <TreatExpr>
                                                                                          <CastableExpr>
                                                                                          <CastExpr>
                                                                                          <UnaryExpr>
                                                                                          <ValueExpr>
                                                                                          <PathExpr>
                                                                                          <RelativePathExpr>
                                                                                          <StepExpr>
                                                                                          <FilterExpr>
                                                                                          <PrimaryExpr>
                                                                                          <FunctionCall>
                                                                                          <FunctionName>
                                                                                          <QName>response:set-template</QName>
                                                                                          </FunctionName>
                                                                                          <TOKEN>(</TOKEN>
                                                                                          <ExprSingle>
                                                                                          <OrExpr>
                                                                                          <AndExpr>
                                                                                          <ComparisonExpr>
                                                                                          <RangeExpr>
                                                                                          <AdditiveExpr>
                                                                                          <MultiplicativeExpr>
                                                                                          <UnionExpr>
                                                                                          <IntersectExceptExpr>
                                                                                          <InstanceofExpr>
                                                                                          <TreatExpr>
                                                                                          <CastableExpr>
                                                                                          <CastExpr>
                                                                                          <UnaryExpr>
                                                                                          <ValueExpr>
                                                                                          <PathExpr>
                                                                                          <RelativePathExpr>
                                                                                          <StepExpr>
                                                                                          <FilterExpr>
                                                                                          <PrimaryExpr>
                                                                                          <Literal>
                                                                                          <StringLiteral>"main"</StringLiteral>
                                                                                          </Literal>
                                                                                          </PrimaryExpr>
                                                                                          <PredicateList/>
                                                                                          </FilterExpr>
                                                                                          </StepExpr>
                                                                                          </RelativePathExpr>
                                                                                          </PathExpr>
                                                                                          </ValueExpr>
                                                                                          </UnaryExpr>
                                                                                          </CastExpr>
                                                                                          </CastableExpr>
                                                                                          </TreatExpr>
                                                                                          </InstanceofExpr>
                                                                                          </IntersectExceptExpr>
                                                                                          </UnionExpr>
                                                                                          </MultiplicativeExpr>
                                                                                          </AdditiveExpr>
                                                                                          </RangeExpr>
                                                                                          </ComparisonExpr>
                                                                                          </AndExpr>
                                                                                          </OrExpr>
                                                                                          </ExprSingle>
                                                                                          <TOKEN>)</TOKEN>
                                                                                          </FunctionCall>
                                                                                          </PrimaryExpr>
                                                                                          <PredicateList/>
                                                                                          </FilterExpr>
                                                                                          </StepExpr>
                                                                                          </RelativePathExpr>
                                                                                          </PathExpr>
                                                                                          </ValueExpr>
                                                                                          </UnaryExpr>
                                                                                          </CastExpr>
                                                                                          </CastableExpr>
                                                                                          </TreatExpr>
                                                                                          </InstanceofExpr>
                                                                                          </IntersectExceptExpr>
                                                                                          </UnionExpr>
                                                                                          </MultiplicativeExpr>
                                                                                          </AdditiveExpr>
                                                                                          </RangeExpr>
                                                                                          </ComparisonExpr>
                                                                                          </AndExpr>
                                                                                          </OrExpr>
                                                                                          </ExprSingle>
                                                                                          <TOKEN>,</TOKEN>
                                                                                          <ExprSingle>
                                                                                          <OrExpr>
                                                                                          <AndExpr>
                                                                                          <ComparisonExpr>
                                                                                          <RangeExpr>
                                                                                          <AdditiveExpr>
                                                                                          <MultiplicativeExpr>
                                                                                          <UnionExpr>
                                                                                          <IntersectExceptExpr>
                                                                                          <InstanceofExpr>
                                                                                          <TreatExpr>
                                                                                          <CastableExpr>
                                                                                          <CastExpr>
                                                                                          <UnaryExpr>
                                                                                          <ValueExpr>
                                                                                          <PathExpr>
                                                                                          <RelativePathExpr>
                                                                                          <StepExpr>
                                                                                          <FilterExpr>
                                                                                          <PrimaryExpr>
                                                                                          <FunctionCall>
                                                                                          <FunctionName>
                                                                                          <QName>response:set-view</QName>
                                                                                          </FunctionName>
                                                                                          <TOKEN>(</TOKEN>
                                                                                          <ExprSingle>
                                                                                          <OrExpr>
                                                                                          <AndExpr>
                                                                                          <ComparisonExpr>
                                                                                          <RangeExpr>
                                                                                          <AdditiveExpr>
                                                                                          <MultiplicativeExpr>
                                                                                          <UnionExpr>
                                                                                          <IntersectExceptExpr>
                                                                                          <InstanceofExpr>
                                                                                          <TreatExpr>
                                                                                          <CastableExpr>
                                                                                          <CastExpr>
                                                                                          <UnaryExpr>
                                                                                          <ValueExpr>
                                                                                          <PathExpr>
                                                                                          <RelativePathExpr>
                                                                                          <StepExpr>
                                                                                          <FilterExpr>
                                                                                          <PrimaryExpr>
                                                                                          <Literal>
                                                                                          <StringLiteral>"page-left-sidebar"</StringLiteral>
                                                                                          </Literal>
                                                                                          </PrimaryExpr>
                                                                                          <PredicateList/>
                                                                                          </FilterExpr>
                                                                                          </StepExpr>
                                                                                          </RelativePathExpr>
                                                                                          </PathExpr>
                                                                                          </ValueExpr>
                                                                                          </UnaryExpr>
                                                                                          </CastExpr>
                                                                                          </CastableExpr>
                                                                                          </TreatExpr>
                                                                                          </InstanceofExpr>
                                                                                          </IntersectExceptExpr>
                                                                                          </UnionExpr>
                                                                                          </MultiplicativeExpr>
                                                                                          </AdditiveExpr>
                                                                                          </RangeExpr>
                                                                                          </ComparisonExpr>
                                                                                          </AndExpr>
                                                                                          </OrExpr>
                                                                                          </ExprSingle>
                                                                                          <TOKEN>)</TOKEN>
                                                                                          </FunctionCall>
                                                                                          </PrimaryExpr>
                                                                                          <PredicateList/>
                                                                                          </FilterExpr>
                                                                                          </StepExpr>
                                                                                          </RelativePathExpr>
                                                                                          </PathExpr>
                                                                                          </ValueExpr>
                                                                                          </UnaryExpr>
                                                                                          </CastExpr>
                                                                                          </CastableExpr>
                                                                                          </TreatExpr>
                                                                                          </InstanceofExpr>
                                                                                          </IntersectExceptExpr>
                                                                                          </UnionExpr>
                                                                                          </MultiplicativeExpr>
                                                                                          </AdditiveExpr>
                                                                                          </RangeExpr>
                                                                                          </ComparisonExpr>
                                                                                          </AndExpr>
                                                                                          </OrExpr>
                                                                                          </ExprSingle>
                                                                                          <TOKEN>,</TOKEN>
                                                                                          <ExprSingle>
                                                                                          <OrExpr>
                                                                                          <AndExpr>
                                                                                          <ComparisonExpr>
                                                                                          <RangeExpr>
                                                                                          <AdditiveExpr>
                                                                                          <MultiplicativeExpr>
                                                                                          <UnionExpr>
                                                                                          <IntersectExceptExpr>
                                                                                          <InstanceofExpr>
                                                                                          <TreatExpr>
                                                                                          <CastableExpr>
                                                                                          <CastExpr>
                                                                                          <UnaryExpr>
                                                                                          <ValueExpr>
                                                                                          <PathExpr>
                                                                                          <RelativePathExpr>
                                                                                          <StepExpr>
                                                                                          <FilterExpr>
                                                                                          <PrimaryExpr>
                                                                                          <FunctionCall>
                                                                                          <FunctionName>
                                                                                          <QName>response:set-title</QName>
                                                                                          </FunctionName>
                                                                                          <TOKEN>(</TOKEN>
                                                                                          <ExprSingle>
                                                                                          <OrExpr>
                                                                                          <AndExpr>
                                                                                          <ComparisonExpr>
                                                                                          <RangeExpr>
                                                                                          <AdditiveExpr>
                                                                                          <MultiplicativeExpr>
                                                                                          <UnionExpr>
                                                                                          <IntersectExceptExpr>
                                                                                          <InstanceofExpr>
                                                                                          <TreatExpr>
                                                                                          <CastableExpr>
                                                                                          <CastExpr>
                                                                                          <UnaryExpr>
                                                                                          <ValueExpr>
                                                                                          <PathExpr>
                                                                                          <RelativePathExpr>
                                                                                          <StepExpr>
                                                                                          <FilterExpr>
                                                                                          <PrimaryExpr>
                                                                                          <Literal>
                                                                                          <StringLiteral>"Two Column Layout"</StringLiteral>
                                                                                          </Literal>
                                                                                          </PrimaryExpr>
                                                                                          <PredicateList/>
                                                                                          </FilterExpr>
                                                                                          </StepExpr>
                                                                                          </RelativePathExpr>
                                                                                          </PathExpr>
                                                                                          </ValueExpr>
                                                                                          </UnaryExpr>
                                                                                          </CastExpr>
                                                                                          </CastableExpr>
                                                                                          </TreatExpr>
                                                                                          </InstanceofExpr>
                                                                                          </IntersectExceptExpr>
                                                                                          </UnionExpr>
                                                                                          </MultiplicativeExpr>
                                                                                          </AdditiveExpr>
                                                                                          </RangeExpr>
                                                                                          </ComparisonExpr>
                                                                                          </AndExpr>
                                                                                          </OrExpr>
                                                                                          </ExprSingle>
                                                                                          <TOKEN>)</TOKEN>
                                                                                          </FunctionCall>
                                                                                          </PrimaryExpr>
                                                                                          <PredicateList/>
                                                                                          </FilterExpr>
                                                                                          </StepExpr>
                                                                                          </RelativePathExpr>
                                                                                          </PathExpr>
                                                                                          </ValueExpr>
                                                                                          </UnaryExpr>
                                                                                          </CastExpr>
                                                                                          </CastableExpr>
                                                                                          </TreatExpr>
                                                                                          </InstanceofExpr>
                                                                                          </IntersectExceptExpr>
                                                                                          </UnionExpr>
                                                                                          </MultiplicativeExpr>
                                                                                          </AdditiveExpr>
                                                                                          </RangeExpr>
                                                                                          </ComparisonExpr>
                                                                                          </AndExpr>
                                                                                          </OrExpr>
                                                                                          </ExprSingle>
                                                                                          <TOKEN>,</TOKEN>
                                                                                          <ExprSingle>
                                                                                          <OrExpr>
                                                                                          <AndExpr>
                                                                                          <ComparisonExpr>
                                                                                          <RangeExpr>
                                                                                          <AdditiveExpr>
                                                                                          <MultiplicativeExpr>
                                                                                          <UnionExpr>
                                                                                          <IntersectExceptExpr>
                                                                                          <InstanceofExpr>
                                                                                          <TreatExpr>
                                                                                          <CastableExpr>
                                                                                          <CastExpr>
                                                                                          <UnaryExpr>
                                                                                          <ValueExpr>
                                                                                          <PathExpr>
                                                                                          <RelativePathExpr>
                                                                                          <StepExpr>
                                                                                          <FilterExpr>
                                                                                          <PrimaryExpr>
                                                                                          <FunctionCall>
                                                                                          <FunctionName>
                                                                                          <QName>response:add-httpmeta</QName>
                                                                                          </FunctionName>
                                                                                          <TOKEN>(</TOKEN>
                                                                                          <ExprSingle>
                                                                                          <OrExpr>
                                                                                          <AndExpr>
                                                                                          <ComparisonExpr>
                                                                                          <RangeExpr>
                                                                                          <AdditiveExpr>
                                                                                          <MultiplicativeExpr>
                                                                                          <UnionExpr>
                                                                                          <IntersectExceptExpr>
                                                                                          <InstanceofExpr>
                                                                                          <TreatExpr>
                                                                                          <CastableExpr>
                                                                                          <CastExpr>
                                                                                          <UnaryExpr>
                                                                                          <ValueExpr>
                                                                                          <PathExpr>
                                                                                          <RelativePathExpr>
                                                                                          <StepExpr>
                                                                                          <FilterExpr>
                                                                                          <PrimaryExpr>
                                                                                          <Literal>
                                                                                          <StringLiteral>"cache-control"</StringLiteral>
                                                                                          </Literal>
                                                                                          </PrimaryExpr>
                                                                                          <PredicateList/>
                                                                                          </FilterExpr>
                                                                                          </StepExpr>
                                                                                          </RelativePathExpr>
                                                                                          </PathExpr>
                                                                                          </ValueExpr>
                                                                                          </UnaryExpr>
                                                                                          </CastExpr>
                                                                                          </CastableExpr>
                                                                                          </TreatExpr>
                                                                                          </InstanceofExpr>
                                                                                          </IntersectExceptExpr>
                                                                                          </UnionExpr>
                                                                                          </MultiplicativeExpr>
                                                                                          </AdditiveExpr>
                                                                                          </RangeExpr>
                                                                                          </ComparisonExpr>
                                                                                          </AndExpr>
                                                                                          </OrExpr>
                                                                                          </ExprSingle>
                                                                                          <TOKEN>,</TOKEN>
                                                                                          <ExprSingle>
                                                                                          <OrExpr>
                                                                                          <AndExpr>
                                                                                          <ComparisonExpr>
                                                                                          <RangeExpr>
                                                                                          <AdditiveExpr>
                                                                                          <MultiplicativeExpr>
                                                                                          <UnionExpr>
                                                                                          <IntersectExceptExpr>
                                                                                          <InstanceofExpr>
                                                                                          <TreatExpr>
                                                                                          <CastableExpr>
                                                                                          <CastExpr>
                                                                                          <UnaryExpr>
                                                                                          <ValueExpr>
                                                                                          <PathExpr>
                                                                                          <RelativePathExpr>
                                                                                          <StepExpr>
                                                                                          <FilterExpr>
                                                                                          <PrimaryExpr>
                                                                                          <Literal>
                                                                                          <StringLiteral>"public"</StringLiteral>
                                                                                          </Literal>
                                                                                          </PrimaryExpr>
                                                                                          <PredicateList/>
                                                                                          </FilterExpr>
                                                                                          </StepExpr>
                                                                                          </RelativePathExpr>
                                                                                          </PathExpr>
                                                                                          </ValueExpr>
                                                                                          </UnaryExpr>
                                                                                          </CastExpr>
                                                                                          </CastableExpr>
                                                                                          </TreatExpr>
                                                                                          </InstanceofExpr>
                                                                                          </IntersectExceptExpr>
                                                                                          </UnionExpr>
                                                                                          </MultiplicativeExpr>
                                                                                          </AdditiveExpr>
                                                                                          </RangeExpr>
                                                                                          </ComparisonExpr>
                                                                                          </AndExpr>
                                                                                          </OrExpr>
                                                                                          </ExprSingle>
                                                                                          <TOKEN>)</TOKEN>
                                                                                          </FunctionCall>
                                                                                          </PrimaryExpr>
                                                                                          <PredicateList/>
                                                                                          </FilterExpr>
                                                                                          </StepExpr>
                                                                                          </RelativePathExpr>
                                                                                          </PathExpr>
                                                                                          </ValueExpr>
                                                                                          </UnaryExpr>
                                                                                          </CastExpr>
                                                                                          </CastableExpr>
                                                                                          </TreatExpr>
                                                                                          </InstanceofExpr>
                                                                                          </IntersectExceptExpr>
                                                                                          </UnionExpr>
                                                                                          </MultiplicativeExpr>
                                                                                          </AdditiveExpr>
                                                                                          </RangeExpr>
                                                                                          </ComparisonExpr>
                                                                                          </AndExpr>
                                                                                          </OrExpr>
                                                                                          </ExprSingle>
                                                                                          <TOKEN>,</TOKEN>
                                                                                          <ExprSingle>
                                                                                          <OrExpr>
                                                                                          <AndExpr>
                                                                                          <ComparisonExpr>
                                                                                          <RangeExpr>
                                                                                          <AdditiveExpr>
                                                                                          <MultiplicativeExpr>
                                                                                          <UnionExpr>
                                                                                          <IntersectExceptExpr>
                                                                                          <InstanceofExpr>
                                                                                          <TreatExpr>
                                                                                          <CastableExpr>
                                                                                          <CastExpr>
                                                                                          <UnaryExpr>
                                                                                          <ValueExpr>
                                                                                          <PathExpr>
                                                                                          <RelativePathExpr>
                                                                                          <StepExpr>
                                                                                          <FilterExpr>
                                                                                          <PrimaryExpr>
                                                                                          <FunctionCall>
                                                                                          <FunctionName>
                                                                                          <QName>response:response</QName>
                                                                                          </FunctionName>
                                                                                          <TOKEN>(</TOKEN>
                                                                                          <TOKEN>)</TOKEN>
                                                                                          </FunctionCall>
                                                                                          </PrimaryExpr>
                                                                                          <PredicateList/>
                                                                                          </FilterExpr>
                                                                                          </StepExpr>
                                                                                          </RelativePathExpr>
                                                                                          </PathExpr>
                                                                                          </ValueExpr>
                                                                                          </UnaryExpr>
                                                                                          </CastExpr>
                                                                                          </CastableExpr>
                                                                                          </TreatExpr>
                                                                                          </InstanceofExpr>
                                                                                          </IntersectExceptExpr>
                                                                                          </UnionExpr>
                                                                                          </MultiplicativeExpr>
                                                                                          </AdditiveExpr>
                                                                                          </RangeExpr>
                                                                                          </ComparisonExpr>
                                                                                          </AndExpr>
                                                                                          </OrExpr>
                                                                                          </ExprSingle>
                                                                                          </Expr>
                                                                                          <TOKEN>)</TOKEN>
                                                                                          </ParenthesizedExpr>
                                                                                          </PrimaryExpr>
                                                                                          <PredicateList/>
                                                                                          </FilterExpr>
                                                                                          </StepExpr>
                                                                                          </RelativePathExpr>
                                                                                        </PathExpr>
                                                                                    </ValueExpr>
                                                                                </UnaryExpr>
                                                                            </CastExpr>
                                                                        </CastableExpr>
                                                                    </TreatExpr>
                                                                </InstanceofExpr>
                                                            </IntersectExceptExpr>
                                                        </UnionExpr>
                                                    </MultiplicativeExpr>
                                                </AdditiveExpr>
                                            </RangeExpr>
                                        </ComparisonExpr>
                                    </AndExpr>
                                </OrExpr>
                            </ExprSingle>
                        </Expr>
                        <TOKEN>}</TOKEN>
                    </EnclosedExpr>
                </FunctionDecl>
                <Separator>
                    <TOKEN>;</TOKEN>
                </Separator>
                <FunctionDecl>
                    <TOKEN>declare</TOKEN>
                    <TOKEN>function</TOKEN>
                    <FunctionName>
                        <QName>controller:msg</QName>
                    </FunctionName>
                    <TOKEN>(</TOKEN>
                    <ParamList>
                        <Param>
                            <TOKEN>$</TOKEN>
                            <QName>
                                <FunctionName>
                                    <QName>request</QName>
                                </FunctionName>
                            </QName>
                            <TypeDeclaration>
                                <TOKEN>as</TOKEN>
                                <SequenceType>
                                    <ItemType>
                                        <AtomicType>
                                            <QName>
                                                <FunctionName>
                                                    <QName>map:map</QName>
                                                </FunctionName>
                                            </QName>
                                        </AtomicType>
                                    </ItemType>
                                </SequenceType>
                            </TypeDeclaration>
                        </Param>
                    </ParamList>
                    <TOKEN>)</TOKEN>
                    <EnclosedExpr>
                        <TOKEN>{</TOKEN>
                        <Expr>
                            <ExprSingle>
                                <OrExpr>
                                    <AndExpr>
                                        <ComparisonExpr>
                                            <RangeExpr>
                                                <AdditiveExpr>
                                                    <MultiplicativeExpr>
                                                        <UnionExpr>
                                                            <IntersectExceptExpr>
                                                                <InstanceofExpr>
                                                                    <TreatExpr>
                                                                        <CastableExpr>
                                                                            <CastExpr>
                                                                                <UnaryExpr>
                                                                                    <ValueExpr>
                                                                                        <PathExpr>
                                                                                          <RelativePathExpr>
                                                                                          <StepExpr>
                                                                                          <FilterExpr>
                                                                                          <PrimaryExpr>
                                                                                          <ParenthesizedExpr>

                                                                                          <TOKEN>(</TOKEN>
                                                                                          <Expr>
                                                                                          <ExprSingle>
                                                                                          <OrExpr>
                                                                                          <AndExpr>
                                                                                          <ComparisonExpr>
                                                                                          <RangeExpr>
                                                                                          <AdditiveExpr>
                                                                                          <MultiplicativeExpr>
                                                                                          <UnionExpr>
                                                                                          <IntersectExceptExpr>
                                                                                          <InstanceofExpr>
                                                                                          <TreatExpr>
                                                                                          <CastableExpr>
                                                                                          <CastExpr>
                                                                                          <UnaryExpr>
                                                                                          <ValueExpr>
                                                                                          <PathExpr>
                                                                                          <RelativePathExpr>
                                                                                          <StepExpr>
                                                                                          <FilterExpr>
                                                                                          <PrimaryExpr>
                                                                                          <FunctionCall>
                                                                                          <FunctionName>
                                                                                          <QName>response:set-controller</QName>
                                                                                          </FunctionName>
                                                                                          <TOKEN>(</TOKEN>
                                                                                          <ExprSingle>
                                                                                          <OrExpr>
                                                                                          <AndExpr>
                                                                                          <ComparisonExpr>
                                                                                          <RangeExpr>
                                                                                          <AdditiveExpr>
                                                                                          <MultiplicativeExpr>
                                                                                          <UnionExpr>
                                                                                          <IntersectExceptExpr>
                                                                                          <InstanceofExpr>
                                                                                          <TreatExpr>
                                                                                          <CastableExpr>
                                                                                          <CastExpr>
                                                                                          <UnaryExpr>
                                                                                          <ValueExpr>
                                                                                          <PathExpr>
                                                                                          <RelativePathExpr>
                                                                                          <StepExpr>
                                                                                          <FilterExpr>
                                                                                          <PrimaryExpr>
                                                                                          <Literal>
                                                                                          <StringLiteral>"default"</StringLiteral>
                                                                                          </Literal>
                                                                                          </PrimaryExpr>
                                                                                          <PredicateList/>
                                                                                          </FilterExpr>
                                                                                          </StepExpr>
                                                                                          </RelativePathExpr>
                                                                                          </PathExpr>
                                                                                          </ValueExpr>
                                                                                          </UnaryExpr>
                                                                                          </CastExpr>
                                                                                          </CastableExpr>
                                                                                          </TreatExpr>
                                                                                          </InstanceofExpr>
                                                                                          </IntersectExceptExpr>
                                                                                          </UnionExpr>
                                                                                          </MultiplicativeExpr>
                                                                                          </AdditiveExpr>
                                                                                          </RangeExpr>
                                                                                          </ComparisonExpr>
                                                                                          </AndExpr>
                                                                                          </OrExpr>
                                                                                          </ExprSingle>
                                                                                          <TOKEN>)</TOKEN>
                                                                                          </FunctionCall>
                                                                                          </PrimaryExpr>
                                                                                          <PredicateList/>
                                                                                          </FilterExpr>
                                                                                          </StepExpr>
                                                                                          </RelativePathExpr>
                                                                                          </PathExpr>
                                                                                          </ValueExpr>
                                                                                          </UnaryExpr>
                                                                                          </CastExpr>
                                                                                          </CastableExpr>
                                                                                          </TreatExpr>
                                                                                          </InstanceofExpr>
                                                                                          </IntersectExceptExpr>
                                                                                          </UnionExpr>
                                                                                          </MultiplicativeExpr>
                                                                                          </AdditiveExpr>
                                                                                          </RangeExpr>
                                                                                          </ComparisonExpr>
                                                                                          </AndExpr>
                                                                                          </OrExpr>
                                                                                          </ExprSingle>
                                                                                          <TOKEN>,</TOKEN>
                                                                                          <ExprSingle>
                                                                                          <OrExpr>
                                                                                          <AndExpr>
                                                                                          <ComparisonExpr>
                                                                                          <RangeExpr>
                                                                                          <AdditiveExpr>
                                                                                          <MultiplicativeExpr>
                                                                                          <UnionExpr>
                                                                                          <IntersectExceptExpr>
                                                                                          <InstanceofExpr>
                                                                                          <TreatExpr>
                                                                                          <CastableExpr>
                                                                                          <CastExpr>
                                                                                          <UnaryExpr>
                                                                                          <ValueExpr>
                                                                                          <PathExpr>
                                                                                          <RelativePathExpr>
                                                                                          <StepExpr>
                                                                                          <FilterExpr>
                                                                                          <PrimaryExpr>
                                                                                          <FunctionCall>
                                                                                          <FunctionName>
                                                                                          <QName>response:set-template</QName>
                                                                                          </FunctionName>
                                                                                          <TOKEN>(</TOKEN>
                                                                                          <ExprSingle>
                                                                                          <OrExpr>
                                                                                          <AndExpr>
                                                                                          <ComparisonExpr>
                                                                                          <RangeExpr>
                                                                                          <AdditiveExpr>
                                                                                          <MultiplicativeExpr>
                                                                                          <UnionExpr>
                                                                                          <IntersectExceptExpr>
                                                                                          <InstanceofExpr>
                                                                                          <TreatExpr>
                                                                                          <CastableExpr>
                                                                                          <CastExpr>
                                                                                          <UnaryExpr>
                                                                                          <ValueExpr>
                                                                                          <PathExpr>
                                                                                          <RelativePathExpr>
                                                                                          <StepExpr>
                                                                                          <FilterExpr>
                                                                                          <PrimaryExpr>
                                                                                          <Literal>
                                                                                          <StringLiteral>"main"</StringLiteral>
                                                                                          </Literal>
                                                                                          </PrimaryExpr>
                                                                                          <PredicateList/>
                                                                                          </FilterExpr>
                                                                                          </StepExpr>
                                                                                          </RelativePathExpr>
                                                                                          </PathExpr>
                                                                                          </ValueExpr>
                                                                                          </UnaryExpr>
                                                                                          </CastExpr>
                                                                                          </CastableExpr>
                                                                                          </TreatExpr>
                                                                                          </InstanceofExpr>
                                                                                          </IntersectExceptExpr>
                                                                                          </UnionExpr>
                                                                                          </MultiplicativeExpr>
                                                                                          </AdditiveExpr>
                                                                                          </RangeExpr>
                                                                                          </ComparisonExpr>
                                                                                          </AndExpr>
                                                                                          </OrExpr>
                                                                                          </ExprSingle>
                                                                                          <TOKEN>)</TOKEN>
                                                                                          </FunctionCall>
                                                                                          </PrimaryExpr>
                                                                                          <PredicateList/>
                                                                                          </FilterExpr>
                                                                                          </StepExpr>
                                                                                          </RelativePathExpr>
                                                                                          </PathExpr>
                                                                                          </ValueExpr>
                                                                                          </UnaryExpr>
                                                                                          </CastExpr>
                                                                                          </CastableExpr>
                                                                                          </TreatExpr>
                                                                                          </InstanceofExpr>
                                                                                          </IntersectExceptExpr>
                                                                                          </UnionExpr>
                                                                                          </MultiplicativeExpr>
                                                                                          </AdditiveExpr>
                                                                                          </RangeExpr>
                                                                                          </ComparisonExpr>
                                                                                          </AndExpr>
                                                                                          </OrExpr>
                                                                                          </ExprSingle>
                                                                                          <TOKEN>,</TOKEN>
                                                                                          <ExprSingle>
                                                                                          <OrExpr>
                                                                                          <AndExpr>
                                                                                          <ComparisonExpr>
                                                                                          <RangeExpr>
                                                                                          <AdditiveExpr>
                                                                                          <MultiplicativeExpr>
                                                                                          <UnionExpr>
                                                                                          <IntersectExceptExpr>
                                                                                          <InstanceofExpr>
                                                                                          <TreatExpr>
                                                                                          <CastableExpr>
                                                                                          <CastExpr>
                                                                                          <UnaryExpr>
                                                                                          <ValueExpr>
                                                                                          <PathExpr>
                                                                                          <RelativePathExpr>
                                                                                          <StepExpr>
                                                                                          <FilterExpr>
                                                                                          <PrimaryExpr>
                                                                                          <FunctionCall>
                                                                                          <FunctionName>
                                                                                          <QName>response:set-view</QName>
                                                                                          </FunctionName>
                                                                                          <TOKEN>(</TOKEN>
                                                                                          <ExprSingle>
                                                                                          <OrExpr>
                                                                                          <AndExpr>
                                                                                          <ComparisonExpr>
                                                                                          <RangeExpr>
                                                                                          <AdditiveExpr>
                                                                                          <MultiplicativeExpr>
                                                                                          <UnionExpr>
                                                                                          <IntersectExceptExpr>
                                                                                          <InstanceofExpr>
                                                                                          <TreatExpr>
                                                                                          <CastableExpr>
                                                                                          <CastExpr>
                                                                                          <UnaryExpr>
                                                                                          <ValueExpr>
                                                                                          <PathExpr>
                                                                                          <RelativePathExpr>
                                                                                          <StepExpr>
                                                                                          <FilterExpr>
                                                                                          <PrimaryExpr>
                                                                                          <Literal>
                                                                                          <StringLiteral>"msg"</StringLiteral>
                                                                                          </Literal>
                                                                                          </PrimaryExpr>
                                                                                          <PredicateList/>
                                                                                          </FilterExpr>
                                                                                          </StepExpr>
                                                                                          </RelativePathExpr>
                                                                                          </PathExpr>
                                                                                          </ValueExpr>
                                                                                          </UnaryExpr>
                                                                                          </CastExpr>
                                                                                          </CastableExpr>
                                                                                          </TreatExpr>
                                                                                          </InstanceofExpr>
                                                                                          </IntersectExceptExpr>
                                                                                          </UnionExpr>
                                                                                          </MultiplicativeExpr>
                                                                                          </AdditiveExpr>
                                                                                          </RangeExpr>
                                                                                          </ComparisonExpr>
                                                                                          </AndExpr>
                                                                                          </OrExpr>
                                                                                          </ExprSingle>
                                                                                          <TOKEN>)</TOKEN>
                                                                                          </FunctionCall>
                                                                                          </PrimaryExpr>
                                                                                          <PredicateList/>
                                                                                          </FilterExpr>
                                                                                          </StepExpr>
                                                                                          </RelativePathExpr>
                                                                                          </PathExpr>
                                                                                          </ValueExpr>
                                                                                          </UnaryExpr>
                                                                                          </CastExpr>
                                                                                          </CastableExpr>
                                                                                          </TreatExpr>
                                                                                          </InstanceofExpr>
                                                                                          </IntersectExceptExpr>
                                                                                          </UnionExpr>
                                                                                          </MultiplicativeExpr>
                                                                                          </AdditiveExpr>
                                                                                          </RangeExpr>
                                                                                          </ComparisonExpr>
                                                                                          </AndExpr>
                                                                                          </OrExpr>
                                                                                          </ExprSingle>
                                                                                          <TOKEN>,</TOKEN>
                                                                                          <ExprSingle>
                                                                                          <OrExpr>
                                                                                          <AndExpr>
                                                                                          <ComparisonExpr>
                                                                                          <RangeExpr>
                                                                                          <AdditiveExpr>
                                                                                          <MultiplicativeExpr>
                                                                                          <UnionExpr>
                                                                                          <IntersectExceptExpr>
                                                                                          <InstanceofExpr>
                                                                                          <TreatExpr>
                                                                                          <CastableExpr>
                                                                                          <CastExpr>
                                                                                          <UnaryExpr>
                                                                                          <ValueExpr>
                                                                                          <PathExpr>
                                                                                          <RelativePathExpr>
                                                                                          <StepExpr>
                                                                                          <FilterExpr>
                                                                                          <PrimaryExpr>
                                                                                          <FunctionCall>
                                                                                          <FunctionName>
                                                                                          <QName>response:set-title</QName>
                                                                                          </FunctionName>
                                                                                          <TOKEN>(</TOKEN>
                                                                                          <ExprSingle>
                                                                                          <OrExpr>
                                                                                          <AndExpr>
                                                                                          <ComparisonExpr>
                                                                                          <RangeExpr>
                                                                                          <AdditiveExpr>
                                                                                          <MultiplicativeExpr>
                                                                                          <UnionExpr>
                                                                                          <IntersectExceptExpr>
                                                                                          <InstanceofExpr>
                                                                                          <TreatExpr>
                                                                                          <CastableExpr>
                                                                                          <CastExpr>
                                                                                          <UnaryExpr>
                                                                                          <ValueExpr>
                                                                                          <PathExpr>
                                                                                          <RelativePathExpr>
                                                                                          <StepExpr>
                                                                                          <FilterExpr>
                                                                                          <PrimaryExpr>
                                                                                          <Literal>
                                                                                          <StringLiteral>"Messages"</StringLiteral>
                                                                                          </Literal>
                                                                                          </PrimaryExpr>
                                                                                          <PredicateList/>
                                                                                          </FilterExpr>
                                                                                          </StepExpr>
                                                                                          </RelativePathExpr>
                                                                                          </PathExpr>
                                                                                          </ValueExpr>
                                                                                          </UnaryExpr>
                                                                                          </CastExpr>
                                                                                          </CastableExpr>
                                                                                          </TreatExpr>
                                                                                          </InstanceofExpr>
                                                                                          </IntersectExceptExpr>
                                                                                          </UnionExpr>
                                                                                          </MultiplicativeExpr>
                                                                                          </AdditiveExpr>
                                                                                          </RangeExpr>
                                                                                          </ComparisonExpr>
                                                                                          </AndExpr>
                                                                                          </OrExpr>
                                                                                          </ExprSingle>
                                                                                          <TOKEN>)</TOKEN>
                                                                                          </FunctionCall>
                                                                                          </PrimaryExpr>
                                                                                          <PredicateList/>
                                                                                          </FilterExpr>
                                                                                          </StepExpr>
                                                                                          </RelativePathExpr>
                                                                                          </PathExpr>
                                                                                          </ValueExpr>
                                                                                          </UnaryExpr>
                                                                                          </CastExpr>
                                                                                          </CastableExpr>
                                                                                          </TreatExpr>
                                                                                          </InstanceofExpr>
                                                                                          </IntersectExceptExpr>
                                                                                          </UnionExpr>
                                                                                          </MultiplicativeExpr>
                                                                                          </AdditiveExpr>
                                                                                          </RangeExpr>
                                                                                          </ComparisonExpr>
                                                                                          </AndExpr>
                                                                                          </OrExpr>
                                                                                          </ExprSingle>
                                                                                          <TOKEN>,</TOKEN>
                                                                                          <ExprSingle>
                                                                                          <OrExpr>
                                                                                          <AndExpr>
                                                                                          <ComparisonExpr>
                                                                                          <RangeExpr>
                                                                                          <AdditiveExpr>
                                                                                          <MultiplicativeExpr>
                                                                                          <UnionExpr>
                                                                                          <IntersectExceptExpr>
                                                                                          <InstanceofExpr>
                                                                                          <TreatExpr>
                                                                                          <CastableExpr>
                                                                                          <CastExpr>
                                                                                          <UnaryExpr>
                                                                                          <ValueExpr>
                                                                                          <PathExpr>
                                                                                          <RelativePathExpr>
                                                                                          <StepExpr>
                                                                                          <FilterExpr>
                                                                                          <PrimaryExpr>
                                                                                          <FunctionCall>
                                                                                          <FunctionName>
                                                                                          <QName>response:add-httpmeta</QName>
                                                                                          </FunctionName>
                                                                                          <TOKEN>(</TOKEN>
                                                                                          <ExprSingle>
                                                                                          <OrExpr>
                                                                                          <AndExpr>
                                                                                          <ComparisonExpr>
                                                                                          <RangeExpr>
                                                                                          <AdditiveExpr>
                                                                                          <MultiplicativeExpr>
                                                                                          <UnionExpr>
                                                                                          <IntersectExceptExpr>
                                                                                          <InstanceofExpr>
                                                                                          <TreatExpr>
                                                                                          <CastableExpr>
                                                                                          <CastExpr>
                                                                                          <UnaryExpr>
                                                                                          <ValueExpr>
                                                                                          <PathExpr>
                                                                                          <RelativePathExpr>
                                                                                          <StepExpr>
                                                                                          <FilterExpr>
                                                                                          <PrimaryExpr>
                                                                                          <Literal>
                                                                                          <StringLiteral>"cache-control"</StringLiteral>
                                                                                          </Literal>
                                                                                          </PrimaryExpr>
                                                                                          <PredicateList/>
                                                                                          </FilterExpr>
                                                                                          </StepExpr>
                                                                                          </RelativePathExpr>
                                                                                          </PathExpr>
                                                                                          </ValueExpr>
                                                                                          </UnaryExpr>
                                                                                          </CastExpr>
                                                                                          </CastableExpr>
                                                                                          </TreatExpr>
                                                                                          </InstanceofExpr>
                                                                                          </IntersectExceptExpr>
                                                                                          </UnionExpr>
                                                                                          </MultiplicativeExpr>
                                                                                          </AdditiveExpr>
                                                                                          </RangeExpr>
                                                                                          </ComparisonExpr>
                                                                                          </AndExpr>
                                                                                          </OrExpr>
                                                                                          </ExprSingle>
                                                                                          <TOKEN>,</TOKEN>
                                                                                          <ExprSingle>
                                                                                          <OrExpr>
                                                                                          <AndExpr>
                                                                                          <ComparisonExpr>
                                                                                          <RangeExpr>
                                                                                          <AdditiveExpr>
                                                                                          <MultiplicativeExpr>
                                                                                          <UnionExpr>
                                                                                          <IntersectExceptExpr>
                                                                                          <InstanceofExpr>
                                                                                          <TreatExpr>
                                                                                          <CastableExpr>
                                                                                          <CastExpr>
                                                                                          <UnaryExpr>
                                                                                          <ValueExpr>
                                                                                          <PathExpr>
                                                                                          <RelativePathExpr>
                                                                                          <StepExpr>
                                                                                          <FilterExpr>
                                                                                          <PrimaryExpr>
                                                                                          <Literal>
                                                                                          <StringLiteral>"public"</StringLiteral>
                                                                                          </Literal>
                                                                                          </PrimaryExpr>
                                                                                          <PredicateList/>
                                                                                          </FilterExpr>
                                                                                          </StepExpr>
                                                                                          </RelativePathExpr>
                                                                                          </PathExpr>
                                                                                          </ValueExpr>
                                                                                          </UnaryExpr>
                                                                                          </CastExpr>
                                                                                          </CastableExpr>
                                                                                          </TreatExpr>
                                                                                          </InstanceofExpr>
                                                                                          </IntersectExceptExpr>
                                                                                          </UnionExpr>
                                                                                          </MultiplicativeExpr>
                                                                                          </AdditiveExpr>
                                                                                          </RangeExpr>
                                                                                          </ComparisonExpr>
                                                                                          </AndExpr>
                                                                                          </OrExpr>
                                                                                          </ExprSingle>
                                                                                          <TOKEN>)</TOKEN>
                                                                                          </FunctionCall>
                                                                                          </PrimaryExpr>
                                                                                          <PredicateList/>
                                                                                          </FilterExpr>
                                                                                          </StepExpr>
                                                                                          </RelativePathExpr>
                                                                                          </PathExpr>
                                                                                          </ValueExpr>
                                                                                          </UnaryExpr>
                                                                                          </CastExpr>
                                                                                          </CastableExpr>
                                                                                          </TreatExpr>
                                                                                          </InstanceofExpr>
                                                                                          </IntersectExceptExpr>
                                                                                          </UnionExpr>
                                                                                          </MultiplicativeExpr>
                                                                                          </AdditiveExpr>
                                                                                          </RangeExpr>
                                                                                          </ComparisonExpr>
                                                                                          </AndExpr>
                                                                                          </OrExpr>
                                                                                          </ExprSingle>
                                                                                          <TOKEN>,</TOKEN>
                                                                                          <ExprSingle>
                                                                                          <OrExpr>
                                                                                          <AndExpr>
                                                                                          <ComparisonExpr>
                                                                                          <RangeExpr>
                                                                                          <AdditiveExpr>
                                                                                          <MultiplicativeExpr>
                                                                                          <UnionExpr>
                                                                                          <IntersectExceptExpr>
                                                                                          <InstanceofExpr>
                                                                                          <TreatExpr>
                                                                                          <CastableExpr>
                                                                                          <CastExpr>
                                                                                          <UnaryExpr>
                                                                                          <ValueExpr>
                                                                                          <PathExpr>
                                                                                          <RelativePathExpr>
                                                                                          <StepExpr>
                                                                                          <FilterExpr>
                                                                                          <PrimaryExpr>
                                                                                          <FunctionCall>
                                                                                          <FunctionName>
                                                                                          <QName>response:response</QName>
                                                                                          </FunctionName>
                                                                                          <TOKEN>(</TOKEN>
                                                                                          <TOKEN>)</TOKEN>
                                                                                          </FunctionCall>
                                                                                          </PrimaryExpr>
                                                                                          <PredicateList/>
                                                                                          </FilterExpr>
                                                                                          </StepExpr>
                                                                                          </RelativePathExpr>
                                                                                          </PathExpr>
                                                                                          </ValueExpr>
                                                                                          </UnaryExpr>
                                                                                          </CastExpr>
                                                                                          </CastableExpr>
                                                                                          </TreatExpr>
                                                                                          </InstanceofExpr>
                                                                                          </IntersectExceptExpr>
                                                                                          </UnionExpr>
                                                                                          </MultiplicativeExpr>
                                                                                          </AdditiveExpr>
                                                                                          </RangeExpr>
                                                                                          </ComparisonExpr>
                                                                                          </AndExpr>
                                                                                          </OrExpr>
                                                                                          </ExprSingle>
                                                                                          </Expr>
                                                                                          <TOKEN>)</TOKEN>
                                                                                          </ParenthesizedExpr>
                                                                                          </PrimaryExpr>
                                                                                          <PredicateList/>
                                                                                          </FilterExpr>
                                                                                          </StepExpr>
                                                                                          </RelativePathExpr>
                                                                                        </PathExpr>
                                                                                    </ValueExpr>
                                                                                </UnaryExpr>
                                                                            </CastExpr>
                                                                        </CastableExpr>
                                                                    </TreatExpr>
                                                                </InstanceofExpr>
                                                            </IntersectExceptExpr>
                                                        </UnionExpr>
                                                    </MultiplicativeExpr>
                                                </AdditiveExpr>
                                            </RangeExpr>
                                        </ComparisonExpr>
                                    </AndExpr>
                                </OrExpr>
                            </ExprSingle>
                        </Expr>
                        <TOKEN>}</TOKEN>
                    </EnclosedExpr>
                </FunctionDecl>
                <Separator>
                    <TOKEN>;</TOKEN>
                </Separator>
                <FunctionDecl>
                    <TOKEN>declare</TOKEN>
                    <TOKEN>function</TOKEN>
                    <FunctionName>
                        <QName>controller:icons</QName>
                    </FunctionName>
                    <TOKEN>(</TOKEN>
                    <ParamList>
                        <Param>
                            <TOKEN>$</TOKEN>
                            <QName>
                                <FunctionName>
                                    <QName>request</QName>
                                </FunctionName>
                            </QName>
                            <TypeDeclaration>
                                <TOKEN>as</TOKEN>
                                <SequenceType>
                                    <ItemType>
                                        <AtomicType>
                                            <QName>
                                                <FunctionName>
                                                    <QName>map:map</QName>
                                                </FunctionName>
                                            </QName>
                                        </AtomicType>
                                    </ItemType>
                                </SequenceType>
                            </TypeDeclaration>
                        </Param>
                    </ParamList>
                    <TOKEN>)</TOKEN>
                    <EnclosedExpr>
                        <TOKEN>{</TOKEN>
                        <Expr>
                            <ExprSingle>
                                <OrExpr>
                                    <AndExpr>
                                        <ComparisonExpr>
                                            <RangeExpr>
                                                <AdditiveExpr>
                                                    <MultiplicativeExpr>
                                                        <UnionExpr>
                                                            <IntersectExceptExpr>
                                                                <InstanceofExpr>
                                                                    <TreatExpr>
                                                                        <CastableExpr>
                                                                            <CastExpr>
                                                                                <UnaryExpr>
                                                                                    <ValueExpr>
                                                                                        <PathExpr>
                                                                                          <RelativePathExpr>
                                                                                          <StepExpr>
                                                                                          <FilterExpr>
                                                                                          <PrimaryExpr>
                                                                                          <ParenthesizedExpr>

                                                                                          <TOKEN>(</TOKEN>
                                                                                          <Expr>
                                                                                          <ExprSingle>
                                                                                          <OrExpr>
                                                                                          <AndExpr>
                                                                                          <ComparisonExpr>
                                                                                          <RangeExpr>
                                                                                          <AdditiveExpr>
                                                                                          <MultiplicativeExpr>
                                                                                          <UnionExpr>
                                                                                          <IntersectExceptExpr>
                                                                                          <InstanceofExpr>
                                                                                          <TreatExpr>
                                                                                          <CastableExpr>
                                                                                          <CastExpr>
                                                                                          <UnaryExpr>
                                                                                          <ValueExpr>
                                                                                          <PathExpr>
                                                                                          <RelativePathExpr>
                                                                                          <StepExpr>
                                                                                          <FilterExpr>
                                                                                          <PrimaryExpr>
                                                                                          <FunctionCall>
                                                                                          <FunctionName>
                                                                                          <QName>response:set-controller</QName>
                                                                                          </FunctionName>
                                                                                          <TOKEN>(</TOKEN>
                                                                                          <ExprSingle>
                                                                                          <OrExpr>
                                                                                          <AndExpr>
                                                                                          <ComparisonExpr>
                                                                                          <RangeExpr>
                                                                                          <AdditiveExpr>
                                                                                          <MultiplicativeExpr>
                                                                                          <UnionExpr>
                                                                                          <IntersectExceptExpr>
                                                                                          <InstanceofExpr>
                                                                                          <TreatExpr>
                                                                                          <CastableExpr>
                                                                                          <CastExpr>
                                                                                          <UnaryExpr>
                                                                                          <ValueExpr>
                                                                                          <PathExpr>
                                                                                          <RelativePathExpr>
                                                                                          <StepExpr>
                                                                                          <FilterExpr>
                                                                                          <PrimaryExpr>
                                                                                          <Literal>
                                                                                          <StringLiteral>"default"</StringLiteral>
                                                                                          </Literal>
                                                                                          </PrimaryExpr>
                                                                                          <PredicateList/>
                                                                                          </FilterExpr>
                                                                                          </StepExpr>
                                                                                          </RelativePathExpr>
                                                                                          </PathExpr>
                                                                                          </ValueExpr>
                                                                                          </UnaryExpr>
                                                                                          </CastExpr>
                                                                                          </CastableExpr>
                                                                                          </TreatExpr>
                                                                                          </InstanceofExpr>
                                                                                          </IntersectExceptExpr>
                                                                                          </UnionExpr>
                                                                                          </MultiplicativeExpr>
                                                                                          </AdditiveExpr>
                                                                                          </RangeExpr>
                                                                                          </ComparisonExpr>
                                                                                          </AndExpr>
                                                                                          </OrExpr>
                                                                                          </ExprSingle>
                                                                                          <TOKEN>)</TOKEN>
                                                                                          </FunctionCall>
                                                                                          </PrimaryExpr>
                                                                                          <PredicateList/>
                                                                                          </FilterExpr>
                                                                                          </StepExpr>
                                                                                          </RelativePathExpr>
                                                                                          </PathExpr>
                                                                                          </ValueExpr>
                                                                                          </UnaryExpr>
                                                                                          </CastExpr>
                                                                                          </CastableExpr>
                                                                                          </TreatExpr>
                                                                                          </InstanceofExpr>
                                                                                          </IntersectExceptExpr>
                                                                                          </UnionExpr>
                                                                                          </MultiplicativeExpr>
                                                                                          </AdditiveExpr>
                                                                                          </RangeExpr>
                                                                                          </ComparisonExpr>
                                                                                          </AndExpr>
                                                                                          </OrExpr>
                                                                                          </ExprSingle>
                                                                                          <TOKEN>,</TOKEN>
                                                                                          <ExprSingle>
                                                                                          <OrExpr>
                                                                                          <AndExpr>
                                                                                          <ComparisonExpr>
                                                                                          <RangeExpr>
                                                                                          <AdditiveExpr>
                                                                                          <MultiplicativeExpr>
                                                                                          <UnionExpr>
                                                                                          <IntersectExceptExpr>
                                                                                          <InstanceofExpr>
                                                                                          <TreatExpr>
                                                                                          <CastableExpr>
                                                                                          <CastExpr>
                                                                                          <UnaryExpr>
                                                                                          <ValueExpr>
                                                                                          <PathExpr>
                                                                                          <RelativePathExpr>
                                                                                          <StepExpr>
                                                                                          <FilterExpr>
                                                                                          <PrimaryExpr>
                                                                                          <FunctionCall>
                                                                                          <FunctionName>
                                                                                          <QName>response:set-template</QName>
                                                                                          </FunctionName>
                                                                                          <TOKEN>(</TOKEN>
                                                                                          <ExprSingle>
                                                                                          <OrExpr>
                                                                                          <AndExpr>
                                                                                          <ComparisonExpr>
                                                                                          <RangeExpr>
                                                                                          <AdditiveExpr>
                                                                                          <MultiplicativeExpr>
                                                                                          <UnionExpr>
                                                                                          <IntersectExceptExpr>
                                                                                          <InstanceofExpr>
                                                                                          <TreatExpr>
                                                                                          <CastableExpr>
                                                                                          <CastExpr>
                                                                                          <UnaryExpr>
                                                                                          <ValueExpr>
                                                                                          <PathExpr>
                                                                                          <RelativePathExpr>
                                                                                          <StepExpr>
                                                                                          <FilterExpr>
                                                                                          <PrimaryExpr>
                                                                                          <Literal>
                                                                                          <StringLiteral>"main"</StringLiteral>
                                                                                          </Literal>
                                                                                          </PrimaryExpr>
                                                                                          <PredicateList/>
                                                                                          </FilterExpr>
                                                                                          </StepExpr>
                                                                                          </RelativePathExpr>
                                                                                          </PathExpr>
                                                                                          </ValueExpr>
                                                                                          </UnaryExpr>
                                                                                          </CastExpr>
                                                                                          </CastableExpr>
                                                                                          </TreatExpr>
                                                                                          </InstanceofExpr>
                                                                                          </IntersectExceptExpr>
                                                                                          </UnionExpr>
                                                                                          </MultiplicativeExpr>
                                                                                          </AdditiveExpr>
                                                                                          </RangeExpr>
                                                                                          </ComparisonExpr>
                                                                                          </AndExpr>
                                                                                          </OrExpr>
                                                                                          </ExprSingle>
                                                                                          <TOKEN>)</TOKEN>
                                                                                          </FunctionCall>
                                                                                          </PrimaryExpr>
                                                                                          <PredicateList/>
                                                                                          </FilterExpr>
                                                                                          </StepExpr>
                                                                                          </RelativePathExpr>
                                                                                          </PathExpr>
                                                                                          </ValueExpr>
                                                                                          </UnaryExpr>
                                                                                          </CastExpr>
                                                                                          </CastableExpr>
                                                                                          </TreatExpr>
                                                                                          </InstanceofExpr>
                                                                                          </IntersectExceptExpr>
                                                                                          </UnionExpr>
                                                                                          </MultiplicativeExpr>
                                                                                          </AdditiveExpr>
                                                                                          </RangeExpr>
                                                                                          </ComparisonExpr>
                                                                                          </AndExpr>
                                                                                          </OrExpr>
                                                                                          </ExprSingle>
                                                                                          <TOKEN>,</TOKEN>
                                                                                          <ExprSingle>
                                                                                          <OrExpr>
                                                                                          <AndExpr>
                                                                                          <ComparisonExpr>
                                                                                          <RangeExpr>
                                                                                          <AdditiveExpr>
                                                                                          <MultiplicativeExpr>
                                                                                          <UnionExpr>
                                                                                          <IntersectExceptExpr>
                                                                                          <InstanceofExpr>
                                                                                          <TreatExpr>
                                                                                          <CastableExpr>
                                                                                          <CastExpr>
                                                                                          <UnaryExpr>
                                                                                          <ValueExpr>
                                                                                          <PathExpr>
                                                                                          <RelativePathExpr>
                                                                                          <StepExpr>
                                                                                          <FilterExpr>
                                                                                          <PrimaryExpr>
                                                                                          <FunctionCall>
                                                                                          <FunctionName>
                                                                                          <QName>response:set-view</QName>
                                                                                          </FunctionName>
                                                                                          <TOKEN>(</TOKEN>
                                                                                          <ExprSingle>
                                                                                          <OrExpr>
                                                                                          <AndExpr>
                                                                                          <ComparisonExpr>
                                                                                          <RangeExpr>
                                                                                          <AdditiveExpr>
                                                                                          <MultiplicativeExpr>
                                                                                          <UnionExpr>
                                                                                          <IntersectExceptExpr>
                                                                                          <InstanceofExpr>
                                                                                          <TreatExpr>
                                                                                          <CastableExpr>
                                                                                          <CastExpr>
                                                                                          <UnaryExpr>
                                                                                          <ValueExpr>
                                                                                          <PathExpr>
                                                                                          <RelativePathExpr>
                                                                                          <StepExpr>
                                                                                          <FilterExpr>
                                                                                          <PrimaryExpr>
                                                                                          <Literal>
                                                                                          <StringLiteral>"icons"</StringLiteral>
                                                                                          </Literal>
                                                                                          </PrimaryExpr>
                                                                                          <PredicateList/>
                                                                                          </FilterExpr>
                                                                                          </StepExpr>
                                                                                          </RelativePathExpr>
                                                                                          </PathExpr>
                                                                                          </ValueExpr>
                                                                                          </UnaryExpr>
                                                                                          </CastExpr>
                                                                                          </CastableExpr>
                                                                                          </TreatExpr>
                                                                                          </InstanceofExpr>
                                                                                          </IntersectExceptExpr>
                                                                                          </UnionExpr>
                                                                                          </MultiplicativeExpr>
                                                                                          </AdditiveExpr>
                                                                                          </RangeExpr>
                                                                                          </ComparisonExpr>
                                                                                          </AndExpr>
                                                                                          </OrExpr>
                                                                                          </ExprSingle>
                                                                                          <TOKEN>)</TOKEN>
                                                                                          </FunctionCall>
                                                                                          </PrimaryExpr>
                                                                                          <PredicateList/>
                                                                                          </FilterExpr>
                                                                                          </StepExpr>
                                                                                          </RelativePathExpr>
                                                                                          </PathExpr>
                                                                                          </ValueExpr>
                                                                                          </UnaryExpr>
                                                                                          </CastExpr>
                                                                                          </CastableExpr>
                                                                                          </TreatExpr>
                                                                                          </InstanceofExpr>
                                                                                          </IntersectExceptExpr>
                                                                                          </UnionExpr>
                                                                                          </MultiplicativeExpr>
                                                                                          </AdditiveExpr>
                                                                                          </RangeExpr>
                                                                                          </ComparisonExpr>
                                                                                          </AndExpr>
                                                                                          </OrExpr>
                                                                                          </ExprSingle>
                                                                                          <TOKEN>,</TOKEN>
                                                                                          <ExprSingle>
                                                                                          <OrExpr>
                                                                                          <AndExpr>
                                                                                          <ComparisonExpr>
                                                                                          <RangeExpr>
                                                                                          <AdditiveExpr>
                                                                                          <MultiplicativeExpr>
                                                                                          <UnionExpr>
                                                                                          <IntersectExceptExpr>
                                                                                          <InstanceofExpr>
                                                                                          <TreatExpr>
                                                                                          <CastableExpr>
                                                                                          <CastExpr>
                                                                                          <UnaryExpr>
                                                                                          <ValueExpr>
                                                                                          <PathExpr>
                                                                                          <RelativePathExpr>
                                                                                          <StepExpr>
                                                                                          <FilterExpr>
                                                                                          <PrimaryExpr>
                                                                                          <FunctionCall>
                                                                                          <FunctionName>
                                                                                          <QName>response:set-title</QName>
                                                                                          </FunctionName>
                                                                                          <TOKEN>(</TOKEN>
                                                                                          <ExprSingle>
                                                                                          <OrExpr>
                                                                                          <AndExpr>
                                                                                          <ComparisonExpr>
                                                                                          <RangeExpr>
                                                                                          <AdditiveExpr>
                                                                                          <MultiplicativeExpr>
                                                                                          <UnionExpr>
                                                                                          <IntersectExceptExpr>
                                                                                          <InstanceofExpr>
                                                                                          <TreatExpr>
                                                                                          <CastableExpr>
                                                                                          <CastExpr>
                                                                                          <UnaryExpr>
                                                                                          <ValueExpr>
                                                                                          <PathExpr>
                                                                                          <RelativePathExpr>
                                                                                          <StepExpr>
                                                                                          <FilterExpr>
                                                                                          <PrimaryExpr>
                                                                                          <Literal>
                                                                                          <StringLiteral>"Icons"</StringLiteral>
                                                                                          </Literal>
                                                                                          </PrimaryExpr>
                                                                                          <PredicateList/>
                                                                                          </FilterExpr>
                                                                                          </StepExpr>
                                                                                          </RelativePathExpr>
                                                                                          </PathExpr>
                                                                                          </ValueExpr>
                                                                                          </UnaryExpr>
                                                                                          </CastExpr>
                                                                                          </CastableExpr>
                                                                                          </TreatExpr>
                                                                                          </InstanceofExpr>
                                                                                          </IntersectExceptExpr>
                                                                                          </UnionExpr>
                                                                                          </MultiplicativeExpr>
                                                                                          </AdditiveExpr>
                                                                                          </RangeExpr>
                                                                                          </ComparisonExpr>
                                                                                          </AndExpr>
                                                                                          </OrExpr>
                                                                                          </ExprSingle>
                                                                                          <TOKEN>)</TOKEN>
                                                                                          </FunctionCall>
                                                                                          </PrimaryExpr>
                                                                                          <PredicateList/>
                                                                                          </FilterExpr>
                                                                                          </StepExpr>
                                                                                          </RelativePathExpr>
                                                                                          </PathExpr>
                                                                                          </ValueExpr>
                                                                                          </UnaryExpr>
                                                                                          </CastExpr>
                                                                                          </CastableExpr>
                                                                                          </TreatExpr>
                                                                                          </InstanceofExpr>
                                                                                          </IntersectExceptExpr>
                                                                                          </UnionExpr>
                                                                                          </MultiplicativeExpr>
                                                                                          </AdditiveExpr>
                                                                                          </RangeExpr>
                                                                                          </ComparisonExpr>
                                                                                          </AndExpr>
                                                                                          </OrExpr>
                                                                                          </ExprSingle>
                                                                                          <TOKEN>,</TOKEN>
                                                                                          <ExprSingle>
                                                                                          <OrExpr>
                                                                                          <AndExpr>
                                                                                          <ComparisonExpr>
                                                                                          <RangeExpr>
                                                                                          <AdditiveExpr>
                                                                                          <MultiplicativeExpr>
                                                                                          <UnionExpr>
                                                                                          <IntersectExceptExpr>
                                                                                          <InstanceofExpr>
                                                                                          <TreatExpr>
                                                                                          <CastableExpr>
                                                                                          <CastExpr>
                                                                                          <UnaryExpr>
                                                                                          <ValueExpr>
                                                                                          <PathExpr>
                                                                                          <RelativePathExpr>
                                                                                          <StepExpr>
                                                                                          <FilterExpr>
                                                                                          <PrimaryExpr>
                                                                                          <FunctionCall>
                                                                                          <FunctionName>
                                                                                          <QName>response:add-httpmeta</QName>
                                                                                          </FunctionName>
                                                                                          <TOKEN>(</TOKEN>
                                                                                          <ExprSingle>
                                                                                          <OrExpr>
                                                                                          <AndExpr>
                                                                                          <ComparisonExpr>
                                                                                          <RangeExpr>
                                                                                          <AdditiveExpr>
                                                                                          <MultiplicativeExpr>
                                                                                          <UnionExpr>
                                                                                          <IntersectExceptExpr>
                                                                                          <InstanceofExpr>
                                                                                          <TreatExpr>
                                                                                          <CastableExpr>
                                                                                          <CastExpr>
                                                                                          <UnaryExpr>
                                                                                          <ValueExpr>
                                                                                          <PathExpr>
                                                                                          <RelativePathExpr>
                                                                                          <StepExpr>
                                                                                          <FilterExpr>
                                                                                          <PrimaryExpr>
                                                                                          <Literal>
                                                                                          <StringLiteral>"cache-control"</StringLiteral>
                                                                                          </Literal>
                                                                                          </PrimaryExpr>
                                                                                          <PredicateList/>
                                                                                          </FilterExpr>
                                                                                          </StepExpr>
                                                                                          </RelativePathExpr>
                                                                                          </PathExpr>
                                                                                          </ValueExpr>
                                                                                          </UnaryExpr>
                                                                                          </CastExpr>
                                                                                          </CastableExpr>
                                                                                          </TreatExpr>
                                                                                          </InstanceofExpr>
                                                                                          </IntersectExceptExpr>
                                                                                          </UnionExpr>
                                                                                          </MultiplicativeExpr>
                                                                                          </AdditiveExpr>
                                                                                          </RangeExpr>
                                                                                          </ComparisonExpr>
                                                                                          </AndExpr>
                                                                                          </OrExpr>
                                                                                          </ExprSingle>
                                                                                          <TOKEN>,</TOKEN>
                                                                                          <ExprSingle>
                                                                                          <OrExpr>
                                                                                          <AndExpr>
                                                                                          <ComparisonExpr>
                                                                                          <RangeExpr>
                                                                                          <AdditiveExpr>
                                                                                          <MultiplicativeExpr>
                                                                                          <UnionExpr>
                                                                                          <IntersectExceptExpr>
                                                                                          <InstanceofExpr>
                                                                                          <TreatExpr>
                                                                                          <CastableExpr>
                                                                                          <CastExpr>
                                                                                          <UnaryExpr>
                                                                                          <ValueExpr>
                                                                                          <PathExpr>
                                                                                          <RelativePathExpr>
                                                                                          <StepExpr>
                                                                                          <FilterExpr>
                                                                                          <PrimaryExpr>
                                                                                          <Literal>
                                                                                          <StringLiteral>"public"</StringLiteral>
                                                                                          </Literal>
                                                                                          </PrimaryExpr>
                                                                                          <PredicateList/>
                                                                                          </FilterExpr>
                                                                                          </StepExpr>
                                                                                          </RelativePathExpr>
                                                                                          </PathExpr>
                                                                                          </ValueExpr>
                                                                                          </UnaryExpr>
                                                                                          </CastExpr>
                                                                                          </CastableExpr>
                                                                                          </TreatExpr>
                                                                                          </InstanceofExpr>
                                                                                          </IntersectExceptExpr>
                                                                                          </UnionExpr>
                                                                                          </MultiplicativeExpr>
                                                                                          </AdditiveExpr>
                                                                                          </RangeExpr>
                                                                                          </ComparisonExpr>
                                                                                          </AndExpr>
                                                                                          </OrExpr>
                                                                                          </ExprSingle>
                                                                                          <TOKEN>)</TOKEN>
                                                                                          </FunctionCall>
                                                                                          </PrimaryExpr>
                                                                                          <PredicateList/>
                                                                                          </FilterExpr>
                                                                                          </StepExpr>
                                                                                          </RelativePathExpr>
                                                                                          </PathExpr>
                                                                                          </ValueExpr>
                                                                                          </UnaryExpr>
                                                                                          </CastExpr>
                                                                                          </CastableExpr>
                                                                                          </TreatExpr>
                                                                                          </InstanceofExpr>
                                                                                          </IntersectExceptExpr>
                                                                                          </UnionExpr>
                                                                                          </MultiplicativeExpr>
                                                                                          </AdditiveExpr>
                                                                                          </RangeExpr>
                                                                                          </ComparisonExpr>
                                                                                          </AndExpr>
                                                                                          </OrExpr>
                                                                                          </ExprSingle>
                                                                                          <TOKEN>,</TOKEN>
                                                                                          <ExprSingle>
                                                                                          <OrExpr>
                                                                                          <AndExpr>
                                                                                          <ComparisonExpr>
                                                                                          <RangeExpr>
                                                                                          <AdditiveExpr>
                                                                                          <MultiplicativeExpr>
                                                                                          <UnionExpr>
                                                                                          <IntersectExceptExpr>
                                                                                          <InstanceofExpr>
                                                                                          <TreatExpr>
                                                                                          <CastableExpr>
                                                                                          <CastExpr>
                                                                                          <UnaryExpr>
                                                                                          <ValueExpr>
                                                                                          <PathExpr>
                                                                                          <RelativePathExpr>
                                                                                          <StepExpr>
                                                                                          <FilterExpr>
                                                                                          <PrimaryExpr>
                                                                                          <FunctionCall>
                                                                                          <FunctionName>
                                                                                          <QName>response:response</QName>
                                                                                          </FunctionName>
                                                                                          <TOKEN>(</TOKEN>
                                                                                          <TOKEN>)</TOKEN>
                                                                                          </FunctionCall>
                                                                                          </PrimaryExpr>
                                                                                          <PredicateList/>
                                                                                          </FilterExpr>
                                                                                          </StepExpr>
                                                                                          </RelativePathExpr>
                                                                                          </PathExpr>
                                                                                          </ValueExpr>
                                                                                          </UnaryExpr>
                                                                                          </CastExpr>
                                                                                          </CastableExpr>
                                                                                          </TreatExpr>
                                                                                          </InstanceofExpr>
                                                                                          </IntersectExceptExpr>
                                                                                          </UnionExpr>
                                                                                          </MultiplicativeExpr>
                                                                                          </AdditiveExpr>
                                                                                          </RangeExpr>
                                                                                          </ComparisonExpr>
                                                                                          </AndExpr>
                                                                                          </OrExpr>
                                                                                          </ExprSingle>
                                                                                          </Expr>
                                                                                          <TOKEN>)</TOKEN>
                                                                                          </ParenthesizedExpr>
                                                                                          </PrimaryExpr>
                                                                                          <PredicateList/>
                                                                                          </FilterExpr>
                                                                                          </StepExpr>
                                                                                          </RelativePathExpr>
                                                                                        </PathExpr>
                                                                                    </ValueExpr>
                                                                                </UnaryExpr>
                                                                            </CastExpr>
                                                                        </CastableExpr>
                                                                    </TreatExpr>
                                                                </InstanceofExpr>
                                                            </IntersectExceptExpr>
                                                        </UnionExpr>
                                                    </MultiplicativeExpr>
                                                </AdditiveExpr>
                                            </RangeExpr>
                                        </ComparisonExpr>
                                    </AndExpr>
                                </OrExpr>
                            </ExprSingle>
                        </Expr>
                        <TOKEN>}</TOKEN>
                    </EnclosedExpr>
                </FunctionDecl>
                <Separator>
                    <TOKEN>;</TOKEN>
                </Separator>
                <FunctionDecl>
                    <TOKEN>declare</TOKEN>
                    <TOKEN>function</TOKEN>
                    <FunctionName>
                        <QName>controller:gallery</QName>
                    </FunctionName>
                    <TOKEN>(</TOKEN>
                    <ParamList>
                        <Param>
                            <TOKEN>$</TOKEN>
                            <QName>
                                <FunctionName>
                                    <QName>request</QName>
                                </FunctionName>
                            </QName>
                            <TypeDeclaration>
                                <TOKEN>as</TOKEN>
                                <SequenceType>
                                    <ItemType>
                                        <AtomicType>
                                            <QName>
                                                <FunctionName>
                                                    <QName>map:map</QName>
                                                </FunctionName>
                                            </QName>
                                        </AtomicType>
                                    </ItemType>
                                </SequenceType>
                            </TypeDeclaration>
                        </Param>
                    </ParamList>
                    <TOKEN>)</TOKEN>
                    <EnclosedExpr>
                        <TOKEN>{</TOKEN>
                        <Expr>
                            <ExprSingle>
                                <OrExpr>
                                    <AndExpr>
                                        <ComparisonExpr>
                                            <RangeExpr>
                                                <AdditiveExpr>
                                                    <MultiplicativeExpr>
                                                        <UnionExpr>
                                                            <IntersectExceptExpr>
                                                                <InstanceofExpr>
                                                                    <TreatExpr>
                                                                        <CastableExpr>
                                                                            <CastExpr>
                                                                                <UnaryExpr>
                                                                                    <ValueExpr>
                                                                                        <PathExpr>
                                                                                          <RelativePathExpr>
                                                                                          <StepExpr>
                                                                                          <FilterExpr>
                                                                                          <PrimaryExpr>
                                                                                          <ParenthesizedExpr>

                                                                                          <TOKEN>(</TOKEN>
                                                                                          <Expr>
                                                                                          <ExprSingle>
                                                                                          <OrExpr>
                                                                                          <AndExpr>
                                                                                          <ComparisonExpr>
                                                                                          <RangeExpr>
                                                                                          <AdditiveExpr>
                                                                                          <MultiplicativeExpr>
                                                                                          <UnionExpr>
                                                                                          <IntersectExceptExpr>
                                                                                          <InstanceofExpr>
                                                                                          <TreatExpr>
                                                                                          <CastableExpr>
                                                                                          <CastExpr>
                                                                                          <UnaryExpr>
                                                                                          <ValueExpr>
                                                                                          <PathExpr>
                                                                                          <RelativePathExpr>
                                                                                          <StepExpr>
                                                                                          <FilterExpr>
                                                                                          <PrimaryExpr>
                                                                                          <FunctionCall>
                                                                                          <FunctionName>
                                                                                          <QName>response:set-controller</QName>
                                                                                          </FunctionName>
                                                                                          <TOKEN>(</TOKEN>
                                                                                          <ExprSingle>
                                                                                          <OrExpr>
                                                                                          <AndExpr>
                                                                                          <ComparisonExpr>
                                                                                          <RangeExpr>
                                                                                          <AdditiveExpr>
                                                                                          <MultiplicativeExpr>
                                                                                          <UnionExpr>
                                                                                          <IntersectExceptExpr>
                                                                                          <InstanceofExpr>
                                                                                          <TreatExpr>
                                                                                          <CastableExpr>
                                                                                          <CastExpr>
                                                                                          <UnaryExpr>
                                                                                          <ValueExpr>
                                                                                          <PathExpr>
                                                                                          <RelativePathExpr>
                                                                                          <StepExpr>
                                                                                          <FilterExpr>
                                                                                          <PrimaryExpr>
                                                                                          <Literal>
                                                                                          <StringLiteral>"default"</StringLiteral>
                                                                                          </Literal>
                                                                                          </PrimaryExpr>
                                                                                          <PredicateList/>
                                                                                          </FilterExpr>
                                                                                          </StepExpr>
                                                                                          </RelativePathExpr>
                                                                                          </PathExpr>
                                                                                          </ValueExpr>
                                                                                          </UnaryExpr>
                                                                                          </CastExpr>
                                                                                          </CastableExpr>
                                                                                          </TreatExpr>
                                                                                          </InstanceofExpr>
                                                                                          </IntersectExceptExpr>
                                                                                          </UnionExpr>
                                                                                          </MultiplicativeExpr>
                                                                                          </AdditiveExpr>
                                                                                          </RangeExpr>
                                                                                          </ComparisonExpr>
                                                                                          </AndExpr>
                                                                                          </OrExpr>
                                                                                          </ExprSingle>
                                                                                          <TOKEN>)</TOKEN>
                                                                                          </FunctionCall>
                                                                                          </PrimaryExpr>
                                                                                          <PredicateList/>
                                                                                          </FilterExpr>
                                                                                          </StepExpr>
                                                                                          </RelativePathExpr>
                                                                                          </PathExpr>
                                                                                          </ValueExpr>
                                                                                          </UnaryExpr>
                                                                                          </CastExpr>
                                                                                          </CastableExpr>
                                                                                          </TreatExpr>
                                                                                          </InstanceofExpr>
                                                                                          </IntersectExceptExpr>
                                                                                          </UnionExpr>
                                                                                          </MultiplicativeExpr>
                                                                                          </AdditiveExpr>
                                                                                          </RangeExpr>
                                                                                          </ComparisonExpr>
                                                                                          </AndExpr>
                                                                                          </OrExpr>
                                                                                          </ExprSingle>
                                                                                          <TOKEN>,</TOKEN>
                                                                                          <ExprSingle>
                                                                                          <OrExpr>
                                                                                          <AndExpr>
                                                                                          <ComparisonExpr>
                                                                                          <RangeExpr>
                                                                                          <AdditiveExpr>
                                                                                          <MultiplicativeExpr>
                                                                                          <UnionExpr>
                                                                                          <IntersectExceptExpr>
                                                                                          <InstanceofExpr>
                                                                                          <TreatExpr>
                                                                                          <CastableExpr>
                                                                                          <CastExpr>
                                                                                          <UnaryExpr>
                                                                                          <ValueExpr>
                                                                                          <PathExpr>
                                                                                          <RelativePathExpr>
                                                                                          <StepExpr>
                                                                                          <FilterExpr>
                                                                                          <PrimaryExpr>
                                                                                          <FunctionCall>
                                                                                          <FunctionName>
                                                                                          <QName>response:set-template</QName>
                                                                                          </FunctionName>
                                                                                          <TOKEN>(</TOKEN>
                                                                                          <ExprSingle>
                                                                                          <OrExpr>
                                                                                          <AndExpr>
                                                                                          <ComparisonExpr>
                                                                                          <RangeExpr>
                                                                                          <AdditiveExpr>
                                                                                          <MultiplicativeExpr>
                                                                                          <UnionExpr>
                                                                                          <IntersectExceptExpr>
                                                                                          <InstanceofExpr>
                                                                                          <TreatExpr>
                                                                                          <CastableExpr>
                                                                                          <CastExpr>
                                                                                          <UnaryExpr>
                                                                                          <ValueExpr>
                                                                                          <PathExpr>
                                                                                          <RelativePathExpr>
                                                                                          <StepExpr>
                                                                                          <FilterExpr>
                                                                                          <PrimaryExpr>
                                                                                          <Literal>
                                                                                          <StringLiteral>"main"</StringLiteral>
                                                                                          </Literal>
                                                                                          </PrimaryExpr>
                                                                                          <PredicateList/>
                                                                                          </FilterExpr>
                                                                                          </StepExpr>
                                                                                          </RelativePathExpr>
                                                                                          </PathExpr>
                                                                                          </ValueExpr>
                                                                                          </UnaryExpr>
                                                                                          </CastExpr>
                                                                                          </CastableExpr>
                                                                                          </TreatExpr>
                                                                                          </InstanceofExpr>
                                                                                          </IntersectExceptExpr>
                                                                                          </UnionExpr>
                                                                                          </MultiplicativeExpr>
                                                                                          </AdditiveExpr>
                                                                                          </RangeExpr>
                                                                                          </ComparisonExpr>
                                                                                          </AndExpr>
                                                                                          </OrExpr>
                                                                                          </ExprSingle>
                                                                                          <TOKEN>)</TOKEN>
                                                                                          </FunctionCall>
                                                                                          </PrimaryExpr>
                                                                                          <PredicateList/>
                                                                                          </FilterExpr>
                                                                                          </StepExpr>
                                                                                          </RelativePathExpr>
                                                                                          </PathExpr>
                                                                                          </ValueExpr>
                                                                                          </UnaryExpr>
                                                                                          </CastExpr>
                                                                                          </CastableExpr>
                                                                                          </TreatExpr>
                                                                                          </InstanceofExpr>
                                                                                          </IntersectExceptExpr>
                                                                                          </UnionExpr>
                                                                                          </MultiplicativeExpr>
                                                                                          </AdditiveExpr>
                                                                                          </RangeExpr>
                                                                                          </ComparisonExpr>
                                                                                          </AndExpr>
                                                                                          </OrExpr>
                                                                                          </ExprSingle>
                                                                                          <TOKEN>,</TOKEN>
                                                                                          <ExprSingle>
                                                                                          <OrExpr>
                                                                                          <AndExpr>
                                                                                          <ComparisonExpr>
                                                                                          <RangeExpr>
                                                                                          <AdditiveExpr>
                                                                                          <MultiplicativeExpr>
                                                                                          <UnionExpr>
                                                                                          <IntersectExceptExpr>
                                                                                          <InstanceofExpr>
                                                                                          <TreatExpr>
                                                                                          <CastableExpr>
                                                                                          <CastExpr>
                                                                                          <UnaryExpr>
                                                                                          <ValueExpr>
                                                                                          <PathExpr>
                                                                                          <RelativePathExpr>
                                                                                          <StepExpr>
                                                                                          <FilterExpr>
                                                                                          <PrimaryExpr>
                                                                                          <FunctionCall>
                                                                                          <FunctionName>
                                                                                          <QName>response:set-view</QName>
                                                                                          </FunctionName>
                                                                                          <TOKEN>(</TOKEN>
                                                                                          <ExprSingle>
                                                                                          <OrExpr>
                                                                                          <AndExpr>
                                                                                          <ComparisonExpr>
                                                                                          <RangeExpr>
                                                                                          <AdditiveExpr>
                                                                                          <MultiplicativeExpr>
                                                                                          <UnionExpr>
                                                                                          <IntersectExceptExpr>
                                                                                          <InstanceofExpr>
                                                                                          <TreatExpr>
                                                                                          <CastableExpr>
                                                                                          <CastExpr>
                                                                                          <UnaryExpr>
                                                                                          <ValueExpr>
                                                                                          <PathExpr>
                                                                                          <RelativePathExpr>
                                                                                          <StepExpr>
                                                                                          <FilterExpr>
                                                                                          <PrimaryExpr>
                                                                                          <Literal>
                                                                                          <StringLiteral>"gallery"</StringLiteral>
                                                                                          </Literal>
                                                                                          </PrimaryExpr>
                                                                                          <PredicateList/>
                                                                                          </FilterExpr>
                                                                                          </StepExpr>
                                                                                          </RelativePathExpr>
                                                                                          </PathExpr>
                                                                                          </ValueExpr>
                                                                                          </UnaryExpr>
                                                                                          </CastExpr>
                                                                                          </CastableExpr>
                                                                                          </TreatExpr>
                                                                                          </InstanceofExpr>
                                                                                          </IntersectExceptExpr>
                                                                                          </UnionExpr>
                                                                                          </MultiplicativeExpr>
                                                                                          </AdditiveExpr>
                                                                                          </RangeExpr>
                                                                                          </ComparisonExpr>
                                                                                          </AndExpr>
                                                                                          </OrExpr>
                                                                                          </ExprSingle>
                                                                                          <TOKEN>)</TOKEN>
                                                                                          </FunctionCall>
                                                                                          </PrimaryExpr>
                                                                                          <PredicateList/>
                                                                                          </FilterExpr>
                                                                                          </StepExpr>
                                                                                          </RelativePathExpr>
                                                                                          </PathExpr>
                                                                                          </ValueExpr>
                                                                                          </UnaryExpr>
                                                                                          </CastExpr>
                                                                                          </CastableExpr>
                                                                                          </TreatExpr>
                                                                                          </InstanceofExpr>
                                                                                          </IntersectExceptExpr>
                                                                                          </UnionExpr>
                                                                                          </MultiplicativeExpr>
                                                                                          </AdditiveExpr>
                                                                                          </RangeExpr>
                                                                                          </ComparisonExpr>
                                                                                          </AndExpr>
                                                                                          </OrExpr>
                                                                                          </ExprSingle>
                                                                                          <TOKEN>,</TOKEN>
                                                                                          <ExprSingle>
                                                                                          <OrExpr>
                                                                                          <AndExpr>
                                                                                          <ComparisonExpr>
                                                                                          <RangeExpr>
                                                                                          <AdditiveExpr>
                                                                                          <MultiplicativeExpr>
                                                                                          <UnionExpr>
                                                                                          <IntersectExceptExpr>
                                                                                          <InstanceofExpr>
                                                                                          <TreatExpr>
                                                                                          <CastableExpr>
                                                                                          <CastExpr>
                                                                                          <UnaryExpr>
                                                                                          <ValueExpr>
                                                                                          <PathExpr>
                                                                                          <RelativePathExpr>
                                                                                          <StepExpr>
                                                                                          <FilterExpr>
                                                                                          <PrimaryExpr>
                                                                                          <FunctionCall>
                                                                                          <FunctionName>
                                                                                          <QName>response:set-title</QName>
                                                                                          </FunctionName>
                                                                                          <TOKEN>(</TOKEN>
                                                                                          <ExprSingle>
                                                                                          <OrExpr>
                                                                                          <AndExpr>
                                                                                          <ComparisonExpr>
                                                                                          <RangeExpr>
                                                                                          <AdditiveExpr>
                                                                                          <MultiplicativeExpr>
                                                                                          <UnionExpr>
                                                                                          <IntersectExceptExpr>
                                                                                          <InstanceofExpr>
                                                                                          <TreatExpr>
                                                                                          <CastableExpr>
                                                                                          <CastExpr>
                                                                                          <UnaryExpr>
                                                                                          <ValueExpr>
                                                                                          <PathExpr>
                                                                                          <RelativePathExpr>
                                                                                          <StepExpr>
                                                                                          <FilterExpr>
                                                                                          <PrimaryExpr>
                                                                                          <Literal>
                                                                                          <StringLiteral>"Image Gallery"</StringLiteral>
                                                                                          </Literal>
                                                                                          </PrimaryExpr>
                                                                                          <PredicateList/>
                                                                                          </FilterExpr>
                                                                                          </StepExpr>
                                                                                          </RelativePathExpr>
                                                                                          </PathExpr>
                                                                                          </ValueExpr>
                                                                                          </UnaryExpr>
                                                                                          </CastExpr>
                                                                                          </CastableExpr>
                                                                                          </TreatExpr>
                                                                                          </InstanceofExpr>
                                                                                          </IntersectExceptExpr>
                                                                                          </UnionExpr>
                                                                                          </MultiplicativeExpr>
                                                                                          </AdditiveExpr>
                                                                                          </RangeExpr>
                                                                                          </ComparisonExpr>
                                                                                          </AndExpr>
                                                                                          </OrExpr>
                                                                                          </ExprSingle>
                                                                                          <TOKEN>)</TOKEN>
                                                                                          </FunctionCall>
                                                                                          </PrimaryExpr>
                                                                                          <PredicateList/>
                                                                                          </FilterExpr>
                                                                                          </StepExpr>
                                                                                          </RelativePathExpr>
                                                                                          </PathExpr>
                                                                                          </ValueExpr>
                                                                                          </UnaryExpr>
                                                                                          </CastExpr>
                                                                                          </CastableExpr>
                                                                                          </TreatExpr>
                                                                                          </InstanceofExpr>
                                                                                          </IntersectExceptExpr>
                                                                                          </UnionExpr>
                                                                                          </MultiplicativeExpr>
                                                                                          </AdditiveExpr>
                                                                                          </RangeExpr>
                                                                                          </ComparisonExpr>
                                                                                          </AndExpr>
                                                                                          </OrExpr>
                                                                                          </ExprSingle>
                                                                                          <TOKEN>,</TOKEN>
                                                                                          <ExprSingle>
                                                                                          <OrExpr>
                                                                                          <AndExpr>
                                                                                          <ComparisonExpr>
                                                                                          <RangeExpr>
                                                                                          <AdditiveExpr>
                                                                                          <MultiplicativeExpr>
                                                                                          <UnionExpr>
                                                                                          <IntersectExceptExpr>
                                                                                          <InstanceofExpr>
                                                                                          <TreatExpr>
                                                                                          <CastableExpr>
                                                                                          <CastExpr>
                                                                                          <UnaryExpr>
                                                                                          <ValueExpr>
                                                                                          <PathExpr>
                                                                                          <RelativePathExpr>
                                                                                          <StepExpr>
                                                                                          <FilterExpr>
                                                                                          <PrimaryExpr>
                                                                                          <FunctionCall>
                                                                                          <FunctionName>
                                                                                          <QName>response:add-httpmeta</QName>
                                                                                          </FunctionName>
                                                                                          <TOKEN>(</TOKEN>
                                                                                          <ExprSingle>
                                                                                          <OrExpr>
                                                                                          <AndExpr>
                                                                                          <ComparisonExpr>
                                                                                          <RangeExpr>
                                                                                          <AdditiveExpr>
                                                                                          <MultiplicativeExpr>
                                                                                          <UnionExpr>
                                                                                          <IntersectExceptExpr>
                                                                                          <InstanceofExpr>
                                                                                          <TreatExpr>
                                                                                          <CastableExpr>
                                                                                          <CastExpr>
                                                                                          <UnaryExpr>
                                                                                          <ValueExpr>
                                                                                          <PathExpr>
                                                                                          <RelativePathExpr>
                                                                                          <StepExpr>
                                                                                          <FilterExpr>
                                                                                          <PrimaryExpr>
                                                                                          <Literal>
                                                                                          <StringLiteral>"cache-control"</StringLiteral>
                                                                                          </Literal>
                                                                                          </PrimaryExpr>
                                                                                          <PredicateList/>
                                                                                          </FilterExpr>
                                                                                          </StepExpr>
                                                                                          </RelativePathExpr>
                                                                                          </PathExpr>
                                                                                          </ValueExpr>
                                                                                          </UnaryExpr>
                                                                                          </CastExpr>
                                                                                          </CastableExpr>
                                                                                          </TreatExpr>
                                                                                          </InstanceofExpr>
                                                                                          </IntersectExceptExpr>
                                                                                          </UnionExpr>
                                                                                          </MultiplicativeExpr>
                                                                                          </AdditiveExpr>
                                                                                          </RangeExpr>
                                                                                          </ComparisonExpr>
                                                                                          </AndExpr>
                                                                                          </OrExpr>
                                                                                          </ExprSingle>
                                                                                          <TOKEN>,</TOKEN>
                                                                                          <ExprSingle>
                                                                                          <OrExpr>
                                                                                          <AndExpr>
                                                                                          <ComparisonExpr>
                                                                                          <RangeExpr>
                                                                                          <AdditiveExpr>
                                                                                          <MultiplicativeExpr>
                                                                                          <UnionExpr>
                                                                                          <IntersectExceptExpr>
                                                                                          <InstanceofExpr>
                                                                                          <TreatExpr>
                                                                                          <CastableExpr>
                                                                                          <CastExpr>
                                                                                          <UnaryExpr>
                                                                                          <ValueExpr>
                                                                                          <PathExpr>
                                                                                          <RelativePathExpr>
                                                                                          <StepExpr>
                                                                                          <FilterExpr>
                                                                                          <PrimaryExpr>
                                                                                          <Literal>
                                                                                          <StringLiteral>"public"</StringLiteral>
                                                                                          </Literal>
                                                                                          </PrimaryExpr>
                                                                                          <PredicateList/>
                                                                                          </FilterExpr>
                                                                                          </StepExpr>
                                                                                          </RelativePathExpr>
                                                                                          </PathExpr>
                                                                                          </ValueExpr>
                                                                                          </UnaryExpr>
                                                                                          </CastExpr>
                                                                                          </CastableExpr>
                                                                                          </TreatExpr>
                                                                                          </InstanceofExpr>
                                                                                          </IntersectExceptExpr>
                                                                                          </UnionExpr>
                                                                                          </MultiplicativeExpr>
                                                                                          </AdditiveExpr>
                                                                                          </RangeExpr>
                                                                                          </ComparisonExpr>
                                                                                          </AndExpr>
                                                                                          </OrExpr>
                                                                                          </ExprSingle>
                                                                                          <TOKEN>)</TOKEN>
                                                                                          </FunctionCall>
                                                                                          </PrimaryExpr>
                                                                                          <PredicateList/>
                                                                                          </FilterExpr>
                                                                                          </StepExpr>
                                                                                          </RelativePathExpr>
                                                                                          </PathExpr>
                                                                                          </ValueExpr>
                                                                                          </UnaryExpr>
                                                                                          </CastExpr>
                                                                                          </CastableExpr>
                                                                                          </TreatExpr>
                                                                                          </InstanceofExpr>
                                                                                          </IntersectExceptExpr>
                                                                                          </UnionExpr>
                                                                                          </MultiplicativeExpr>
                                                                                          </AdditiveExpr>
                                                                                          </RangeExpr>
                                                                                          </ComparisonExpr>
                                                                                          </AndExpr>
                                                                                          </OrExpr>
                                                                                          </ExprSingle>
                                                                                          <TOKEN>,</TOKEN>
                                                                                          <ExprSingle>
                                                                                          <OrExpr>
                                                                                          <AndExpr>
                                                                                          <ComparisonExpr>
                                                                                          <RangeExpr>
                                                                                          <AdditiveExpr>
                                                                                          <MultiplicativeExpr>
                                                                                          <UnionExpr>
                                                                                          <IntersectExceptExpr>
                                                                                          <InstanceofExpr>
                                                                                          <TreatExpr>
                                                                                          <CastableExpr>
                                                                                          <CastExpr>
                                                                                          <UnaryExpr>
                                                                                          <ValueExpr>
                                                                                          <PathExpr>
                                                                                          <RelativePathExpr>
                                                                                          <StepExpr>
                                                                                          <FilterExpr>
                                                                                          <PrimaryExpr>
                                                                                          <FunctionCall>
                                                                                          <FunctionName>
                                                                                          <QName>response:response</QName>
                                                                                          </FunctionName>
                                                                                          <TOKEN>(</TOKEN>
                                                                                          <TOKEN>)</TOKEN>
                                                                                          </FunctionCall>
                                                                                          </PrimaryExpr>
                                                                                          <PredicateList/>
                                                                                          </FilterExpr>
                                                                                          </StepExpr>
                                                                                          </RelativePathExpr>
                                                                                          </PathExpr>
                                                                                          </ValueExpr>
                                                                                          </UnaryExpr>
                                                                                          </CastExpr>
                                                                                          </CastableExpr>
                                                                                          </TreatExpr>
                                                                                          </InstanceofExpr>
                                                                                          </IntersectExceptExpr>
                                                                                          </UnionExpr>
                                                                                          </MultiplicativeExpr>
                                                                                          </AdditiveExpr>
                                                                                          </RangeExpr>
                                                                                          </ComparisonExpr>
                                                                                          </AndExpr>
                                                                                          </OrExpr>
                                                                                          </ExprSingle>
                                                                                          </Expr>
                                                                                          <TOKEN>)</TOKEN>
                                                                                          </ParenthesizedExpr>
                                                                                          </PrimaryExpr>
                                                                                          <PredicateList/>
                                                                                          </FilterExpr>
                                                                                          </StepExpr>
                                                                                          </RelativePathExpr>
                                                                                        </PathExpr>
                                                                                    </ValueExpr>
                                                                                </UnaryExpr>
                                                                            </CastExpr>
                                                                        </CastableExpr>
                                                                    </TreatExpr>
                                                                </InstanceofExpr>
                                                            </IntersectExceptExpr>
                                                        </UnionExpr>
                                                    </MultiplicativeExpr>
                                                </AdditiveExpr>
                                            </RangeExpr>
                                        </ComparisonExpr>
                                    </AndExpr>
                                </OrExpr>
                            </ExprSingle>
                        </Expr>
                        <TOKEN>}</TOKEN>
                    </EnclosedExpr>
                </FunctionDecl>
                <Separator>
                    <TOKEN>;</TOKEN>
                </Separator>
                <FunctionDecl>
                    <TOKEN>declare</TOKEN>
                    <TOKEN>function</TOKEN>
                    <FunctionName>
                        <QName>controller:validate</QName>
                    </FunctionName>
                    <TOKEN>(</TOKEN>
                    <ParamList>
                        <Param>
                            <TOKEN>$</TOKEN>
                            <QName>
                                <FunctionName>
                                    <QName>request</QName>
                                </FunctionName>
                            </QName>
                            <TypeDeclaration>
                                <TOKEN>as</TOKEN>
                                <SequenceType>
                                    <ItemType>
                                        <AtomicType>
                                            <QName>
                                                <FunctionName>
                                                    <QName>map:map</QName>
                                                </FunctionName>
                                            </QName>
                                        </AtomicType>
                                    </ItemType>
                                </SequenceType>
                            </TypeDeclaration>
                        </Param>
                    </ParamList>
                    <TOKEN>)</TOKEN>
                    <EnclosedExpr>
                        <TOKEN>{</TOKEN>
                        <Expr>
                            <ExprSingle>
                                <OrExpr>
                                    <AndExpr>
                                        <ComparisonExpr>
                                            <RangeExpr>
                                                <AdditiveExpr>
                                                    <MultiplicativeExpr>
                                                        <UnionExpr>
                                                            <IntersectExceptExpr>
                                                                <InstanceofExpr>
                                                                    <TreatExpr>
                                                                        <CastableExpr>
                                                                            <CastExpr>
                                                                                <UnaryExpr>
                                                                                    <ValueExpr>
                                                                                        <PathExpr>
                                                                                          <RelativePathExpr>
                                                                                          <StepExpr>
                                                                                          <FilterExpr>
                                                                                          <PrimaryExpr>
                                                                                          <ParenthesizedExpr>

                                                                                          <TOKEN>(</TOKEN>
                                                                                          <Expr>
                                                                                          <ExprSingle>
                                                                                          <OrExpr>
                                                                                          <AndExpr>
                                                                                          <ComparisonExpr>
                                                                                          <RangeExpr>
                                                                                          <AdditiveExpr>
                                                                                          <MultiplicativeExpr>
                                                                                          <UnionExpr>
                                                                                          <IntersectExceptExpr>
                                                                                          <InstanceofExpr>
                                                                                          <TreatExpr>
                                                                                          <CastableExpr>
                                                                                          <CastExpr>
                                                                                          <UnaryExpr>
                                                                                          <ValueExpr>
                                                                                          <PathExpr>
                                                                                          <RelativePathExpr>
                                                                                          <StepExpr>
                                                                                          <FilterExpr>
                                                                                          <PrimaryExpr>
                                                                                          <FunctionCall>
                                                                                          <FunctionName>
                                                                                          <QName>response:set-controller</QName>
                                                                                          </FunctionName>
                                                                                          <TOKEN>(</TOKEN>
                                                                                          <ExprSingle>
                                                                                          <OrExpr>
                                                                                          <AndExpr>
                                                                                          <ComparisonExpr>
                                                                                          <RangeExpr>
                                                                                          <AdditiveExpr>
                                                                                          <MultiplicativeExpr>
                                                                                          <UnionExpr>
                                                                                          <IntersectExceptExpr>
                                                                                          <InstanceofExpr>
                                                                                          <TreatExpr>
                                                                                          <CastableExpr>
                                                                                          <CastExpr>
                                                                                          <UnaryExpr>
                                                                                          <ValueExpr>
                                                                                          <PathExpr>
                                                                                          <RelativePathExpr>
                                                                                          <StepExpr>
                                                                                          <FilterExpr>
                                                                                          <PrimaryExpr>
                                                                                          <Literal>
                                                                                          <StringLiteral>"default"</StringLiteral>
                                                                                          </Literal>
                                                                                          </PrimaryExpr>
                                                                                          <PredicateList/>
                                                                                          </FilterExpr>
                                                                                          </StepExpr>
                                                                                          </RelativePathExpr>
                                                                                          </PathExpr>
                                                                                          </ValueExpr>
                                                                                          </UnaryExpr>
                                                                                          </CastExpr>
                                                                                          </CastableExpr>
                                                                                          </TreatExpr>
                                                                                          </InstanceofExpr>
                                                                                          </IntersectExceptExpr>
                                                                                          </UnionExpr>
                                                                                          </MultiplicativeExpr>
                                                                                          </AdditiveExpr>
                                                                                          </RangeExpr>
                                                                                          </ComparisonExpr>
                                                                                          </AndExpr>
                                                                                          </OrExpr>
                                                                                          </ExprSingle>
                                                                                          <TOKEN>)</TOKEN>
                                                                                          </FunctionCall>
                                                                                          </PrimaryExpr>
                                                                                          <PredicateList/>
                                                                                          </FilterExpr>
                                                                                          </StepExpr>
                                                                                          </RelativePathExpr>
                                                                                          </PathExpr>
                                                                                          </ValueExpr>
                                                                                          </UnaryExpr>
                                                                                          </CastExpr>
                                                                                          </CastableExpr>
                                                                                          </TreatExpr>
                                                                                          </InstanceofExpr>
                                                                                          </IntersectExceptExpr>
                                                                                          </UnionExpr>
                                                                                          </MultiplicativeExpr>
                                                                                          </AdditiveExpr>
                                                                                          </RangeExpr>
                                                                                          </ComparisonExpr>
                                                                                          </AndExpr>
                                                                                          </OrExpr>
                                                                                          </ExprSingle>
                                                                                          <TOKEN>,</TOKEN>
                                                                                          <ExprSingle>
                                                                                          <OrExpr>
                                                                                          <AndExpr>
                                                                                          <ComparisonExpr>
                                                                                          <RangeExpr>
                                                                                          <AdditiveExpr>
                                                                                          <MultiplicativeExpr>
                                                                                          <UnionExpr>
                                                                                          <IntersectExceptExpr>
                                                                                          <InstanceofExpr>
                                                                                          <TreatExpr>
                                                                                          <CastableExpr>
                                                                                          <CastExpr>
                                                                                          <UnaryExpr>
                                                                                          <ValueExpr>
                                                                                          <PathExpr>
                                                                                          <RelativePathExpr>
                                                                                          <StepExpr>
                                                                                          <FilterExpr>
                                                                                          <PrimaryExpr>
                                                                                          <FunctionCall>
                                                                                          <FunctionName>
                                                                                          <QName>response:set-template</QName>
                                                                                          </FunctionName>
                                                                                          <TOKEN>(</TOKEN>
                                                                                          <ExprSingle>
                                                                                          <OrExpr>
                                                                                          <AndExpr>
                                                                                          <ComparisonExpr>
                                                                                          <RangeExpr>
                                                                                          <AdditiveExpr>
                                                                                          <MultiplicativeExpr>
                                                                                          <UnionExpr>
                                                                                          <IntersectExceptExpr>
                                                                                          <InstanceofExpr>
                                                                                          <TreatExpr>
                                                                                          <CastableExpr>
                                                                                          <CastExpr>
                                                                                          <UnaryExpr>
                                                                                          <ValueExpr>
                                                                                          <PathExpr>
                                                                                          <RelativePathExpr>
                                                                                          <StepExpr>
                                                                                          <FilterExpr>
                                                                                          <PrimaryExpr>
                                                                                          <Literal>
                                                                                          <StringLiteral>"main"</StringLiteral>
                                                                                          </Literal>
                                                                                          </PrimaryExpr>
                                                                                          <PredicateList/>
                                                                                          </FilterExpr>
                                                                                          </StepExpr>
                                                                                          </RelativePathExpr>
                                                                                          </PathExpr>
                                                                                          </ValueExpr>
                                                                                          </UnaryExpr>
                                                                                          </CastExpr>
                                                                                          </CastableExpr>
                                                                                          </TreatExpr>
                                                                                          </InstanceofExpr>
                                                                                          </IntersectExceptExpr>
                                                                                          </UnionExpr>
                                                                                          </MultiplicativeExpr>
                                                                                          </AdditiveExpr>
                                                                                          </RangeExpr>
                                                                                          </ComparisonExpr>
                                                                                          </AndExpr>
                                                                                          </OrExpr>
                                                                                          </ExprSingle>
                                                                                          <TOKEN>)</TOKEN>
                                                                                          </FunctionCall>
                                                                                          </PrimaryExpr>
                                                                                          <PredicateList/>
                                                                                          </FilterExpr>
                                                                                          </StepExpr>
                                                                                          </RelativePathExpr>
                                                                                          </PathExpr>
                                                                                          </ValueExpr>
                                                                                          </UnaryExpr>
                                                                                          </CastExpr>
                                                                                          </CastableExpr>
                                                                                          </TreatExpr>
                                                                                          </InstanceofExpr>
                                                                                          </IntersectExceptExpr>
                                                                                          </UnionExpr>
                                                                                          </MultiplicativeExpr>
                                                                                          </AdditiveExpr>
                                                                                          </RangeExpr>
                                                                                          </ComparisonExpr>
                                                                                          </AndExpr>
                                                                                          </OrExpr>
                                                                                          </ExprSingle>
                                                                                          <TOKEN>,</TOKEN>
                                                                                          <ExprSingle>
                                                                                          <OrExpr>
                                                                                          <AndExpr>
                                                                                          <ComparisonExpr>
                                                                                          <RangeExpr>
                                                                                          <AdditiveExpr>
                                                                                          <MultiplicativeExpr>
                                                                                          <UnionExpr>
                                                                                          <IntersectExceptExpr>
                                                                                          <InstanceofExpr>
                                                                                          <TreatExpr>
                                                                                          <CastableExpr>
                                                                                          <CastExpr>
                                                                                          <UnaryExpr>
                                                                                          <ValueExpr>
                                                                                          <PathExpr>
                                                                                          <RelativePathExpr>
                                                                                          <StepExpr>
                                                                                          <FilterExpr>
                                                                                          <PrimaryExpr>
                                                                                          <FunctionCall>
                                                                                          <FunctionName>
                                                                                          <QName>response:set-view</QName>
                                                                                          </FunctionName>
                                                                                          <TOKEN>(</TOKEN>
                                                                                          <ExprSingle>
                                                                                          <OrExpr>
                                                                                          <AndExpr>
                                                                                          <ComparisonExpr>
                                                                                          <RangeExpr>
                                                                                          <AdditiveExpr>
                                                                                          <MultiplicativeExpr>
                                                                                          <UnionExpr>
                                                                                          <IntersectExceptExpr>
                                                                                          <InstanceofExpr>
                                                                                          <TreatExpr>
                                                                                          <CastableExpr>
                                                                                          <CastExpr>
                                                                                          <UnaryExpr>
                                                                                          <ValueExpr>
                                                                                          <PathExpr>
                                                                                          <RelativePathExpr>
                                                                                          <StepExpr>
                                                                                          <FilterExpr>
                                                                                          <PrimaryExpr>
                                                                                          <Literal>
                                                                                          <StringLiteral>"validate"</StringLiteral>
                                                                                          </Literal>
                                                                                          </PrimaryExpr>
                                                                                          <PredicateList/>
                                                                                          </FilterExpr>
                                                                                          </StepExpr>
                                                                                          </RelativePathExpr>
                                                                                          </PathExpr>
                                                                                          </ValueExpr>
                                                                                          </UnaryExpr>
                                                                                          </CastExpr>
                                                                                          </CastableExpr>
                                                                                          </TreatExpr>
                                                                                          </InstanceofExpr>
                                                                                          </IntersectExceptExpr>
                                                                                          </UnionExpr>
                                                                                          </MultiplicativeExpr>
                                                                                          </AdditiveExpr>
                                                                                          </RangeExpr>
                                                                                          </ComparisonExpr>
                                                                                          </AndExpr>
                                                                                          </OrExpr>
                                                                                          </ExprSingle>
                                                                                          <TOKEN>)</TOKEN>
                                                                                          </FunctionCall>
                                                                                          </PrimaryExpr>
                                                                                          <PredicateList/>
                                                                                          </FilterExpr>
                                                                                          </StepExpr>
                                                                                          </RelativePathExpr>
                                                                                          </PathExpr>
                                                                                          </ValueExpr>
                                                                                          </UnaryExpr>
                                                                                          </CastExpr>
                                                                                          </CastableExpr>
                                                                                          </TreatExpr>
                                                                                          </InstanceofExpr>
                                                                                          </IntersectExceptExpr>
                                                                                          </UnionExpr>
                                                                                          </MultiplicativeExpr>
                                                                                          </AdditiveExpr>
                                                                                          </RangeExpr>
                                                                                          </ComparisonExpr>
                                                                                          </AndExpr>
                                                                                          </OrExpr>
                                                                                          </ExprSingle>
                                                                                          <TOKEN>,</TOKEN>
                                                                                          <ExprSingle>
                                                                                          <OrExpr>
                                                                                          <AndExpr>
                                                                                          <ComparisonExpr>
                                                                                          <RangeExpr>
                                                                                          <AdditiveExpr>
                                                                                          <MultiplicativeExpr>
                                                                                          <UnionExpr>
                                                                                          <IntersectExceptExpr>
                                                                                          <InstanceofExpr>
                                                                                          <TreatExpr>
                                                                                          <CastableExpr>
                                                                                          <CastExpr>
                                                                                          <UnaryExpr>
                                                                                          <ValueExpr>
                                                                                          <PathExpr>
                                                                                          <RelativePathExpr>
                                                                                          <StepExpr>
                                                                                          <FilterExpr>
                                                                                          <PrimaryExpr>
                                                                                          <FunctionCall>
                                                                                          <FunctionName>
                                                                                          <QName>response:set-title</QName>
                                                                                          </FunctionName>
                                                                                          <TOKEN>(</TOKEN>
                                                                                          <ExprSingle>
                                                                                          <OrExpr>
                                                                                          <AndExpr>
                                                                                          <ComparisonExpr>
                                                                                          <RangeExpr>
                                                                                          <AdditiveExpr>
                                                                                          <MultiplicativeExpr>
                                                                                          <UnionExpr>
                                                                                          <IntersectExceptExpr>
                                                                                          <InstanceofExpr>
                                                                                          <TreatExpr>
                                                                                          <CastableExpr>
                                                                                          <CastExpr>
                                                                                          <UnaryExpr>
                                                                                          <ValueExpr>
                                                                                          <PathExpr>
                                                                                          <RelativePathExpr>
                                                                                          <StepExpr>
                                                                                          <FilterExpr>
                                                                                          <PrimaryExpr>
                                                                                          <Literal>
                                                                                          <StringLiteral>"Forms Builder with Validation"</StringLiteral>
                                                                                          </Literal>
                                                                                          </PrimaryExpr>
                                                                                          <PredicateList/>
                                                                                          </FilterExpr>
                                                                                          </StepExpr>
                                                                                          </RelativePathExpr>
                                                                                          </PathExpr>
                                                                                          </ValueExpr>
                                                                                          </UnaryExpr>
                                                                                          </CastExpr>
                                                                                          </CastableExpr>
                                                                                          </TreatExpr>
                                                                                          </InstanceofExpr>
                                                                                          </IntersectExceptExpr>
                                                                                          </UnionExpr>
                                                                                          </MultiplicativeExpr>
                                                                                          </AdditiveExpr>
                                                                                          </RangeExpr>
                                                                                          </ComparisonExpr>
                                                                                          </AndExpr>
                                                                                          </OrExpr>
                                                                                          </ExprSingle>
                                                                                          <TOKEN>)</TOKEN>
                                                                                          </FunctionCall>
                                                                                          </PrimaryExpr>
                                                                                          <PredicateList/>
                                                                                          </FilterExpr>
                                                                                          </StepExpr>
                                                                                          </RelativePathExpr>
                                                                                          </PathExpr>
                                                                                          </ValueExpr>
                                                                                          </UnaryExpr>
                                                                                          </CastExpr>
                                                                                          </CastableExpr>
                                                                                          </TreatExpr>
                                                                                          </InstanceofExpr>
                                                                                          </IntersectExceptExpr>
                                                                                          </UnionExpr>
                                                                                          </MultiplicativeExpr>
                                                                                          </AdditiveExpr>
                                                                                          </RangeExpr>
                                                                                          </ComparisonExpr>
                                                                                          </AndExpr>
                                                                                          </OrExpr>
                                                                                          </ExprSingle>
                                                                                          <TOKEN>,</TOKEN>
                                                                                          <ExprSingle>
                                                                                          <OrExpr>
                                                                                          <AndExpr>
                                                                                          <ComparisonExpr>
                                                                                          <RangeExpr>
                                                                                          <AdditiveExpr>
                                                                                          <MultiplicativeExpr>
                                                                                          <UnionExpr>
                                                                                          <IntersectExceptExpr>
                                                                                          <InstanceofExpr>
                                                                                          <TreatExpr>
                                                                                          <CastableExpr>
                                                                                          <CastExpr>
                                                                                          <UnaryExpr>
                                                                                          <ValueExpr>
                                                                                          <PathExpr>
                                                                                          <RelativePathExpr>
                                                                                          <StepExpr>
                                                                                          <FilterExpr>
                                                                                          <PrimaryExpr>
                                                                                          <FunctionCall>
                                                                                          <FunctionName>
                                                                                          <QName>response:add-httpmeta</QName>
                                                                                          </FunctionName>
                                                                                          <TOKEN>(</TOKEN>
                                                                                          <ExprSingle>
                                                                                          <OrExpr>
                                                                                          <AndExpr>
                                                                                          <ComparisonExpr>
                                                                                          <RangeExpr>
                                                                                          <AdditiveExpr>
                                                                                          <MultiplicativeExpr>
                                                                                          <UnionExpr>
                                                                                          <IntersectExceptExpr>
                                                                                          <InstanceofExpr>
                                                                                          <TreatExpr>
                                                                                          <CastableExpr>
                                                                                          <CastExpr>
                                                                                          <UnaryExpr>
                                                                                          <ValueExpr>
                                                                                          <PathExpr>
                                                                                          <RelativePathExpr>
                                                                                          <StepExpr>
                                                                                          <FilterExpr>
                                                                                          <PrimaryExpr>
                                                                                          <Literal>
                                                                                          <StringLiteral>"cache-control"</StringLiteral>
                                                                                          </Literal>
                                                                                          </PrimaryExpr>
                                                                                          <PredicateList/>
                                                                                          </FilterExpr>
                                                                                          </StepExpr>
                                                                                          </RelativePathExpr>
                                                                                          </PathExpr>
                                                                                          </ValueExpr>
                                                                                          </UnaryExpr>
                                                                                          </CastExpr>
                                                                                          </CastableExpr>
                                                                                          </TreatExpr>
                                                                                          </InstanceofExpr>
                                                                                          </IntersectExceptExpr>
                                                                                          </UnionExpr>
                                                                                          </MultiplicativeExpr>
                                                                                          </AdditiveExpr>
                                                                                          </RangeExpr>
                                                                                          </ComparisonExpr>
                                                                                          </AndExpr>
                                                                                          </OrExpr>
                                                                                          </ExprSingle>
                                                                                          <TOKEN>,</TOKEN>
                                                                                          <ExprSingle>
                                                                                          <OrExpr>
                                                                                          <AndExpr>
                                                                                          <ComparisonExpr>
                                                                                          <RangeExpr>
                                                                                          <AdditiveExpr>
                                                                                          <MultiplicativeExpr>
                                                                                          <UnionExpr>
                                                                                          <IntersectExceptExpr>
                                                                                          <InstanceofExpr>
                                                                                          <TreatExpr>
                                                                                          <CastableExpr>
                                                                                          <CastExpr>
                                                                                          <UnaryExpr>
                                                                                          <ValueExpr>
                                                                                          <PathExpr>
                                                                                          <RelativePathExpr>
                                                                                          <StepExpr>
                                                                                          <FilterExpr>
                                                                                          <PrimaryExpr>
                                                                                          <Literal>
                                                                                          <StringLiteral>"public"</StringLiteral>
                                                                                          </Literal>
                                                                                          </PrimaryExpr>
                                                                                          <PredicateList/>
                                                                                          </FilterExpr>
                                                                                          </StepExpr>
                                                                                          </RelativePathExpr>
                                                                                          </PathExpr>
                                                                                          </ValueExpr>
                                                                                          </UnaryExpr>
                                                                                          </CastExpr>
                                                                                          </CastableExpr>
                                                                                          </TreatExpr>
                                                                                          </InstanceofExpr>
                                                                                          </IntersectExceptExpr>
                                                                                          </UnionExpr>
                                                                                          </MultiplicativeExpr>
                                                                                          </AdditiveExpr>
                                                                                          </RangeExpr>
                                                                                          </ComparisonExpr>
                                                                                          </AndExpr>
                                                                                          </OrExpr>
                                                                                          </ExprSingle>
                                                                                          <TOKEN>)</TOKEN>
                                                                                          </FunctionCall>
                                                                                          </PrimaryExpr>
                                                                                          <PredicateList/>
                                                                                          </FilterExpr>
                                                                                          </StepExpr>
                                                                                          </RelativePathExpr>
                                                                                          </PathExpr>
                                                                                          </ValueExpr>
                                                                                          </UnaryExpr>
                                                                                          </CastExpr>
                                                                                          </CastableExpr>
                                                                                          </TreatExpr>
                                                                                          </InstanceofExpr>
                                                                                          </IntersectExceptExpr>
                                                                                          </UnionExpr>
                                                                                          </MultiplicativeExpr>
                                                                                          </AdditiveExpr>
                                                                                          </RangeExpr>
                                                                                          </ComparisonExpr>
                                                                                          </AndExpr>
                                                                                          </OrExpr>
                                                                                          </ExprSingle>
                                                                                          <TOKEN>,</TOKEN>
                                                                                          <ExprSingle>
                                                                                          <OrExpr>
                                                                                          <AndExpr>
                                                                                          <ComparisonExpr>
                                                                                          <RangeExpr>
                                                                                          <AdditiveExpr>
                                                                                          <MultiplicativeExpr>
                                                                                          <UnionExpr>
                                                                                          <IntersectExceptExpr>
                                                                                          <InstanceofExpr>
                                                                                          <TreatExpr>
                                                                                          <CastableExpr>
                                                                                          <CastExpr>
                                                                                          <UnaryExpr>
                                                                                          <ValueExpr>
                                                                                          <PathExpr>
                                                                                          <RelativePathExpr>
                                                                                          <StepExpr>
                                                                                          <FilterExpr>
                                                                                          <PrimaryExpr>
                                                                                          <FunctionCall>
                                                                                          <FunctionName>
                                                                                          <QName>response:response</QName>
                                                                                          </FunctionName>
                                                                                          <TOKEN>(</TOKEN>
                                                                                          <TOKEN>)</TOKEN>
                                                                                          </FunctionCall>
                                                                                          </PrimaryExpr>
                                                                                          <PredicateList/>
                                                                                          </FilterExpr>
                                                                                          </StepExpr>
                                                                                          </RelativePathExpr>
                                                                                          </PathExpr>
                                                                                          </ValueExpr>
                                                                                          </UnaryExpr>
                                                                                          </CastExpr>
                                                                                          </CastableExpr>
                                                                                          </TreatExpr>
                                                                                          </InstanceofExpr>
                                                                                          </IntersectExceptExpr>
                                                                                          </UnionExpr>
                                                                                          </MultiplicativeExpr>
                                                                                          </AdditiveExpr>
                                                                                          </RangeExpr>
                                                                                          </ComparisonExpr>
                                                                                          </AndExpr>
                                                                                          </OrExpr>
                                                                                          </ExprSingle>
                                                                                          </Expr>
                                                                                          <TOKEN>)</TOKEN>
                                                                                          </ParenthesizedExpr>
                                                                                          </PrimaryExpr>
                                                                                          <PredicateList/>
                                                                                          </FilterExpr>
                                                                                          </StepExpr>
                                                                                          </RelativePathExpr>
                                                                                        </PathExpr>
                                                                                    </ValueExpr>
                                                                                </UnaryExpr>
                                                                            </CastExpr>
                                                                        </CastableExpr>
                                                                    </TreatExpr>
                                                                </InstanceofExpr>
                                                            </IntersectExceptExpr>
                                                        </UnionExpr>
                                                    </MultiplicativeExpr>
                                                </AdditiveExpr>
                                            </RangeExpr>
                                        </ComparisonExpr>
                                    </AndExpr>
                                </OrExpr>
                            </ExprSingle>
                        </Expr>
                        <TOKEN>}</TOKEN>
                    </EnclosedExpr>
                </FunctionDecl>
                <Separator>
                    <TOKEN>;</TOKEN>
                </Separator>
                <FunctionDecl>
                    <TOKEN>declare</TOKEN>
                    <TOKEN>function</TOKEN>
                    <FunctionName>
                        <QName>controller:forms</QName>
                    </FunctionName>
                    <TOKEN>(</TOKEN>
                    <ParamList>
                        <Param>
                            <TOKEN>$</TOKEN>
                            <QName>
                                <FunctionName>
                                    <QName>request</QName>
                                </FunctionName>
                            </QName>
                            <TypeDeclaration>
                                <TOKEN>as</TOKEN>
                                <SequenceType>
                                    <ItemType>
                                        <AtomicType>
                                            <QName>
                                                <FunctionName>
                                                    <QName>map:map</QName>
                                                </FunctionName>
                                            </QName>
                                        </AtomicType>
                                    </ItemType>
                                </SequenceType>
                            </TypeDeclaration>
                        </Param>
                    </ParamList>
                    <TOKEN>)</TOKEN>
                    <EnclosedExpr>
                        <TOKEN>{</TOKEN>
                        <Expr>
                            <ExprSingle>
                                <OrExpr>
                                    <AndExpr>
                                        <ComparisonExpr>
                                            <RangeExpr>
                                                <AdditiveExpr>
                                                    <MultiplicativeExpr>
                                                        <UnionExpr>
                                                            <IntersectExceptExpr>
                                                                <InstanceofExpr>
                                                                    <TreatExpr>
                                                                        <CastableExpr>
                                                                            <CastExpr>
                                                                                <UnaryExpr>
                                                                                    <ValueExpr>
                                                                                        <PathExpr>
                                                                                          <RelativePathExpr>
                                                                                          <StepExpr>
                                                                                          <FilterExpr>
                                                                                          <PrimaryExpr>
                                                                                          <ParenthesizedExpr>
                                                                                          <TOKEN>(</TOKEN>
                                                                                          <Expr>
                                                                                          <ExprSingle>
                                                                                          <OrExpr>
                                                                                          <AndExpr>
                                                                                          <ComparisonExpr>
                                                                                          <RangeExpr>
                                                                                          <AdditiveExpr>
                                                                                          <MultiplicativeExpr>
                                                                                          <UnionExpr>
                                                                                          <IntersectExceptExpr>
                                                                                          <InstanceofExpr>
                                                                                          <TreatExpr>
                                                                                          <CastableExpr>
                                                                                          <CastExpr>
                                                                                          <UnaryExpr>
                                                                                          <ValueExpr>
                                                                                          <PathExpr>
                                                                                          <RelativePathExpr>
                                                                                          <StepExpr>
                                                                                          <FilterExpr>
                                                                                          <PrimaryExpr>
                                                                                          <FunctionCall>
                                                                                          <FunctionName>
                                                                                          <QName>response:set-controller</QName>
                                                                                          </FunctionName>
                                                                                          <TOKEN>(</TOKEN>
                                                                                          <ExprSingle>
                                                                                          <OrExpr>
                                                                                          <AndExpr>
                                                                                          <ComparisonExpr>
                                                                                          <RangeExpr>
                                                                                          <AdditiveExpr>
                                                                                          <MultiplicativeExpr>
                                                                                          <UnionExpr>
                                                                                          <IntersectExceptExpr>
                                                                                          <InstanceofExpr>
                                                                                          <TreatExpr>
                                                                                          <CastableExpr>
                                                                                          <CastExpr>
                                                                                          <UnaryExpr>
                                                                                          <ValueExpr>
                                                                                          <PathExpr>
                                                                                          <RelativePathExpr>
                                                                                          <StepExpr>
                                                                                          <FilterExpr>
                                                                                          <PrimaryExpr>
                                                                                          <Literal>
                                                                                          <StringLiteral>"default"</StringLiteral>
                                                                                          </Literal>
                                                                                          </PrimaryExpr>
                                                                                          <PredicateList/>
                                                                                          </FilterExpr>
                                                                                          </StepExpr>
                                                                                          </RelativePathExpr>
                                                                                          </PathExpr>
                                                                                          </ValueExpr>
                                                                                          </UnaryExpr>
                                                                                          </CastExpr>
                                                                                          </CastableExpr>
                                                                                          </TreatExpr>
                                                                                          </InstanceofExpr>
                                                                                          </IntersectExceptExpr>
                                                                                          </UnionExpr>
                                                                                          </MultiplicativeExpr>
                                                                                          </AdditiveExpr>
                                                                                          </RangeExpr>
                                                                                          </ComparisonExpr>
                                                                                          </AndExpr>
                                                                                          </OrExpr>
                                                                                          </ExprSingle>
                                                                                          <TOKEN>)</TOKEN>
                                                                                          </FunctionCall>
                                                                                          </PrimaryExpr>
                                                                                          <PredicateList/>
                                                                                          </FilterExpr>
                                                                                          </StepExpr>
                                                                                          </RelativePathExpr>
                                                                                          </PathExpr>
                                                                                          </ValueExpr>
                                                                                          </UnaryExpr>
                                                                                          </CastExpr>
                                                                                          </CastableExpr>
                                                                                          </TreatExpr>
                                                                                          </InstanceofExpr>
                                                                                          </IntersectExceptExpr>
                                                                                          </UnionExpr>
                                                                                          </MultiplicativeExpr>
                                                                                          </AdditiveExpr>
                                                                                          </RangeExpr>
                                                                                          </ComparisonExpr>
                                                                                          </AndExpr>
                                                                                          </OrExpr>
                                                                                          </ExprSingle>
                                                                                          <TOKEN>,</TOKEN>
                                                                                          <ExprSingle>
                                                                                          <OrExpr>
                                                                                          <AndExpr>
                                                                                          <ComparisonExpr>
                                                                                          <RangeExpr>
                                                                                          <AdditiveExpr>
                                                                                          <MultiplicativeExpr>
                                                                                          <UnionExpr>
                                                                                          <IntersectExceptExpr>
                                                                                          <InstanceofExpr>
                                                                                          <TreatExpr>
                                                                                          <CastableExpr>
                                                                                          <CastExpr>
                                                                                          <UnaryExpr>
                                                                                          <ValueExpr>
                                                                                          <PathExpr>
                                                                                          <RelativePathExpr>
                                                                                          <StepExpr>
                                                                                          <FilterExpr>
                                                                                          <PrimaryExpr>
                                                                                          <FunctionCall>
                                                                                          <FunctionName>
                                                                                          <QName>response:set-template</QName>
                                                                                          </FunctionName>
                                                                                          <TOKEN>(</TOKEN>
                                                                                          <ExprSingle>
                                                                                          <OrExpr>
                                                                                          <AndExpr>
                                                                                          <ComparisonExpr>
                                                                                          <RangeExpr>
                                                                                          <AdditiveExpr>
                                                                                          <MultiplicativeExpr>
                                                                                          <UnionExpr>
                                                                                          <IntersectExceptExpr>
                                                                                          <InstanceofExpr>
                                                                                          <TreatExpr>
                                                                                          <CastableExpr>
                                                                                          <CastExpr>
                                                                                          <UnaryExpr>
                                                                                          <ValueExpr>
                                                                                          <PathExpr>
                                                                                          <RelativePathExpr>
                                                                                          <StepExpr>
                                                                                          <FilterExpr>
                                                                                          <PrimaryExpr>
                                                                                          <Literal>
                                                                                          <StringLiteral>"main"</StringLiteral>
                                                                                          </Literal>
                                                                                          </PrimaryExpr>
                                                                                          <PredicateList/>
                                                                                          </FilterExpr>
                                                                                          </StepExpr>
                                                                                          </RelativePathExpr>
                                                                                          </PathExpr>
                                                                                          </ValueExpr>
                                                                                          </UnaryExpr>
                                                                                          </CastExpr>
                                                                                          </CastableExpr>
                                                                                          </TreatExpr>
                                                                                          </InstanceofExpr>
                                                                                          </IntersectExceptExpr>
                                                                                          </UnionExpr>
                                                                                          </MultiplicativeExpr>
                                                                                          </AdditiveExpr>
                                                                                          </RangeExpr>
                                                                                          </ComparisonExpr>
                                                                                          </AndExpr>
                                                                                          </OrExpr>
                                                                                          </ExprSingle>
                                                                                          <TOKEN>)</TOKEN>
                                                                                          </FunctionCall>
                                                                                          </PrimaryExpr>
                                                                                          <PredicateList/>
                                                                                          </FilterExpr>
                                                                                          </StepExpr>
                                                                                          </RelativePathExpr>
                                                                                          </PathExpr>
                                                                                          </ValueExpr>
                                                                                          </UnaryExpr>
                                                                                          </CastExpr>
                                                                                          </CastableExpr>
                                                                                          </TreatExpr>
                                                                                          </InstanceofExpr>
                                                                                          </IntersectExceptExpr>
                                                                                          </UnionExpr>
                                                                                          </MultiplicativeExpr>
                                                                                          </AdditiveExpr>
                                                                                          </RangeExpr>
                                                                                          </ComparisonExpr>
                                                                                          </AndExpr>
                                                                                          </OrExpr>
                                                                                          </ExprSingle>
                                                                                          <TOKEN>,</TOKEN>
                                                                                          <ExprSingle>
                                                                                          <OrExpr>
                                                                                          <AndExpr>
                                                                                          <ComparisonExpr>
                                                                                          <RangeExpr>
                                                                                          <AdditiveExpr>
                                                                                          <MultiplicativeExpr>
                                                                                          <UnionExpr>
                                                                                          <IntersectExceptExpr>
                                                                                          <InstanceofExpr>
                                                                                          <TreatExpr>
                                                                                          <CastableExpr>
                                                                                          <CastExpr>
                                                                                          <UnaryExpr>
                                                                                          <ValueExpr>
                                                                                          <PathExpr>
                                                                                          <RelativePathExpr>
                                                                                          <StepExpr>
                                                                                          <FilterExpr>
                                                                                          <PrimaryExpr>
                                                                                          <FunctionCall>
                                                                                          <FunctionName>
                                                                                          <QName>response:set-view</QName>
                                                                                          </FunctionName>
                                                                                          <TOKEN>(</TOKEN>
                                                                                          <ExprSingle>
                                                                                          <OrExpr>
                                                                                          <AndExpr>
                                                                                          <ComparisonExpr>
                                                                                          <RangeExpr>
                                                                                          <AdditiveExpr>
                                                                                          <MultiplicativeExpr>
                                                                                          <UnionExpr>
                                                                                          <IntersectExceptExpr>
                                                                                          <InstanceofExpr>
                                                                                          <TreatExpr>
                                                                                          <CastableExpr>
                                                                                          <CastExpr>
                                                                                          <UnaryExpr>
                                                                                          <ValueExpr>
                                                                                          <PathExpr>
                                                                                          <RelativePathExpr>
                                                                                          <StepExpr>
                                                                                          <FilterExpr>
                                                                                          <PrimaryExpr>
                                                                                          <Literal>
                                                                                          <StringLiteral>"forms"</StringLiteral>
                                                                                          </Literal>
                                                                                          </PrimaryExpr>
                                                                                          <PredicateList/>
                                                                                          </FilterExpr>
                                                                                          </StepExpr>
                                                                                          </RelativePathExpr>
                                                                                          </PathExpr>
                                                                                          </ValueExpr>
                                                                                          </UnaryExpr>
                                                                                          </CastExpr>
                                                                                          </CastableExpr>
                                                                                          </TreatExpr>
                                                                                          </InstanceofExpr>
                                                                                          </IntersectExceptExpr>
                                                                                          </UnionExpr>
                                                                                          </MultiplicativeExpr>
                                                                                          </AdditiveExpr>
                                                                                          </RangeExpr>
                                                                                          </ComparisonExpr>
                                                                                          </AndExpr>
                                                                                          </OrExpr>
                                                                                          </ExprSingle>
                                                                                          <TOKEN>)</TOKEN>
                                                                                          </FunctionCall>
                                                                                          </PrimaryExpr>
                                                                                          <PredicateList/>
                                                                                          </FilterExpr>
                                                                                          </StepExpr>
                                                                                          </RelativePathExpr>
                                                                                          </PathExpr>
                                                                                          </ValueExpr>
                                                                                          </UnaryExpr>
                                                                                          </CastExpr>
                                                                                          </CastableExpr>
                                                                                          </TreatExpr>
                                                                                          </InstanceofExpr>
                                                                                          </IntersectExceptExpr>
                                                                                          </UnionExpr>
                                                                                          </MultiplicativeExpr>
                                                                                          </AdditiveExpr>
                                                                                          </RangeExpr>
                                                                                          </ComparisonExpr>
                                                                                          </AndExpr>
                                                                                          </OrExpr>
                                                                                          </ExprSingle>
                                                                                          <TOKEN>,</TOKEN>
                                                                                          <ExprSingle>
                                                                                          <OrExpr>
                                                                                          <AndExpr>
                                                                                          <ComparisonExpr>
                                                                                          <RangeExpr>
                                                                                          <AdditiveExpr>
                                                                                          <MultiplicativeExpr>
                                                                                          <UnionExpr>
                                                                                          <IntersectExceptExpr>
                                                                                          <InstanceofExpr>
                                                                                          <TreatExpr>
                                                                                          <CastableExpr>
                                                                                          <CastExpr>
                                                                                          <UnaryExpr>
                                                                                          <ValueExpr>
                                                                                          <PathExpr>
                                                                                          <RelativePathExpr>
                                                                                          <StepExpr>
                                                                                          <FilterExpr>
                                                                                          <PrimaryExpr>
                                                                                          <FunctionCall>
                                                                                          <FunctionName>
                                                                                          <QName>response:set-title</QName>
                                                                                          </FunctionName>
                                                                                          <TOKEN>(</TOKEN>
                                                                                          <ExprSingle>
                                                                                          <OrExpr>
                                                                                          <AndExpr>
                                                                                          <ComparisonExpr>
                                                                                          <RangeExpr>
                                                                                          <AdditiveExpr>
                                                                                          <MultiplicativeExpr>
                                                                                          <UnionExpr>
                                                                                          <IntersectExceptExpr>
                                                                                          <InstanceofExpr>
                                                                                          <TreatExpr>
                                                                                          <CastableExpr>
                                                                                          <CastExpr>
                                                                                          <UnaryExpr>
                                                                                          <ValueExpr>
                                                                                          <PathExpr>
                                                                                          <RelativePathExpr>
                                                                                          <StepExpr>
                                                                                          <FilterExpr>
                                                                                          <PrimaryExpr>
                                                                                          <Literal>
                                                                                          <StringLiteral>"Forms Fields"</StringLiteral>
                                                                                          </Literal>
                                                                                          </PrimaryExpr>
                                                                                          <PredicateList/>
                                                                                          </FilterExpr>
                                                                                          </StepExpr>
                                                                                          </RelativePathExpr>
                                                                                          </PathExpr>
                                                                                          </ValueExpr>
                                                                                          </UnaryExpr>
                                                                                          </CastExpr>
                                                                                          </CastableExpr>
                                                                                          </TreatExpr>
                                                                                          </InstanceofExpr>
                                                                                          </IntersectExceptExpr>
                                                                                          </UnionExpr>
                                                                                          </MultiplicativeExpr>
                                                                                          </AdditiveExpr>
                                                                                          </RangeExpr>
                                                                                          </ComparisonExpr>
                                                                                          </AndExpr>
                                                                                          </OrExpr>
                                                                                          </ExprSingle>
                                                                                          <TOKEN>)</TOKEN>
                                                                                          </FunctionCall>
                                                                                          </PrimaryExpr>
                                                                                          <PredicateList/>
                                                                                          </FilterExpr>
                                                                                          </StepExpr>
                                                                                          </RelativePathExpr>
                                                                                          </PathExpr>
                                                                                          </ValueExpr>
                                                                                          </UnaryExpr>
                                                                                          </CastExpr>
                                                                                          </CastableExpr>
                                                                                          </TreatExpr>
                                                                                          </InstanceofExpr>
                                                                                          </IntersectExceptExpr>
                                                                                          </UnionExpr>
                                                                                          </MultiplicativeExpr>
                                                                                          </AdditiveExpr>
                                                                                          </RangeExpr>
                                                                                          </ComparisonExpr>
                                                                                          </AndExpr>
                                                                                          </OrExpr>
                                                                                          </ExprSingle>
                                                                                          <TOKEN>,</TOKEN>
                                                                                          <ExprSingle>
                                                                                          <OrExpr>
                                                                                          <AndExpr>
                                                                                          <ComparisonExpr>
                                                                                          <RangeExpr>
                                                                                          <AdditiveExpr>
                                                                                          <MultiplicativeExpr>
                                                                                          <UnionExpr>
                                                                                          <IntersectExceptExpr>
                                                                                          <InstanceofExpr>
                                                                                          <TreatExpr>
                                                                                          <CastableExpr>
                                                                                          <CastExpr>
                                                                                          <UnaryExpr>
                                                                                          <ValueExpr>
                                                                                          <PathExpr>
                                                                                          <RelativePathExpr>
                                                                                          <StepExpr>
                                                                                          <FilterExpr>
                                                                                          <PrimaryExpr>
                                                                                          <FunctionCall>
                                                                                          <FunctionName>
                                                                                          <QName>response:add-httpmeta</QName>
                                                                                          </FunctionName>
                                                                                          <TOKEN>(</TOKEN>
                                                                                          <ExprSingle>
                                                                                          <OrExpr>
                                                                                          <AndExpr>
                                                                                          <ComparisonExpr>
                                                                                          <RangeExpr>
                                                                                          <AdditiveExpr>
                                                                                          <MultiplicativeExpr>
                                                                                          <UnionExpr>
                                                                                          <IntersectExceptExpr>
                                                                                          <InstanceofExpr>
                                                                                          <TreatExpr>
                                                                                          <CastableExpr>
                                                                                          <CastExpr>
                                                                                          <UnaryExpr>
                                                                                          <ValueExpr>
                                                                                          <PathExpr>
                                                                                          <RelativePathExpr>
                                                                                          <StepExpr>
                                                                                          <FilterExpr>
                                                                                          <PrimaryExpr>
                                                                                          <Literal>
                                                                                          <StringLiteral>"cache-control"</StringLiteral>
                                                                                          </Literal>
                                                                                          </PrimaryExpr>
                                                                                          <PredicateList/>
                                                                                          </FilterExpr>
                                                                                          </StepExpr>
                                                                                          </RelativePathExpr>
                                                                                          </PathExpr>
                                                                                          </ValueExpr>
                                                                                          </UnaryExpr>
                                                                                          </CastExpr>
                                                                                          </CastableExpr>
                                                                                          </TreatExpr>
                                                                                          </InstanceofExpr>
                                                                                          </IntersectExceptExpr>
                                                                                          </UnionExpr>
                                                                                          </MultiplicativeExpr>
                                                                                          </AdditiveExpr>
                                                                                          </RangeExpr>
                                                                                          </ComparisonExpr>
                                                                                          </AndExpr>
                                                                                          </OrExpr>
                                                                                          </ExprSingle>
                                                                                          <TOKEN>,</TOKEN>
                                                                                          <ExprSingle>
                                                                                          <OrExpr>
                                                                                          <AndExpr>
                                                                                          <ComparisonExpr>
                                                                                          <RangeExpr>
                                                                                          <AdditiveExpr>
                                                                                          <MultiplicativeExpr>
                                                                                          <UnionExpr>
                                                                                          <IntersectExceptExpr>
                                                                                          <InstanceofExpr>
                                                                                          <TreatExpr>
                                                                                          <CastableExpr>
                                                                                          <CastExpr>
                                                                                          <UnaryExpr>
                                                                                          <ValueExpr>
                                                                                          <PathExpr>
                                                                                          <RelativePathExpr>
                                                                                          <StepExpr>
                                                                                          <FilterExpr>
                                                                                          <PrimaryExpr>
                                                                                          <Literal>
                                                                                          <StringLiteral>"public"</StringLiteral>
                                                                                          </Literal>
                                                                                          </PrimaryExpr>
                                                                                          <PredicateList/>
                                                                                          </FilterExpr>
                                                                                          </StepExpr>
                                                                                          </RelativePathExpr>
                                                                                          </PathExpr>
                                                                                          </ValueExpr>
                                                                                          </UnaryExpr>
                                                                                          </CastExpr>
                                                                                          </CastableExpr>
                                                                                          </TreatExpr>
                                                                                          </InstanceofExpr>
                                                                                          </IntersectExceptExpr>
                                                                                          </UnionExpr>
                                                                                          </MultiplicativeExpr>
                                                                                          </AdditiveExpr>
                                                                                          </RangeExpr>
                                                                                          </ComparisonExpr>
                                                                                          </AndExpr>
                                                                                          </OrExpr>
                                                                                          </ExprSingle>
                                                                                          <TOKEN>)</TOKEN>
                                                                                          </FunctionCall>
                                                                                          </PrimaryExpr>
                                                                                          <PredicateList/>
                                                                                          </FilterExpr>
                                                                                          </StepExpr>
                                                                                          </RelativePathExpr>
                                                                                          </PathExpr>
                                                                                          </ValueExpr>
                                                                                          </UnaryExpr>
                                                                                          </CastExpr>
                                                                                          </CastableExpr>
                                                                                          </TreatExpr>
                                                                                          </InstanceofExpr>
                                                                                          </IntersectExceptExpr>
                                                                                          </UnionExpr>
                                                                                          </MultiplicativeExpr>
                                                                                          </AdditiveExpr>
                                                                                          </RangeExpr>
                                                                                          </ComparisonExpr>
                                                                                          </AndExpr>
                                                                                          </OrExpr>
                                                                                          </ExprSingle>
                                                                                          <TOKEN>,</TOKEN>
                                                                                          <ExprSingle>
                                                                                          <OrExpr>
                                                                                          <AndExpr>
                                                                                          <ComparisonExpr>
                                                                                          <RangeExpr>
                                                                                          <AdditiveExpr>
                                                                                          <MultiplicativeExpr>
                                                                                          <UnionExpr>
                                                                                          <IntersectExceptExpr>
                                                                                          <InstanceofExpr>
                                                                                          <TreatExpr>
                                                                                          <CastableExpr>
                                                                                          <CastExpr>
                                                                                          <UnaryExpr>
                                                                                          <ValueExpr>
                                                                                          <PathExpr>
                                                                                          <RelativePathExpr>
                                                                                          <StepExpr>
                                                                                          <FilterExpr>
                                                                                          <PrimaryExpr>
                                                                                          <FunctionCall>
                                                                                          <FunctionName>
                                                                                          <QName>response:response</QName>
                                                                                          </FunctionName>
                                                                                          <TOKEN>(</TOKEN>
                                                                                          <TOKEN>)</TOKEN>
                                                                                          </FunctionCall>
                                                                                          </PrimaryExpr>
                                                                                          <PredicateList/>
                                                                                          </FilterExpr>
                                                                                          </StepExpr>
                                                                                          </RelativePathExpr>
                                                                                          </PathExpr>
                                                                                          </ValueExpr>
                                                                                          </UnaryExpr>
                                                                                          </CastExpr>
                                                                                          </CastableExpr>
                                                                                          </TreatExpr>
                                                                                          </InstanceofExpr>
                                                                                          </IntersectExceptExpr>
                                                                                          </UnionExpr>
                                                                                          </MultiplicativeExpr>
                                                                                          </AdditiveExpr>
                                                                                          </RangeExpr>
                                                                                          </ComparisonExpr>
                                                                                          </AndExpr>
                                                                                          </OrExpr>
                                                                                          </ExprSingle>
                                                                                          </Expr>
                                                                                          <TOKEN>)</TOKEN>
                                                                                          </ParenthesizedExpr>
                                                                                          </PrimaryExpr>
                                                                                          <PredicateList/>
                                                                                          </FilterExpr>
                                                                                          </StepExpr>
                                                                                          </RelativePathExpr>
                                                                                        </PathExpr>
                                                                                    </ValueExpr>
                                                                                </UnaryExpr>
                                                                            </CastExpr>
                                                                        </CastableExpr>
                                                                    </TreatExpr>
                                                                </InstanceofExpr>
                                                            </IntersectExceptExpr>
                                                        </UnionExpr>
                                                    </MultiplicativeExpr>
                                                </AdditiveExpr>
                                            </RangeExpr>
                                        </ComparisonExpr>
                                    </AndExpr>
                                </OrExpr>
                            </ExprSingle>
                        </Expr>
                        <TOKEN>}</TOKEN>
                    </EnclosedExpr>
                </FunctionDecl>
                <Separator>
                    <TOKEN>;</TOKEN>
                </Separator>
                <FunctionDecl>
                    <TOKEN>declare</TOKEN>
                    <TOKEN>function</TOKEN>
                    <FunctionName>
                        <QName>controller:dialog</QName>
                    </FunctionName>
                    <TOKEN>(</TOKEN>
                    <ParamList>
                        <Param>
                            <TOKEN>$</TOKEN>
                            <QName>
                                <FunctionName>
                                    <QName>request</QName>
                                </FunctionName>
                            </QName>
                            <TypeDeclaration>
                                <TOKEN>as</TOKEN>
                                <SequenceType>
                                    <ItemType>
                                        <AtomicType>
                                            <QName>
                                                <FunctionName>
                                                    <QName>map:map</QName>
                                                </FunctionName>
                                            </QName>
                                        </AtomicType>
                                    </ItemType>
                                </SequenceType>
                            </TypeDeclaration>
                        </Param>
                    </ParamList>
                    <TOKEN>)</TOKEN>
                    <EnclosedExpr>
                        <TOKEN>{</TOKEN>
                        <Expr>
                            <ExprSingle>
                                <OrExpr>
                                    <AndExpr>
                                        <ComparisonExpr>
                                            <RangeExpr>
                                                <AdditiveExpr>
                                                    <MultiplicativeExpr>
                                                        <UnionExpr>
                                                            <IntersectExceptExpr>
                                                                <InstanceofExpr>
                                                                    <TreatExpr>
                                                                        <CastableExpr>
                                                                            <CastExpr>
                                                                                <UnaryExpr>
                                                                                    <ValueExpr>
                                                                                        <PathExpr>
                                                                                          <RelativePathExpr>
                                                                                          <StepExpr>
                                                                                          <FilterExpr>
                                                                                          <PrimaryExpr>
                                                                                          <ParenthesizedExpr>
                                                                                          <TOKEN>(</TOKEN>
                                                                                          <Expr>
                                                                                          <ExprSingle>
                                                                                          <OrExpr>
                                                                                          <AndExpr>
                                                                                          <ComparisonExpr>
                                                                                          <RangeExpr>
                                                                                          <AdditiveExpr>
                                                                                          <MultiplicativeExpr>
                                                                                          <UnionExpr>
                                                                                          <IntersectExceptExpr>
                                                                                          <InstanceofExpr>
                                                                                          <TreatExpr>
                                                                                          <CastableExpr>
                                                                                          <CastExpr>
                                                                                          <UnaryExpr>
                                                                                          <ValueExpr>
                                                                                          <PathExpr>
                                                                                          <RelativePathExpr>
                                                                                          <StepExpr>
                                                                                          <FilterExpr>
                                                                                          <PrimaryExpr>
                                                                                          <FunctionCall>
                                                                                          <FunctionName>
                                                                                          <QName>response:set-controller</QName>
                                                                                          </FunctionName>
                                                                                          <TOKEN>(</TOKEN>
                                                                                          <ExprSingle>
                                                                                          <OrExpr>
                                                                                          <AndExpr>
                                                                                          <ComparisonExpr>
                                                                                          <RangeExpr>
                                                                                          <AdditiveExpr>
                                                                                          <MultiplicativeExpr>
                                                                                          <UnionExpr>
                                                                                          <IntersectExceptExpr>
                                                                                          <InstanceofExpr>
                                                                                          <TreatExpr>
                                                                                          <CastableExpr>
                                                                                          <CastExpr>
                                                                                          <UnaryExpr>
                                                                                          <ValueExpr>
                                                                                          <PathExpr>
                                                                                          <RelativePathExpr>
                                                                                          <StepExpr>
                                                                                          <FilterExpr>
                                                                                          <PrimaryExpr>
                                                                                          <Literal>
                                                                                          <StringLiteral>"default"</StringLiteral>
                                                                                          </Literal>
                                                                                          </PrimaryExpr>
                                                                                          <PredicateList/>
                                                                                          </FilterExpr>
                                                                                          </StepExpr>
                                                                                          </RelativePathExpr>
                                                                                          </PathExpr>
                                                                                          </ValueExpr>
                                                                                          </UnaryExpr>
                                                                                          </CastExpr>
                                                                                          </CastableExpr>
                                                                                          </TreatExpr>
                                                                                          </InstanceofExpr>
                                                                                          </IntersectExceptExpr>
                                                                                          </UnionExpr>
                                                                                          </MultiplicativeExpr>
                                                                                          </AdditiveExpr>
                                                                                          </RangeExpr>
                                                                                          </ComparisonExpr>
                                                                                          </AndExpr>
                                                                                          </OrExpr>
                                                                                          </ExprSingle>
                                                                                          <TOKEN>)</TOKEN>
                                                                                          </FunctionCall>
                                                                                          </PrimaryExpr>
                                                                                          <PredicateList/>
                                                                                          </FilterExpr>
                                                                                          </StepExpr>
                                                                                          </RelativePathExpr>
                                                                                          </PathExpr>
                                                                                          </ValueExpr>
                                                                                          </UnaryExpr>
                                                                                          </CastExpr>
                                                                                          </CastableExpr>
                                                                                          </TreatExpr>
                                                                                          </InstanceofExpr>
                                                                                          </IntersectExceptExpr>
                                                                                          </UnionExpr>
                                                                                          </MultiplicativeExpr>
                                                                                          </AdditiveExpr>
                                                                                          </RangeExpr>
                                                                                          </ComparisonExpr>
                                                                                          </AndExpr>
                                                                                          </OrExpr>
                                                                                          </ExprSingle>
                                                                                          <TOKEN>,</TOKEN>
                                                                                          <ExprSingle>
                                                                                          <OrExpr>
                                                                                          <AndExpr>
                                                                                          <ComparisonExpr>
                                                                                          <RangeExpr>
                                                                                          <AdditiveExpr>
                                                                                          <MultiplicativeExpr>
                                                                                          <UnionExpr>
                                                                                          <IntersectExceptExpr>
                                                                                          <InstanceofExpr>
                                                                                          <TreatExpr>
                                                                                          <CastableExpr>
                                                                                          <CastExpr>
                                                                                          <UnaryExpr>
                                                                                          <ValueExpr>
                                                                                          <PathExpr>
                                                                                          <RelativePathExpr>
                                                                                          <StepExpr>
                                                                                          <FilterExpr>
                                                                                          <PrimaryExpr>
                                                                                          <FunctionCall>
                                                                                          <FunctionName>
                                                                                          <QName>response:set-template</QName>
                                                                                          </FunctionName>
                                                                                          <TOKEN>(</TOKEN>
                                                                                          <ExprSingle>
                                                                                          <OrExpr>
                                                                                          <AndExpr>
                                                                                          <ComparisonExpr>
                                                                                          <RangeExpr>
                                                                                          <AdditiveExpr>
                                                                                          <MultiplicativeExpr>
                                                                                          <UnionExpr>
                                                                                          <IntersectExceptExpr>
                                                                                          <InstanceofExpr>
                                                                                          <TreatExpr>
                                                                                          <CastableExpr>
                                                                                          <CastExpr>
                                                                                          <UnaryExpr>
                                                                                          <ValueExpr>
                                                                                          <PathExpr>
                                                                                          <RelativePathExpr>
                                                                                          <StepExpr>
                                                                                          <FilterExpr>
                                                                                          <PrimaryExpr>
                                                                                          <Literal>
                                                                                          <StringLiteral>"main"</StringLiteral>
                                                                                          </Literal>
                                                                                          </PrimaryExpr>
                                                                                          <PredicateList/>
                                                                                          </FilterExpr>
                                                                                          </StepExpr>
                                                                                          </RelativePathExpr>
                                                                                          </PathExpr>
                                                                                          </ValueExpr>
                                                                                          </UnaryExpr>
                                                                                          </CastExpr>
                                                                                          </CastableExpr>
                                                                                          </TreatExpr>
                                                                                          </InstanceofExpr>
                                                                                          </IntersectExceptExpr>
                                                                                          </UnionExpr>
                                                                                          </MultiplicativeExpr>
                                                                                          </AdditiveExpr>
                                                                                          </RangeExpr>
                                                                                          </ComparisonExpr>
                                                                                          </AndExpr>
                                                                                          </OrExpr>
                                                                                          </ExprSingle>
                                                                                          <TOKEN>)</TOKEN>
                                                                                          </FunctionCall>
                                                                                          </PrimaryExpr>
                                                                                          <PredicateList/>
                                                                                          </FilterExpr>
                                                                                          </StepExpr>
                                                                                          </RelativePathExpr>
                                                                                          </PathExpr>
                                                                                          </ValueExpr>
                                                                                          </UnaryExpr>
                                                                                          </CastExpr>
                                                                                          </CastableExpr>
                                                                                          </TreatExpr>
                                                                                          </InstanceofExpr>
                                                                                          </IntersectExceptExpr>
                                                                                          </UnionExpr>
                                                                                          </MultiplicativeExpr>
                                                                                          </AdditiveExpr>
                                                                                          </RangeExpr>
                                                                                          </ComparisonExpr>
                                                                                          </AndExpr>
                                                                                          </OrExpr>
                                                                                          </ExprSingle>
                                                                                          <TOKEN>,</TOKEN>
                                                                                          <ExprSingle>
                                                                                          <OrExpr>
                                                                                          <AndExpr>
                                                                                          <ComparisonExpr>
                                                                                          <RangeExpr>
                                                                                          <AdditiveExpr>
                                                                                          <MultiplicativeExpr>
                                                                                          <UnionExpr>
                                                                                          <IntersectExceptExpr>
                                                                                          <InstanceofExpr>
                                                                                          <TreatExpr>
                                                                                          <CastableExpr>
                                                                                          <CastExpr>
                                                                                          <UnaryExpr>
                                                                                          <ValueExpr>
                                                                                          <PathExpr>
                                                                                          <RelativePathExpr>
                                                                                          <StepExpr>
                                                                                          <FilterExpr>
                                                                                          <PrimaryExpr>
                                                                                          <FunctionCall>
                                                                                          <FunctionName>
                                                                                          <QName>response:set-view</QName>
                                                                                          </FunctionName>
                                                                                          <TOKEN>(</TOKEN>
                                                                                          <ExprSingle>
                                                                                          <OrExpr>
                                                                                          <AndExpr>
                                                                                          <ComparisonExpr>
                                                                                          <RangeExpr>
                                                                                          <AdditiveExpr>
                                                                                          <MultiplicativeExpr>
                                                                                          <UnionExpr>
                                                                                          <IntersectExceptExpr>
                                                                                          <InstanceofExpr>
                                                                                          <TreatExpr>
                                                                                          <CastableExpr>
                                                                                          <CastExpr>
                                                                                          <UnaryExpr>
                                                                                          <ValueExpr>
                                                                                          <PathExpr>
                                                                                          <RelativePathExpr>
                                                                                          <StepExpr>
                                                                                          <FilterExpr>
                                                                                          <PrimaryExpr>
                                                                                          <Literal>
                                                                                          <StringLiteral>"dialog"</StringLiteral>
                                                                                          </Literal>
                                                                                          </PrimaryExpr>
                                                                                          <PredicateList/>
                                                                                          </FilterExpr>
                                                                                          </StepExpr>
                                                                                          </RelativePathExpr>
                                                                                          </PathExpr>
                                                                                          </ValueExpr>
                                                                                          </UnaryExpr>
                                                                                          </CastExpr>
                                                                                          </CastableExpr>
                                                                                          </TreatExpr>
                                                                                          </InstanceofExpr>
                                                                                          </IntersectExceptExpr>
                                                                                          </UnionExpr>
                                                                                          </MultiplicativeExpr>
                                                                                          </AdditiveExpr>
                                                                                          </RangeExpr>
                                                                                          </ComparisonExpr>
                                                                                          </AndExpr>
                                                                                          </OrExpr>
                                                                                          </ExprSingle>
                                                                                          <TOKEN>)</TOKEN>
                                                                                          </FunctionCall>
                                                                                          </PrimaryExpr>
                                                                                          <PredicateList/>
                                                                                          </FilterExpr>
                                                                                          </StepExpr>
                                                                                          </RelativePathExpr>
                                                                                          </PathExpr>
                                                                                          </ValueExpr>
                                                                                          </UnaryExpr>
                                                                                          </CastExpr>
                                                                                          </CastableExpr>
                                                                                          </TreatExpr>
                                                                                          </InstanceofExpr>
                                                                                          </IntersectExceptExpr>
                                                                                          </UnionExpr>
                                                                                          </MultiplicativeExpr>
                                                                                          </AdditiveExpr>
                                                                                          </RangeExpr>
                                                                                          </ComparisonExpr>
                                                                                          </AndExpr>
                                                                                          </OrExpr>
                                                                                          </ExprSingle>
                                                                                          <TOKEN>,</TOKEN>
                                                                                          <ExprSingle>
                                                                                          <OrExpr>
                                                                                          <AndExpr>
                                                                                          <ComparisonExpr>
                                                                                          <RangeExpr>
                                                                                          <AdditiveExpr>
                                                                                          <MultiplicativeExpr>
                                                                                          <UnionExpr>
                                                                                          <IntersectExceptExpr>
                                                                                          <InstanceofExpr>
                                                                                          <TreatExpr>
                                                                                          <CastableExpr>
                                                                                          <CastExpr>
                                                                                          <UnaryExpr>
                                                                                          <ValueExpr>
                                                                                          <PathExpr>
                                                                                          <RelativePathExpr>
                                                                                          <StepExpr>
                                                                                          <FilterExpr>
                                                                                          <PrimaryExpr>
                                                                                          <FunctionCall>
                                                                                          <FunctionName>
                                                                                          <QName>response:set-title</QName>
                                                                                          </FunctionName>
                                                                                          <TOKEN>(</TOKEN>
                                                                                          <ExprSingle>
                                                                                          <OrExpr>
                                                                                          <AndExpr>
                                                                                          <ComparisonExpr>
                                                                                          <RangeExpr>
                                                                                          <AdditiveExpr>
                                                                                          <MultiplicativeExpr>
                                                                                          <UnionExpr>
                                                                                          <IntersectExceptExpr>
                                                                                          <InstanceofExpr>
                                                                                          <TreatExpr>
                                                                                          <CastableExpr>
                                                                                          <CastExpr>
                                                                                          <UnaryExpr>
                                                                                          <ValueExpr>
                                                                                          <PathExpr>
                                                                                          <RelativePathExpr>
                                                                                          <StepExpr>
                                                                                          <FilterExpr>
                                                                                          <PrimaryExpr>
                                                                                          <Literal>
                                                                                          <StringLiteral>"Dialogs"</StringLiteral>
                                                                                          </Literal>
                                                                                          </PrimaryExpr>
                                                                                          <PredicateList/>
                                                                                          </FilterExpr>
                                                                                          </StepExpr>
                                                                                          </RelativePathExpr>
                                                                                          </PathExpr>
                                                                                          </ValueExpr>
                                                                                          </UnaryExpr>
                                                                                          </CastExpr>
                                                                                          </CastableExpr>
                                                                                          </TreatExpr>
                                                                                          </InstanceofExpr>
                                                                                          </IntersectExceptExpr>
                                                                                          </UnionExpr>
                                                                                          </MultiplicativeExpr>
                                                                                          </AdditiveExpr>
                                                                                          </RangeExpr>
                                                                                          </ComparisonExpr>
                                                                                          </AndExpr>
                                                                                          </OrExpr>
                                                                                          </ExprSingle>
                                                                                          <TOKEN>)</TOKEN>
                                                                                          </FunctionCall>
                                                                                          </PrimaryExpr>
                                                                                          <PredicateList/>
                                                                                          </FilterExpr>
                                                                                          </StepExpr>
                                                                                          </RelativePathExpr>
                                                                                          </PathExpr>
                                                                                          </ValueExpr>
                                                                                          </UnaryExpr>
                                                                                          </CastExpr>
                                                                                          </CastableExpr>
                                                                                          </TreatExpr>
                                                                                          </InstanceofExpr>
                                                                                          </IntersectExceptExpr>
                                                                                          </UnionExpr>
                                                                                          </MultiplicativeExpr>
                                                                                          </AdditiveExpr>
                                                                                          </RangeExpr>
                                                                                          </ComparisonExpr>
                                                                                          </AndExpr>
                                                                                          </OrExpr>
                                                                                          </ExprSingle>
                                                                                          <TOKEN>,</TOKEN>
                                                                                          <ExprSingle>
                                                                                          <OrExpr>
                                                                                          <AndExpr>
                                                                                          <ComparisonExpr>
                                                                                          <RangeExpr>
                                                                                          <AdditiveExpr>
                                                                                          <MultiplicativeExpr>
                                                                                          <UnionExpr>
                                                                                          <IntersectExceptExpr>
                                                                                          <InstanceofExpr>
                                                                                          <TreatExpr>
                                                                                          <CastableExpr>
                                                                                          <CastExpr>
                                                                                          <UnaryExpr>
                                                                                          <ValueExpr>
                                                                                          <PathExpr>
                                                                                          <RelativePathExpr>
                                                                                          <StepExpr>
                                                                                          <FilterExpr>
                                                                                          <PrimaryExpr>
                                                                                          <FunctionCall>
                                                                                          <FunctionName>
                                                                                          <QName>response:add-httpmeta</QName>
                                                                                          </FunctionName>
                                                                                          <TOKEN>(</TOKEN>
                                                                                          <ExprSingle>
                                                                                          <OrExpr>
                                                                                          <AndExpr>
                                                                                          <ComparisonExpr>
                                                                                          <RangeExpr>
                                                                                          <AdditiveExpr>
                                                                                          <MultiplicativeExpr>
                                                                                          <UnionExpr>
                                                                                          <IntersectExceptExpr>
                                                                                          <InstanceofExpr>
                                                                                          <TreatExpr>
                                                                                          <CastableExpr>
                                                                                          <CastExpr>
                                                                                          <UnaryExpr>
                                                                                          <ValueExpr>
                                                                                          <PathExpr>
                                                                                          <RelativePathExpr>
                                                                                          <StepExpr>
                                                                                          <FilterExpr>
                                                                                          <PrimaryExpr>
                                                                                          <Literal>
                                                                                          <StringLiteral>"cache-control"</StringLiteral>
                                                                                          </Literal>
                                                                                          </PrimaryExpr>
                                                                                          <PredicateList/>
                                                                                          </FilterExpr>
                                                                                          </StepExpr>
                                                                                          </RelativePathExpr>
                                                                                          </PathExpr>
                                                                                          </ValueExpr>
                                                                                          </UnaryExpr>
                                                                                          </CastExpr>
                                                                                          </CastableExpr>
                                                                                          </TreatExpr>
                                                                                          </InstanceofExpr>
                                                                                          </IntersectExceptExpr>
                                                                                          </UnionExpr>
                                                                                          </MultiplicativeExpr>
                                                                                          </AdditiveExpr>
                                                                                          </RangeExpr>
                                                                                          </ComparisonExpr>
                                                                                          </AndExpr>
                                                                                          </OrExpr>
                                                                                          </ExprSingle>
                                                                                          <TOKEN>,</TOKEN>
                                                                                          <ExprSingle>
                                                                                          <OrExpr>
                                                                                          <AndExpr>
                                                                                          <ComparisonExpr>
                                                                                          <RangeExpr>
                                                                                          <AdditiveExpr>
                                                                                          <MultiplicativeExpr>
                                                                                          <UnionExpr>
                                                                                          <IntersectExceptExpr>
                                                                                          <InstanceofExpr>
                                                                                          <TreatExpr>
                                                                                          <CastableExpr>
                                                                                          <CastExpr>
                                                                                          <UnaryExpr>
                                                                                          <ValueExpr>
                                                                                          <PathExpr>
                                                                                          <RelativePathExpr>
                                                                                          <StepExpr>
                                                                                          <FilterExpr>
                                                                                          <PrimaryExpr>
                                                                                          <Literal>
                                                                                          <StringLiteral>"public"</StringLiteral>
                                                                                          </Literal>
                                                                                          </PrimaryExpr>
                                                                                          <PredicateList/>
                                                                                          </FilterExpr>
                                                                                          </StepExpr>
                                                                                          </RelativePathExpr>
                                                                                          </PathExpr>
                                                                                          </ValueExpr>
                                                                                          </UnaryExpr>
                                                                                          </CastExpr>
                                                                                          </CastableExpr>
                                                                                          </TreatExpr>
                                                                                          </InstanceofExpr>
                                                                                          </IntersectExceptExpr>
                                                                                          </UnionExpr>
                                                                                          </MultiplicativeExpr>
                                                                                          </AdditiveExpr>
                                                                                          </RangeExpr>
                                                                                          </ComparisonExpr>
                                                                                          </AndExpr>
                                                                                          </OrExpr>
                                                                                          </ExprSingle>
                                                                                          <TOKEN>)</TOKEN>
                                                                                          </FunctionCall>
                                                                                          </PrimaryExpr>
                                                                                          <PredicateList/>
                                                                                          </FilterExpr>
                                                                                          </StepExpr>
                                                                                          </RelativePathExpr>
                                                                                          </PathExpr>
                                                                                          </ValueExpr>
                                                                                          </UnaryExpr>
                                                                                          </CastExpr>
                                                                                          </CastableExpr>
                                                                                          </TreatExpr>
                                                                                          </InstanceofExpr>
                                                                                          </IntersectExceptExpr>
                                                                                          </UnionExpr>
                                                                                          </MultiplicativeExpr>
                                                                                          </AdditiveExpr>
                                                                                          </RangeExpr>
                                                                                          </ComparisonExpr>
                                                                                          </AndExpr>
                                                                                          </OrExpr>
                                                                                          </ExprSingle>
                                                                                          <TOKEN>,</TOKEN>
                                                                                          <ExprSingle>
                                                                                          <OrExpr>
                                                                                          <AndExpr>
                                                                                          <ComparisonExpr>
                                                                                          <RangeExpr>
                                                                                          <AdditiveExpr>
                                                                                          <MultiplicativeExpr>
                                                                                          <UnionExpr>
                                                                                          <IntersectExceptExpr>
                                                                                          <InstanceofExpr>
                                                                                          <TreatExpr>
                                                                                          <CastableExpr>
                                                                                          <CastExpr>
                                                                                          <UnaryExpr>
                                                                                          <ValueExpr>
                                                                                          <PathExpr>
                                                                                          <RelativePathExpr>
                                                                                          <StepExpr>
                                                                                          <FilterExpr>
                                                                                          <PrimaryExpr>
                                                                                          <FunctionCall>
                                                                                          <FunctionName>
                                                                                          <QName>response:response</QName>
                                                                                          </FunctionName>
                                                                                          <TOKEN>(</TOKEN>
                                                                                          <TOKEN>)</TOKEN>
                                                                                          </FunctionCall>
                                                                                          </PrimaryExpr>
                                                                                          <PredicateList/>
                                                                                          </FilterExpr>
                                                                                          </StepExpr>
                                                                                          </RelativePathExpr>
                                                                                          </PathExpr>
                                                                                          </ValueExpr>
                                                                                          </UnaryExpr>
                                                                                          </CastExpr>
                                                                                          </CastableExpr>
                                                                                          </TreatExpr>
                                                                                          </InstanceofExpr>
                                                                                          </IntersectExceptExpr>
                                                                                          </UnionExpr>
                                                                                          </MultiplicativeExpr>
                                                                                          </AdditiveExpr>
                                                                                          </RangeExpr>
                                                                                          </ComparisonExpr>
                                                                                          </AndExpr>
                                                                                          </OrExpr>
                                                                                          </ExprSingle>
                                                                                          </Expr>
                                                                                          <TOKEN>)</TOKEN>
                                                                                          </ParenthesizedExpr>
                                                                                          </PrimaryExpr>
                                                                                          <PredicateList/>
                                                                                          </FilterExpr>
                                                                                          </StepExpr>
                                                                                          </RelativePathExpr>
                                                                                        </PathExpr>
                                                                                    </ValueExpr>
                                                                                </UnaryExpr>
                                                                            </CastExpr>
                                                                        </CastableExpr>
                                                                    </TreatExpr>
                                                                </InstanceofExpr>
                                                            </IntersectExceptExpr>
                                                        </UnionExpr>
                                                    </MultiplicativeExpr>
                                                </AdditiveExpr>
                                            </RangeExpr>
                                        </ComparisonExpr>
                                    </AndExpr>
                                </OrExpr>
                            </ExprSingle>
                        </Expr>
                        <TOKEN>}</TOKEN>
                    </EnclosedExpr>
                </FunctionDecl>
                <Separator>
                    <TOKEN>;</TOKEN>
                </Separator>
                <FunctionDecl>
                    <TOKEN>declare</TOKEN>
                    <TOKEN>function</TOKEN>
                    <FunctionName>
                        <QName>controller:tinymce</QName>
                    </FunctionName>
                    <TOKEN>(</TOKEN>
                    <ParamList>
                        <Param>
                            <TOKEN>$</TOKEN>
                            <QName>
                                <FunctionName>
                                    <QName>request</QName>
                                </FunctionName>
                            </QName>
                            <TypeDeclaration>
                                <TOKEN>as</TOKEN>
                                <SequenceType>
                                    <ItemType>
                                        <AtomicType>
                                            <QName>
                                                <FunctionName>
                                                    <QName>map:map</QName>
                                                </FunctionName>
                                            </QName>
                                        </AtomicType>
                                    </ItemType>
                                </SequenceType>
                            </TypeDeclaration>
                        </Param>
                    </ParamList>
                    <TOKEN>)</TOKEN>
                    <EnclosedExpr>
                        <TOKEN>{</TOKEN>
                        <Expr>
                            <ExprSingle>
                                <OrExpr>
                                    <AndExpr>
                                        <ComparisonExpr>
                                            <RangeExpr>
                                                <AdditiveExpr>
                                                    <MultiplicativeExpr>
                                                        <UnionExpr>
                                                            <IntersectExceptExpr>
                                                                <InstanceofExpr>
                                                                    <TreatExpr>
                                                                        <CastableExpr>
                                                                            <CastExpr>
                                                                                <UnaryExpr>
                                                                                    <ValueExpr>
                                                                                        <PathExpr>
                                                                                          <RelativePathExpr>
                                                                                          <StepExpr>
                                                                                          <FilterExpr>
                                                                                          <PrimaryExpr>
                                                                                          <ParenthesizedExpr>
                                                                                          <TOKEN>(</TOKEN>
                                                                                          <Expr>
                                                                                          <ExprSingle>
                                                                                          <OrExpr>
                                                                                          <AndExpr>
                                                                                          <ComparisonExpr>
                                                                                          <RangeExpr>
                                                                                          <AdditiveExpr>
                                                                                          <MultiplicativeExpr>
                                                                                          <UnionExpr>
                                                                                          <IntersectExceptExpr>
                                                                                          <InstanceofExpr>
                                                                                          <TreatExpr>
                                                                                          <CastableExpr>
                                                                                          <CastExpr>
                                                                                          <UnaryExpr>
                                                                                          <ValueExpr>
                                                                                          <PathExpr>
                                                                                          <RelativePathExpr>
                                                                                          <StepExpr>
                                                                                          <FilterExpr>
                                                                                          <PrimaryExpr>
                                                                                          <FunctionCall>
                                                                                          <FunctionName>
                                                                                          <QName>response:set-controller</QName>
                                                                                          </FunctionName>
                                                                                          <TOKEN>(</TOKEN>
                                                                                          <ExprSingle>
                                                                                          <OrExpr>
                                                                                          <AndExpr>
                                                                                          <ComparisonExpr>
                                                                                          <RangeExpr>
                                                                                          <AdditiveExpr>
                                                                                          <MultiplicativeExpr>
                                                                                          <UnionExpr>
                                                                                          <IntersectExceptExpr>
                                                                                          <InstanceofExpr>
                                                                                          <TreatExpr>
                                                                                          <CastableExpr>
                                                                                          <CastExpr>
                                                                                          <UnaryExpr>
                                                                                          <ValueExpr>
                                                                                          <PathExpr>
                                                                                          <RelativePathExpr>
                                                                                          <StepExpr>
                                                                                          <FilterExpr>
                                                                                          <PrimaryExpr>
                                                                                          <Literal>
                                                                                          <StringLiteral>"default"</StringLiteral>
                                                                                          </Literal>
                                                                                          </PrimaryExpr>
                                                                                          <PredicateList/>
                                                                                          </FilterExpr>
                                                                                          </StepExpr>
                                                                                          </RelativePathExpr>
                                                                                          </PathExpr>
                                                                                          </ValueExpr>
                                                                                          </UnaryExpr>
                                                                                          </CastExpr>
                                                                                          </CastableExpr>
                                                                                          </TreatExpr>
                                                                                          </InstanceofExpr>
                                                                                          </IntersectExceptExpr>
                                                                                          </UnionExpr>
                                                                                          </MultiplicativeExpr>
                                                                                          </AdditiveExpr>
                                                                                          </RangeExpr>
                                                                                          </ComparisonExpr>
                                                                                          </AndExpr>
                                                                                          </OrExpr>
                                                                                          </ExprSingle>
                                                                                          <TOKEN>)</TOKEN>
                                                                                          </FunctionCall>
                                                                                          </PrimaryExpr>
                                                                                          <PredicateList/>
                                                                                          </FilterExpr>
                                                                                          </StepExpr>
                                                                                          </RelativePathExpr>
                                                                                          </PathExpr>
                                                                                          </ValueExpr>
                                                                                          </UnaryExpr>
                                                                                          </CastExpr>
                                                                                          </CastableExpr>
                                                                                          </TreatExpr>
                                                                                          </InstanceofExpr>
                                                                                          </IntersectExceptExpr>
                                                                                          </UnionExpr>
                                                                                          </MultiplicativeExpr>
                                                                                          </AdditiveExpr>
                                                                                          </RangeExpr>
                                                                                          </ComparisonExpr>
                                                                                          </AndExpr>
                                                                                          </OrExpr>
                                                                                          </ExprSingle>
                                                                                          <TOKEN>,</TOKEN>
                                                                                          <ExprSingle>
                                                                                          <OrExpr>
                                                                                          <AndExpr>
                                                                                          <ComparisonExpr>
                                                                                          <RangeExpr>
                                                                                          <AdditiveExpr>
                                                                                          <MultiplicativeExpr>
                                                                                          <UnionExpr>
                                                                                          <IntersectExceptExpr>
                                                                                          <InstanceofExpr>
                                                                                          <TreatExpr>
                                                                                          <CastableExpr>
                                                                                          <CastExpr>
                                                                                          <UnaryExpr>
                                                                                          <ValueExpr>
                                                                                          <PathExpr>
                                                                                          <RelativePathExpr>
                                                                                          <StepExpr>
                                                                                          <FilterExpr>
                                                                                          <PrimaryExpr>
                                                                                          <FunctionCall>
                                                                                          <FunctionName>
                                                                                          <QName>response:set-template</QName>
                                                                                          </FunctionName>
                                                                                          <TOKEN>(</TOKEN>
                                                                                          <ExprSingle>
                                                                                          <OrExpr>
                                                                                          <AndExpr>
                                                                                          <ComparisonExpr>
                                                                                          <RangeExpr>
                                                                                          <AdditiveExpr>
                                                                                          <MultiplicativeExpr>
                                                                                          <UnionExpr>
                                                                                          <IntersectExceptExpr>
                                                                                          <InstanceofExpr>
                                                                                          <TreatExpr>
                                                                                          <CastableExpr>
                                                                                          <CastExpr>
                                                                                          <UnaryExpr>
                                                                                          <ValueExpr>
                                                                                          <PathExpr>
                                                                                          <RelativePathExpr>
                                                                                          <StepExpr>
                                                                                          <FilterExpr>
                                                                                          <PrimaryExpr>
                                                                                          <Literal>
                                                                                          <StringLiteral>"main"</StringLiteral>
                                                                                          </Literal>
                                                                                          </PrimaryExpr>
                                                                                          <PredicateList/>
                                                                                          </FilterExpr>
                                                                                          </StepExpr>
                                                                                          </RelativePathExpr>
                                                                                          </PathExpr>
                                                                                          </ValueExpr>
                                                                                          </UnaryExpr>
                                                                                          </CastExpr>
                                                                                          </CastableExpr>
                                                                                          </TreatExpr>
                                                                                          </InstanceofExpr>
                                                                                          </IntersectExceptExpr>
                                                                                          </UnionExpr>
                                                                                          </MultiplicativeExpr>
                                                                                          </AdditiveExpr>
                                                                                          </RangeExpr>
                                                                                          </ComparisonExpr>
                                                                                          </AndExpr>
                                                                                          </OrExpr>
                                                                                          </ExprSingle>
                                                                                          <TOKEN>)</TOKEN>
                                                                                          </FunctionCall>
                                                                                          </PrimaryExpr>
                                                                                          <PredicateList/>
                                                                                          </FilterExpr>
                                                                                          </StepExpr>
                                                                                          </RelativePathExpr>
                                                                                          </PathExpr>
                                                                                          </ValueExpr>
                                                                                          </UnaryExpr>
                                                                                          </CastExpr>
                                                                                          </CastableExpr>
                                                                                          </TreatExpr>
                                                                                          </InstanceofExpr>
                                                                                          </IntersectExceptExpr>
                                                                                          </UnionExpr>
                                                                                          </MultiplicativeExpr>
                                                                                          </AdditiveExpr>
                                                                                          </RangeExpr>
                                                                                          </ComparisonExpr>
                                                                                          </AndExpr>
                                                                                          </OrExpr>
                                                                                          </ExprSingle>
                                                                                          <TOKEN>,</TOKEN>
                                                                                          <ExprSingle>
                                                                                          <OrExpr>
                                                                                          <AndExpr>
                                                                                          <ComparisonExpr>
                                                                                          <RangeExpr>
                                                                                          <AdditiveExpr>
                                                                                          <MultiplicativeExpr>
                                                                                          <UnionExpr>
                                                                                          <IntersectExceptExpr>
                                                                                          <InstanceofExpr>
                                                                                          <TreatExpr>
                                                                                          <CastableExpr>
                                                                                          <CastExpr>
                                                                                          <UnaryExpr>
                                                                                          <ValueExpr>
                                                                                          <PathExpr>
                                                                                          <RelativePathExpr>
                                                                                          <StepExpr>
                                                                                          <FilterExpr>
                                                                                          <PrimaryExpr>
                                                                                          <FunctionCall>
                                                                                          <FunctionName>
                                                                                          <QName>response:set-view</QName>
                                                                                          </FunctionName>
                                                                                          <TOKEN>(</TOKEN>
                                                                                          <ExprSingle>
                                                                                          <OrExpr>
                                                                                          <AndExpr>
                                                                                          <ComparisonExpr>
                                                                                          <RangeExpr>
                                                                                          <AdditiveExpr>
                                                                                          <MultiplicativeExpr>
                                                                                          <UnionExpr>
                                                                                          <IntersectExceptExpr>
                                                                                          <InstanceofExpr>
                                                                                          <TreatExpr>
                                                                                          <CastableExpr>
                                                                                          <CastExpr>
                                                                                          <UnaryExpr>
                                                                                          <ValueExpr>
                                                                                          <PathExpr>
                                                                                          <RelativePathExpr>
                                                                                          <StepExpr>
                                                                                          <FilterExpr>
                                                                                          <PrimaryExpr>
                                                                                          <Literal>
                                                                                          <StringLiteral>"tinymce"</StringLiteral>
                                                                                          </Literal>
                                                                                          </PrimaryExpr>
                                                                                          <PredicateList/>
                                                                                          </FilterExpr>
                                                                                          </StepExpr>
                                                                                          </RelativePathExpr>
                                                                                          </PathExpr>
                                                                                          </ValueExpr>
                                                                                          </UnaryExpr>
                                                                                          </CastExpr>
                                                                                          </CastableExpr>
                                                                                          </TreatExpr>
                                                                                          </InstanceofExpr>
                                                                                          </IntersectExceptExpr>
                                                                                          </UnionExpr>
                                                                                          </MultiplicativeExpr>
                                                                                          </AdditiveExpr>
                                                                                          </RangeExpr>
                                                                                          </ComparisonExpr>
                                                                                          </AndExpr>
                                                                                          </OrExpr>
                                                                                          </ExprSingle>
                                                                                          <TOKEN>)</TOKEN>
                                                                                          </FunctionCall>
                                                                                          </PrimaryExpr>
                                                                                          <PredicateList/>
                                                                                          </FilterExpr>
                                                                                          </StepExpr>
                                                                                          </RelativePathExpr>
                                                                                          </PathExpr>
                                                                                          </ValueExpr>
                                                                                          </UnaryExpr>
                                                                                          </CastExpr>
                                                                                          </CastableExpr>
                                                                                          </TreatExpr>
                                                                                          </InstanceofExpr>
                                                                                          </IntersectExceptExpr>
                                                                                          </UnionExpr>
                                                                                          </MultiplicativeExpr>
                                                                                          </AdditiveExpr>
                                                                                          </RangeExpr>
                                                                                          </ComparisonExpr>
                                                                                          </AndExpr>
                                                                                          </OrExpr>
                                                                                          </ExprSingle>
                                                                                          <TOKEN>,</TOKEN>
                                                                                          <ExprSingle>
                                                                                          <OrExpr>
                                                                                          <AndExpr>
                                                                                          <ComparisonExpr>
                                                                                          <RangeExpr>
                                                                                          <AdditiveExpr>
                                                                                          <MultiplicativeExpr>
                                                                                          <UnionExpr>
                                                                                          <IntersectExceptExpr>
                                                                                          <InstanceofExpr>
                                                                                          <TreatExpr>
                                                                                          <CastableExpr>
                                                                                          <CastExpr>
                                                                                          <UnaryExpr>
                                                                                          <ValueExpr>
                                                                                          <PathExpr>
                                                                                          <RelativePathExpr>
                                                                                          <StepExpr>
                                                                                          <FilterExpr>
                                                                                          <PrimaryExpr>
                                                                                          <FunctionCall>
                                                                                          <FunctionName>
                                                                                          <QName>response:set-title</QName>
                                                                                          </FunctionName>
                                                                                          <TOKEN>(</TOKEN>
                                                                                          <ExprSingle>
                                                                                          <OrExpr>
                                                                                          <AndExpr>
                                                                                          <ComparisonExpr>
                                                                                          <RangeExpr>
                                                                                          <AdditiveExpr>
                                                                                          <MultiplicativeExpr>
                                                                                          <UnionExpr>
                                                                                          <IntersectExceptExpr>
                                                                                          <InstanceofExpr>
                                                                                          <TreatExpr>
                                                                                          <CastableExpr>
                                                                                          <CastExpr>
                                                                                          <UnaryExpr>
                                                                                          <ValueExpr>
                                                                                          <PathExpr>
                                                                                          <RelativePathExpr>
                                                                                          <StepExpr>
                                                                                          <FilterExpr>
                                                                                          <PrimaryExpr>
                                                                                          <Literal>
                                                                                          <StringLiteral>"Tianr"</StringLiteral>
                                                                                          </Literal>
                                                                                          </PrimaryExpr>
                                                                                          <PredicateList/>
                                                                                          </FilterExpr>
                                                                                          </StepExpr>
                                                                                          </RelativePathExpr>
                                                                                          </PathExpr>
                                                                                          </ValueExpr>
                                                                                          </UnaryExpr>
                                                                                          </CastExpr>
                                                                                          </CastableExpr>
                                                                                          </TreatExpr>
                                                                                          </InstanceofExpr>
                                                                                          </IntersectExceptExpr>
                                                                                          </UnionExpr>
                                                                                          </MultiplicativeExpr>
                                                                                          </AdditiveExpr>
                                                                                          </RangeExpr>
                                                                                          </ComparisonExpr>
                                                                                          </AndExpr>
                                                                                          </OrExpr>
                                                                                          </ExprSingle>
                                                                                          <TOKEN>)</TOKEN>
                                                                                          </FunctionCall>
                                                                                          </PrimaryExpr>
                                                                                          <PredicateList/>
                                                                                          </FilterExpr>
                                                                                          </StepExpr>
                                                                                          </RelativePathExpr>
                                                                                          </PathExpr>
                                                                                          </ValueExpr>
                                                                                          </UnaryExpr>
                                                                                          </CastExpr>
                                                                                          </CastableExpr>
                                                                                          </TreatExpr>
                                                                                          </InstanceofExpr>
                                                                                          </IntersectExceptExpr>
                                                                                          </UnionExpr>
                                                                                          </MultiplicativeExpr>
                                                                                          </AdditiveExpr>
                                                                                          </RangeExpr>
                                                                                          </ComparisonExpr>
                                                                                          </AndExpr>
                                                                                          </OrExpr>
                                                                                          </ExprSingle>
                                                                                          <TOKEN>,</TOKEN>
                                                                                          <ExprSingle>
                                                                                          <OrExpr>
                                                                                          <AndExpr>
                                                                                          <ComparisonExpr>
                                                                                          <RangeExpr>
                                                                                          <AdditiveExpr>
                                                                                          <MultiplicativeExpr>
                                                                                          <UnionExpr>
                                                                                          <IntersectExceptExpr>
                                                                                          <InstanceofExpr>
                                                                                          <TreatExpr>
                                                                                          <CastableExpr>
                                                                                          <CastExpr>
                                                                                          <UnaryExpr>
                                                                                          <ValueExpr>
                                                                                          <PathExpr>
                                                                                          <RelativePathExpr>
                                                                                          <StepExpr>
                                                                                          <FilterExpr>
                                                                                          <PrimaryExpr>
                                                                                          <FunctionCall>
                                                                                          <FunctionName>
                                                                                          <QName>response:add-httpmeta</QName>
                                                                                          </FunctionName>
                                                                                          <TOKEN>(</TOKEN>
                                                                                          <ExprSingle>
                                                                                          <OrExpr>
                                                                                          <AndExpr>
                                                                                          <ComparisonExpr>
                                                                                          <RangeExpr>
                                                                                          <AdditiveExpr>
                                                                                          <MultiplicativeExpr>
                                                                                          <UnionExpr>
                                                                                          <IntersectExceptExpr>
                                                                                          <InstanceofExpr>
                                                                                          <TreatExpr>
                                                                                          <CastableExpr>
                                                                                          <CastExpr>
                                                                                          <UnaryExpr>
                                                                                          <ValueExpr>
                                                                                          <PathExpr>
                                                                                          <RelativePathExpr>
                                                                                          <StepExpr>
                                                                                          <FilterExpr>
                                                                                          <PrimaryExpr>
                                                                                          <Literal>
                                                                                          <StringLiteral>"cache-control"</StringLiteral>
                                                                                          </Literal>
                                                                                          </PrimaryExpr>
                                                                                          <PredicateList/>
                                                                                          </FilterExpr>
                                                                                          </StepExpr>
                                                                                          </RelativePathExpr>
                                                                                          </PathExpr>
                                                                                          </ValueExpr>
                                                                                          </UnaryExpr>
                                                                                          </CastExpr>
                                                                                          </CastableExpr>
                                                                                          </TreatExpr>
                                                                                          </InstanceofExpr>
                                                                                          </IntersectExceptExpr>
                                                                                          </UnionExpr>
                                                                                          </MultiplicativeExpr>
                                                                                          </AdditiveExpr>
                                                                                          </RangeExpr>
                                                                                          </ComparisonExpr>
                                                                                          </AndExpr>
                                                                                          </OrExpr>
                                                                                          </ExprSingle>
                                                                                          <TOKEN>,</TOKEN>
                                                                                          <ExprSingle>
                                                                                          <OrExpr>
                                                                                          <AndExpr>
                                                                                          <ComparisonExpr>
                                                                                          <RangeExpr>
                                                                                          <AdditiveExpr>
                                                                                          <MultiplicativeExpr>
                                                                                          <UnionExpr>
                                                                                          <IntersectExceptExpr>
                                                                                          <InstanceofExpr>
                                                                                          <TreatExpr>
                                                                                          <CastableExpr>
                                                                                          <CastExpr>
                                                                                          <UnaryExpr>
                                                                                          <ValueExpr>
                                                                                          <PathExpr>
                                                                                          <RelativePathExpr>
                                                                                          <StepExpr>
                                                                                          <FilterExpr>
                                                                                          <PrimaryExpr>
                                                                                          <Literal>
                                                                                          <StringLiteral>"public"</StringLiteral>
                                                                                          </Literal>
                                                                                          </PrimaryExpr>
                                                                                          <PredicateList/>
                                                                                          </FilterExpr>
                                                                                          </StepExpr>
                                                                                          </RelativePathExpr>
                                                                                          </PathExpr>
                                                                                          </ValueExpr>
                                                                                          </UnaryExpr>
                                                                                          </CastExpr>
                                                                                          </CastableExpr>
                                                                                          </TreatExpr>
                                                                                          </InstanceofExpr>
                                                                                          </IntersectExceptExpr>
                                                                                          </UnionExpr>
                                                                                          </MultiplicativeExpr>
                                                                                          </AdditiveExpr>
                                                                                          </RangeExpr>
                                                                                          </ComparisonExpr>
                                                                                          </AndExpr>
                                                                                          </OrExpr>
                                                                                          </ExprSingle>
                                                                                          <TOKEN>)</TOKEN>
                                                                                          </FunctionCall>
                                                                                          </PrimaryExpr>
                                                                                          <PredicateList/>
                                                                                          </FilterExpr>
                                                                                          </StepExpr>
                                                                                          </RelativePathExpr>
                                                                                          </PathExpr>
                                                                                          </ValueExpr>
                                                                                          </UnaryExpr>
                                                                                          </CastExpr>
                                                                                          </CastableExpr>
                                                                                          </TreatExpr>
                                                                                          </InstanceofExpr>
                                                                                          </IntersectExceptExpr>
                                                                                          </UnionExpr>
                                                                                          </MultiplicativeExpr>
                                                                                          </AdditiveExpr>
                                                                                          </RangeExpr>
                                                                                          </ComparisonExpr>
                                                                                          </AndExpr>
                                                                                          </OrExpr>
                                                                                          </ExprSingle>
                                                                                          <TOKEN>,</TOKEN>
                                                                                          <ExprSingle>
                                                                                          <OrExpr>
                                                                                          <AndExpr>
                                                                                          <ComparisonExpr>
                                                                                          <RangeExpr>
                                                                                          <AdditiveExpr>
                                                                                          <MultiplicativeExpr>
                                                                                          <UnionExpr>
                                                                                          <IntersectExceptExpr>
                                                                                          <InstanceofExpr>
                                                                                          <TreatExpr>
                                                                                          <CastableExpr>
                                                                                          <CastExpr>
                                                                                          <UnaryExpr>
                                                                                          <ValueExpr>
                                                                                          <PathExpr>
                                                                                          <RelativePathExpr>
                                                                                          <StepExpr>
                                                                                          <FilterExpr>
                                                                                          <PrimaryExpr>
                                                                                          <FunctionCall>
                                                                                          <FunctionName>
                                                                                          <QName>response:response</QName>
                                                                                          </FunctionName>
                                                                                          <TOKEN>(</TOKEN>
                                                                                          <TOKEN>)</TOKEN>
                                                                                          </FunctionCall>
                                                                                          </PrimaryExpr>
                                                                                          <PredicateList/>
                                                                                          </FilterExpr>
                                                                                          </StepExpr>
                                                                                          </RelativePathExpr>
                                                                                          </PathExpr>
                                                                                          </ValueExpr>
                                                                                          </UnaryExpr>
                                                                                          </CastExpr>
                                                                                          </CastableExpr>
                                                                                          </TreatExpr>
                                                                                          </InstanceofExpr>
                                                                                          </IntersectExceptExpr>
                                                                                          </UnionExpr>
                                                                                          </MultiplicativeExpr>
                                                                                          </AdditiveExpr>
                                                                                          </RangeExpr>
                                                                                          </ComparisonExpr>
                                                                                          </AndExpr>
                                                                                          </OrExpr>
                                                                                          </ExprSingle>
                                                                                          </Expr>
                                                                                          <TOKEN>)</TOKEN>
                                                                                          </ParenthesizedExpr>
                                                                                          </PrimaryExpr>
                                                                                          <PredicateList/>
                                                                                          </FilterExpr>
                                                                                          </StepExpr>
                                                                                          </RelativePathExpr>
                                                                                        </PathExpr>
                                                                                    </ValueExpr>
                                                                                </UnaryExpr>
                                                                            </CastExpr>
                                                                        </CastableExpr>
                                                                    </TreatExpr>
                                                                </InstanceofExpr>
                                                            </IntersectExceptExpr>
                                                        </UnionExpr>
                                                    </MultiplicativeExpr>
                                                </AdditiveExpr>
                                            </RangeExpr>
                                        </ComparisonExpr>
                                    </AndExpr>
                                </OrExpr>
                            </ExprSingle>
                        </Expr>
                        <TOKEN>}</TOKEN>
                    </EnclosedExpr>
                </FunctionDecl>
                <Separator>
                    <TOKEN>;</TOKEN>
                </Separator>
                <FunctionDecl>
                    <TOKEN>declare</TOKEN>
                    <TOKEN>function</TOKEN>
                    <FunctionName>
                        <QName>controller:save</QName>
                    </FunctionName>
                    <TOKEN>(</TOKEN>
                    <ParamList>
                        <Param>
                            <TOKEN>$</TOKEN>
                            <QName>
                                <FunctionName>
                                    <QName>request</QName>
                                </FunctionName>
                            </QName>
                            <TypeDeclaration>
                                <TOKEN>as</TOKEN>
                                <SequenceType>
                                    <ItemType>
                                        <AtomicType>
                                            <QName>
                                                <FunctionName>
                                                    <QName>map:map</QName>
                                                </FunctionName>
                                            </QName>
                                        </AtomicType>
                                    </ItemType>
                                </SequenceType>
                            </TypeDeclaration>
                        </Param>
                    </ParamList>
                    <TOKEN>)</TOKEN>
                    <EnclosedExpr>
                        <TOKEN>{</TOKEN>
                        <Expr>
                            <ExprSingle>
                                <OrExpr>
                                    <AndExpr>
                                        <ComparisonExpr>
                                            <RangeExpr>
                                                <AdditiveExpr>
                                                    <MultiplicativeExpr>
                                                        <UnionExpr>
                                                            <IntersectExceptExpr>
                                                                <InstanceofExpr>
                                                                    <TreatExpr>
                                                                        <CastableExpr>
                                                                            <CastExpr>
                                                                                <UnaryExpr>
                                                                                    <ValueExpr>
                                                                                        <PathExpr>
                                                                                          <RelativePathExpr>
                                                                                          <StepExpr>
                                                                                          <FilterExpr>
                                                                                          <PrimaryExpr>
                                                                                          <FunctionCall>
                                                                                          <FunctionName>
                                                                                          <QName>response:response</QName>
                                                                                          </FunctionName>
                                                                                          <TOKEN>(</TOKEN>
                                                                                          <TOKEN>)</TOKEN>
                                                                                          </FunctionCall>
                                                                                          </PrimaryExpr>
                                                                                          <PredicateList/>
                                                                                          </FilterExpr>
                                                                                          </StepExpr>
                                                                                          </RelativePathExpr>
                                                                                        </PathExpr>
                                                                                    </ValueExpr>
                                                                                </UnaryExpr>
                                                                            </CastExpr>
                                                                        </CastableExpr>
                                                                    </TreatExpr>
                                                                </InstanceofExpr>
                                                            </IntersectExceptExpr>
                                                        </UnionExpr>
                                                    </MultiplicativeExpr>
                                                </AdditiveExpr>
                                            </RangeExpr>
                                        </ComparisonExpr>
                                    </AndExpr>
                                </OrExpr>
                            </ExprSingle>
                        </Expr>
                        <TOKEN>}</TOKEN>
                    </EnclosedExpr>
                </FunctionDecl>
                <Separator>
                    <TOKEN>;</TOKEN>
                </Separator>
            </Prolog>
        </LibraryModule>
    </Module>
    <EOF/>
</XQuery>
